Log file open, 10/02/22 15:41:55
LogWindows: Failed to load 'aqProf.dll' (GetLastError=126)
LogWindows: File 'aqProf.dll' does not exist
LogWindows: Failed to load 'VtuneApi.dll' (GetLastError=126)
LogWindows: File 'VtuneApi.dll' does not exist
LogWindows: Failed to load 'VtuneApi32e.dll' (GetLastError=126)
LogWindows: File 'VtuneApi32e.dll' does not exist
LogConsoleResponse: Display: Failed to find resolution value strings in scalability ini. Falling back to default.
LogConsoleResponse: Display: Failed to find resolution value strings in scalability ini. Falling back to default.
LogInit: Display: Running engine for game: BoxmanUnreal
LogPlatformFile: Not using cached read wrapper
LogTaskGraph: Started task graph with 5 named threads and 83 total threads with 3 sets of task threads.
LogStats: Stats thread started at 0.198322
LogICUInternationalization: ICU TimeZone Detection - Raw Offset: -4:00, Platform Override: ''
LogInit: Display: Loading text-based GConfig....
LogPluginManager: Mounting plugin MeshPainting
LogPluginManager: Mounting plugin XGEController
LogPluginManager: Mounting plugin Paper2D
LogPluginManager: Mounting plugin LiveLink
LogPluginManager: Mounting plugin AISupport
LogPluginManager: Mounting plugin GameplayCameras
LogPluginManager: Mounting plugin EnvironmentQueryEditor
LogPluginManager: Mounting plugin CameraShakePreviewer
LogPluginManager: Mounting plugin LightPropagationVolume
LogPluginManager: Mounting plugin DatasmithContent
LogPluginManager: Mounting plugin VariantManagerContent
LogPluginManager: Mounting plugin GitSourceControl
LogPluginManager: Mounting plugin CodeLiteSourceCodeAccess
LogPluginManager: Mounting plugin CLionSourceCodeAccess
LogPluginManager: Mounting plugin AnimationSharing
LogPluginManager: Mounting plugin PlasticSourceControl
LogPluginManager: Mounting plugin KDevelopSourceCodeAccess
LogPluginManager: Mounting plugin PerforceSourceControl
LogPluginManager: Mounting plugin TextureFormatOodle
LogPluginManager: Mounting plugin PluginUtils
LogPluginManager: Mounting plugin VisualStudioSourceCodeAccess
LogPluginManager: Mounting plugin SubversionSourceControl
LogPluginManager: Mounting plugin RiderSourceCodeAccess
LogPluginManager: Mounting plugin VisualStudioCodeSourceCodeAccess
LogPluginManager: Mounting plugin XCodeSourceCodeAccess
LogPluginManager: Mounting plugin PixWinPlugin
LogPluginManager: Mounting plugin NullSourceCodeAccess
LogPluginManager: Mounting plugin BackChannel
LogPluginManager: Mounting plugin AlembicImporter
LogPluginManager: Mounting plugin PropertyAccessNode
LogPluginManager: Mounting plugin ChaosCloth
LogPluginManager: Mounting plugin AutomationUtils
LogPluginManager: Mounting plugin ChaosEditor
LogPluginManager: Mounting plugin ChaosClothEditor
LogPluginManager: Mounting plugin ChaosSolverPlugin
LogPluginManager: Mounting plugin ChaosNiagara
LogPluginManager: Mounting plugin UObjectPlugin
LogPluginManager: Mounting plugin CharacterAI
LogPluginManager: Mounting plugin Niagara
LogPluginManager: Mounting plugin AssetManagerEditor
LogPluginManager: Mounting plugin MacGraphicsSwitching
LogPluginManager: Mounting plugin FacialAnimation
LogPluginManager: Mounting plugin CryptoKeys
LogPluginManager: Mounting plugin GameplayTagsEditor
LogPluginManager: Mounting plugin CurveEditorTools
LogPluginManager: Mounting plugin MaterialAnalyzer
LogPluginManager: Mounting plugin GeometryMode
LogPluginManager: Mounting plugin DataValidation
LogPluginManager: Mounting plugin MobileLauncherProfileWizard
LogPluginManager: Mounting plugin SpeedTreeImporter
LogPluginManager: Mounting plugin GeometryProcessing
LogPluginManager: Mounting plugin PluginBrowser
LogPluginManager: Mounting plugin GeometryCollectionPlugin
LogPluginManager: Mounting plugin MotoSynth
LogPluginManager: Mounting plugin GeometryCache
LogPluginManager: Mounting plugin PlatformCrypto
LogPluginManager: Mounting plugin PlanarCut
LogPluginManager: Mounting plugin OpenImageDenoise
LogPluginManager: Mounting plugin PythonScriptPlugin
LogPluginManager: Mounting plugin ProxyLODPlugin
LogPluginManager: Mounting plugin UdpMessaging
LogPluginManager: Mounting plugin SkeletalReduction
LogPluginManager: Mounting plugin AvfMedia
LogPluginManager: Mounting plugin AndroidMedia
LogPluginManager: Mounting plugin TcpMessaging
LogPluginManager: Mounting plugin MediaCompositing
LogPluginManager: Mounting plugin MagicLeap
LogPluginManager: Mounting plugin LuminPlatformFeatures
LogPluginManager: Mounting plugin MagicLeapMedia
LogPluginManager: Mounting plugin MagicLeapLightEstimation
LogPluginManager: Mounting plugin MediaPlayerEditor
LogPluginManager: Mounting plugin ImgMedia
LogPluginManager: Mounting plugin WmfMedia
LogPluginManager: Mounting plugin WebMMedia
LogPluginManager: Mounting plugin MLSDK
LogPluginManager: Mounting plugin OnlineSubsystem
LogPluginManager: Mounting plugin OnlineSubsystemUtils
LogPluginManager: Mounting plugin LauncherChunkInstaller
LogPluginManager: Mounting plugin MagicLeapPassableWorld
LogPluginManager: Mounting plugin OnlineSubsystemNull
LogPluginManager: Mounting plugin LevelSequenceEditor
LogPluginManager: Mounting plugin MatineeToLevelSequence
LogPluginManager: Mounting plugin ActorSequence
LogPluginManager: Mounting plugin AndroidDeviceProfileSelector
LogPluginManager: Mounting plugin ActorLayerUtilities
LogPluginManager: Mounting plugin AppleImageUtils
LogPluginManager: Mounting plugin AndroidMoviePlayer
LogPluginManager: Mounting plugin AndroidPermission
LogPluginManager: Mounting plugin TemplateSequence
LogPluginManager: Mounting plugin AppleMoviePlayer
LogPluginManager: Mounting plugin AudioSynesthesia
LogPluginManager: Mounting plugin CustomMeshComponent
LogPluginManager: Mounting plugin EditableMesh
LogPluginManager: Mounting plugin CableComponent
LogPluginManager: Mounting plugin ArchVisCharacter
LogPluginManager: Mounting plugin AudioCapture
LogPluginManager: Mounting plugin AssetTags
LogPluginManager: Mounting plugin ChunkDownloader
LogPluginManager: Mounting plugin GoogleCloudMessaging
LogPluginManager: Mounting plugin GooglePAD
LogPluginManager: Mounting plugin ExampleDeviceProfileSelector
LogPluginManager: Mounting plugin IOSDeviceProfileSelector
LogPluginManager: Mounting plugin LinuxDeviceProfileSelector
LogPluginManager: Mounting plugin LocationServicesBPLibrary
LogPluginManager: Mounting plugin MobilePatchingUtils
LogPluginManager: Mounting plugin OpenXREyeTracker
LogPluginManager: Mounting plugin ScreenshotTools
LogPluginManager: Mounting plugin OpenXRHandTracking
LogPluginManager: Mounting plugin OpenXR
LogPluginManager: Mounting plugin Takes
LogPluginManager: Mounting plugin PropertyAccessEditor
LogPluginManager: Mounting plugin PostSplashScreen
LogPluginManager: Mounting plugin PhysXVehicles
LogPluginManager: Mounting plugin ProceduralMeshComponent
LogPluginManager: Mounting plugin RuntimePhysXCooking
LogPluginManager: Mounting plugin Synthesis
LogPluginManager: Mounting plugin SignificanceManager
LogPluginManager: Mounting plugin WebMMoviePlayer
LogPluginManager: Mounting plugin OodleNetwork
LogPluginManager: Mounting plugin SoundFields
LogPluginManager: Mounting plugin WindowsMoviePlayer
LogPluginManager: Mounting plugin OodleData
LogPluginManager: Mounting plugin ContentBrowserClassDataSource
LogPluginManager: Mounting plugin ContentBrowserFileDataSource
LogPluginManager: Mounting plugin ContentBrowserAssetDataSource
LogPluginManager: Mounting plugin OnlineSubsystemGooglePlay
LogPluginManager: Mounting plugin OnlineSubsystemIOS
LogPluginManager: Mounting plugin OculusVR
LogPluginManager: Mounting plugin SteamVR
PixWinPlugin: PIX capture plugin failed to initialize! Check that the process is launched from PIX.
LogInit: Using libcurl 7.55.1-DEV
LogInit:  - built for x86_64-pc-win32
LogInit:  - supports SSL with OpenSSL/1.1.1
LogInit:  - supports HTTP deflate (compression) using libz 1.2.8
LogInit:  - other features:
LogInit:      CURL_VERSION_SSL
LogInit:      CURL_VERSION_LIBZ
LogInit:      CURL_VERSION_IPV6
LogInit:      CURL_VERSION_ASYNCHDNS
LogInit:      CURL_VERSION_LARGEFILE
LogInit:      CURL_VERSION_IDN
LogInit:  CurlRequestOptions (configurable via config and command line):
LogInit:  - bVerifyPeer = true  - Libcurl will verify peer certificate
LogInit:  - bUseHttpProxy = false  - Libcurl will NOT use HTTP proxy
LogInit:  - bDontReuseConnections = false  - Libcurl will reuse connections
LogInit:  - MaxHostConnections = 16  - Libcurl will limit the number of connections to a host
LogInit:  - LocalHostAddr = Default
LogInit:  - BufferSize = 65536
LogOnline: OSS: Creating online subsystem instance for: NULL
LogInit: WinSock: version 1.1 (2.2), MaxSocks=32767, MaxUdp=65467
LogOnline: OSS: TryLoadSubsystemAndSetDefault: Loaded subsystem for module [NULL]
LogOculusPluginWrapper: OculusPlugin initialized successfully
LogHMD: Failed initializing OVRPlugin 1.59.0
LogInit: Build: ++UE4+Release-4.27-CL-18319896
LogInit: Engine Version: 4.27.2-18319896+++UE4+Release-4.27
LogInit: Compatible Engine Version: 4.27.0-17155196+++UE4+Release-4.27
LogInit: Net CL: 17155196
LogInit: OS: Windows 10 (Release 2009) (), CPU: AMD Ryzen 9 5950X 16-Core Processor            , GPU: NVIDIA GeForce RTX 3060
LogInit: Compiled (64-bit): Nov 30 2021 07:12:08
LogInit: Compiled with Visual C++: 19.24.28315.00
LogInit: Build Configuration: Development
LogInit: Branch Name: ++UE4+Release-4.27
LogInit: Command Line: 
LogInit: Base Directory: C:/Program Files/Epic Games/UE_4.27/Engine/Binaries/Win64/
LogInit: Allocator: TBB
LogInit: Installed Engine Build: 1
LogDevObjectVersion: Number of dev versions registered: 29
LogDevObjectVersion:   Dev-Blueprints (B0D832E4-1F89-4F0D-ACCF-7EB736FD4AA2): 10
LogDevObjectVersion:   Dev-Build (E1C64328-A22C-4D53-A36C-8E866417BD8C): 0
LogDevObjectVersion:   Dev-Core (375EC13C-06E4-48FB-B500-84F0262A717E): 4
LogDevObjectVersion:   Dev-Editor (E4B068ED-F494-42E9-A231-DA0B2E46BB41): 40
LogDevObjectVersion:   Dev-Framework (CFFC743F-43B0-4480-9391-14DF171D2073): 37
LogDevObjectVersion:   Dev-Mobile (B02B49B5-BB20-44E9-A304-32B752E40360): 3
LogDevObjectVersion:   Dev-Networking (A4E4105C-59A1-49B5-A7C5-40C4547EDFEE): 0
LogDevObjectVersion:   Dev-Online (39C831C9-5AE6-47DC-9A44-9C173E1C8E7C): 0
LogDevObjectVersion:   Dev-Physics (78F01B33-EBEA-4F98-B9B4-84EACCB95AA2): 14
LogDevObjectVersion:   Dev-Platform (6631380F-2D4D-43E0-8009-CF276956A95A): 0
LogDevObjectVersion:   Dev-Rendering (12F88B9F-8875-4AFC-A67C-D90C383ABD29): 45
LogDevObjectVersion:   Dev-Sequencer (7B5AE74C-D270-4C10-A958-57980B212A5A): 13
LogDevObjectVersion:   Dev-VR (D7296918-1DD6-4BDD-9DE2-64A83CC13884): 3
LogDevObjectVersion:   Dev-LoadTimes (C2A15278-BFE7-4AFE-6C17-90FF531DF755): 1
LogDevObjectVersion:   Private-Geometry (6EACA3D4-40EC-4CC1-B786-8BED09428FC5): 3
LogDevObjectVersion:   Dev-AnimPhys (29E575DD-E0A3-4627-9D10-D276232CDCEA): 17
LogDevObjectVersion:   Dev-Anim (AF43A65D-7FD3-4947-9873-3E8ED9C1BB05): 15
LogDevObjectVersion:   Dev-ReflectionCapture (6B266CEC-1EC7-4B8F-A30B-E4D90942FC07): 1
LogDevObjectVersion:   Dev-Automation (0DF73D61-A23F-47EA-B727-89E90C41499A): 1
LogDevObjectVersion:   FortniteMain (601D1886-AC64-4F84-AA16-D3DE0DEAC7D6): 47
LogDevObjectVersion:   FortniteRelease (E7086368-6B23-4C58-8439-1B7016265E91): 1
LogDevObjectVersion:   Dev-Enterprise (9DFFBCD6-494F-0158-E221-12823C92A888): 10
LogDevObjectVersion:   Dev-Niagara (F2AED0AC-9AFE-416F-8664-AA7FFA26D6FC): 1
LogDevObjectVersion:   Dev-Destruction (174F1F0B-B4C6-45A5-B13F-2EE8D0FB917D): 10
LogDevObjectVersion:   Dev-Physics-Ext (35F94A83-E258-406C-A318-09F59610247C): 41
LogDevObjectVersion:   Dev-PhysicsMaterial-Chaos (B68FC16E-8B1B-42E2-B453-215C058844FE): 1
LogDevObjectVersion:   Dev-CineCamera (B2E18506-4273-CFC2-A54E-F4BB758BBA07): 1
LogDevObjectVersion:   Dev-VirtualProduction (64F58936-FD1B-42BA-BA96-7289D5D0FA4E): 1
LogDevObjectVersion:   Dev-MediaFramework (6F0ED827-A609-4895-9C91-998D90180EA4): 2
LogInit: Presizing for max 25165824 objects, including 0 objects not considered by GC, pre-allocating 0 bytes for permanent pool.
LogConfig: Applying CVar settings from Section [/Script/Engine.StreamingSettings] File [C:/Users/Nathan M/Documents/Unreal Projects/Boxman/BoxmanUnreal/Saved/Config/Windows/Engine.ini]
LogConfig: Setting CVar [[s.MinBulkDataSizeForAsyncLoading:131072]]
LogConfig: Setting CVar [[s.AsyncLoadingThreadEnabled:0]]
LogConfig: Setting CVar [[s.EventDrivenLoaderEnabled:1]]
LogConfig: Setting CVar [[s.WarnIfTimeLimitExceeded:0]]
LogConfig: Setting CVar [[s.TimeLimitExceededMultiplier:1.5]]
LogConfig: Setting CVar [[s.TimeLimitExceededMinTime:0.005]]
LogConfig: Setting CVar [[s.UseBackgroundLevelStreaming:1]]
LogConfig: Setting CVar [[s.PriorityAsyncLoadingExtraTime:15.0]]
LogConfig: Setting CVar [[s.LevelStreamingActorsUpdateTimeLimit:5.0]]
LogConfig: Setting CVar [[s.PriorityLevelStreamingActorsUpdateExtraTime:5.0]]
LogConfig: Setting CVar [[s.LevelStreamingComponentsRegistrationGranularity:10]]
LogConfig: Setting CVar [[s.UnregisterComponentsTimeLimit:1.0]]
LogConfig: Setting CVar [[s.LevelStreamingComponentsUnregistrationGranularity:5]]
LogConfig: Setting CVar [[s.FlushStreamingOnExit:1]]
LogInit: Object subsystem initialized
LogConfig: Setting CVar [[con.DebugEarlyDefault:1]]
LogConfig: Setting CVar [[r.setres:1280x720]]
[2022.10.02-18.41.55:642][  0]LogConfig: Setting CVar [[r.VSync:0]]
[2022.10.02-18.41.55:642][  0]LogConfig: Setting CVar [[r.RHICmdBypass:0]]
[2022.10.02-18.41.55:642][  0]LogConfig: Applying CVar settings from Section [/Script/Engine.RendererSettings] File [C:/Users/Nathan M/Documents/Unreal Projects/Boxman/BoxmanUnreal/Saved/Config/Windows/Engine.ini]
[2022.10.02-18.41.55:642][  0]LogConfig: Setting CVar [[r.GPUCrashDebugging:0]]
[2022.10.02-18.41.55:642][  0]LogConfig: Applying CVar settings from Section [/Script/Engine.RendererOverrideSettings] File [C:/Users/Nathan M/Documents/Unreal Projects/Boxman/BoxmanUnreal/Saved/Config/Windows/Engine.ini]
[2022.10.02-18.41.55:642][  0]LogConfig: Applying CVar settings from Section [/Script/Engine.StreamingSettings] File [C:/Users/Nathan M/Documents/Unreal Projects/Boxman/BoxmanUnreal/Saved/Config/Windows/Engine.ini]
[2022.10.02-18.41.55:642][  0]LogConfig: Setting CVar [[s.MinBulkDataSizeForAsyncLoading:131072]]
[2022.10.02-18.41.55:642][  0]LogConfig: Setting CVar [[s.AsyncLoadingThreadEnabled:0]]
[2022.10.02-18.41.55:642][  0]LogConfig: Setting CVar [[s.EventDrivenLoaderEnabled:1]]
[2022.10.02-18.41.55:642][  0]LogConfig: Setting CVar [[s.WarnIfTimeLimitExceeded:0]]
[2022.10.02-18.41.55:642][  0]LogConfig: Setting CVar [[s.TimeLimitExceededMultiplier:1.5]]
[2022.10.02-18.41.55:642][  0]LogConfig: Setting CVar [[s.TimeLimitExceededMinTime:0.005]]
[2022.10.02-18.41.55:643][  0]LogConfig: Setting CVar [[s.UseBackgroundLevelStreaming:1]]
[2022.10.02-18.41.55:643][  0]LogConfig: Setting CVar [[s.PriorityAsyncLoadingExtraTime:15.0]]
[2022.10.02-18.41.55:643][  0]LogConfig: Setting CVar [[s.LevelStreamingActorsUpdateTimeLimit:5.0]]
[2022.10.02-18.41.55:643][  0]LogConfig: Setting CVar [[s.PriorityLevelStreamingActorsUpdateExtraTime:5.0]]
[2022.10.02-18.41.55:643][  0]LogConfig: Setting CVar [[s.LevelStreamingComponentsRegistrationGranularity:10]]
[2022.10.02-18.41.55:643][  0]LogConfig: Setting CVar [[s.UnregisterComponentsTimeLimit:1.0]]
[2022.10.02-18.41.55:643][  0]LogConfig: Setting CVar [[s.LevelStreamingComponentsUnregistrationGranularity:5]]
[2022.10.02-18.41.55:643][  0]LogConfig: Setting CVar [[s.FlushStreamingOnExit:1]]
[2022.10.02-18.41.55:643][  0]LogConfig: Applying CVar settings from Section [/Script/Engine.GarbageCollectionSettings] File [C:/Users/Nathan M/Documents/Unreal Projects/Boxman/BoxmanUnreal/Saved/Config/Windows/Engine.ini]
[2022.10.02-18.41.55:643][  0]LogConfig: Setting CVar [[gc.MaxObjectsNotConsideredByGC:1]]
[2022.10.02-18.41.55:643][  0]LogConfig: Setting CVar [[gc.SizeOfPermanentObjectPool:0]]
[2022.10.02-18.41.55:643][  0]LogConfig: Setting CVar [[gc.FlushStreamingOnGC:0]]
[2022.10.02-18.41.55:643][  0]LogConfig: Setting CVar [[gc.NumRetriesBeforeForcingGC:10]]
[2022.10.02-18.41.55:643][  0]LogConfig: Setting CVar [[gc.AllowParallelGC:1]]
[2022.10.02-18.41.55:643][  0]LogConfig: Setting CVar [[gc.TimeBetweenPurgingPendingKillObjects:61.1]]
[2022.10.02-18.41.55:643][  0]LogConfig: Setting CVar [[gc.MaxObjectsInEditor:25165824]]
[2022.10.02-18.41.55:643][  0]LogConfig: Setting CVar [[gc.IncrementalBeginDestroyEnabled:1]]
[2022.10.02-18.41.55:643][  0]LogConfig: Setting CVar [[gc.CreateGCClusters:1]]
[2022.10.02-18.41.55:643][  0]LogConfig: Setting CVar [[gc.MinGCClusterSize:5]]
[2022.10.02-18.41.55:643][  0]LogConfig: Setting CVar [[gc.ActorClusteringEnabled:0]]
[2022.10.02-18.41.55:643][  0]LogConfig: Setting CVar [[gc.BlueprintClusteringEnabled:0]]
[2022.10.02-18.41.55:643][  0]LogConfig: Setting CVar [[gc.UseDisregardForGCOnDedicatedServers:0]]
[2022.10.02-18.41.55:643][  0]LogConfig: Setting CVar [[gc.MultithreadedDestructionEnabled:1]]
[2022.10.02-18.41.55:643][  0]LogConfig: Applying CVar settings from Section [/Script/Engine.NetworkSettings] File [C:/Users/Nathan M/Documents/Unreal Projects/Boxman/BoxmanUnreal/Saved/Config/Windows/Engine.ini]
[2022.10.02-18.41.55:643][  0]LogConfig: Applying CVar settings from Section [/Script/UnrealEd.CookerSettings] File [C:/Users/Nathan M/Documents/Unreal Projects/Boxman/BoxmanUnreal/Saved/Config/Windows/Engine.ini]
[2022.10.02-18.41.57:753][  0]LogConfig: Applying CVar settings from Section [ViewDistanceQuality@3] File [C:/Users/Nathan M/Documents/Unreal Projects/Boxman/BoxmanUnreal/Saved/Config/Windows/Scalability.ini]
[2022.10.02-18.41.57:753][  0]LogConfig: Setting CVar [[r.SkeletalMeshLODBias:0]]
[2022.10.02-18.41.57:753][  0]LogConfig: Setting CVar [[r.ViewDistanceScale:1.0]]
[2022.10.02-18.41.57:753][  0]LogConfig: Applying CVar settings from Section [AntiAliasingQuality@3] File [C:/Users/Nathan M/Documents/Unreal Projects/Boxman/BoxmanUnreal/Saved/Config/Windows/Scalability.ini]
[2022.10.02-18.41.57:753][  0]LogConfig: Setting CVar [[r.PostProcessAAQuality:4]]
[2022.10.02-18.41.57:753][  0]LogConfig: Applying CVar settings from Section [ShadowQuality@3] File [C:/Users/Nathan M/Documents/Unreal Projects/Boxman/BoxmanUnreal/Saved/Config/Windows/Scalability.ini]
[2022.10.02-18.41.57:753][  0]LogConfig: Setting CVar [[r.LightFunctionQuality:1]]
[2022.10.02-18.41.57:753][  0]LogConfig: Setting CVar [[r.ShadowQuality:5]]
[2022.10.02-18.41.57:753][  0]LogConfig: Setting CVar [[r.Shadow.CSM.MaxCascades:10]]
[2022.10.02-18.41.57:753][  0]LogConfig: Setting CVar [[r.Shadow.MaxResolution:2048]]
[2022.10.02-18.41.57:753][  0]LogConfig: Setting CVar [[r.Shadow.MaxCSMResolution:2048]]
[2022.10.02-18.41.57:753][  0]LogConfig: Setting CVar [[r.Shadow.RadiusThreshold:0.01]]
[2022.10.02-18.41.57:753][  0]LogConfig: Setting CVar [[r.Shadow.DistanceScale:1.0]]
[2022.10.02-18.41.57:753][  0]LogConfig: Setting CVar [[r.Shadow.CSM.TransitionScale:1.0]]
[2022.10.02-18.41.57:753][  0]LogConfig: Setting CVar [[r.Shadow.PreShadowResolutionFactor:1.0]]
[2022.10.02-18.41.57:753][  0]LogConfig: Setting CVar [[r.DistanceFieldShadowing:1]]
[2022.10.02-18.41.57:753][  0]LogConfig: Setting CVar [[r.DistanceFieldAO:1]]
[2022.10.02-18.41.57:753][  0]LogConfig: Setting CVar [[r.AOQuality:2]]
[2022.10.02-18.41.57:753][  0]LogConfig: Setting CVar [[r.VolumetricFog:1]]
[2022.10.02-18.41.57:753][  0]LogConfig: Setting CVar [[r.VolumetricFog.GridPixelSize:8]]
[2022.10.02-18.41.57:753][  0]LogConfig: Setting CVar [[r.VolumetricFog.GridSizeZ:128]]
[2022.10.02-18.41.57:753][  0]LogConfig: Setting CVar [[r.VolumetricFog.HistoryMissSupersampleCount:4]]
[2022.10.02-18.41.57:753][  0]LogConfig: Setting CVar [[r.LightMaxDrawDistanceScale:1]]
[2022.10.02-18.41.57:753][  0]LogConfig: Setting CVar [[r.CapsuleShadows:1]]
[2022.10.02-18.41.57:753][  0]LogConfig: Applying CVar settings from Section [PostProcessQuality@3] File [C:/Users/Nathan M/Documents/Unreal Projects/Boxman/BoxmanUnreal/Saved/Config/Windows/Scalability.ini]
[2022.10.02-18.41.57:753][  0]LogConfig: Setting CVar [[r.MotionBlurQuality:4]]
[2022.10.02-18.41.57:753][  0]LogConfig: Setting CVar [[r.AmbientOcclusionMipLevelFactor:0.4]]
[2022.10.02-18.41.57:753][  0]LogConfig: Setting CVar [[r.AmbientOcclusionMaxQuality:100]]
[2022.10.02-18.41.57:753][  0]LogConfig: Setting CVar [[r.AmbientOcclusionLevels:-1]]
[2022.10.02-18.41.57:753][  0]LogConfig: Setting CVar [[r.AmbientOcclusionRadiusScale:1.0]]
[2022.10.02-18.41.57:753][  0]LogConfig: Setting CVar [[r.DepthOfFieldQuality:2]]
[2022.10.02-18.41.57:753][  0]LogConfig: Setting CVar [[r.RenderTargetPoolMin:400]]
[2022.10.02-18.41.57:753][  0]LogConfig: Setting CVar [[r.LensFlareQuality:2]]
[2022.10.02-18.41.57:753][  0]LogConfig: Setting CVar [[r.SceneColorFringeQuality:1]]
[2022.10.02-18.41.57:753][  0]LogConfig: Setting CVar [[r.EyeAdaptationQuality:2]]
[2022.10.02-18.41.57:753][  0]LogConfig: Setting CVar [[r.BloomQuality:5]]
[2022.10.02-18.41.57:753][  0]LogConfig: Setting CVar [[r.FastBlurThreshold:100]]
[2022.10.02-18.41.57:753][  0]LogConfig: Setting CVar [[r.Upscale.Quality:3]]
[2022.10.02-18.41.57:753][  0]LogConfig: Setting CVar [[r.Tonemapper.GrainQuantization:1]]
[2022.10.02-18.41.57:753][  0]LogConfig: Setting CVar [[r.LightShaftQuality:1]]
[2022.10.02-18.41.57:753][  0]LogConfig: Setting CVar [[r.Filter.SizeScale:1]]
[2022.10.02-18.41.57:753][  0]LogConfig: Setting CVar [[r.Tonemapper.Quality:5]]
[2022.10.02-18.41.57:753][  0]LogConfig: Setting CVar [[r.DOF.Gather.AccumulatorQuality:1        ; higher gathering accumulator quality]]
[2022.10.02-18.41.57:753][  0]LogConfig: Setting CVar [[r.DOF.Gather.PostfilterMethod:1          ; Median3x3 postfilering method]]
[2022.10.02-18.41.57:753][  0]LogConfig: Setting CVar [[r.DOF.Gather.EnableBokehSettings:0       ; no bokeh simulation when gathering]]
[2022.10.02-18.41.57:753][  0]LogConfig: Setting CVar [[r.DOF.Gather.RingCount:4                 ; medium number of samples when gathering]]
[2022.10.02-18.41.57:753][  0]LogConfig: Setting CVar [[r.DOF.Scatter.ForegroundCompositing:1    ; additive foreground scattering]]
[2022.10.02-18.41.57:753][  0]LogConfig: Setting CVar [[r.DOF.Scatter.BackgroundCompositing:2    ; additive background scattering]]
[2022.10.02-18.41.57:753][  0]LogConfig: Setting CVar [[r.DOF.Scatter.EnableBokehSettings:1      ; bokeh simulation when scattering]]
[2022.10.02-18.41.57:753][  0]LogConfig: Setting CVar [[r.DOF.Scatter.MaxSpriteRatio:0.1         ; only a maximum of 10% of scattered bokeh]]
[2022.10.02-18.41.57:753][  0]LogConfig: Setting CVar [[r.DOF.Recombine.Quality:1                ; cheap slight out of focus]]
[2022.10.02-18.41.57:753][  0]LogConfig: Setting CVar [[r.DOF.Recombine.EnableBokehSettings:0    ; no bokeh simulation on slight out of focus]]
[2022.10.02-18.41.57:753][  0]LogConfig: Setting CVar [[r.DOF.TemporalAAQuality:1                ; more stable temporal accumulation]]
[2022.10.02-18.41.57:753][  0]LogConfig: Setting CVar [[r.DOF.Kernel.MaxForegroundRadius:0.025]]
[2022.10.02-18.41.57:753][  0]LogConfig: Setting CVar [[r.DOF.Kernel.MaxBackgroundRadius:0.025]]
[2022.10.02-18.41.57:753][  0]LogConfig: Applying CVar settings from Section [TextureQuality@3] File [C:/Users/Nathan M/Documents/Unreal Projects/Boxman/BoxmanUnreal/Saved/Config/Windows/Scalability.ini]
[2022.10.02-18.41.57:753][  0]LogConfig: Setting CVar [[r.Streaming.MipBias:0]]
[2022.10.02-18.41.57:753][  0]LogConfig: Setting CVar [[r.Streaming.AmortizeCPUToGPUCopy:0]]
[2022.10.02-18.41.57:753][  0]LogConfig: Setting CVar [[r.Streaming.MaxNumTexturesToStreamPerFrame:0]]
[2022.10.02-18.41.57:753][  0]LogConfig: Setting CVar [[r.Streaming.Boost:1]]
[2022.10.02-18.41.57:753][  0]LogConfig: Setting CVar [[r.MaxAnisotropy:8]]
[2022.10.02-18.41.57:753][  0]LogConfig: Setting CVar [[r.VT.MaxAnisotropy:8]]
[2022.10.02-18.41.57:753][  0]LogConfig: Setting CVar [[r.Streaming.LimitPoolSizeToVRAM:0]]
[2022.10.02-18.41.57:753][  0]LogConfig: Setting CVar [[r.Streaming.PoolSize:1000]]
[2022.10.02-18.41.57:753][  0]LogConfig: Setting CVar [[r.Streaming.MaxEffectiveScreenSize:0]]
[2022.10.02-18.41.57:753][  0]LogConfig: Applying CVar settings from Section [EffectsQuality@3] File [C:/Users/Nathan M/Documents/Unreal Projects/Boxman/BoxmanUnreal/Saved/Config/Windows/Scalability.ini]
[2022.10.02-18.41.57:753][  0]LogConfig: Setting CVar [[r.TranslucencyLightingVolumeDim:64]]
[2022.10.02-18.41.57:753][  0]LogConfig: Setting CVar [[r.RefractionQuality:2]]
[2022.10.02-18.41.57:753][  0]LogConfig: Setting CVar [[r.SSR.Quality:3]]
[2022.10.02-18.41.57:753][  0]LogConfig: Setting CVar [[r.SSR.HalfResSceneColor:0]]
[2022.10.02-18.41.57:753][  0]LogConfig: Setting CVar [[r.SceneColorFormat:4]]
[2022.10.02-18.41.57:753][  0]LogConfig: Setting CVar [[r.DetailMode:2]]
[2022.10.02-18.41.57:753][  0]LogConfig: Setting CVar [[r.TranslucencyVolumeBlur:1]]
[2022.10.02-18.41.57:753][  0]LogConfig: Setting CVar [[r.MaterialQualityLevel:1 ; High quality]]
[2022.10.02-18.41.57:753][  0]LogConfig: Setting CVar [[r.AnisotropicMaterials:1]]
[2022.10.02-18.41.57:753][  0]LogConfig: Setting CVar [[r.SSS.Scale:1]]
[2022.10.02-18.41.57:753][  0]LogConfig: Setting CVar [[r.SSS.SampleSet:2]]
[2022.10.02-18.41.57:753][  0]LogConfig: Setting CVar [[r.SSS.Quality:1]]
[2022.10.02-18.41.57:753][  0]LogConfig: Setting CVar [[r.SSS.HalfRes:0]]
[2022.10.02-18.41.57:753][  0]LogConfig: Setting CVar [[r.SSGI.Quality:3]]
[2022.10.02-18.41.57:753][  0]LogConfig: Setting CVar [[r.EmitterSpawnRateScale:1.0]]
[2022.10.02-18.41.57:753][  0]LogConfig: Setting CVar [[r.ParticleLightQuality:2]]
[2022.10.02-18.41.57:753][  0]LogConfig: Setting CVar [[r.SkyAtmosphere.AerialPerspectiveLUT.FastApplyOnOpaque:1 ; Always have FastSkyLUT 1 in this case to avoid wrong sky]]
[2022.10.02-18.41.57:753][  0]LogConfig: Setting CVar [[r.SkyAtmosphere.AerialPerspectiveLUT.SampleCountMaxPerSlice:4]]
[2022.10.02-18.41.57:753][  0]LogConfig: Setting CVar [[r.SkyAtmosphere.AerialPerspectiveLUT.DepthResolution:16.0]]
[2022.10.02-18.41.57:753][  0]LogConfig: Setting CVar [[r.SkyAtmosphere.FastSkyLUT:1]]
[2022.10.02-18.41.57:753][  0]LogConfig: Setting CVar [[r.SkyAtmosphere.FastSkyLUT.SampleCountMin:4.0]]
[2022.10.02-18.41.57:753][  0]LogConfig: Setting CVar [[r.SkyAtmosphere.FastSkyLUT.SampleCountMax:128.0]]
[2022.10.02-18.41.57:753][  0]LogConfig: Setting CVar [[r.SkyAtmosphere.SampleCountMin:4.0]]
[2022.10.02-18.41.57:753][  0]LogConfig: Setting CVar [[r.SkyAtmosphere.SampleCountMax:128.0]]
[2022.10.02-18.41.57:753][  0]LogConfig: Setting CVar [[r.SkyAtmosphere.TransmittanceLUT.UseSmallFormat:0]]
[2022.10.02-18.41.57:753][  0]LogConfig: Setting CVar [[r.SkyAtmosphere.TransmittanceLUT.SampleCount:10.0]]
[2022.10.02-18.41.57:753][  0]LogConfig: Setting CVar [[r.SkyAtmosphere.MultiScatteringLUT.SampleCount:15.0]]
[2022.10.02-18.41.57:753][  0]LogConfig: Setting CVar [[r.SkyLight.RealTimeReflectionCapture:1]]
[2022.10.02-18.41.57:753][  0]LogConfig: Applying CVar settings from Section [FoliageQuality@3] File [C:/Users/Nathan M/Documents/Unreal Projects/Boxman/BoxmanUnreal/Saved/Config/Windows/Scalability.ini]
[2022.10.02-18.41.57:753][  0]LogConfig: Setting CVar [[foliage.DensityScale:1.0]]
[2022.10.02-18.41.57:753][  0]LogConfig: Setting CVar [[grass.DensityScale:1.0]]
[2022.10.02-18.41.57:753][  0]LogConfig: Applying CVar settings from Section [ShadingQuality@3] File [C:/Users/Nathan M/Documents/Unreal Projects/Boxman/BoxmanUnreal/Saved/Config/Windows/Scalability.ini]
[2022.10.02-18.41.57:753][  0]LogConfig: Setting CVar [[r.HairStrands.SkyLighting.IntegrationType:2]]
[2022.10.02-18.41.57:753][  0]LogConfig: Setting CVar [[r.HairStrands.SkyAO.SampleCount:4]]
[2022.10.02-18.41.57:753][  0]LogConfig: Setting CVar [[r.HairStrands.Visibility.MSAA.SamplePerPixel:4]]
[2022.10.02-18.41.57:753][  0]LogInit: Selected Device Profile: [Windows]
[2022.10.02-18.41.57:753][  0]LogInit: Applying CVar settings loaded from the selected device profile: [Windows]
[2022.10.02-18.41.57:754][  0]LogHAL: Display: Platform has ~ 24 GB [25650196480 / 34359738368 / 24], which maps to Larger [LargestMinGB=32, LargerMinGB=12, DefaultMinGB=8, SmallerMinGB=6, SmallestMinGB=0)
[2022.10.02-18.41.57:754][  0]LogInit: Going up to parent DeviceProfile []
[2022.10.02-18.41.57:754][  0]LogConfig: Applying CVar settings from Section [ViewDistanceQuality@3] File [C:/Users/Nathan M/Documents/Unreal Projects/Boxman/BoxmanUnreal/Saved/Config/Windows/Scalability.ini]
[2022.10.02-18.41.57:754][  0]LogConfig: Setting CVar [[r.SkeletalMeshLODBias:0]]
[2022.10.02-18.41.57:754][  0]LogConfig: Setting CVar [[r.ViewDistanceScale:1.0]]
[2022.10.02-18.41.57:754][  0]LogConfig: Applying CVar settings from Section [AntiAliasingQuality@3] File [C:/Users/Nathan M/Documents/Unreal Projects/Boxman/BoxmanUnreal/Saved/Config/Windows/Scalability.ini]
[2022.10.02-18.41.57:754][  0]LogConfig: Setting CVar [[r.PostProcessAAQuality:4]]
[2022.10.02-18.41.57:754][  0]LogConfig: Applying CVar settings from Section [ShadowQuality@3] File [C:/Users/Nathan M/Documents/Unreal Projects/Boxman/BoxmanUnreal/Saved/Config/Windows/Scalability.ini]
[2022.10.02-18.41.57:754][  0]LogConfig: Setting CVar [[r.LightFunctionQuality:1]]
[2022.10.02-18.41.57:754][  0]LogConfig: Setting CVar [[r.ShadowQuality:5]]
[2022.10.02-18.41.57:754][  0]LogConfig: Setting CVar [[r.Shadow.CSM.MaxCascades:10]]
[2022.10.02-18.41.57:754][  0]LogConfig: Setting CVar [[r.Shadow.MaxResolution:2048]]
[2022.10.02-18.41.57:754][  0]LogConfig: Setting CVar [[r.Shadow.MaxCSMResolution:2048]]
[2022.10.02-18.41.57:754][  0]LogConfig: Setting CVar [[r.Shadow.RadiusThreshold:0.01]]
[2022.10.02-18.41.57:754][  0]LogConfig: Setting CVar [[r.Shadow.DistanceScale:1.0]]
[2022.10.02-18.41.57:754][  0]LogConfig: Setting CVar [[r.Shadow.CSM.TransitionScale:1.0]]
[2022.10.02-18.41.57:754][  0]LogConfig: Setting CVar [[r.Shadow.PreShadowResolutionFactor:1.0]]
[2022.10.02-18.41.57:754][  0]LogConfig: Setting CVar [[r.DistanceFieldShadowing:1]]
[2022.10.02-18.41.57:754][  0]LogConfig: Setting CVar [[r.DistanceFieldAO:1]]
[2022.10.02-18.41.57:754][  0]LogConfig: Setting CVar [[r.AOQuality:2]]
[2022.10.02-18.41.57:754][  0]LogConfig: Setting CVar [[r.VolumetricFog:1]]
[2022.10.02-18.41.57:754][  0]LogConfig: Setting CVar [[r.VolumetricFog.GridPixelSize:8]]
[2022.10.02-18.41.57:754][  0]LogConfig: Setting CVar [[r.VolumetricFog.GridSizeZ:128]]
[2022.10.02-18.41.57:754][  0]LogConfig: Setting CVar [[r.VolumetricFog.HistoryMissSupersampleCount:4]]
[2022.10.02-18.41.57:754][  0]LogConfig: Setting CVar [[r.LightMaxDrawDistanceScale:1]]
[2022.10.02-18.41.57:754][  0]LogConfig: Setting CVar [[r.CapsuleShadows:1]]
[2022.10.02-18.41.57:754][  0]LogConfig: Applying CVar settings from Section [PostProcessQuality@3] File [C:/Users/Nathan M/Documents/Unreal Projects/Boxman/BoxmanUnreal/Saved/Config/Windows/Scalability.ini]
[2022.10.02-18.41.57:754][  0]LogConfig: Setting CVar [[r.MotionBlurQuality:4]]
[2022.10.02-18.41.57:754][  0]LogConfig: Setting CVar [[r.AmbientOcclusionMipLevelFactor:0.4]]
[2022.10.02-18.41.57:754][  0]LogConfig: Setting CVar [[r.AmbientOcclusionMaxQuality:100]]
[2022.10.02-18.41.57:754][  0]LogConfig: Setting CVar [[r.AmbientOcclusionLevels:-1]]
[2022.10.02-18.41.57:754][  0]LogConfig: Setting CVar [[r.AmbientOcclusionRadiusScale:1.0]]
[2022.10.02-18.41.57:754][  0]LogConfig: Setting CVar [[r.DepthOfFieldQuality:2]]
[2022.10.02-18.41.57:754][  0]LogConfig: Setting CVar [[r.RenderTargetPoolMin:400]]
[2022.10.02-18.41.57:754][  0]LogConfig: Setting CVar [[r.LensFlareQuality:2]]
[2022.10.02-18.41.57:754][  0]LogConfig: Setting CVar [[r.SceneColorFringeQuality:1]]
[2022.10.02-18.41.57:754][  0]LogConfig: Setting CVar [[r.EyeAdaptationQuality:2]]
[2022.10.02-18.41.57:754][  0]LogConfig: Setting CVar [[r.BloomQuality:5]]
[2022.10.02-18.41.57:754][  0]LogConfig: Setting CVar [[r.FastBlurThreshold:100]]
[2022.10.02-18.41.57:754][  0]LogConfig: Setting CVar [[r.Upscale.Quality:3]]
[2022.10.02-18.41.57:754][  0]LogConfig: Setting CVar [[r.Tonemapper.GrainQuantization:1]]
[2022.10.02-18.41.57:754][  0]LogConfig: Setting CVar [[r.LightShaftQuality:1]]
[2022.10.02-18.41.57:754][  0]LogConfig: Setting CVar [[r.Filter.SizeScale:1]]
[2022.10.02-18.41.57:754][  0]LogConfig: Setting CVar [[r.Tonemapper.Quality:5]]
[2022.10.02-18.41.57:754][  0]LogConfig: Setting CVar [[r.DOF.Gather.AccumulatorQuality:1        ; higher gathering accumulator quality]]
[2022.10.02-18.41.57:754][  0]LogConfig: Setting CVar [[r.DOF.Gather.PostfilterMethod:1          ; Median3x3 postfilering method]]
[2022.10.02-18.41.57:754][  0]LogConfig: Setting CVar [[r.DOF.Gather.EnableBokehSettings:0       ; no bokeh simulation when gathering]]
[2022.10.02-18.41.57:754][  0]LogConfig: Setting CVar [[r.DOF.Gather.RingCount:4                 ; medium number of samples when gathering]]
[2022.10.02-18.41.57:754][  0]LogConfig: Setting CVar [[r.DOF.Scatter.ForegroundCompositing:1    ; additive foreground scattering]]
[2022.10.02-18.41.57:754][  0]LogConfig: Setting CVar [[r.DOF.Scatter.BackgroundCompositing:2    ; additive background scattering]]
[2022.10.02-18.41.57:754][  0]LogConfig: Setting CVar [[r.DOF.Scatter.EnableBokehSettings:1      ; bokeh simulation when scattering]]
[2022.10.02-18.41.57:754][  0]LogConfig: Setting CVar [[r.DOF.Scatter.MaxSpriteRatio:0.1         ; only a maximum of 10% of scattered bokeh]]
[2022.10.02-18.41.57:754][  0]LogConfig: Setting CVar [[r.DOF.Recombine.Quality:1                ; cheap slight out of focus]]
[2022.10.02-18.41.57:754][  0]LogConfig: Setting CVar [[r.DOF.Recombine.EnableBokehSettings:0    ; no bokeh simulation on slight out of focus]]
[2022.10.02-18.41.57:754][  0]LogConfig: Setting CVar [[r.DOF.TemporalAAQuality:1                ; more stable temporal accumulation]]
[2022.10.02-18.41.57:754][  0]LogConfig: Setting CVar [[r.DOF.Kernel.MaxForegroundRadius:0.025]]
[2022.10.02-18.41.57:754][  0]LogConfig: Setting CVar [[r.DOF.Kernel.MaxBackgroundRadius:0.025]]
[2022.10.02-18.41.57:754][  0]LogConfig: Applying CVar settings from Section [TextureQuality@3] File [C:/Users/Nathan M/Documents/Unreal Projects/Boxman/BoxmanUnreal/Saved/Config/Windows/Scalability.ini]
[2022.10.02-18.41.57:754][  0]LogConfig: Setting CVar [[r.Streaming.MipBias:0]]
[2022.10.02-18.41.57:754][  0]LogConfig: Setting CVar [[r.Streaming.AmortizeCPUToGPUCopy:0]]
[2022.10.02-18.41.57:754][  0]LogConfig: Setting CVar [[r.Streaming.MaxNumTexturesToStreamPerFrame:0]]
[2022.10.02-18.41.57:754][  0]LogConfig: Setting CVar [[r.Streaming.Boost:1]]
[2022.10.02-18.41.57:754][  0]LogConfig: Setting CVar [[r.MaxAnisotropy:8]]
[2022.10.02-18.41.57:754][  0]LogConfig: Setting CVar [[r.VT.MaxAnisotropy:8]]
[2022.10.02-18.41.57:754][  0]LogConfig: Setting CVar [[r.Streaming.LimitPoolSizeToVRAM:0]]
[2022.10.02-18.41.57:754][  0]LogConfig: Setting CVar [[r.Streaming.PoolSize:1000]]
[2022.10.02-18.41.57:754][  0]LogConfig: Setting CVar [[r.Streaming.MaxEffectiveScreenSize:0]]
[2022.10.02-18.41.57:754][  0]LogConfig: Applying CVar settings from Section [EffectsQuality@3] File [C:/Users/Nathan M/Documents/Unreal Projects/Boxman/BoxmanUnreal/Saved/Config/Windows/Scalability.ini]
[2022.10.02-18.41.57:754][  0]LogConfig: Setting CVar [[r.TranslucencyLightingVolumeDim:64]]
[2022.10.02-18.41.57:754][  0]LogConfig: Setting CVar [[r.RefractionQuality:2]]
[2022.10.02-18.41.57:754][  0]LogConfig: Setting CVar [[r.SSR.Quality:3]]
[2022.10.02-18.41.57:754][  0]LogConfig: Setting CVar [[r.SSR.HalfResSceneColor:0]]
[2022.10.02-18.41.57:754][  0]LogConfig: Setting CVar [[r.SceneColorFormat:4]]
[2022.10.02-18.41.57:754][  0]LogConfig: Setting CVar [[r.DetailMode:2]]
[2022.10.02-18.41.57:754][  0]LogConfig: Setting CVar [[r.TranslucencyVolumeBlur:1]]
[2022.10.02-18.41.57:754][  0]LogConfig: Setting CVar [[r.MaterialQualityLevel:1 ; High quality]]
[2022.10.02-18.41.57:754][  0]LogConfig: Setting CVar [[r.AnisotropicMaterials:1]]
[2022.10.02-18.41.57:754][  0]LogConfig: Setting CVar [[r.SSS.Scale:1]]
[2022.10.02-18.41.57:754][  0]LogConfig: Setting CVar [[r.SSS.SampleSet:2]]
[2022.10.02-18.41.57:754][  0]LogConfig: Setting CVar [[r.SSS.Quality:1]]
[2022.10.02-18.41.57:754][  0]LogConfig: Setting CVar [[r.SSS.HalfRes:0]]
[2022.10.02-18.41.57:754][  0]LogConfig: Setting CVar [[r.SSGI.Quality:3]]
[2022.10.02-18.41.57:754][  0]LogConfig: Setting CVar [[r.EmitterSpawnRateScale:1.0]]
[2022.10.02-18.41.57:754][  0]LogConfig: Setting CVar [[r.ParticleLightQuality:2]]
[2022.10.02-18.41.57:754][  0]LogConfig: Setting CVar [[r.SkyAtmosphere.AerialPerspectiveLUT.FastApplyOnOpaque:1 ; Always have FastSkyLUT 1 in this case to avoid wrong sky]]
[2022.10.02-18.41.57:754][  0]LogConfig: Setting CVar [[r.SkyAtmosphere.AerialPerspectiveLUT.SampleCountMaxPerSlice:4]]
[2022.10.02-18.41.57:754][  0]LogConfig: Setting CVar [[r.SkyAtmosphere.AerialPerspectiveLUT.DepthResolution:16.0]]
[2022.10.02-18.41.57:754][  0]LogConfig: Setting CVar [[r.SkyAtmosphere.FastSkyLUT:1]]
[2022.10.02-18.41.57:754][  0]LogConfig: Setting CVar [[r.SkyAtmosphere.FastSkyLUT.SampleCountMin:4.0]]
[2022.10.02-18.41.57:754][  0]LogConfig: Setting CVar [[r.SkyAtmosphere.FastSkyLUT.SampleCountMax:128.0]]
[2022.10.02-18.41.57:754][  0]LogConfig: Setting CVar [[r.SkyAtmosphere.SampleCountMin:4.0]]
[2022.10.02-18.41.57:754][  0]LogConfig: Setting CVar [[r.SkyAtmosphere.SampleCountMax:128.0]]
[2022.10.02-18.41.57:754][  0]LogConfig: Setting CVar [[r.SkyAtmosphere.TransmittanceLUT.UseSmallFormat:0]]
[2022.10.02-18.41.57:754][  0]LogConfig: Setting CVar [[r.SkyAtmosphere.TransmittanceLUT.SampleCount:10.0]]
[2022.10.02-18.41.57:754][  0]LogConfig: Setting CVar [[r.SkyAtmosphere.MultiScatteringLUT.SampleCount:15.0]]
[2022.10.02-18.41.57:754][  0]LogConfig: Setting CVar [[r.SkyLight.RealTimeReflectionCapture:1]]
[2022.10.02-18.41.57:754][  0]LogConfig: Applying CVar settings from Section [FoliageQuality@3] File [C:/Users/Nathan M/Documents/Unreal Projects/Boxman/BoxmanUnreal/Saved/Config/Windows/Scalability.ini]
[2022.10.02-18.41.57:754][  0]LogConfig: Setting CVar [[foliage.DensityScale:1.0]]
[2022.10.02-18.41.57:754][  0]LogConfig: Setting CVar [[grass.DensityScale:1.0]]
[2022.10.02-18.41.57:754][  0]LogConfig: Applying CVar settings from Section [ShadingQuality@3] File [C:/Users/Nathan M/Documents/Unreal Projects/Boxman/BoxmanUnreal/Saved/Config/Windows/Scalability.ini]
[2022.10.02-18.41.57:754][  0]LogConfig: Setting CVar [[r.HairStrands.SkyLighting.IntegrationType:2]]
[2022.10.02-18.41.57:754][  0]LogConfig: Setting CVar [[r.HairStrands.SkyAO.SampleCount:4]]
[2022.10.02-18.41.57:754][  0]LogConfig: Setting CVar [[r.HairStrands.Visibility.MSAA.SamplePerPixel:4]]
[2022.10.02-18.41.57:754][  0]LogConfig: Applying CVar settings from Section [Startup] File [../../../Engine/Config/ConsoleVariables.ini]
[2022.10.02-18.41.57:755][  0]LogConfig: Setting CVar [[net.UseAdaptiveNetUpdateFrequency:0]]
[2022.10.02-18.41.57:755][  0]LogConfig: Setting CVar [[p.chaos.AllowCreatePhysxBodies:1]]
[2022.10.02-18.41.57:755][  0]LogConfig: Setting CVar [[fx.SkipVectorVMBackendOptimizations:1]]
[2022.10.02-18.41.57:755][  0]LogConfig: Applying CVar settings from Section [ConsoleVariables] File [C:/Users/Nathan M/Documents/Unreal Projects/Boxman/BoxmanUnreal/Saved/Config/Windows/Engine.ini]
[2022.10.02-18.41.57:755][  0]LogConfig: Applying CVar settings from Section [ConsoleVariables] File [C:/Users/Nathan M/Documents/Unreal Projects/Boxman/BoxmanUnreal/Saved/Config/Windows/Editor.ini]
[2022.10.02-18.41.57:755][  0]LogInit: Computer: DESKTOP-VGV4RVI
[2022.10.02-18.41.57:755][  0]LogInit: User: NathanM
[2022.10.02-18.41.57:755][  0]LogInit: CPU Page size=4096, Cores=16
[2022.10.02-18.41.57:755][  0]LogInit: High frequency timer resolution =10.000000 MHz
[2022.10.02-18.41.57:755][  0]LogMemory: Memory total: Physical=23.9GB (24GB approx)
[2022.10.02-18.41.57:755][  0]LogMemory: Platform Memory Stats for Windows
[2022.10.02-18.41.57:755][  0]LogMemory: Process Physical Memory: 155.64 MB used, 155.64 MB peak
[2022.10.02-18.41.57:755][  0]LogMemory: Process Virtual Memory: 143.91 MB used, 143.91 MB peak
[2022.10.02-18.41.57:755][  0]LogMemory: Physical Memory: 7745.09 MB used,  16716.84 MB free, 24461.93 MB total
[2022.10.02-18.41.57:755][  0]LogMemory: Virtual Memory: 134201568.00 MB used,  16156.00 MB free, 134217728.00 MB total
[2022.10.02-18.41.57:759][  0]LogWindows: WindowsPlatformFeatures enabled
[2022.10.02-18.41.57:791][  0]LogInit: Physics initialised using underlying interface: PhysX
[2022.10.02-18.41.57:798][  0]LogInit: Using OS detected language (en-US).
[2022.10.02-18.41.57:798][  0]LogInit: Using OS detected locale (en-US).
[2022.10.02-18.41.57:803][  0]LogTextLocalizationManager: No specific localization for 'en-US' exists, so the 'en' localization will be used.
[2022.10.02-18.41.57:940][  0]LogInit: Setting process to per monitor DPI aware
[2022.10.02-18.41.57:947][  0]LogWindowsTextInputMethodSystem: Display: IME system deactivated.
[2022.10.02-18.41.57:957][  0]LogSlate: New Slate User Created.  User Index 0, Is Virtual User: 0
[2022.10.02-18.41.57:957][  0]LogSlate: Slate User Registered.  User Index 0, Is Virtual User: 0
[2022.10.02-18.41.58:044][  0]LogD3D11RHI: Loaded GFSDK_Aftermath_Lib.x64.dll
[2022.10.02-18.41.58:047][  0]LogHMD: Failed to initialize OpenVR with code 110
[2022.10.02-18.41.58:047][  0]LogD3D11RHI: D3D11 min allowed feature level: 11_0
[2022.10.02-18.41.58:047][  0]LogD3D11RHI: D3D11 max allowed feature level: 11_0
[2022.10.02-18.41.58:047][  0]LogD3D11RHI: D3D11 adapters:
[2022.10.02-18.41.58:112][  0]LogD3D11RHI:    0. 'NVIDIA GeForce RTX 3060' (Feature Level 11_0)
[2022.10.02-18.41.58:112][  0]LogD3D11RHI:       12137/0/12230 MB DedicatedVideo/DedicatedSystem/SharedSystem, Outputs:3, VendorId:0x10de
[2022.10.02-18.41.58:113][  0]LogD3D11RHI:    1. 'Microsoft Basic Render Driver' (Feature Level 11_0)
[2022.10.02-18.41.58:113][  0]LogD3D11RHI:       0/0/12230 MB DedicatedVideo/DedicatedSystem/SharedSystem, Outputs:0, VendorId:0x1414
[2022.10.02-18.41.58:113][  0]LogD3D11RHI: Chosen D3D11 Adapter:
[2022.10.02-18.41.58:113][  0]LogD3D11RHI:     Description : NVIDIA GeForce RTX 3060
[2022.10.02-18.41.58:113][  0]LogD3D11RHI:     VendorId    : 10de
[2022.10.02-18.41.58:115][  0]LogD3D11RHI:     DeviceId    : 2487
[2022.10.02-18.41.58:115][  0]LogD3D11RHI:     SubSysId    : 40721458
[2022.10.02-18.41.58:115][  0]LogD3D11RHI:     Revision    : 00a1
[2022.10.02-18.41.58:115][  0]LogD3D11RHI:     DedicatedVideoMemory : 12726566912 bytes
[2022.10.02-18.41.58:115][  0]LogD3D11RHI:     DedicatedSystemMemory : 0 bytes
[2022.10.02-18.41.58:115][  0]LogD3D11RHI:     SharedSystemMemory : 12825098240 bytes
[2022.10.02-18.41.58:115][  0]LogD3D11RHI:     AdapterLuid : 0 45885
[2022.10.02-18.41.58:121][  0]LogD3D11RHI: Creating new Direct3DDevice
[2022.10.02-18.41.58:121][  0]LogD3D11RHI:     GPU DeviceId: 0x2487 (for the marketing name, search the web for "GPU Device Id")
[2022.10.02-18.41.58:121][  0]LogWindows: EnumDisplayDevices:
[2022.10.02-18.41.58:121][  0]LogWindows:    0. 'NVIDIA GeForce RTX 3060' (P:1 D:1)
[2022.10.02-18.41.58:121][  0]LogWindows:    1. 'NVIDIA GeForce RTX 3060' (P:0 D:1)
[2022.10.02-18.41.58:121][  0]LogWindows:    2. 'NVIDIA GeForce RTX 3060' (P:0 D:1)
[2022.10.02-18.41.58:121][  0]LogWindows:    3. 'NVIDIA GeForce RTX 3060' (P:0 D:0)
[2022.10.02-18.41.58:121][  0]LogWindows: DebugString: FoundDriverCount:4 
[2022.10.02-18.41.58:121][  0]LogD3D11RHI:     Adapter Name: NVIDIA GeForce RTX 3060
[2022.10.02-18.41.58:121][  0]LogD3D11RHI:   Driver Version: 517.48 (internal:31.0.15.1748, unified:517.48)
[2022.10.02-18.41.58:121][  0]LogD3D11RHI:      Driver Date: 9-21-2022
[2022.10.02-18.41.58:121][  0]LogRHI: Texture pool is 8495 MB (70% of 12137 MB)
[2022.10.02-18.41.58:121][  0]LogD3D11RHI: Creating D3DDevice using adapter:
[2022.10.02-18.41.58:121][  0]LogD3D11RHI:     Description : NVIDIA GeForce RTX 3060
[2022.10.02-18.41.58:121][  0]LogD3D11RHI:     VendorId    : 10de
[2022.10.02-18.41.58:121][  0]LogD3D11RHI:     DeviceId    : 2487
[2022.10.02-18.41.58:121][  0]LogD3D11RHI:     SubSysId    : 40721458
[2022.10.02-18.41.58:121][  0]LogD3D11RHI:     Revision    : 00a1
[2022.10.02-18.41.58:121][  0]LogD3D11RHI:     DedicatedVideoMemory : 12726566912 bytes
[2022.10.02-18.41.58:121][  0]LogD3D11RHI:     DedicatedSystemMemory : 0 bytes
[2022.10.02-18.41.58:121][  0]LogD3D11RHI:     SharedSystemMemory : 12825098240 bytes
[2022.10.02-18.41.58:121][  0]LogD3D11RHI:     AdapterLuid : 0 45885
[2022.10.02-18.41.58:162][  0]LogD3D11RHI: RHI has support for 64 bit atomics
[2022.10.02-18.41.58:162][  0]LogD3D11RHI: Async texture creation enabled
[2022.10.02-18.41.58:162][  0]LogD3D11RHI: Array index from any shader is supported
[2022.10.02-18.41.58:165][  0]LogD3D11RHI: HDR output is supported on display 2 (NvId: 0x80061083).
[2022.10.02-18.41.58:181][  0]LogD3D11RHI: GPU Timing Frequency: 1000.000000 (Debug: 2 1)
[2022.10.02-18.41.58:200][  0]LogRHI: GeForceNow SDK initialized: 1
[2022.10.02-18.41.58:402][  0]LogTargetPlatformManager: Display: Loaded TargetPlatform 'AllDesktop'
[2022.10.02-18.41.58:420][  0]LogTargetPlatformManager: Display: Loaded TargetPlatform 'Android'
[2022.10.02-18.41.58:420][  0]LogTargetPlatformManager: Display: Loaded TargetPlatform 'Android_ASTC'
[2022.10.02-18.41.58:420][  0]LogTargetPlatformManager: Display: Loaded TargetPlatform 'Android_DXT'
[2022.10.02-18.41.58:420][  0]LogTargetPlatformManager: Display: Loaded TargetPlatform 'Android_ETC2'
[2022.10.02-18.41.58:420][  0]LogTargetPlatformManager: Display: Loaded TargetPlatform 'AndroidClient'
[2022.10.02-18.41.58:420][  0]LogTargetPlatformManager: Display: Loaded TargetPlatform 'Android_ASTCClient'
[2022.10.02-18.41.58:420][  0]LogTargetPlatformManager: Display: Loaded TargetPlatform 'Android_DXTClient'
[2022.10.02-18.41.58:420][  0]LogTargetPlatformManager: Display: Loaded TargetPlatform 'Android_ETC2Client'
[2022.10.02-18.41.58:420][  0]LogTargetPlatformManager: Display: Loaded TargetPlatform 'Android_Multi'
[2022.10.02-18.41.58:420][  0]LogTargetPlatformManager: Display: Loaded TargetPlatform 'Android_MultiClient'
[2022.10.02-18.41.58:433][  0]LogTargetPlatformManager: Display: Loaded TargetPlatform 'IOSClient'
[2022.10.02-18.41.58:435][  0]LogTargetPlatformManager: Display: Loaded TargetPlatform 'IOS'
[2022.10.02-18.41.58:442][  0]LogTargetPlatformManager: Display: Loaded TargetPlatform 'Linux'
[2022.10.02-18.41.58:446][  0]LogTargetPlatformManager: Display: Loaded TargetPlatform 'LinuxNoEditor'
[2022.10.02-18.41.58:449][  0]LogTargetPlatformManager: Display: Loaded TargetPlatform 'LinuxClient'
[2022.10.02-18.41.58:452][  0]LogTargetPlatformManager: Display: Loaded TargetPlatform 'LinuxServer'
[2022.10.02-18.41.58:460][  0]LogTargetPlatformManager: Display: Loaded TargetPlatform 'LinuxAArch64NoEditor'
[2022.10.02-18.41.58:463][  0]LogTargetPlatformManager: Display: Loaded TargetPlatform 'LinuxAArch64Client'
[2022.10.02-18.41.58:466][  0]LogTargetPlatformManager: Display: Loaded TargetPlatform 'LinuxAArch64Server'
[2022.10.02-18.41.58:485][  0]LogTargetPlatformManager: Display: Loaded TargetPlatform 'Lumin'
[2022.10.02-18.41.58:485][  0]LogTargetPlatformManager: Display: Loaded TargetPlatform 'LuminClient'
[2022.10.02-18.41.58:492][  0]LogTargetPlatformManager: Display: Loaded TargetPlatform 'MacNoEditor'
[2022.10.02-18.41.58:495][  0]LogTargetPlatformManager: Display: Loaded TargetPlatform 'Mac'
[2022.10.02-18.41.58:499][  0]LogTargetPlatformManager: Display: Loaded TargetPlatform 'MacClient'
[2022.10.02-18.41.58:502][  0]LogTargetPlatformManager: Display: Loaded TargetPlatform 'MacServer'
[2022.10.02-18.41.58:510][  0]LogTargetPlatformManager: Display: Loaded TargetPlatform 'TVOSClient'
[2022.10.02-18.41.58:510][  0]LogTargetPlatformManager: Display: Loaded TargetPlatform 'TVOS'
[2022.10.02-18.41.58:518][  0]LogTargetPlatformManager: Display: Loaded TargetPlatform 'WindowsNoEditor'
[2022.10.02-18.41.58:521][  0]LogTargetPlatformManager: Display: Loaded TargetPlatform 'Windows'
[2022.10.02-18.41.58:525][  0]LogTargetPlatformManager: Display: Loaded TargetPlatform 'WindowsClient'
[2022.10.02-18.41.58:528][  0]LogTargetPlatformManager: Display: Loaded TargetPlatform 'WindowsServer'
[2022.10.02-18.41.58:528][  0]LogTargetPlatformManager: Display: Building Assets For Windows
[2022.10.02-18.41.58:533][  0]LogAudioDebug: Display: Lib vorbis DLL was dynamically loaded.
[2022.10.02-18.41.58:560][  0]LogTextureFormatOodle: Display: Oodle Texture 2.9.0 init RDO Off
[2022.10.02-18.41.58:587][  0]LogRendererCore: Ray tracing is disabled. Reason: r.RayTracing=0.
[2022.10.02-18.41.58:587][  0]LogShaderCompilers: Guid format shader working directory is -30 characters bigger than the processId version (../../../../../../Users/Nathan M/Documents/Unreal Projects/Boxman/BoxmanUnreal/Intermediate/Shaders/WorkingDirectory/21768/).
[2022.10.02-18.41.58:587][  0]LogShaderCompilers: Cleaned the shader compiler working directory 'C:/Users/Nathan M/AppData/Local/Temp/UnrealShaderWorkingDir/6FE5B6334C4A0FA056846DA5AC1F4A46/'.
[2022.10.02-18.41.58:588][  0]LogXGEController: Cannot use XGE Controller as Incredibuild is not installed on this machine.
[2022.10.02-18.41.58:588][  0]LogShaderCompilers: Cannot use XGE Shader Compiler as Incredibuild is not installed on this machine.
[2022.10.02-18.41.58:588][  0]LogShaderCompilers: Display: Using Local Shader Compiler.
[2022.10.02-18.41.59:122][  0]LogDerivedDataCache: Display: Max Cache Size: 512 MB
[2022.10.02-18.41.59:162][  0]LogDerivedDataCache: Loaded boot cache 0.04s 94MB C:/Users/Nathan M/AppData/Local/UnrealEngine/4.27/DerivedDataCache/Boot.ddc.
[2022.10.02-18.41.59:162][  0]LogDerivedDataCache: Display: Loaded Boot cache: C:/Users/Nathan M/AppData/Local/UnrealEngine/4.27/DerivedDataCache/Boot.ddc
[2022.10.02-18.41.59:163][  0]LogDerivedDataCache: FDerivedDataBackendGraph:  Pak pak cache file ../../../../../../Users/Nathan M/Documents/Unreal Projects/Boxman/BoxmanUnreal/DerivedDataCache/DDC.ddp not found, will not use a pak cache.
[2022.10.02-18.41.59:163][  0]LogDerivedDataCache: Unable to find inner node Pak for hierarchical cache Hierarchy.
[2022.10.02-18.41.59:163][  0]LogDerivedDataCache: FDerivedDataBackendGraph:  CompressedPak pak cache file ../../../../../../Users/Nathan M/Documents/Unreal Projects/Boxman/BoxmanUnreal/DerivedDataCache/Compressed.ddp not found, will not use a pak cache.
[2022.10.02-18.41.59:163][  0]LogDerivedDataCache: Unable to find inner node CompressedPak for hierarchical cache Hierarchy.
[2022.10.02-18.41.59:176][  0]LogDerivedDataCache: Display: Pak cache opened for reading ../../../Engine/DerivedDataCache/Compressed.ddp.
[2022.10.02-18.41.59:176][  0]LogDerivedDataCache: FDerivedDataBackendGraph:  EnterprisePak pak cache file ../../../Enterprise/DerivedDataCache/Compressed.ddp not found, will not use a pak cache.
[2022.10.02-18.41.59:176][  0]LogDerivedDataCache: Unable to find inner node EnterprisePak for hierarchical cache Hierarchy.
[2022.10.02-18.41.59:183][  0]LogDerivedDataCache: Speed tests for C:/Users/Nathan M/AppData/Local/UnrealEngine/Common/DerivedDataCache took 0.01 seconds
[2022.10.02-18.41.59:183][  0]LogDerivedDataCache: Display: Performance to C:/Users/Nathan M/AppData/Local/UnrealEngine/Common/DerivedDataCache: Latency=0.03ms. RandomReadSpeed=441.59MBs, RandomWriteSpeed=240.06MBs. Assigned SpeedClass 'Local'
[2022.10.02-18.41.59:183][  0]LogDerivedDataCache: Using Local data cache path C:/Users/Nathan M/AppData/Local/UnrealEngine/Common/DerivedDataCache: Writable
[2022.10.02-18.41.59:183][  0]LogDerivedDataCache: Shared data cache path not found in *engine.ini, will not use an Shared cache.
[2022.10.02-18.41.59:183][  0]LogDerivedDataCache: Unable to find inner node Shared for hierarchical cache Hierarchy.
[2022.10.02-18.41.59:218][  0]LogSlate: Using FreeType 2.10.0
[2022.10.02-18.41.59:218][  0]LogSlate: SlateFontServices - WITH_FREETYPE: 1, WITH_HARFBUZZ: 1
[2022.10.02-18.41.59:235][  0]LogAssetRegistry: FAssetRegistry took 0.0024 seconds to start up
[2022.10.02-18.41.59:406][  0]LogInit: Selected Device Profile: [Windows]
[2022.10.02-18.41.59:406][  0]LogInit: Active device profile: [00000231FE022B00][00000231FC9516C0 49] Windows
[2022.10.02-18.41.59:406][  0]LogInit: Profiles: [00000231FE022B00][00000231FC9516C0 49] Windows, [00000231FDFC2300][00000231FC5B1840 49] WindowsNoEditor, [00000231FE021E00][00000231FC5B59C0 49] WindowsServer, [00000231FDFC2F00][00000231FC5B9B40 49] WindowsClient, [00000231FE022800][00000231FC5BC140 49] IOS, [00000231FDFC2500][00000231FC5C02C0 49] iPadAir, [00000231FE020700][00000231FC5C4440 49] iPadAir2, [00000231FDF65A00][00000231FC5CC700 49] IPadPro, [00000231FDF65B00][00000231FC5C8740 49] iPadAir3, [00000231FDFC3700][00000231FC5D08C0 49] iPadAir4, [00000231FDF66A00][00000231FC954A00 49] iPadMini2, [00000231FDFC0C00][00000231FC5D4B40 49] iPadMini3, [00000231FDF64B00][00000231FC5D8C80 49] iPadMini4, [00000231FDFC3800][00000231FC5DCDC0 49] iPadMini5, [00000231FDFA9300][00000231F3993080 49] iPhone6, [00000231FDFA9400][00000231FC5E50C0 49] iPodTouch6, [00000231FE021700][00000231F399F380 49] iPhone7, [00000231FE021500][00000231F399B3C0 49] iPodTouch7, [00000231FDF64E00][00000231F39A3540 49] iPhone5S, [00000231FE023D00][00000231F39AB6C0 49] iPhone6Plus, [00000231FDF67D00][00000231FA6B5840 49] iPhone6S, [00000231FE021A00][00000231FA6B99C0 49] iPhone6SPlus, [00000231FE021400][00000231FA6BDB40 49] iPhone7Plus, [00000231FDFA8700][00000231FA6C0140 49] iPhoneSE, [00000231FE020E00][00000231FA6C42C0 49] iPhone8, [00000231FDFA8D00][00000231FA6C8440 49] iPhone8Plus, [00000231FDFA9A00][00000231FEDAA5C0 49] iPhoneX, [00000231FDF67300][00000231FEDAE740 49] iPhoneXS, [00000231FDFAA300][00000231FEDB28C0 49] iPhoneXSMax, [00000231FDF66800][00000231FA6CCA40 49] iPhoneXR, [00000231FDFA9500][00000231FC5E0B80 49] iPhone11, [00000231FDF67700][00000231FC692CC0 49] iPhone11Pro, [00000231FDFAB100][00000231FC696E00 49] iPhone11ProMax, [00000231FDF64500][00000231FC69AF40 49] iPhoneSE2, [00000231FDFAAB00][00000231FC6A30C0 49] iPhone12Mini, [00000231FDF66E00][00000231FC6A7240 49] iPhone12, [00000231FDFAB400][00000231FC6B53C0 49] iPhone12Pro, [00000231FE023B00][00000231FC959540 49] iPhone12ProMax, [00000231FDFA8500][00000231FC9656C0 49] iPadPro105, [00000231FE023300][00000231FC969840 49] iPadPro129, [00000231FDFAAA00][00000231FC96D9C0 49] iPadPro97, [00000231FE021200][00000231803DDB40 49] iPadPro2_129, [00000231FDFAB200][00000231803E8140 49] iPad5, [00000231FE020100][00000231803F42C0 49] iPad6, [00000231FDFA9600][00000231803F8440 49] iPad7, [00000231FE021D00][00000231803FC5C0 49] iPad8, [00000231FDFA9900][00000231FC9A2740 49] iPadPro11, [00000231FE023000][00000231FC9A68C0 49] iPadPro2_11, [00000231FDFA8A00][00000231FC9AAA40 49] iPadPro3_129, [00000231FE021100][00000231F331EBC0 49] iPadPro4_129, [00000231FDFAB000][00000231F3322D40 49] AppleTV, [00000231FE020200][00000231FC69EE80 49] AppleTV4K, [00000231FDFA9C00][00000231F3326FC0 49] TVOS, [00000231FE021800][00000231FEB51100 49] Mac, [00000231FDFA8300][00000231FEB59280 49] MacClient, [00000231FE021000][00000231FEB5D400 49] MacNoEditor, [00000231FDFA9F00][00000231FEB61580 49] MacServer, [00000231FE020B00][00000231FED19700 49] Linux, [00000231FDFA9000][00000231FED35880 49] LinuxAArch64, [00000231FE023400][00000231FED39A00 49] LinuxNoEditor, [00000231FDFAA700][00000231FED41B80 49] LinuxAArch64NoEditor, [00000231FE020D00][00000231FED44180 49] LinuxClient, [00000231FDFABB00][00000231FED48300 49] LinuxAArch64Client, [00000231FE021C00][0000023180204480 49] LinuxServer, [00000231FDFAB800][00000231F2FF4600 49] LinuxAArch64Server, [00000231FE020A00][00000231F2FF8780 49] Android, [00000231FDFA8E00][00000231F2FFC900 49] Android_Low, [00000231FE020800][00000231F3000A80 49] Android_Mid, [00000231FDFAA400][00000231F3004C00 49] Android_High, [00000231FE023900][00000231F3008D80 49] Android_Default, [00000231FDFAB900][00000231F300CF00 49] Android_Adreno4xx, [00000231FE022A00][00000231FEB55040 49] Android_Adreno5xx_Low, [00000231FDFAA600][00000231F3011180 49] Android_Adreno5xx, [00000231FE023600][00000231F30152C0 49] Android_Adreno6xx, [00000231FDFAA000][00000231F301D440 49] Android_Adreno6xx_Vulkan, [00000231FE022D00][00000231F30595C0 49] Android_Mali_T6xx, [00000231FDFAB300][00000231F305D740 49] Android_Mali_T7xx, [00000231FE020500][00000231F2CB98C0 49] Android_Mali_T8xx, [00000231FDFA8600][00000231F32FDA40 49] Android_Mali_G71, [00000231FE023C00][00000231F3301BC0 49] Android_Mali_G72, [00000231FDFABC00][00000231F33041C0 49] Android_Mali_G72_Vulkan, [00000231FDF66100][00000231F3308340 49] Android_Mali_G76, [00000231FDFC2200][00000231F330C4C0 49] Android_Mali_G76_Vulkan, [00000231FDF66300][00000231F3310640 49] Android_Mali_G77, [00000231FDFC0200][00000231F33147C0 49] Android_Mali_G77_Vulkan, [00000231FDF65500][00000231F3318940 49] Android_Mali_G78, [00000231FDFC2700][0000023180278AC0 49] Android_Mali_G78_Vulkan, [00000231FDF65400][000002318027CC40 49] Android_Mali_G710, [00000231FDFC0F00][0000023180294DC0 49] Android_Mali_G710_Vulkan, [00000231FDF65300][00000231802A0F40 49] Android_Vulkan_SM5, [00000231FDFC2800][00000231802A50C0 49] Android_PowerVR_G6xxx, [00000231FDF67C00][00000231F3019200 49] Android_PowerVR_GT7xxx, [00000231FDFC1D00][00000231802A9340 49] Android_PowerVR_GE8xxx, [00000231FDF67800][00000231802AD480 49] Android_PowerVR_GM9xxx, [00000231FDFC0400][00000231FEC8B5C0 49] Android_PowerVR_GM9xxx_Vulkan, [00000231FDF64600][00000231FEC93740 49] Android_TegraK1, [00000231FDFC0B00][00000231FEC978C0 49] Android_Unknown_Vulkan, [00000231FDF64300][00000231FEC9BA40 49] Lumin, [00000231FDFC1700][00000231FEC9FBC0 49] Lumin_Desktop, [00000231FDF65C00][00000231FECA21C0 49] HoloLens, 
[2022.10.02-18.41.59:498][  0]LogMeshReduction: Using QuadricMeshReduction for automatic static mesh reduction
[2022.10.02-18.41.59:498][  0]LogMeshReduction: Using SimplygonMeshReduction for automatic skeletal mesh reduction
[2022.10.02-18.41.59:498][  0]LogMeshReduction: Using ProxyLODMeshReduction for automatic mesh merging
[2022.10.02-18.41.59:498][  0]LogMeshReduction: No distributed automatic mesh merging module available
[2022.10.02-18.41.59:498][  0]LogMeshMerging: No distributed automatic mesh merging module available
[2022.10.02-18.41.59:510][  0]LogNetVersion: BoxmanUnreal 1.0.0, NetCL: 17155196, EngineNetVer: 17, GameNetVer: 0 (Checksum: 154839499)
[2022.10.02-18.41.59:756][  0]LogTexture: Default maximum texture size for cubemaps generated from long-lat sources has been changed from 512 to unlimited. In order to preserve old behaiour for '/Engine/MapTemplates/Sky/DaylightAmbientCubemap.DaylightAmbientCubemap', its maximum texture size has been explicitly set to 512.
[2022.10.02-18.41.59:800][  0]LogHMD: PokeAHoleMaterial loaded successfully
[2022.10.02-18.41.59:805][  0]LogUObjectArray: 17178 objects as part of root set at end of initial load.
[2022.10.02-18.41.59:805][  0]LogUObjectAllocator: 4302048 out of 0 bytes used by permanent object pool.
[2022.10.02-18.41.59:805][  0]LogUObjectArray: CloseDisregardForGC: 0/0 objects in disregard for GC pool
[2022.10.02-18.41.59:928][  0]LogNiagaraDebuggerClient: Niagara Debugger Client Initialized | Session: 642E726349A8B900F7796D8C635F6C52 | Instance: EABBD0464B9E513E4E6F478D27C57732 (DESKTOP-VGV4RVI-21768).
[2022.10.02-18.42.00:039][  0]LogPython: Using Python 3.7.7
[2022.10.02-18.42.00:422][  0]LogUdpMessaging: Initializing bridge on interface 0.0.0.0:0 to multicast group 230.0.0.1:6666.
[2022.10.02-18.42.00:427][  0]LogTcpMessaging: Initializing TcpMessaging bridge
[2022.10.02-18.42.00:614][  0]SourceControl: Source control is disabled
[2022.10.02-18.42.00:614][  0]SourceControl: Source control is disabled
[2022.10.02-18.42.00:622][  0]SourceControl: Source control is disabled
[2022.10.02-18.42.00:625][  0]SourceControl: Source control is disabled
[2022.10.02-18.42.00:629][  0]LogUProjectInfo: Found projects:
[2022.10.02-18.42.00:633][  0]SourceControl: Source control is disabled
[2022.10.02-18.42.00:774][  0]LogOpenImageDenoise: OIDN starting up
[2022.10.02-18.42.00:810][  0]LogAndroidPermission: UAndroidPermissionCallbackProxy::GetInstance
[2022.10.02-18.42.00:834][  0]LogAudioCaptureCore: Display: No Audio Capture implementations found. Audio input will be silent.
[2022.10.02-18.42.00:834][  0]LogAudioCaptureCore: Display: No Audio Capture implementations found. Audio input will be silent.
[2022.10.02-18.42.00:915][  0]LogCollectionManager: Loaded 0 collections in 0.001268 seconds
[2022.10.02-18.42.00:932][  0]LogFileCache: Scanning file cache for directory 'C:/Users/Nathan M/Documents/Unreal Projects/Boxman/BoxmanUnreal/Saved/Collections/' took 0.00s
[2022.10.02-18.42.00:932][  0]LogFileCache: Scanning file cache for directory 'C:/Users/Nathan M/Documents/Unreal Projects/Boxman/BoxmanUnreal/Content/Developers/NathanM/Collections/' took 0.00s
[2022.10.02-18.42.00:932][  0]LogFileCache: Scanning file cache for directory 'C:/Users/Nathan M/Documents/Unreal Projects/Boxman/BoxmanUnreal/Content/Collections/' took 0.00s
[2022.10.02-18.42.00:932][  0]LogOcInput: OculusInput pre-init called
[2022.10.02-18.42.01:088][  0]LogEngine: Initializing Engine...
[2022.10.02-18.42.01:089][  0]LogHMD: Failed to enumerate extensions. Please check that you have a valid OpenXR runtime installed.
[2022.10.02-18.42.01:089][  0]LogHMD: Failed to initialize OpenVR with code 110
[2022.10.02-18.42.01:089][  0]LogMagicLeap: Warning: VR disabled because ZI is not enabled.  To enable, in the editor, Edit -> Project Settings -> Plugins -> Magic Leap Plugin -> Enable Zero Iteration
[2022.10.02-18.42.01:090][  0]LogStats: UGameplayTagsManager::InitializeManager -  0.000 s
[2022.10.02-18.42.01:185][  0]LogInit: Initializing FReadOnlyCVARCache
[2022.10.02-18.42.01:192][  0]LogAIModule: Creating AISystem for world Untitled
[2022.10.02-18.42.01:192][  0]LogAudio: Display: Initializing Audio Device Manager...
[2022.10.02-18.42.01:195][  0]LogAudio: Display: Loading Default Audio Settings Objects...
[2022.10.02-18.42.01:195][  0]LogAudio: Display: No default SoundConcurrencyObject specified (or failed to load).
[2022.10.02-18.42.01:196][  0]LogAudio: Display: Audio Device Manager Initialized
[2022.10.02-18.42.01:196][  0]LogAudio: Display: Creating Audio Device:                 Id: 1, Scope: Shared, Realtime: True
[2022.10.02-18.42.01:196][  0]LogAudioMixer: Display: Audio Mixer Platform Settings:
[2022.10.02-18.42.01:196][  0]LogAudioMixer: Display: 	Sample Rate:						  48000
[2022.10.02-18.42.01:196][  0]LogAudioMixer: Display: 	Callback Buffer Frame Size Requested: 1024
[2022.10.02-18.42.01:196][  0]LogAudioMixer: Display: 	Callback Buffer Frame Size To Use:	  1024
[2022.10.02-18.42.01:196][  0]LogAudioMixer: Display: 	Number of buffers to queue:			  2
[2022.10.02-18.42.01:196][  0]LogAudioMixer: Display: 	Max Channels (voices):				  32
[2022.10.02-18.42.01:196][  0]LogAudioMixer: Display: 	Number of Async Source Workers:		  0
[2022.10.02-18.42.01:196][  0]LogAudio: Display: AudioDevice MaxSources: 32
[2022.10.02-18.42.01:196][  0]LogAudio: Display: Audio Spatialization Plugin: None (built-in).
[2022.10.02-18.42.01:196][  0]LogAudio: Display: Audio Reverb Plugin: None (built-in).
[2022.10.02-18.42.01:196][  0]LogAudio: Display: Audio Occlusion Plugin: None (built-in).
[2022.10.02-18.42.01:196][  0]LogAudioMixer: Display: Initializing audio mixer.
[2022.10.02-18.42.01:205][  0]LogAudioMixer: Display: 0: FrontLeft
[2022.10.02-18.42.01:205][  0]LogAudioMixer: Display: 1: FrontRight
[2022.10.02-18.42.01:213][  0]LogAudioMixer: Display: Using Audio Device Headphones (Soundcore Liberty 2 Pro)
[2022.10.02-18.42.01:217][  0]LogAudioMixer: Display: Initializing Sound Submixes...
[2022.10.02-18.42.01:218][  0]LogAudioMixer: Display: Creating Master Submix 'MasterSubmixDefault'
[2022.10.02-18.42.01:218][  0]LogAudioMixer: Display: Creating Master Submix 'MasterReverbSubmixDefault'
[2022.10.02-18.42.01:219][  0]LogAudioMixer: Display: Creating Master Submix 'MasterEQSubmixDefault'
[2022.10.02-18.42.01:219][  0]LogAudioMixer: FMixerPlatformXAudio2::StartAudioStream() called
[2022.10.02-18.42.01:219][  0]LogAudioMixer: Display: Output buffers initialized: Frames=1024, Channels=2, Samples=2048
[2022.10.02-18.42.01:220][  0]LogAudioMixer: Display: Starting AudioMixerPlatformInterface::RunInternal()
[2022.10.02-18.42.01:220][  0]LogAudioMixer: Display: FMixerPlatformXAudio2::SubmitBuffer() called for the first time
[2022.10.02-18.42.01:220][  0]LogInit: FAudioDevice initialized.
[2022.10.02-18.42.01:220][  0]LogAudio: Display: Audio Device (ID: 1) registered with world 'Untitled'.
[2022.10.02-18.42.01:220][  0]LogNetVersion: Set ProjectVersion to 1.0.0.0. Version Checksum will be recalculated on next use.
[2022.10.02-18.42.01:264][  0]LogDerivedDataCache: Saved boot cache 0.04s 94MB C:/Users/Nathan M/AppData/Local/UnrealEngine/4.27/DerivedDataCache/Boot.ddc.
[2022.10.02-18.42.01:268][  0]LogInit: Texture streaming: Enabled
[2022.10.02-18.42.01:277][  0]LogAnalytics: Display: [UEEditor.Rocket.Release] APIServer = https://datarouter.ol.epicgames.com/. AppVersion = 4.27.2-18319896+++UE4+Release-4.27
[2022.10.02-18.42.01:280][  0]LogEngineSessionManager: EngineSessionManager initialized
[2022.10.02-18.42.01:280][  0]LogEngineSessionManager: EngineSessionManager sent abnormal shutdown report. Type=Crashed, SessionId={A93864CB-424A-9C14-E5C3-188B6A4EAEE8}
[2022.10.02-18.42.01:280][  0]LogEditorSessionSummary: Verbose: Initializing EditorSessionSummaryWriter for editor session tracking
[2022.10.02-18.42.01:281][  0]LogEditorSessionSummary: EditorSessionSummaryWriter initialized
[2022.10.02-18.42.01:305][  0]LogInit: Transaction tracking system initialized
[2022.10.02-18.42.01:321][  0]BlueprintLog: New page: Editor Load
[2022.10.02-18.42.01:367][  0]LocalizationService: Localization service is disabled
[2022.10.02-18.42.01:385][  0]TimingProfiler: Initialize
[2022.10.02-18.42.01:385][  0]TimingProfiler: OnSessionChanged
[2022.10.02-18.42.01:385][  0]LoadingProfiler: Initialize
[2022.10.02-18.42.01:385][  0]LoadingProfiler: OnSessionChanged
[2022.10.02-18.42.01:385][  0]NetworkingProfiler: Initialize
[2022.10.02-18.42.01:385][  0]NetworkingProfiler: OnSessionChanged
[2022.10.02-18.42.01:385][  0]MemoryProfiler: Initialize
[2022.10.02-18.42.01:385][  0]MemoryProfiler: OnSessionChanged
[2022.10.02-18.42.01:485][  0]LogCook: Display: CookSettings for Memory: MemoryMaxUsedVirtual 0MiB, MemoryMaxUsedPhysical 16384MiB, MemoryMinFreeVirtual 0MiB, MemoryMinFreePhysical 1024MiB
[2022.10.02-18.42.01:485][  0]LogCook: Display: Mobile HDR setting 1
[2022.10.02-18.42.01:521][  0]LogFileCache: Scanning file cache for directory 'C:/Users/Nathan M/Documents/Unreal Projects/Boxman/BoxmanUnreal/Content/' took 0.01s
[2022.10.02-18.42.01:739][  0]LogInit: Display: Engine is initialized. Leaving FEngineLoop::Init()
[2022.10.02-18.42.01:741][  0]SourceControl: Source control is disabled
[2022.10.02-18.42.01:741][  0]LogUnrealEdMisc: Loading editor; pre map load, took 7.220
[2022.10.02-18.42.01:741][  0]Cmd: MAP LOAD FILE="../../../../../../Users/Nathan M/Documents/Unreal Projects/Boxman/BoxmanUnreal/Content/1Game/Maps/ThirdPersonExampleMap.umap" TEMPLATE=0 SHOWPROGRESS=1 FEATURELEVEL=3
[2022.10.02-18.42.01:741][  0]LightingResults: New page: Lighting Build
[2022.10.02-18.42.01:742][  0]LogWorld: UWorld::CleanupWorld for Untitled, bSessionEnded=true, bCleanupResources=true
[2022.10.02-18.42.01:742][  0]LogSlate: InvalidateAllWidgets triggered.  All widgets were invalidated
[2022.10.02-18.42.01:742][  0]MapCheck: New page: Map Check
[2022.10.02-18.42.01:742][  0]LightingResults: New page: Lighting Build
[2022.10.02-18.42.01:761][  0]LogAudio: Display: Audio Device unregistered from world 'None'.
[2022.10.02-18.42.01:763][  0]LogUObjectHash: Compacting FUObjectHashTables data took   0.61ms
[2022.10.02-18.42.01:835][  0]LogBlueprint: Warning: [AssetLog] C:\Users\Nathan M\Documents\Unreal Projects\Boxman\BoxmanUnreal\Content\1Game\Characters\Boxman\Boxman_Animation.uasset: [Compiler] Idle/Run to KillingPlayer  will never be taken, please connect something to  Can Enter Transition
[2022.10.02-18.42.01:848][  0]LogBlueprint: Warning: [AssetLog] C:\Users\Nathan M\Documents\Unreal Projects\Boxman\BoxmanUnreal\Content\1Game\Blueprints\Samuel.uasset: [Compiler] Cast To SM_Newspaper01_Blueprint  was pruned because its Exec pin is not connected, the connected value is not available and will instead be read as default
[2022.10.02-18.42.01:852][  0]LogBlueprint: Error: [AssetLog] C:\Users\Nathan M\Documents\Unreal Projects\Boxman\BoxmanUnreal\Content\1Game\Blueprints\Samuel.uasset: [Compiler] This blueprint (self) is not a SM_Newspaper01_Blueprint_C, therefore ' Target ' must have a connection.
[2022.10.02-18.42.01:857][  0]LogBlueprint: Error: [AssetLog] C:\Users\Nathan M\Documents\Unreal Projects\Boxman\BoxmanUnreal\Content\1Game\Blueprints\Samuel.uasset: [Compiler] Variable node  Get Numbered_Newpaper  uses an invalid target.  It may depend on a node that is not connected to the execution chain, and got purged.
[2022.10.02-18.42.02:569][  0]LogAudio: Display: Audio Device (ID: 1) registered with world 'ThirdPersonExampleMap'.
[2022.10.02-18.42.02:570][  0]LogAIModule: Creating AISystem for world ThirdPersonExampleMap
[2022.10.02-18.42.02:599][  0]LogEditorServer: Finished looking for orphan Actors (0.000 secs)
[2022.10.02-18.42.02:628][  0]LogUObjectHash: Compacting FUObjectHashTables data took   0.90ms
[2022.10.02-18.42.02:628][  0]Cmd: MAP CHECKDEP NOCLEARLOG
[2022.10.02-18.42.02:629][  0]MapCheck: Map check complete: 0 Error(s), 0 Warning(s), took 0.163ms to complete.
[2022.10.02-18.42.02:629][  0]LogFileHelpers: Loading map 'ThirdPersonExampleMap' took 0.887
[2022.10.02-18.42.02:630][  0]LogUnrealEdMisc: Total Editor Startup Time, took 8.109
[2022.10.02-18.42.02:735][  0]LogSlate: Updating window title bar state: overlay mode, drag disabled, window buttons hidden, title bar hidden
[2022.10.02-18.42.02:738][  0]LogSlate: Updating window title bar state: overlay mode, drag disabled, window buttons hidden, title bar hidden
[2022.10.02-18.42.02:743][  0]LogSlate: Updating window title bar state: overlay mode, drag disabled, window buttons hidden, title bar hidden
[2022.10.02-18.42.02:746][  0]LogSlate: Updating window title bar state: overlay mode, drag disabled, window buttons hidden, title bar hidden
[2022.10.02-18.42.02:757][  0]LogNativeClassHierarchy: Verbose: Native class hierarchy populated in 0.0079 seconds. Added 3822 classes and 928 folders.
[2022.10.02-18.42.02:759][  0]LogNativeClassHierarchy: Verbose: Native class hierarchy updated for 'WidgetCarousel' in 0.0002 seconds. Added 0 classes and 0 folders.
[2022.10.02-18.42.02:760][  0]LogPakFile: PakFile PrimaryIndexSize=187
[2022.10.02-18.42.02:760][  0]LogPakFile: PakFile PathHashIndexSize=101
[2022.10.02-18.42.02:760][  0]LogPakFile: PakFile FullDirectoryIndexSize=148
[2022.10.02-18.42.02:760][  0]LogShaderLibrary: Display: ShaderCodeLibraryPakFileMountedCallback: PakFile 'C:/Program Files/Epic Games/UE_4.27/FeaturePacks/FP_FirstPerson.upack' (chunk index -1, root 'root:/') mounted
[2022.10.02-18.42.02:760][  0]LogShaderLibrary: Display: ShaderCodeLibraryPakFileMountedCallback: pending pak file info (ChunkID:-1 Root:root:/ File:C:/Program Files/Epic Games/UE_4.27/FeaturePacks/FP_FirstPerson.upack)
[2022.10.02-18.42.02:760][  0]LogPakFile: OnPakFileMounted2Time == 0.000045
[2022.10.02-18.42.02:760][  0]LogPakFile: PakFile PrimaryIndexSize=189
[2022.10.02-18.42.02:760][  0]LogPakFile: PakFile PathHashIndexSize=101
[2022.10.02-18.42.02:760][  0]LogPakFile: PakFile FullDirectoryIndexSize=152
[2022.10.02-18.42.02:760][  0]LogShaderLibrary: Display: ShaderCodeLibraryPakFileMountedCallback: PakFile 'C:/Program Files/Epic Games/UE_4.27/FeaturePacks/FP_FirstPersonBP.upack' (chunk index -1, root 'root:/') mounted
[2022.10.02-18.42.02:760][  0]LogShaderLibrary: Display: ShaderCodeLibraryPakFileMountedCallback: pending pak file info (ChunkID:-1 Root:root:/ File:C:/Program Files/Epic Games/UE_4.27/FeaturePacks/FP_FirstPersonBP.upack)
[2022.10.02-18.42.02:760][  0]LogPakFile: OnPakFileMounted2Time == 0.000025
[2022.10.02-18.42.02:761][  0]LogPakFile: PakFile PrimaryIndexSize=191
[2022.10.02-18.42.02:761][  0]LogPakFile: PakFile PathHashIndexSize=101
[2022.10.02-18.42.02:761][  0]LogPakFile: PakFile FullDirectoryIndexSize=160
[2022.10.02-18.42.02:761][  0]LogShaderLibrary: Display: ShaderCodeLibraryPakFileMountedCallback: PakFile 'C:/Program Files/Epic Games/UE_4.27/FeaturePacks/MobileStarterContent.upack' (chunk index -1, root 'root:/') mounted
[2022.10.02-18.42.02:761][  0]LogShaderLibrary: Display: ShaderCodeLibraryPakFileMountedCallback: pending pak file info (ChunkID:-1 Root:root:/ File:C:/Program Files/Epic Games/UE_4.27/FeaturePacks/MobileStarterContent.upack)
[2022.10.02-18.42.02:761][  0]LogPakFile: OnPakFileMounted2Time == 0.000021
[2022.10.02-18.42.02:761][  0]LogPakFile: PakFile PrimaryIndexSize=185
[2022.10.02-18.42.02:761][  0]LogPakFile: PakFile PathHashIndexSize=101
[2022.10.02-18.42.02:761][  0]LogPakFile: PakFile FullDirectoryIndexSize=148
[2022.10.02-18.42.02:761][  0]LogShaderLibrary: Display: ShaderCodeLibraryPakFileMountedCallback: PakFile 'C:/Program Files/Epic Games/UE_4.27/FeaturePacks/StarterContent.upack' (chunk index -1, root 'root:/') mounted
[2022.10.02-18.42.02:761][  0]LogShaderLibrary: Display: ShaderCodeLibraryPakFileMountedCallback: pending pak file info (ChunkID:-1 Root:root:/ File:C:/Program Files/Epic Games/UE_4.27/FeaturePacks/StarterContent.upack)
[2022.10.02-18.42.02:761][  0]LogPakFile: OnPakFileMounted2Time == 0.000023
[2022.10.02-18.42.02:761][  0]LogPakFile: PakFile PrimaryIndexSize=190
[2022.10.02-18.42.02:761][  0]LogPakFile: PakFile PathHashIndexSize=101
[2022.10.02-18.42.02:761][  0]LogPakFile: PakFile FullDirectoryIndexSize=154
[2022.10.02-18.42.02:761][  0]LogShaderLibrary: Display: ShaderCodeLibraryPakFileMountedCallback: PakFile 'C:/Program Files/Epic Games/UE_4.27/FeaturePacks/TP_2DSideScroller.upack' (chunk index -1, root 'root:/') mounted
[2022.10.02-18.42.02:761][  0]LogShaderLibrary: Display: ShaderCodeLibraryPakFileMountedCallback: pending pak file info (ChunkID:-1 Root:root:/ File:C:/Program Files/Epic Games/UE_4.27/FeaturePacks/TP_2DSideScroller.upack)
[2022.10.02-18.42.02:761][  0]LogPakFile: OnPakFileMounted2Time == 0.000021
[2022.10.02-18.42.02:762][  0]LogPakFile: PakFile PrimaryIndexSize=192
[2022.10.02-18.42.02:762][  0]LogPakFile: PakFile PathHashIndexSize=101
[2022.10.02-18.42.02:762][  0]LogPakFile: PakFile FullDirectoryIndexSize=158
[2022.10.02-18.42.02:762][  0]LogShaderLibrary: Display: ShaderCodeLibraryPakFileMountedCallback: PakFile 'C:/Program Files/Epic Games/UE_4.27/FeaturePacks/TP_2DSideScrollerBP.upack' (chunk index -1, root 'root:/') mounted
[2022.10.02-18.42.02:762][  0]LogShaderLibrary: Display: ShaderCodeLibraryPakFileMountedCallback: pending pak file info (ChunkID:-1 Root:root:/ File:C:/Program Files/Epic Games/UE_4.27/FeaturePacks/TP_2DSideScrollerBP.upack)
[2022.10.02-18.42.02:762][  0]LogPakFile: OnPakFileMounted2Time == 0.000020
[2022.10.02-18.42.02:762][  0]LogPakFile: PakFile PrimaryIndexSize=182
[2022.10.02-18.42.02:762][  0]LogPakFile: PakFile PathHashIndexSize=101
[2022.10.02-18.42.02:762][  0]LogPakFile: PakFile FullDirectoryIndexSize=138
[2022.10.02-18.42.02:762][  0]LogShaderLibrary: Display: ShaderCodeLibraryPakFileMountedCallback: PakFile 'C:/Program Files/Epic Games/UE_4.27/FeaturePacks/TP_Flying.upack' (chunk index -1, root 'root:/') mounted
[2022.10.02-18.42.02:762][  0]LogShaderLibrary: Display: ShaderCodeLibraryPakFileMountedCallback: pending pak file info (ChunkID:-1 Root:root:/ File:C:/Program Files/Epic Games/UE_4.27/FeaturePacks/TP_Flying.upack)
[2022.10.02-18.42.02:762][  0]LogPakFile: OnPakFileMounted2Time == 0.000021
[2022.10.02-18.42.02:762][  0]LogPakFile: PakFile PrimaryIndexSize=184
[2022.10.02-18.42.02:762][  0]LogPakFile: PakFile PathHashIndexSize=101
[2022.10.02-18.42.02:762][  0]LogPakFile: PakFile FullDirectoryIndexSize=142
[2022.10.02-18.42.02:762][  0]LogShaderLibrary: Display: ShaderCodeLibraryPakFileMountedCallback: PakFile 'C:/Program Files/Epic Games/UE_4.27/FeaturePacks/TP_FlyingBP.upack' (chunk index -1, root 'root:/') mounted
[2022.10.02-18.42.02:762][  0]LogShaderLibrary: Display: ShaderCodeLibraryPakFileMountedCallback: pending pak file info (ChunkID:-1 Root:root:/ File:C:/Program Files/Epic Games/UE_4.27/FeaturePacks/TP_FlyingBP.upack)
[2022.10.02-18.42.02:762][  0]LogPakFile: OnPakFileMounted2Time == 0.000020
[2022.10.02-18.42.02:763][  0]LogPakFile: PakFile PrimaryIndexSize=188
[2022.10.02-18.42.02:763][  0]LogPakFile: PakFile PathHashIndexSize=101
[2022.10.02-18.42.02:763][  0]LogPakFile: PakFile FullDirectoryIndexSize=150
[2022.10.02-18.42.02:763][  0]LogShaderLibrary: Display: ShaderCodeLibraryPakFileMountedCallback: PakFile 'C:/Program Files/Epic Games/UE_4.27/FeaturePacks/TP_HandheldARBP.upack' (chunk index -1, root 'root:/') mounted
[2022.10.02-18.42.02:763][  0]LogShaderLibrary: Display: ShaderCodeLibraryPakFileMountedCallback: pending pak file info (ChunkID:-1 Root:root:/ File:C:/Program Files/Epic Games/UE_4.27/FeaturePacks/TP_HandheldARBP.upack)
[2022.10.02-18.42.02:763][  0]LogPakFile: OnPakFileMounted2Time == 0.000020
[2022.10.02-18.42.02:763][  0]LogPakFile: PakFile PrimaryIndexSize=182
[2022.10.02-18.42.02:763][  0]LogPakFile: PakFile PathHashIndexSize=101
[2022.10.02-18.42.02:763][  0]LogPakFile: PakFile FullDirectoryIndexSize=138
[2022.10.02-18.42.02:763][  0]LogShaderLibrary: Display: ShaderCodeLibraryPakFileMountedCallback: PakFile 'C:/Program Files/Epic Games/UE_4.27/FeaturePacks/TP_Puzzle.upack' (chunk index -1, root 'root:/') mounted
[2022.10.02-18.42.02:763][  0]LogShaderLibrary: Display: ShaderCodeLibraryPakFileMountedCallback: pending pak file info (ChunkID:-1 Root:root:/ File:C:/Program Files/Epic Games/UE_4.27/FeaturePacks/TP_Puzzle.upack)
[2022.10.02-18.42.02:763][  0]LogPakFile: OnPakFileMounted2Time == 0.000020
[2022.10.02-18.42.02:764][  0]LogPakFile: PakFile PrimaryIndexSize=184
[2022.10.02-18.42.02:764][  0]LogPakFile: PakFile PathHashIndexSize=101
[2022.10.02-18.42.02:764][  0]LogPakFile: PakFile FullDirectoryIndexSize=142
[2022.10.02-18.42.02:764][  0]LogShaderLibrary: Display: ShaderCodeLibraryPakFileMountedCallback: PakFile 'C:/Program Files/Epic Games/UE_4.27/FeaturePacks/TP_PuzzleBP.upack' (chunk index -1, root 'root:/') mounted
[2022.10.02-18.42.02:764][  0]LogShaderLibrary: Display: ShaderCodeLibraryPakFileMountedCallback: pending pak file info (ChunkID:-1 Root:root:/ File:C:/Program Files/Epic Games/UE_4.27/FeaturePacks/TP_PuzzleBP.upack)
[2022.10.02-18.42.02:764][  0]LogPakFile: OnPakFileMounted2Time == 0.000021
[2022.10.02-18.42.02:764][  0]LogPakFile: PakFile PrimaryIndexSize=183
[2022.10.02-18.42.02:764][  0]LogPakFile: PakFile PathHashIndexSize=101
[2022.10.02-18.42.02:764][  0]LogPakFile: PakFile FullDirectoryIndexSize=140
[2022.10.02-18.42.02:764][  0]LogShaderLibrary: Display: ShaderCodeLibraryPakFileMountedCallback: PakFile 'C:/Program Files/Epic Games/UE_4.27/FeaturePacks/TP_Rolling.upack' (chunk index -1, root 'root:/') mounted
[2022.10.02-18.42.02:764][  0]LogShaderLibrary: Display: ShaderCodeLibraryPakFileMountedCallback: pending pak file info (ChunkID:-1 Root:root:/ File:C:/Program Files/Epic Games/UE_4.27/FeaturePacks/TP_Rolling.upack)
[2022.10.02-18.42.02:764][  0]LogPakFile: OnPakFileMounted2Time == 0.000020
[2022.10.02-18.42.02:765][  0]LogPakFile: PakFile PrimaryIndexSize=185
[2022.10.02-18.42.02:765][  0]LogPakFile: PakFile PathHashIndexSize=101
[2022.10.02-18.42.02:765][  0]LogPakFile: PakFile FullDirectoryIndexSize=144
[2022.10.02-18.42.02:765][  0]LogShaderLibrary: Display: ShaderCodeLibraryPakFileMountedCallback: PakFile 'C:/Program Files/Epic Games/UE_4.27/FeaturePacks/TP_RollingBP.upack' (chunk index -1, root 'root:/') mounted
[2022.10.02-18.42.02:765][  0]LogShaderLibrary: Display: ShaderCodeLibraryPakFileMountedCallback: pending pak file info (ChunkID:-1 Root:root:/ File:C:/Program Files/Epic Games/UE_4.27/FeaturePacks/TP_RollingBP.upack)
[2022.10.02-18.42.02:765][  0]LogPakFile: OnPakFileMounted2Time == 0.000020
[2022.10.02-18.42.02:765][  0]LogPakFile: PakFile PrimaryIndexSize=188
[2022.10.02-18.42.02:765][  0]LogPakFile: PakFile PathHashIndexSize=101
[2022.10.02-18.42.02:765][  0]LogPakFile: PakFile FullDirectoryIndexSize=150
[2022.10.02-18.42.02:765][  0]LogShaderLibrary: Display: ShaderCodeLibraryPakFileMountedCallback: PakFile 'C:/Program Files/Epic Games/UE_4.27/FeaturePacks/TP_SideScroller.upack' (chunk index -1, root 'root:/') mounted
[2022.10.02-18.42.02:765][  0]LogShaderLibrary: Display: ShaderCodeLibraryPakFileMountedCallback: pending pak file info (ChunkID:-1 Root:root:/ File:C:/Program Files/Epic Games/UE_4.27/FeaturePacks/TP_SideScroller.upack)
[2022.10.02-18.42.02:765][  0]LogPakFile: OnPakFileMounted2Time == 0.000020
[2022.10.02-18.42.02:765][  0]LogPakFile: PakFile PrimaryIndexSize=190
[2022.10.02-18.42.02:765][  0]LogPakFile: PakFile PathHashIndexSize=101
[2022.10.02-18.42.02:765][  0]LogPakFile: PakFile FullDirectoryIndexSize=154
[2022.10.02-18.42.02:765][  0]LogShaderLibrary: Display: ShaderCodeLibraryPakFileMountedCallback: PakFile 'C:/Program Files/Epic Games/UE_4.27/FeaturePacks/TP_SideScrollerBP.upack' (chunk index -1, root 'root:/') mounted
[2022.10.02-18.42.02:765][  0]LogShaderLibrary: Display: ShaderCodeLibraryPakFileMountedCallback: pending pak file info (ChunkID:-1 Root:root:/ File:C:/Program Files/Epic Games/UE_4.27/FeaturePacks/TP_SideScrollerBP.upack)
[2022.10.02-18.42.02:765][  0]LogPakFile: OnPakFileMounted2Time == 0.000020
[2022.10.02-18.42.02:765][  0]LogPakFile: PakFile PrimaryIndexSize=187
[2022.10.02-18.42.02:765][  0]LogPakFile: PakFile PathHashIndexSize=101
[2022.10.02-18.42.02:765][  0]LogPakFile: PakFile FullDirectoryIndexSize=148
[2022.10.02-18.42.02:765][  0]LogShaderLibrary: Display: ShaderCodeLibraryPakFileMountedCallback: PakFile 'C:/Program Files/Epic Games/UE_4.27/FeaturePacks/TP_ThirdPerson.upack' (chunk index -1, root 'root:/') mounted
[2022.10.02-18.42.02:765][  0]LogShaderLibrary: Display: ShaderCodeLibraryPakFileMountedCallback: pending pak file info (ChunkID:-1 Root:root:/ File:C:/Program Files/Epic Games/UE_4.27/FeaturePacks/TP_ThirdPerson.upack)
[2022.10.02-18.42.02:765][  0]LogPakFile: OnPakFileMounted2Time == 0.000020
[2022.10.02-18.42.02:766][  0]LogPakFile: PakFile PrimaryIndexSize=189
[2022.10.02-18.42.02:766][  0]LogPakFile: PakFile PathHashIndexSize=101
[2022.10.02-18.42.02:766][  0]LogPakFile: PakFile FullDirectoryIndexSize=152
[2022.10.02-18.42.02:766][  0]LogShaderLibrary: Display: ShaderCodeLibraryPakFileMountedCallback: PakFile 'C:/Program Files/Epic Games/UE_4.27/FeaturePacks/TP_ThirdPersonBP.upack' (chunk index -1, root 'root:/') mounted
[2022.10.02-18.42.02:766][  0]LogShaderLibrary: Display: ShaderCodeLibraryPakFileMountedCallback: pending pak file info (ChunkID:-1 Root:root:/ File:C:/Program Files/Epic Games/UE_4.27/FeaturePacks/TP_ThirdPersonBP.upack)
[2022.10.02-18.42.02:766][  0]LogPakFile: OnPakFileMounted2Time == 0.000020
[2022.10.02-18.42.02:766][  0]LogPakFile: PakFile PrimaryIndexSize=183
[2022.10.02-18.42.02:766][  0]LogPakFile: PakFile PathHashIndexSize=101
[2022.10.02-18.42.02:766][  0]LogPakFile: PakFile FullDirectoryIndexSize=140
[2022.10.02-18.42.02:766][  0]LogShaderLibrary: Display: ShaderCodeLibraryPakFileMountedCallback: PakFile 'C:/Program Files/Epic Games/UE_4.27/FeaturePacks/TP_TopDown.upack' (chunk index -1, root 'root:/') mounted
[2022.10.02-18.42.02:766][  0]LogShaderLibrary: Display: ShaderCodeLibraryPakFileMountedCallback: pending pak file info (ChunkID:-1 Root:root:/ File:C:/Program Files/Epic Games/UE_4.27/FeaturePacks/TP_TopDown.upack)
[2022.10.02-18.42.02:766][  0]LogPakFile: OnPakFileMounted2Time == 0.000025
[2022.10.02-18.42.02:766][  0]LogPakFile: PakFile PrimaryIndexSize=185
[2022.10.02-18.42.02:766][  0]LogPakFile: PakFile PathHashIndexSize=101
[2022.10.02-18.42.02:766][  0]LogPakFile: PakFile FullDirectoryIndexSize=144
[2022.10.02-18.42.02:766][  0]LogShaderLibrary: Display: ShaderCodeLibraryPakFileMountedCallback: PakFile 'C:/Program Files/Epic Games/UE_4.27/FeaturePacks/TP_TopDownBP.upack' (chunk index -1, root 'root:/') mounted
[2022.10.02-18.42.02:766][  0]LogShaderLibrary: Display: ShaderCodeLibraryPakFileMountedCallback: pending pak file info (ChunkID:-1 Root:root:/ File:C:/Program Files/Epic Games/UE_4.27/FeaturePacks/TP_TopDownBP.upack)
[2022.10.02-18.42.02:766][  0]LogPakFile: OnPakFileMounted2Time == 0.000020
[2022.10.02-18.42.02:767][  0]LogPakFile: PakFile PrimaryIndexSize=185
[2022.10.02-18.42.02:767][  0]LogPakFile: PakFile PathHashIndexSize=101
[2022.10.02-18.42.02:767][  0]LogPakFile: PakFile FullDirectoryIndexSize=144
[2022.10.02-18.42.02:767][  0]LogShaderLibrary: Display: ShaderCodeLibraryPakFileMountedCallback: PakFile 'C:/Program Files/Epic Games/UE_4.27/FeaturePacks/TP_TwinStick.upack' (chunk index -1, root 'root:/') mounted
[2022.10.02-18.42.02:767][  0]LogShaderLibrary: Display: ShaderCodeLibraryPakFileMountedCallback: pending pak file info (ChunkID:-1 Root:root:/ File:C:/Program Files/Epic Games/UE_4.27/FeaturePacks/TP_TwinStick.upack)
[2022.10.02-18.42.02:767][  0]LogPakFile: OnPakFileMounted2Time == 0.000020
[2022.10.02-18.42.02:768][  0]LogPakFile: PakFile PrimaryIndexSize=187
[2022.10.02-18.42.02:768][  0]LogPakFile: PakFile PathHashIndexSize=101
[2022.10.02-18.42.02:768][  0]LogPakFile: PakFile FullDirectoryIndexSize=148
[2022.10.02-18.42.02:768][  0]LogShaderLibrary: Display: ShaderCodeLibraryPakFileMountedCallback: PakFile 'C:/Program Files/Epic Games/UE_4.27/FeaturePacks/TP_TwinStickBP.upack' (chunk index -1, root 'root:/') mounted
[2022.10.02-18.42.02:768][  0]LogShaderLibrary: Display: ShaderCodeLibraryPakFileMountedCallback: pending pak file info (ChunkID:-1 Root:root:/ File:C:/Program Files/Epic Games/UE_4.27/FeaturePacks/TP_TwinStickBP.upack)
[2022.10.02-18.42.02:768][  0]LogPakFile: OnPakFileMounted2Time == 0.000025
[2022.10.02-18.42.02:768][  0]LogPakFile: PakFile PrimaryIndexSize=183
[2022.10.02-18.42.02:768][  0]LogPakFile: PakFile PathHashIndexSize=101
[2022.10.02-18.42.02:768][  0]LogPakFile: PakFile FullDirectoryIndexSize=140
[2022.10.02-18.42.02:768][  0]LogShaderLibrary: Display: ShaderCodeLibraryPakFileMountedCallback: PakFile 'C:/Program Files/Epic Games/UE_4.27/FeaturePacks/TP_Vehicle.upack' (chunk index -1, root 'root:/') mounted
[2022.10.02-18.42.02:769][  0]LogShaderLibrary: Display: ShaderCodeLibraryPakFileMountedCallback: pending pak file info (ChunkID:-1 Root:root:/ File:C:/Program Files/Epic Games/UE_4.27/FeaturePacks/TP_Vehicle.upack)
[2022.10.02-18.42.02:769][  0]LogPakFile: OnPakFileMounted2Time == 0.000023
[2022.10.02-18.42.02:769][  0]LogPakFile: PakFile PrimaryIndexSize=186
[2022.10.02-18.42.02:769][  0]LogPakFile: PakFile PathHashIndexSize=101
[2022.10.02-18.42.02:769][  0]LogPakFile: PakFile FullDirectoryIndexSize=146
[2022.10.02-18.42.02:769][  0]LogShaderLibrary: Display: ShaderCodeLibraryPakFileMountedCallback: PakFile 'C:/Program Files/Epic Games/UE_4.27/FeaturePacks/TP_VehicleAdv.upack' (chunk index -1, root 'root:/') mounted
[2022.10.02-18.42.02:769][  0]LogShaderLibrary: Display: ShaderCodeLibraryPakFileMountedCallback: pending pak file info (ChunkID:-1 Root:root:/ File:C:/Program Files/Epic Games/UE_4.27/FeaturePacks/TP_VehicleAdv.upack)
[2022.10.02-18.42.02:769][  0]LogPakFile: OnPakFileMounted2Time == 0.000021
[2022.10.02-18.42.02:769][  0]LogPakFile: PakFile PrimaryIndexSize=188
[2022.10.02-18.42.02:769][  0]LogPakFile: PakFile PathHashIndexSize=101
[2022.10.02-18.42.02:769][  0]LogPakFile: PakFile FullDirectoryIndexSize=150
[2022.10.02-18.42.02:769][  0]LogShaderLibrary: Display: ShaderCodeLibraryPakFileMountedCallback: PakFile 'C:/Program Files/Epic Games/UE_4.27/FeaturePacks/TP_VehicleAdvBP.upack' (chunk index -1, root 'root:/') mounted
[2022.10.02-18.42.02:769][  0]LogShaderLibrary: Display: ShaderCodeLibraryPakFileMountedCallback: pending pak file info (ChunkID:-1 Root:root:/ File:C:/Program Files/Epic Games/UE_4.27/FeaturePacks/TP_VehicleAdvBP.upack)
[2022.10.02-18.42.02:769][  0]LogPakFile: OnPakFileMounted2Time == 0.000022
[2022.10.02-18.42.02:770][  0]LogPakFile: PakFile PrimaryIndexSize=185
[2022.10.02-18.42.02:770][  0]LogPakFile: PakFile PathHashIndexSize=101
[2022.10.02-18.42.02:770][  0]LogPakFile: PakFile FullDirectoryIndexSize=144
[2022.10.02-18.42.02:770][  0]LogShaderLibrary: Display: ShaderCodeLibraryPakFileMountedCallback: PakFile 'C:/Program Files/Epic Games/UE_4.27/FeaturePacks/TP_VehicleBP.upack' (chunk index -1, root 'root:/') mounted
[2022.10.02-18.42.02:770][  0]LogShaderLibrary: Display: ShaderCodeLibraryPakFileMountedCallback: pending pak file info (ChunkID:-1 Root:root:/ File:C:/Program Files/Epic Games/UE_4.27/FeaturePacks/TP_VehicleBP.upack)
[2022.10.02-18.42.02:770][  0]LogPakFile: OnPakFileMounted2Time == 0.000022
[2022.10.02-18.42.02:770][  0]LogPakFile: PakFile PrimaryIndexSize=192
[2022.10.02-18.42.02:770][  0]LogPakFile: PakFile PathHashIndexSize=101
[2022.10.02-18.42.02:770][  0]LogPakFile: PakFile FullDirectoryIndexSize=158
[2022.10.02-18.42.02:770][  0]LogShaderLibrary: Display: ShaderCodeLibraryPakFileMountedCallback: PakFile 'C:/Program Files/Epic Games/UE_4.27/FeaturePacks/TP_VirtualRealityBP.upack' (chunk index -1, root 'root:/') mounted
[2022.10.02-18.42.02:770][  0]LogShaderLibrary: Display: ShaderCodeLibraryPakFileMountedCallback: pending pak file info (ChunkID:-1 Root:root:/ File:C:/Program Files/Epic Games/UE_4.27/FeaturePacks/TP_VirtualRealityBP.upack)
[2022.10.02-18.42.02:770][  0]LogPakFile: OnPakFileMounted2Time == 0.000020
[2022.10.02-18.42.02:809][  0]LogNativeClassHierarchy: Verbose: Native class hierarchy updated for 'AddContentDialog' in 0.0002 seconds. Added 0 classes and 0 folders.
[2022.10.02-18.42.02:810][  0]LogNativeClassHierarchy: Verbose: Native class hierarchy updated for 'SceneOutliner' in 0.0002 seconds. Added 2 classes and 0 folders.
[2022.10.02-18.42.02:852][  0]LogSlate: Took 0.000122 seconds to synchronously load lazily loaded font '../../../Engine/Content/Slate/Fonts/Roboto-Regular.ttf' (155K)
[2022.10.02-18.42.02:853][  0]LogSlate: Took 0.000084 seconds to synchronously load lazily loaded font '../../../Engine/Content/Editor/Slate/Fonts/FontAwesome.ttf' (139K)
[2022.10.02-18.42.02:853][  0]LogSlate: Took 0.000085 seconds to synchronously load lazily loaded font '../../../Engine/Content/Slate/Fonts/Roboto-Bold.ttf' (160K)
[2022.10.02-18.42.02:924][  0]LogRenderer: Reallocating scene render targets to support 1352x520 Format 10 NumSamples 1 (Frame:1).
[2022.10.02-18.42.02:981][  0]LogNativeClassHierarchy: Verbose: Native class hierarchy updated for 'HierarchicalLODOutliner' in 0.0003 seconds. Added 0 classes and 0 folders.
[2022.10.02-18.42.02:981][  0]LogInput: Warning: Action Vault uses invalid key OculusGo_Left_Trigger_Click.
[2022.10.02-18.42.02:981][  0]LogInput: Warning: Action ResetVR uses invalid key OculusGo_Left_Trackpad_Click.
[2022.10.02-18.42.02:981][  0]LogInput: Warning: Use -RemoveInvalidKeys to remove instances of these keys from the action mapping.
[2022.10.02-18.42.02:981][  0]LogLoad: (Engine Initialization) Total time: 8.46 seconds
[2022.10.02-18.42.02:981][  0]LogLoad: (Engine Initialization) Total Blueprint compile time: 0.00 seconds
[2022.10.02-18.42.03:035][  0]LogAssetRegistry: Asset discovery search completed in 3.8000 seconds
[2022.10.02-18.42.03:039][  0]LogCollectionManager: Fixed up redirectors for 0 collections in 0.000003 seconds (updated 0 objects)
[2022.10.02-18.42.03:040][  0]LogContentStreaming: Texture pool size now 1000 MB
[2022.10.02-18.42.03:329][  1]LogFileCache: Retrieving MD5 hashes for directory 'C:/Users/Nathan M/Documents/Unreal Projects/Boxman/BoxmanUnreal/Content/' took 0.33s
[2022.10.02-18.42.03:682][  2]LogSlate: Took 0.004467 seconds to synchronously load lazily loaded font '../../../Engine/Content/Slate/Fonts/Roboto-Light.ttf' (167K)
[2022.10.02-18.42.04:337][  4]LogSlate: Took 0.000123 seconds to synchronously load lazily loaded font '../../../Engine/Content/Slate/Fonts/Roboto-Light.ttf' (167K)
[2022.10.02-18.42.25:361][191]LogEditorViewport: Clicking on Actor (LMB): Floor_Blueprint_C (Floor_Blueprint3)
[2022.10.02-18.42.29:895][322]LogEditorViewport: Clicking on Actor (LMB): SM_DoorOffice_C (SM_DoorOffice3)
[2022.10.02-18.42.34:455][507]LogSlate: Took 0.000112 seconds to synchronously load lazily loaded font '../../../Engine/Content/Slate/Fonts/DroidSansMono.ttf' (77K)
[2022.10.02-18.42.49:101][947]LogAssetEditorSubsystem: Opening Asset editor for LevelSequence /Game/Cinematics/Sequences/Office_Left_Door/Office_Left_DoorMaster.Office_Left_DoorMaster
[2022.10.02-18.42.49:435][947]LogSlate: Window 'Master Sequence Settings' being destroyed
[2022.10.02-18.43.03:295][738]LogEditorViewport: Clicking on Actor (LMB): SM_DoorOffice_C (SM_DoorOffice3)
[2022.10.02-18.43.39:717][887]Cmd: TRANSACTION UNDO
[2022.10.02-18.43.39:717][887]LogEditorTransaction: Undo Delete Node
[2022.10.02-18.44.07:576][147]LogSlate: Window 'Sequencer' being destroyed
[2022.10.02-18.44.07:578][147]LogSlate: Window 'Sequencer' being destroyed
[2022.10.02-18.44.40:649][531]LogAssetEditorSubsystem: Opening Asset editor for LevelSequence /Game/Cinematics/Sequences/Office_Left_Door/Office_Left_DoorMaster.Office_Left_DoorMaster
[2022.10.02-18.45.24:284][828]LogD3D11RHI: Timed out while waiting for GPU to catch up. (0.5 s) (ErrorCode 00000001) (00000000)
[2022.10.02-18.45.28:038][828]LogD3D11RHI: Error: Result failed 
 at D:/Build/++UE4/Sync/Engine/Source/Runtime/Windows/D3D11RHI/Private/D3D11Query.cpp:360 
 with error DXGI_ERROR_DEVICE_REMOVED DXGI_ERROR_DEVICE_RESET
[2022.10.02-18.45.28:038][828]LogD3D11RHI: [Aftermath] GDynamicRHI=00000231E11BAB40, GDX11NVAfterMathEnabled=0, Result=0xFFFFFFFF, bDeviceActive=0
[2022.10.02-18.45.28:038][828]LogWindows: Windows GetLastError: The operation completed successfully. (0)
[2022.10.02-18.45.29:878][828]LogWindows: FPlatformMisc::RequestExit(0)
[2022.10.02-18.45.29:878][828]LogWindows: FPlatformMisc::RequestExitWithStatus(0, 0)
[2022.10.02-18.45.29:878][828]LogCore: Engine exit requested (reason: Win RequestExit)
[2022.10.02-18.45.29:878][828]LogWindows: FPlatformMisc::RequestExit(1)
[2022.10.02-18.45.29:878][828]LogWindows: FPlatformMisc::RequestExitWithStatus(1, 3)
[2022.10.02-18.45.29:878][828]LogCore: Engine exit requested (reason: Win RequestExit; note: exit was already requested)
[2022.10.02-18.45.29:889][828]Log file closed, 10/02/22 15:45:29
