Log file open, 09/26/22 13:16:34
LogWindows: Failed to load 'aqProf.dll' (GetLastError=126)
LogWindows: File 'aqProf.dll' does not exist
LogWindows: Failed to load 'VtuneApi.dll' (GetLastError=126)
LogWindows: File 'VtuneApi.dll' does not exist
LogWindows: Failed to load 'VtuneApi32e.dll' (GetLastError=126)
LogWindows: File 'VtuneApi32e.dll' does not exist
LogConsoleResponse: Display: Failed to find resolution value strings in scalability ini. Falling back to default.
LogConsoleResponse: Display: Failed to find resolution value strings in scalability ini. Falling back to default.
LogInit: Display: Running engine for game: BoxmanUnreal
LogPlatformFile: Not using cached read wrapper
LogTaskGraph: Started task graph with 5 named threads and 47 total threads with 3 sets of task threads.
LogStats: Stats thread started at 1.286990
LogICUInternationalization: ICU TimeZone Detection - Raw Offset: -4:00, Platform Override: ''
LogInit: Display: Loading text-based GConfig....
LogPluginManager: Mounting plugin MeshPainting
LogPluginManager: Mounting plugin XGEController
LogPluginManager: Mounting plugin AISupport
LogPluginManager: Mounting plugin Paper2D
LogPluginManager: Mounting plugin EnvironmentQueryEditor
LogPluginManager: Mounting plugin LiveLink
LogPluginManager: Mounting plugin OodleData
LogPluginManager: Mounting plugin CameraShakePreviewer
LogPluginManager: Mounting plugin OodleNetwork
LogPluginManager: Mounting plugin AssetManagerEditor
LogPluginManager: Mounting plugin GameplayCameras
LogPluginManager: Mounting plugin CryptoKeys
LogPluginManager: Mounting plugin CurveEditorTools
LogPluginManager: Mounting plugin DataValidation
LogPluginManager: Mounting plugin GameplayTagsEditor
LogPluginManager: Mounting plugin GeometryMode
LogPluginManager: Mounting plugin MacGraphicsSwitching
LogPluginManager: Mounting plugin MaterialAnalyzer
LogPluginManager: Mounting plugin PluginBrowser
LogPluginManager: Mounting plugin SpeedTreeImporter
LogPluginManager: Mounting plugin MobileLauncherProfileWizard
LogPluginManager: Mounting plugin FacialAnimation
LogPluginManager: Mounting plugin DatasmithContent
LogPluginManager: Mounting plugin VariantManagerContent
LogPluginManager: Mounting plugin Niagara
LogPluginManager: Mounting plugin LuminPlatformFeatures
LogPluginManager: Mounting plugin MagicLeap
LogPluginManager: Mounting plugin MagicLeapLightEstimation
LogPluginManager: Mounting plugin MagicLeapMedia
LogPluginManager: Mounting plugin MagicLeapPassableWorld
LogPluginManager: Mounting plugin MLSDK
LogPluginManager: Mounting plugin AndroidMedia
LogPluginManager: Mounting plugin AvfMedia
LogPluginManager: Mounting plugin ImgMedia
LogPluginManager: Mounting plugin MediaCompositing
LogPluginManager: Mounting plugin MediaPlayerEditor
LogPluginManager: Mounting plugin WebMMedia
LogPluginManager: Mounting plugin WmfMedia
LogPluginManager: Mounting plugin AlembicImporter
LogPluginManager: Mounting plugin BackChannel
LogPluginManager: Mounting plugin AutomationUtils
LogPluginManager: Mounting plugin UdpMessaging
LogPluginManager: Mounting plugin TcpMessaging
LogPluginManager: Mounting plugin ChaosCloth
LogPluginManager: Mounting plugin ChaosClothEditor
LogPluginManager: Mounting plugin ChaosEditor
LogPluginManager: Mounting plugin ChaosSolverPlugin
LogPluginManager: Mounting plugin ChaosNiagara
LogPluginManager: Mounting plugin CharacterAI
LogPluginManager: Mounting plugin ActorSequence
LogPluginManager: Mounting plugin MatineeToLevelSequence
LogPluginManager: Mounting plugin LevelSequenceEditor
LogPluginManager: Mounting plugin TemplateSequence
LogPluginManager: Mounting plugin OnlineSubsystem
LogPluginManager: Mounting plugin OnlineSubsystemNull
LogPluginManager: Mounting plugin OnlineSubsystemUtils
LogPluginManager: Mounting plugin GeometryCache
LogPluginManager: Mounting plugin GeometryCollectionPlugin
LogPluginManager: Mounting plugin GeometryProcessing
LogPluginManager: Mounting plugin MotoSynth
LogPluginManager: Mounting plugin OpenImageDenoise
LogPluginManager: Mounting plugin PlanarCut
LogPluginManager: Mounting plugin ProxyLODPlugin
LogPluginManager: Mounting plugin PlatformCrypto
LogPluginManager: Mounting plugin PythonScriptPlugin
LogPluginManager: Mounting plugin LauncherChunkInstaller
LogPluginManager: Mounting plugin SkeletalReduction
LogPluginManager: Mounting plugin ActorLayerUtilities
LogPluginManager: Mounting plugin AndroidDeviceProfileSelector
LogPluginManager: Mounting plugin AndroidMoviePlayer
LogPluginManager: Mounting plugin AndroidPermission
LogPluginManager: Mounting plugin AppleMoviePlayer
LogPluginManager: Mounting plugin AppleImageUtils
LogPluginManager: Mounting plugin ArchVisCharacter
LogPluginManager: Mounting plugin AssetTags
LogPluginManager: Mounting plugin AudioCapture
LogPluginManager: Mounting plugin AudioSynesthesia
LogPluginManager: Mounting plugin CableComponent
LogPluginManager: Mounting plugin ChunkDownloader
LogPluginManager: Mounting plugin CustomMeshComponent
LogPluginManager: Mounting plugin ExampleDeviceProfileSelector
LogPluginManager: Mounting plugin EditableMesh
LogPluginManager: Mounting plugin GooglePAD
LogPluginManager: Mounting plugin GoogleCloudMessaging
LogPluginManager: Mounting plugin IOSDeviceProfileSelector
LogPluginManager: Mounting plugin LinuxDeviceProfileSelector
LogPluginManager: Mounting plugin LocationServicesBPLibrary
LogPluginManager: Mounting plugin MobilePatchingUtils
LogPluginManager: Mounting plugin OpenXR
LogPluginManager: Mounting plugin OpenXRHandTracking
LogPluginManager: Mounting plugin OpenXREyeTracker
LogPluginManager: Mounting plugin PhysXVehicles
LogPluginManager: Mounting plugin PostSplashScreen
LogPluginManager: Mounting plugin ProceduralMeshComponent
LogPluginManager: Mounting plugin PropertyAccessEditor
LogPluginManager: Mounting plugin RuntimePhysXCooking
LogPluginManager: Mounting plugin SoundFields
LogPluginManager: Mounting plugin SignificanceManager
LogPluginManager: Mounting plugin Synthesis
LogPluginManager: Mounting plugin WebMMoviePlayer
LogPluginManager: Mounting plugin WindowsMoviePlayer
LogPluginManager: Mounting plugin ScreenshotTools
LogPluginManager: Mounting plugin Takes
LogPluginManager: Mounting plugin LightPropagationVolume
LogPluginManager: Mounting plugin AnimationSharing
LogPluginManager: Mounting plugin CLionSourceCodeAccess
LogPluginManager: Mounting plugin CodeLiteSourceCodeAccess
LogPluginManager: Mounting plugin GitSourceControl
LogPluginManager: Mounting plugin KDevelopSourceCodeAccess
LogPluginManager: Mounting plugin PerforceSourceControl
LogPluginManager: Mounting plugin NullSourceCodeAccess
LogPluginManager: Mounting plugin PixWinPlugin
LogPluginManager: Mounting plugin PlasticSourceControl
LogPluginManager: Mounting plugin PluginUtils
LogPluginManager: Mounting plugin PropertyAccessNode
LogPluginManager: Mounting plugin RiderSourceCodeAccess
LogPluginManager: Mounting plugin TextureFormatOodle
LogPluginManager: Mounting plugin UObjectPlugin
LogPluginManager: Mounting plugin SubversionSourceControl
LogPluginManager: Mounting plugin VisualStudioCodeSourceCodeAccess
LogPluginManager: Mounting plugin XCodeSourceCodeAccess
LogPluginManager: Mounting plugin VisualStudioSourceCodeAccess
LogPluginManager: Mounting plugin ContentBrowserAssetDataSource
LogPluginManager: Mounting plugin ContentBrowserClassDataSource
LogPluginManager: Mounting plugin ContentBrowserFileDataSource
LogPluginManager: Mounting plugin OnlineSubsystemIOS
LogPluginManager: Mounting plugin OnlineSubsystemGooglePlay
LogPluginManager: Mounting plugin OculusVR
LogPluginManager: Mounting plugin SteamVR
LogInit: Using libcurl 7.55.1-DEV
LogInit:  - built for x86_64-pc-win32
LogInit:  - supports SSL with OpenSSL/1.1.1
LogInit:  - supports HTTP deflate (compression) using libz 1.2.8
LogInit:  - other features:
LogInit:      CURL_VERSION_SSL
LogInit:      CURL_VERSION_LIBZ
LogInit:      CURL_VERSION_IPV6
LogInit:      CURL_VERSION_ASYNCHDNS
LogInit:      CURL_VERSION_LARGEFILE
LogInit:      CURL_VERSION_IDN
LogInit:  CurlRequestOptions (configurable via config and command line):
LogInit:  - bVerifyPeer = true  - Libcurl will verify peer certificate
LogInit:  - bUseHttpProxy = false  - Libcurl will NOT use HTTP proxy
LogInit:  - bDontReuseConnections = false  - Libcurl will reuse connections
LogInit:  - MaxHostConnections = 16  - Libcurl will limit the number of connections to a host
LogInit:  - LocalHostAddr = Default
LogInit:  - BufferSize = 65536
LogOnline: OSS: Creating online subsystem instance for: NULL
LogInit: WinSock: version 1.1 (2.2), MaxSocks=32767, MaxUdp=65467
LogOnline: OSS: TryLoadSubsystemAndSetDefault: Loaded subsystem for module [NULL]
PixWinPlugin: PIX capture plugin failed to initialize! Check that the process is launched from PIX.
LogOculusPluginWrapper: OculusPlugin initialized successfully
LogHMD: Failed initializing OVRPlugin 1.59.0
LogInit: Build: ++UE4+Release-4.27-CL-18319896
LogInit: Engine Version: 4.27.2-18319896+++UE4+Release-4.27
LogInit: Compatible Engine Version: 4.27.0-17155196+++UE4+Release-4.27
LogInit: Net CL: 17155196
LogInit: OS: Windows 10 (Release 2009) (), CPU: AMD Ryzen 7 1700X Eight-Core Processor         , GPU: NVIDIA GeForce GTX 1050 Ti
LogInit: Compiled (64-bit): Nov 30 2021 07:12:08
LogInit: Compiled with Visual C++: 19.24.28315.00
LogInit: Build Configuration: Development
LogInit: Branch Name: ++UE4+Release-4.27
LogInit: Command Line: 
LogInit: Base Directory: C:/Program Files/Epic Games/UE_4.27/Engine/Binaries/Win64/
LogInit: Allocator: TBB
LogInit: Installed Engine Build: 1
LogDevObjectVersion: Number of dev versions registered: 29
LogDevObjectVersion:   Dev-Blueprints (B0D832E4-1F89-4F0D-ACCF-7EB736FD4AA2): 10
LogDevObjectVersion:   Dev-Build (E1C64328-A22C-4D53-A36C-8E866417BD8C): 0
LogDevObjectVersion:   Dev-Core (375EC13C-06E4-48FB-B500-84F0262A717E): 4
LogDevObjectVersion:   Dev-Editor (E4B068ED-F494-42E9-A231-DA0B2E46BB41): 40
LogDevObjectVersion:   Dev-Framework (CFFC743F-43B0-4480-9391-14DF171D2073): 37
LogDevObjectVersion:   Dev-Mobile (B02B49B5-BB20-44E9-A304-32B752E40360): 3
LogDevObjectVersion:   Dev-Networking (A4E4105C-59A1-49B5-A7C5-40C4547EDFEE): 0
LogDevObjectVersion:   Dev-Online (39C831C9-5AE6-47DC-9A44-9C173E1C8E7C): 0
LogDevObjectVersion:   Dev-Physics (78F01B33-EBEA-4F98-B9B4-84EACCB95AA2): 14
LogDevObjectVersion:   Dev-Platform (6631380F-2D4D-43E0-8009-CF276956A95A): 0
LogDevObjectVersion:   Dev-Rendering (12F88B9F-8875-4AFC-A67C-D90C383ABD29): 45
LogDevObjectVersion:   Dev-Sequencer (7B5AE74C-D270-4C10-A958-57980B212A5A): 13
LogDevObjectVersion:   Dev-VR (D7296918-1DD6-4BDD-9DE2-64A83CC13884): 3
LogDevObjectVersion:   Dev-LoadTimes (C2A15278-BFE7-4AFE-6C17-90FF531DF755): 1
LogDevObjectVersion:   Private-Geometry (6EACA3D4-40EC-4CC1-B786-8BED09428FC5): 3
LogDevObjectVersion:   Dev-AnimPhys (29E575DD-E0A3-4627-9D10-D276232CDCEA): 17
LogDevObjectVersion:   Dev-Anim (AF43A65D-7FD3-4947-9873-3E8ED9C1BB05): 15
LogDevObjectVersion:   Dev-ReflectionCapture (6B266CEC-1EC7-4B8F-A30B-E4D90942FC07): 1
LogDevObjectVersion:   Dev-Automation (0DF73D61-A23F-47EA-B727-89E90C41499A): 1
LogDevObjectVersion:   FortniteMain (601D1886-AC64-4F84-AA16-D3DE0DEAC7D6): 47
LogDevObjectVersion:   FortniteRelease (E7086368-6B23-4C58-8439-1B7016265E91): 1
LogDevObjectVersion:   Dev-Enterprise (9DFFBCD6-494F-0158-E221-12823C92A888): 10
LogDevObjectVersion:   Dev-Niagara (F2AED0AC-9AFE-416F-8664-AA7FFA26D6FC): 1
LogDevObjectVersion:   Dev-Destruction (174F1F0B-B4C6-45A5-B13F-2EE8D0FB917D): 10
LogDevObjectVersion:   Dev-Physics-Ext (35F94A83-E258-406C-A318-09F59610247C): 41
LogDevObjectVersion:   Dev-PhysicsMaterial-Chaos (B68FC16E-8B1B-42E2-B453-215C058844FE): 1
LogDevObjectVersion:   Dev-CineCamera (B2E18506-4273-CFC2-A54E-F4BB758BBA07): 1
LogDevObjectVersion:   Dev-VirtualProduction (64F58936-FD1B-42BA-BA96-7289D5D0FA4E): 1
LogDevObjectVersion:   Dev-MediaFramework (6F0ED827-A609-4895-9C91-998D90180EA4): 2
LogInit: Presizing for max 25165824 objects, including 0 objects not considered by GC, pre-allocating 0 bytes for permanent pool.
LogConfig: Applying CVar settings from Section [/Script/Engine.StreamingSettings] File [C:/GameDev/Unreal/Boxman/BoxmanUnreal/Saved/Config/Windows/Engine.ini]
LogConfig: Setting CVar [[s.MinBulkDataSizeForAsyncLoading:131072]]
LogConfig: Setting CVar [[s.AsyncLoadingThreadEnabled:0]]
LogConfig: Setting CVar [[s.EventDrivenLoaderEnabled:1]]
LogConfig: Setting CVar [[s.WarnIfTimeLimitExceeded:0]]
LogConfig: Setting CVar [[s.TimeLimitExceededMultiplier:1.5]]
LogConfig: Setting CVar [[s.TimeLimitExceededMinTime:0.005]]
LogConfig: Setting CVar [[s.UseBackgroundLevelStreaming:1]]
LogConfig: Setting CVar [[s.PriorityAsyncLoadingExtraTime:15.0]]
LogConfig: Setting CVar [[s.LevelStreamingActorsUpdateTimeLimit:5.0]]
LogConfig: Setting CVar [[s.PriorityLevelStreamingActorsUpdateExtraTime:5.0]]
LogConfig: Setting CVar [[s.LevelStreamingComponentsRegistrationGranularity:10]]
LogConfig: Setting CVar [[s.UnregisterComponentsTimeLimit:1.0]]
LogConfig: Setting CVar [[s.LevelStreamingComponentsUnregistrationGranularity:5]]
LogConfig: Setting CVar [[s.FlushStreamingOnExit:1]]
LogInit: Object subsystem initialized
LogConfig: Setting CVar [[con.DebugEarlyDefault:1]]
LogConfig: Setting CVar [[r.setres:1280x720]]
[2022.09.26-16.16.38:119][  0]LogConfig: Setting CVar [[r.VSync:0]]
[2022.09.26-16.16.38:119][  0]LogConfig: Setting CVar [[r.RHICmdBypass:0]]
[2022.09.26-16.16.38:119][  0]LogConfig: Applying CVar settings from Section [/Script/Engine.RendererSettings] File [C:/GameDev/Unreal/Boxman/BoxmanUnreal/Saved/Config/Windows/Engine.ini]
[2022.09.26-16.16.38:119][  0]LogConfig: Setting CVar [[r.GPUCrashDebugging:0]]
[2022.09.26-16.16.38:119][  0]LogConfig: Applying CVar settings from Section [/Script/Engine.RendererOverrideSettings] File [C:/GameDev/Unreal/Boxman/BoxmanUnreal/Saved/Config/Windows/Engine.ini]
[2022.09.26-16.16.38:119][  0]LogConfig: Applying CVar settings from Section [/Script/Engine.StreamingSettings] File [C:/GameDev/Unreal/Boxman/BoxmanUnreal/Saved/Config/Windows/Engine.ini]
[2022.09.26-16.16.38:119][  0]LogConfig: Setting CVar [[s.MinBulkDataSizeForAsyncLoading:131072]]
[2022.09.26-16.16.38:119][  0]LogConfig: Setting CVar [[s.AsyncLoadingThreadEnabled:0]]
[2022.09.26-16.16.38:119][  0]LogConfig: Setting CVar [[s.EventDrivenLoaderEnabled:1]]
[2022.09.26-16.16.38:119][  0]LogConfig: Setting CVar [[s.WarnIfTimeLimitExceeded:0]]
[2022.09.26-16.16.38:119][  0]LogConfig: Setting CVar [[s.TimeLimitExceededMultiplier:1.5]]
[2022.09.26-16.16.38:119][  0]LogConfig: Setting CVar [[s.TimeLimitExceededMinTime:0.005]]
[2022.09.26-16.16.38:119][  0]LogConfig: Setting CVar [[s.UseBackgroundLevelStreaming:1]]
[2022.09.26-16.16.38:119][  0]LogConfig: Setting CVar [[s.PriorityAsyncLoadingExtraTime:15.0]]
[2022.09.26-16.16.38:119][  0]LogConfig: Setting CVar [[s.LevelStreamingActorsUpdateTimeLimit:5.0]]
[2022.09.26-16.16.38:119][  0]LogConfig: Setting CVar [[s.PriorityLevelStreamingActorsUpdateExtraTime:5.0]]
[2022.09.26-16.16.38:119][  0]LogConfig: Setting CVar [[s.LevelStreamingComponentsRegistrationGranularity:10]]
[2022.09.26-16.16.38:119][  0]LogConfig: Setting CVar [[s.UnregisterComponentsTimeLimit:1.0]]
[2022.09.26-16.16.38:119][  0]LogConfig: Setting CVar [[s.LevelStreamingComponentsUnregistrationGranularity:5]]
[2022.09.26-16.16.38:119][  0]LogConfig: Setting CVar [[s.FlushStreamingOnExit:1]]
[2022.09.26-16.16.38:119][  0]LogConfig: Applying CVar settings from Section [/Script/Engine.GarbageCollectionSettings] File [C:/GameDev/Unreal/Boxman/BoxmanUnreal/Saved/Config/Windows/Engine.ini]
[2022.09.26-16.16.38:119][  0]LogConfig: Setting CVar [[gc.MaxObjectsNotConsideredByGC:1]]
[2022.09.26-16.16.38:119][  0]LogConfig: Setting CVar [[gc.SizeOfPermanentObjectPool:0]]
[2022.09.26-16.16.38:119][  0]LogConfig: Setting CVar [[gc.FlushStreamingOnGC:0]]
[2022.09.26-16.16.38:119][  0]LogConfig: Setting CVar [[gc.NumRetriesBeforeForcingGC:10]]
[2022.09.26-16.16.38:119][  0]LogConfig: Setting CVar [[gc.AllowParallelGC:1]]
[2022.09.26-16.16.38:119][  0]LogConfig: Setting CVar [[gc.TimeBetweenPurgingPendingKillObjects:61.1]]
[2022.09.26-16.16.38:119][  0]LogConfig: Setting CVar [[gc.MaxObjectsInEditor:25165824]]
[2022.09.26-16.16.38:119][  0]LogConfig: Setting CVar [[gc.IncrementalBeginDestroyEnabled:1]]
[2022.09.26-16.16.38:119][  0]LogConfig: Setting CVar [[gc.CreateGCClusters:1]]
[2022.09.26-16.16.38:119][  0]LogConfig: Setting CVar [[gc.MinGCClusterSize:5]]
[2022.09.26-16.16.38:119][  0]LogConfig: Setting CVar [[gc.ActorClusteringEnabled:0]]
[2022.09.26-16.16.38:119][  0]LogConfig: Setting CVar [[gc.BlueprintClusteringEnabled:0]]
[2022.09.26-16.16.38:119][  0]LogConfig: Setting CVar [[gc.UseDisregardForGCOnDedicatedServers:0]]
[2022.09.26-16.16.38:119][  0]LogConfig: Setting CVar [[gc.MultithreadedDestructionEnabled:1]]
[2022.09.26-16.16.38:119][  0]LogConfig: Applying CVar settings from Section [/Script/Engine.NetworkSettings] File [C:/GameDev/Unreal/Boxman/BoxmanUnreal/Saved/Config/Windows/Engine.ini]
[2022.09.26-16.16.38:119][  0]LogConfig: Applying CVar settings from Section [/Script/UnrealEd.CookerSettings] File [C:/GameDev/Unreal/Boxman/BoxmanUnreal/Saved/Config/Windows/Engine.ini]
[2022.09.26-16.16.39:107][  0]LogConfig: Applying CVar settings from Section [ViewDistanceQuality@3] File [C:/GameDev/Unreal/Boxman/BoxmanUnreal/Saved/Config/Windows/Scalability.ini]
[2022.09.26-16.16.39:108][  0]LogConfig: Setting CVar [[r.SkeletalMeshLODBias:0]]
[2022.09.26-16.16.39:108][  0]LogConfig: Setting CVar [[r.ViewDistanceScale:1.0]]
[2022.09.26-16.16.39:108][  0]LogConfig: Applying CVar settings from Section [AntiAliasingQuality@3] File [C:/GameDev/Unreal/Boxman/BoxmanUnreal/Saved/Config/Windows/Scalability.ini]
[2022.09.26-16.16.39:108][  0]LogConfig: Setting CVar [[r.PostProcessAAQuality:4]]
[2022.09.26-16.16.39:108][  0]LogConfig: Applying CVar settings from Section [ShadowQuality@3] File [C:/GameDev/Unreal/Boxman/BoxmanUnreal/Saved/Config/Windows/Scalability.ini]
[2022.09.26-16.16.39:108][  0]LogConfig: Setting CVar [[r.LightFunctionQuality:1]]
[2022.09.26-16.16.39:108][  0]LogConfig: Setting CVar [[r.ShadowQuality:5]]
[2022.09.26-16.16.39:108][  0]LogConfig: Setting CVar [[r.Shadow.CSM.MaxCascades:10]]
[2022.09.26-16.16.39:108][  0]LogConfig: Setting CVar [[r.Shadow.MaxResolution:2048]]
[2022.09.26-16.16.39:108][  0]LogConfig: Setting CVar [[r.Shadow.MaxCSMResolution:2048]]
[2022.09.26-16.16.39:108][  0]LogConfig: Setting CVar [[r.Shadow.RadiusThreshold:0.01]]
[2022.09.26-16.16.39:108][  0]LogConfig: Setting CVar [[r.Shadow.DistanceScale:1.0]]
[2022.09.26-16.16.39:108][  0]LogConfig: Setting CVar [[r.Shadow.CSM.TransitionScale:1.0]]
[2022.09.26-16.16.39:108][  0]LogConfig: Setting CVar [[r.Shadow.PreShadowResolutionFactor:1.0]]
[2022.09.26-16.16.39:108][  0]LogConfig: Setting CVar [[r.DistanceFieldShadowing:1]]
[2022.09.26-16.16.39:108][  0]LogConfig: Setting CVar [[r.DistanceFieldAO:1]]
[2022.09.26-16.16.39:108][  0]LogConfig: Setting CVar [[r.AOQuality:2]]
[2022.09.26-16.16.39:108][  0]LogConfig: Setting CVar [[r.VolumetricFog:1]]
[2022.09.26-16.16.39:108][  0]LogConfig: Setting CVar [[r.VolumetricFog.GridPixelSize:8]]
[2022.09.26-16.16.39:108][  0]LogConfig: Setting CVar [[r.VolumetricFog.GridSizeZ:128]]
[2022.09.26-16.16.39:108][  0]LogConfig: Setting CVar [[r.VolumetricFog.HistoryMissSupersampleCount:4]]
[2022.09.26-16.16.39:108][  0]LogConfig: Setting CVar [[r.LightMaxDrawDistanceScale:1]]
[2022.09.26-16.16.39:108][  0]LogConfig: Setting CVar [[r.CapsuleShadows:1]]
[2022.09.26-16.16.39:108][  0]LogConfig: Applying CVar settings from Section [PostProcessQuality@3] File [C:/GameDev/Unreal/Boxman/BoxmanUnreal/Saved/Config/Windows/Scalability.ini]
[2022.09.26-16.16.39:108][  0]LogConfig: Setting CVar [[r.MotionBlurQuality:4]]
[2022.09.26-16.16.39:108][  0]LogConfig: Setting CVar [[r.AmbientOcclusionMipLevelFactor:0.4]]
[2022.09.26-16.16.39:108][  0]LogConfig: Setting CVar [[r.AmbientOcclusionMaxQuality:100]]
[2022.09.26-16.16.39:108][  0]LogConfig: Setting CVar [[r.AmbientOcclusionLevels:-1]]
[2022.09.26-16.16.39:108][  0]LogConfig: Setting CVar [[r.AmbientOcclusionRadiusScale:1.0]]
[2022.09.26-16.16.39:108][  0]LogConfig: Setting CVar [[r.DepthOfFieldQuality:2]]
[2022.09.26-16.16.39:108][  0]LogConfig: Setting CVar [[r.RenderTargetPoolMin:400]]
[2022.09.26-16.16.39:108][  0]LogConfig: Setting CVar [[r.LensFlareQuality:2]]
[2022.09.26-16.16.39:108][  0]LogConfig: Setting CVar [[r.SceneColorFringeQuality:1]]
[2022.09.26-16.16.39:108][  0]LogConfig: Setting CVar [[r.EyeAdaptationQuality:2]]
[2022.09.26-16.16.39:108][  0]LogConfig: Setting CVar [[r.BloomQuality:5]]
[2022.09.26-16.16.39:108][  0]LogConfig: Setting CVar [[r.FastBlurThreshold:100]]
[2022.09.26-16.16.39:108][  0]LogConfig: Setting CVar [[r.Upscale.Quality:3]]
[2022.09.26-16.16.39:108][  0]LogConfig: Setting CVar [[r.Tonemapper.GrainQuantization:1]]
[2022.09.26-16.16.39:108][  0]LogConfig: Setting CVar [[r.LightShaftQuality:1]]
[2022.09.26-16.16.39:108][  0]LogConfig: Setting CVar [[r.Filter.SizeScale:1]]
[2022.09.26-16.16.39:108][  0]LogConfig: Setting CVar [[r.Tonemapper.Quality:5]]
[2022.09.26-16.16.39:108][  0]LogConfig: Setting CVar [[r.DOF.Gather.AccumulatorQuality:1        ; higher gathering accumulator quality]]
[2022.09.26-16.16.39:108][  0]LogConfig: Setting CVar [[r.DOF.Gather.PostfilterMethod:1          ; Median3x3 postfilering method]]
[2022.09.26-16.16.39:108][  0]LogConfig: Setting CVar [[r.DOF.Gather.EnableBokehSettings:0       ; no bokeh simulation when gathering]]
[2022.09.26-16.16.39:108][  0]LogConfig: Setting CVar [[r.DOF.Gather.RingCount:4                 ; medium number of samples when gathering]]
[2022.09.26-16.16.39:108][  0]LogConfig: Setting CVar [[r.DOF.Scatter.ForegroundCompositing:1    ; additive foreground scattering]]
[2022.09.26-16.16.39:108][  0]LogConfig: Setting CVar [[r.DOF.Scatter.BackgroundCompositing:2    ; additive background scattering]]
[2022.09.26-16.16.39:108][  0]LogConfig: Setting CVar [[r.DOF.Scatter.EnableBokehSettings:1      ; bokeh simulation when scattering]]
[2022.09.26-16.16.39:108][  0]LogConfig: Setting CVar [[r.DOF.Scatter.MaxSpriteRatio:0.1         ; only a maximum of 10% of scattered bokeh]]
[2022.09.26-16.16.39:108][  0]LogConfig: Setting CVar [[r.DOF.Recombine.Quality:1                ; cheap slight out of focus]]
[2022.09.26-16.16.39:108][  0]LogConfig: Setting CVar [[r.DOF.Recombine.EnableBokehSettings:0    ; no bokeh simulation on slight out of focus]]
[2022.09.26-16.16.39:108][  0]LogConfig: Setting CVar [[r.DOF.TemporalAAQuality:1                ; more stable temporal accumulation]]
[2022.09.26-16.16.39:108][  0]LogConfig: Setting CVar [[r.DOF.Kernel.MaxForegroundRadius:0.025]]
[2022.09.26-16.16.39:108][  0]LogConfig: Setting CVar [[r.DOF.Kernel.MaxBackgroundRadius:0.025]]
[2022.09.26-16.16.39:108][  0]LogConfig: Applying CVar settings from Section [TextureQuality@3] File [C:/GameDev/Unreal/Boxman/BoxmanUnreal/Saved/Config/Windows/Scalability.ini]
[2022.09.26-16.16.39:108][  0]LogConfig: Setting CVar [[r.Streaming.MipBias:0]]
[2022.09.26-16.16.39:108][  0]LogConfig: Setting CVar [[r.Streaming.AmortizeCPUToGPUCopy:0]]
[2022.09.26-16.16.39:108][  0]LogConfig: Setting CVar [[r.Streaming.MaxNumTexturesToStreamPerFrame:0]]
[2022.09.26-16.16.39:108][  0]LogConfig: Setting CVar [[r.Streaming.Boost:1]]
[2022.09.26-16.16.39:108][  0]LogConfig: Setting CVar [[r.MaxAnisotropy:8]]
[2022.09.26-16.16.39:108][  0]LogConfig: Setting CVar [[r.VT.MaxAnisotropy:8]]
[2022.09.26-16.16.39:108][  0]LogConfig: Setting CVar [[r.Streaming.LimitPoolSizeToVRAM:0]]
[2022.09.26-16.16.39:108][  0]LogConfig: Setting CVar [[r.Streaming.PoolSize:1000]]
[2022.09.26-16.16.39:108][  0]LogConfig: Setting CVar [[r.Streaming.MaxEffectiveScreenSize:0]]
[2022.09.26-16.16.39:108][  0]LogConfig: Applying CVar settings from Section [EffectsQuality@3] File [C:/GameDev/Unreal/Boxman/BoxmanUnreal/Saved/Config/Windows/Scalability.ini]
[2022.09.26-16.16.39:108][  0]LogConfig: Setting CVar [[r.TranslucencyLightingVolumeDim:64]]
[2022.09.26-16.16.39:108][  0]LogConfig: Setting CVar [[r.RefractionQuality:2]]
[2022.09.26-16.16.39:108][  0]LogConfig: Setting CVar [[r.SSR.Quality:3]]
[2022.09.26-16.16.39:108][  0]LogConfig: Setting CVar [[r.SSR.HalfResSceneColor:0]]
[2022.09.26-16.16.39:108][  0]LogConfig: Setting CVar [[r.SceneColorFormat:4]]
[2022.09.26-16.16.39:108][  0]LogConfig: Setting CVar [[r.DetailMode:2]]
[2022.09.26-16.16.39:108][  0]LogConfig: Setting CVar [[r.TranslucencyVolumeBlur:1]]
[2022.09.26-16.16.39:108][  0]LogConfig: Setting CVar [[r.MaterialQualityLevel:1 ; High quality]]
[2022.09.26-16.16.39:108][  0]LogConfig: Setting CVar [[r.AnisotropicMaterials:1]]
[2022.09.26-16.16.39:108][  0]LogConfig: Setting CVar [[r.SSS.Scale:1]]
[2022.09.26-16.16.39:108][  0]LogConfig: Setting CVar [[r.SSS.SampleSet:2]]
[2022.09.26-16.16.39:109][  0]LogConfig: Setting CVar [[r.SSS.Quality:1]]
[2022.09.26-16.16.39:109][  0]LogConfig: Setting CVar [[r.SSS.HalfRes:0]]
[2022.09.26-16.16.39:109][  0]LogConfig: Setting CVar [[r.SSGI.Quality:3]]
[2022.09.26-16.16.39:109][  0]LogConfig: Setting CVar [[r.EmitterSpawnRateScale:1.0]]
[2022.09.26-16.16.39:109][  0]LogConfig: Setting CVar [[r.ParticleLightQuality:2]]
[2022.09.26-16.16.39:109][  0]LogConfig: Setting CVar [[r.SkyAtmosphere.AerialPerspectiveLUT.FastApplyOnOpaque:1 ; Always have FastSkyLUT 1 in this case to avoid wrong sky]]
[2022.09.26-16.16.39:109][  0]LogConfig: Setting CVar [[r.SkyAtmosphere.AerialPerspectiveLUT.SampleCountMaxPerSlice:4]]
[2022.09.26-16.16.39:109][  0]LogConfig: Setting CVar [[r.SkyAtmosphere.AerialPerspectiveLUT.DepthResolution:16.0]]
[2022.09.26-16.16.39:109][  0]LogConfig: Setting CVar [[r.SkyAtmosphere.FastSkyLUT:1]]
[2022.09.26-16.16.39:109][  0]LogConfig: Setting CVar [[r.SkyAtmosphere.FastSkyLUT.SampleCountMin:4.0]]
[2022.09.26-16.16.39:109][  0]LogConfig: Setting CVar [[r.SkyAtmosphere.FastSkyLUT.SampleCountMax:128.0]]
[2022.09.26-16.16.39:109][  0]LogConfig: Setting CVar [[r.SkyAtmosphere.SampleCountMin:4.0]]
[2022.09.26-16.16.39:109][  0]LogConfig: Setting CVar [[r.SkyAtmosphere.SampleCountMax:128.0]]
[2022.09.26-16.16.39:109][  0]LogConfig: Setting CVar [[r.SkyAtmosphere.TransmittanceLUT.UseSmallFormat:0]]
[2022.09.26-16.16.39:109][  0]LogConfig: Setting CVar [[r.SkyAtmosphere.TransmittanceLUT.SampleCount:10.0]]
[2022.09.26-16.16.39:109][  0]LogConfig: Setting CVar [[r.SkyAtmosphere.MultiScatteringLUT.SampleCount:15.0]]
[2022.09.26-16.16.39:109][  0]LogConfig: Setting CVar [[r.SkyLight.RealTimeReflectionCapture:1]]
[2022.09.26-16.16.39:109][  0]LogConfig: Applying CVar settings from Section [FoliageQuality@3] File [C:/GameDev/Unreal/Boxman/BoxmanUnreal/Saved/Config/Windows/Scalability.ini]
[2022.09.26-16.16.39:109][  0]LogConfig: Setting CVar [[foliage.DensityScale:1.0]]
[2022.09.26-16.16.39:109][  0]LogConfig: Setting CVar [[grass.DensityScale:1.0]]
[2022.09.26-16.16.39:109][  0]LogConfig: Applying CVar settings from Section [ShadingQuality@3] File [C:/GameDev/Unreal/Boxman/BoxmanUnreal/Saved/Config/Windows/Scalability.ini]
[2022.09.26-16.16.39:109][  0]LogConfig: Setting CVar [[r.HairStrands.SkyLighting.IntegrationType:2]]
[2022.09.26-16.16.39:109][  0]LogConfig: Setting CVar [[r.HairStrands.SkyAO.SampleCount:4]]
[2022.09.26-16.16.39:109][  0]LogConfig: Setting CVar [[r.HairStrands.Visibility.MSAA.SamplePerPixel:4]]
[2022.09.26-16.16.39:109][  0]LogInit: Selected Device Profile: [Windows]
[2022.09.26-16.16.39:109][  0]LogInit: Applying CVar settings loaded from the selected device profile: [Windows]
[2022.09.26-16.16.39:109][  0]LogHAL: Display: Platform has ~ 24 GB [25701400576 / 34359738368 / 24], which maps to Larger [LargestMinGB=32, LargerMinGB=12, DefaultMinGB=8, SmallerMinGB=6, SmallestMinGB=0)
[2022.09.26-16.16.39:109][  0]LogInit: Going up to parent DeviceProfile []
[2022.09.26-16.16.39:109][  0]LogConfig: Applying CVar settings from Section [ViewDistanceQuality@3] File [C:/GameDev/Unreal/Boxman/BoxmanUnreal/Saved/Config/Windows/Scalability.ini]
[2022.09.26-16.16.39:109][  0]LogConfig: Setting CVar [[r.SkeletalMeshLODBias:0]]
[2022.09.26-16.16.39:109][  0]LogConfig: Setting CVar [[r.ViewDistanceScale:1.0]]
[2022.09.26-16.16.39:109][  0]LogConfig: Applying CVar settings from Section [AntiAliasingQuality@3] File [C:/GameDev/Unreal/Boxman/BoxmanUnreal/Saved/Config/Windows/Scalability.ini]
[2022.09.26-16.16.39:109][  0]LogConfig: Setting CVar [[r.PostProcessAAQuality:4]]
[2022.09.26-16.16.39:109][  0]LogConfig: Applying CVar settings from Section [ShadowQuality@3] File [C:/GameDev/Unreal/Boxman/BoxmanUnreal/Saved/Config/Windows/Scalability.ini]
[2022.09.26-16.16.39:109][  0]LogConfig: Setting CVar [[r.LightFunctionQuality:1]]
[2022.09.26-16.16.39:109][  0]LogConfig: Setting CVar [[r.ShadowQuality:5]]
[2022.09.26-16.16.39:109][  0]LogConfig: Setting CVar [[r.Shadow.CSM.MaxCascades:10]]
[2022.09.26-16.16.39:109][  0]LogConfig: Setting CVar [[r.Shadow.MaxResolution:2048]]
[2022.09.26-16.16.39:109][  0]LogConfig: Setting CVar [[r.Shadow.MaxCSMResolution:2048]]
[2022.09.26-16.16.39:109][  0]LogConfig: Setting CVar [[r.Shadow.RadiusThreshold:0.01]]
[2022.09.26-16.16.39:109][  0]LogConfig: Setting CVar [[r.Shadow.DistanceScale:1.0]]
[2022.09.26-16.16.39:109][  0]LogConfig: Setting CVar [[r.Shadow.CSM.TransitionScale:1.0]]
[2022.09.26-16.16.39:109][  0]LogConfig: Setting CVar [[r.Shadow.PreShadowResolutionFactor:1.0]]
[2022.09.26-16.16.39:109][  0]LogConfig: Setting CVar [[r.DistanceFieldShadowing:1]]
[2022.09.26-16.16.39:109][  0]LogConfig: Setting CVar [[r.DistanceFieldAO:1]]
[2022.09.26-16.16.39:109][  0]LogConfig: Setting CVar [[r.AOQuality:2]]
[2022.09.26-16.16.39:109][  0]LogConfig: Setting CVar [[r.VolumetricFog:1]]
[2022.09.26-16.16.39:109][  0]LogConfig: Setting CVar [[r.VolumetricFog.GridPixelSize:8]]
[2022.09.26-16.16.39:109][  0]LogConfig: Setting CVar [[r.VolumetricFog.GridSizeZ:128]]
[2022.09.26-16.16.39:109][  0]LogConfig: Setting CVar [[r.VolumetricFog.HistoryMissSupersampleCount:4]]
[2022.09.26-16.16.39:109][  0]LogConfig: Setting CVar [[r.LightMaxDrawDistanceScale:1]]
[2022.09.26-16.16.39:109][  0]LogConfig: Setting CVar [[r.CapsuleShadows:1]]
[2022.09.26-16.16.39:109][  0]LogConfig: Applying CVar settings from Section [PostProcessQuality@3] File [C:/GameDev/Unreal/Boxman/BoxmanUnreal/Saved/Config/Windows/Scalability.ini]
[2022.09.26-16.16.39:109][  0]LogConfig: Setting CVar [[r.MotionBlurQuality:4]]
[2022.09.26-16.16.39:109][  0]LogConfig: Setting CVar [[r.AmbientOcclusionMipLevelFactor:0.4]]
[2022.09.26-16.16.39:109][  0]LogConfig: Setting CVar [[r.AmbientOcclusionMaxQuality:100]]
[2022.09.26-16.16.39:109][  0]LogConfig: Setting CVar [[r.AmbientOcclusionLevels:-1]]
[2022.09.26-16.16.39:109][  0]LogConfig: Setting CVar [[r.AmbientOcclusionRadiusScale:1.0]]
[2022.09.26-16.16.39:109][  0]LogConfig: Setting CVar [[r.DepthOfFieldQuality:2]]
[2022.09.26-16.16.39:109][  0]LogConfig: Setting CVar [[r.RenderTargetPoolMin:400]]
[2022.09.26-16.16.39:109][  0]LogConfig: Setting CVar [[r.LensFlareQuality:2]]
[2022.09.26-16.16.39:109][  0]LogConfig: Setting CVar [[r.SceneColorFringeQuality:1]]
[2022.09.26-16.16.39:109][  0]LogConfig: Setting CVar [[r.EyeAdaptationQuality:2]]
[2022.09.26-16.16.39:109][  0]LogConfig: Setting CVar [[r.BloomQuality:5]]
[2022.09.26-16.16.39:109][  0]LogConfig: Setting CVar [[r.FastBlurThreshold:100]]
[2022.09.26-16.16.39:109][  0]LogConfig: Setting CVar [[r.Upscale.Quality:3]]
[2022.09.26-16.16.39:109][  0]LogConfig: Setting CVar [[r.Tonemapper.GrainQuantization:1]]
[2022.09.26-16.16.39:109][  0]LogConfig: Setting CVar [[r.LightShaftQuality:1]]
[2022.09.26-16.16.39:110][  0]LogConfig: Setting CVar [[r.Filter.SizeScale:1]]
[2022.09.26-16.16.39:110][  0]LogConfig: Setting CVar [[r.Tonemapper.Quality:5]]
[2022.09.26-16.16.39:110][  0]LogConfig: Setting CVar [[r.DOF.Gather.AccumulatorQuality:1        ; higher gathering accumulator quality]]
[2022.09.26-16.16.39:110][  0]LogConfig: Setting CVar [[r.DOF.Gather.PostfilterMethod:1          ; Median3x3 postfilering method]]
[2022.09.26-16.16.39:110][  0]LogConfig: Setting CVar [[r.DOF.Gather.EnableBokehSettings:0       ; no bokeh simulation when gathering]]
[2022.09.26-16.16.39:110][  0]LogConfig: Setting CVar [[r.DOF.Gather.RingCount:4                 ; medium number of samples when gathering]]
[2022.09.26-16.16.39:110][  0]LogConfig: Setting CVar [[r.DOF.Scatter.ForegroundCompositing:1    ; additive foreground scattering]]
[2022.09.26-16.16.39:110][  0]LogConfig: Setting CVar [[r.DOF.Scatter.BackgroundCompositing:2    ; additive background scattering]]
[2022.09.26-16.16.39:110][  0]LogConfig: Setting CVar [[r.DOF.Scatter.EnableBokehSettings:1      ; bokeh simulation when scattering]]
[2022.09.26-16.16.39:110][  0]LogConfig: Setting CVar [[r.DOF.Scatter.MaxSpriteRatio:0.1         ; only a maximum of 10% of scattered bokeh]]
[2022.09.26-16.16.39:110][  0]LogConfig: Setting CVar [[r.DOF.Recombine.Quality:1                ; cheap slight out of focus]]
[2022.09.26-16.16.39:110][  0]LogConfig: Setting CVar [[r.DOF.Recombine.EnableBokehSettings:0    ; no bokeh simulation on slight out of focus]]
[2022.09.26-16.16.39:110][  0]LogConfig: Setting CVar [[r.DOF.TemporalAAQuality:1                ; more stable temporal accumulation]]
[2022.09.26-16.16.39:110][  0]LogConfig: Setting CVar [[r.DOF.Kernel.MaxForegroundRadius:0.025]]
[2022.09.26-16.16.39:110][  0]LogConfig: Setting CVar [[r.DOF.Kernel.MaxBackgroundRadius:0.025]]
[2022.09.26-16.16.39:110][  0]LogConfig: Applying CVar settings from Section [TextureQuality@3] File [C:/GameDev/Unreal/Boxman/BoxmanUnreal/Saved/Config/Windows/Scalability.ini]
[2022.09.26-16.16.39:110][  0]LogConfig: Setting CVar [[r.Streaming.MipBias:0]]
[2022.09.26-16.16.39:110][  0]LogConfig: Setting CVar [[r.Streaming.AmortizeCPUToGPUCopy:0]]
[2022.09.26-16.16.39:110][  0]LogConfig: Setting CVar [[r.Streaming.MaxNumTexturesToStreamPerFrame:0]]
[2022.09.26-16.16.39:110][  0]LogConfig: Setting CVar [[r.Streaming.Boost:1]]
[2022.09.26-16.16.39:110][  0]LogConfig: Setting CVar [[r.MaxAnisotropy:8]]
[2022.09.26-16.16.39:110][  0]LogConfig: Setting CVar [[r.VT.MaxAnisotropy:8]]
[2022.09.26-16.16.39:110][  0]LogConfig: Setting CVar [[r.Streaming.LimitPoolSizeToVRAM:0]]
[2022.09.26-16.16.39:110][  0]LogConfig: Setting CVar [[r.Streaming.PoolSize:1000]]
[2022.09.26-16.16.39:110][  0]LogConfig: Setting CVar [[r.Streaming.MaxEffectiveScreenSize:0]]
[2022.09.26-16.16.39:110][  0]LogConfig: Applying CVar settings from Section [EffectsQuality@3] File [C:/GameDev/Unreal/Boxman/BoxmanUnreal/Saved/Config/Windows/Scalability.ini]
[2022.09.26-16.16.39:110][  0]LogConfig: Setting CVar [[r.TranslucencyLightingVolumeDim:64]]
[2022.09.26-16.16.39:110][  0]LogConfig: Setting CVar [[r.RefractionQuality:2]]
[2022.09.26-16.16.39:110][  0]LogConfig: Setting CVar [[r.SSR.Quality:3]]
[2022.09.26-16.16.39:110][  0]LogConfig: Setting CVar [[r.SSR.HalfResSceneColor:0]]
[2022.09.26-16.16.39:110][  0]LogConfig: Setting CVar [[r.SceneColorFormat:4]]
[2022.09.26-16.16.39:110][  0]LogConfig: Setting CVar [[r.DetailMode:2]]
[2022.09.26-16.16.39:110][  0]LogConfig: Setting CVar [[r.TranslucencyVolumeBlur:1]]
[2022.09.26-16.16.39:110][  0]LogConfig: Setting CVar [[r.MaterialQualityLevel:1 ; High quality]]
[2022.09.26-16.16.39:110][  0]LogConfig: Setting CVar [[r.AnisotropicMaterials:1]]
[2022.09.26-16.16.39:110][  0]LogConfig: Setting CVar [[r.SSS.Scale:1]]
[2022.09.26-16.16.39:110][  0]LogConfig: Setting CVar [[r.SSS.SampleSet:2]]
[2022.09.26-16.16.39:110][  0]LogConfig: Setting CVar [[r.SSS.Quality:1]]
[2022.09.26-16.16.39:110][  0]LogConfig: Setting CVar [[r.SSS.HalfRes:0]]
[2022.09.26-16.16.39:110][  0]LogConfig: Setting CVar [[r.SSGI.Quality:3]]
[2022.09.26-16.16.39:110][  0]LogConfig: Setting CVar [[r.EmitterSpawnRateScale:1.0]]
[2022.09.26-16.16.39:110][  0]LogConfig: Setting CVar [[r.ParticleLightQuality:2]]
[2022.09.26-16.16.39:110][  0]LogConfig: Setting CVar [[r.SkyAtmosphere.AerialPerspectiveLUT.FastApplyOnOpaque:1 ; Always have FastSkyLUT 1 in this case to avoid wrong sky]]
[2022.09.26-16.16.39:110][  0]LogConfig: Setting CVar [[r.SkyAtmosphere.AerialPerspectiveLUT.SampleCountMaxPerSlice:4]]
[2022.09.26-16.16.39:110][  0]LogConfig: Setting CVar [[r.SkyAtmosphere.AerialPerspectiveLUT.DepthResolution:16.0]]
[2022.09.26-16.16.39:110][  0]LogConfig: Setting CVar [[r.SkyAtmosphere.FastSkyLUT:1]]
[2022.09.26-16.16.39:110][  0]LogConfig: Setting CVar [[r.SkyAtmosphere.FastSkyLUT.SampleCountMin:4.0]]
[2022.09.26-16.16.39:110][  0]LogConfig: Setting CVar [[r.SkyAtmosphere.FastSkyLUT.SampleCountMax:128.0]]
[2022.09.26-16.16.39:110][  0]LogConfig: Setting CVar [[r.SkyAtmosphere.SampleCountMin:4.0]]
[2022.09.26-16.16.39:110][  0]LogConfig: Setting CVar [[r.SkyAtmosphere.SampleCountMax:128.0]]
[2022.09.26-16.16.39:110][  0]LogConfig: Setting CVar [[r.SkyAtmosphere.TransmittanceLUT.UseSmallFormat:0]]
[2022.09.26-16.16.39:110][  0]LogConfig: Setting CVar [[r.SkyAtmosphere.TransmittanceLUT.SampleCount:10.0]]
[2022.09.26-16.16.39:110][  0]LogConfig: Setting CVar [[r.SkyAtmosphere.MultiScatteringLUT.SampleCount:15.0]]
[2022.09.26-16.16.39:110][  0]LogConfig: Setting CVar [[r.SkyLight.RealTimeReflectionCapture:1]]
[2022.09.26-16.16.39:110][  0]LogConfig: Applying CVar settings from Section [FoliageQuality@3] File [C:/GameDev/Unreal/Boxman/BoxmanUnreal/Saved/Config/Windows/Scalability.ini]
[2022.09.26-16.16.39:110][  0]LogConfig: Setting CVar [[foliage.DensityScale:1.0]]
[2022.09.26-16.16.39:110][  0]LogConfig: Setting CVar [[grass.DensityScale:1.0]]
[2022.09.26-16.16.39:110][  0]LogConfig: Applying CVar settings from Section [ShadingQuality@3] File [C:/GameDev/Unreal/Boxman/BoxmanUnreal/Saved/Config/Windows/Scalability.ini]
[2022.09.26-16.16.39:110][  0]LogConfig: Setting CVar [[r.HairStrands.SkyLighting.IntegrationType:2]]
[2022.09.26-16.16.39:110][  0]LogConfig: Setting CVar [[r.HairStrands.SkyAO.SampleCount:4]]
[2022.09.26-16.16.39:110][  0]LogConfig: Setting CVar [[r.HairStrands.Visibility.MSAA.SamplePerPixel:4]]
[2022.09.26-16.16.39:110][  0]LogConfig: Applying CVar settings from Section [Startup] File [../../../Engine/Config/ConsoleVariables.ini]
[2022.09.26-16.16.39:111][  0]LogConfig: Setting CVar [[net.UseAdaptiveNetUpdateFrequency:0]]
[2022.09.26-16.16.39:111][  0]LogConfig: Setting CVar [[p.chaos.AllowCreatePhysxBodies:1]]
[2022.09.26-16.16.39:111][  0]LogConfig: Setting CVar [[fx.SkipVectorVMBackendOptimizations:1]]
[2022.09.26-16.16.39:111][  0]LogConfig: Applying CVar settings from Section [ConsoleVariables] File [C:/GameDev/Unreal/Boxman/BoxmanUnreal/Saved/Config/Windows/Engine.ini]
[2022.09.26-16.16.39:111][  0]LogConfig: Applying CVar settings from Section [ConsoleVariables] File [C:/GameDev/Unreal/Boxman/BoxmanUnreal/Saved/Config/Windows/Editor.ini]
[2022.09.26-16.16.39:111][  0]LogInit: Computer: DESKTOP-PA1D2JD
[2022.09.26-16.16.39:111][  0]LogInit: User: natha
[2022.09.26-16.16.39:111][  0]LogInit: CPU Page size=4096, Cores=8
[2022.09.26-16.16.39:111][  0]LogInit: High frequency timer resolution =10.000000 MHz
[2022.09.26-16.16.39:111][  0]LogMemory: Memory total: Physical=23.9GB (24GB approx)
[2022.09.26-16.16.39:111][  0]LogMemory: Platform Memory Stats for Windows
[2022.09.26-16.16.39:111][  0]LogMemory: Process Physical Memory: 147.37 MB used, 147.38 MB peak
[2022.09.26-16.16.39:112][  0]LogMemory: Process Virtual Memory: 129.96 MB used, 129.96 MB peak
[2022.09.26-16.16.39:112][  0]LogMemory: Physical Memory: 9098.43 MB used,  15412.34 MB free, 24510.77 MB total
[2022.09.26-16.16.39:112][  0]LogMemory: Virtual Memory: 134202440.00 MB used,  15286.83 MB free, 134217728.00 MB total
[2022.09.26-16.16.39:117][  0]LogWindows: WindowsPlatformFeatures enabled
[2022.09.26-16.16.39:386][  0]LogInit: Physics initialised using underlying interface: PhysX
[2022.09.26-16.16.39:388][  0]LogInit: Using OS detected language (en-US).
[2022.09.26-16.16.39:388][  0]LogInit: Using OS detected locale (en-US).
[2022.09.26-16.16.39:398][  0]LogTextLocalizationManager: No specific localization for 'en-US' exists, so the 'en' localization will be used.
[2022.09.26-16.16.39:703][  0]LogInit: Setting process to per monitor DPI aware
[2022.09.26-16.16.39:876][  0]LogWindowsTextInputMethodSystem: Display: IME system deactivated.
[2022.09.26-16.16.39:958][  0]LogSlate: New Slate User Created.  User Index 0, Is Virtual User: 0
[2022.09.26-16.16.39:958][  0]LogSlate: Slate User Registered.  User Index 0, Is Virtual User: 0
[2022.09.26-16.16.44:204][  0]LogD3D11RHI: Loaded GFSDK_Aftermath_Lib.x64.dll
[2022.09.26-16.16.44:207][  0]LogHMD: Failed to initialize OpenVR with code 110
[2022.09.26-16.16.44:208][  0]LogD3D11RHI: D3D11 min allowed feature level: 11_0
[2022.09.26-16.16.44:208][  0]LogD3D11RHI: D3D11 max allowed feature level: 11_0
[2022.09.26-16.16.44:208][  0]LogD3D11RHI: D3D11 adapters:
[2022.09.26-16.16.44:363][  0]LogD3D11RHI:    0. 'NVIDIA GeForce GTX 1050 Ti' (Feature Level 11_0)
[2022.09.26-16.16.44:363][  0]LogD3D11RHI:       4018/0/12255 MB DedicatedVideo/DedicatedSystem/SharedSystem, Outputs:2, VendorId:0x10de
[2022.09.26-16.16.44:365][  0]LogD3D11RHI:    1. 'Microsoft Basic Render Driver' (Feature Level 11_0)
[2022.09.26-16.16.44:365][  0]LogD3D11RHI:       0/0/12255 MB DedicatedVideo/DedicatedSystem/SharedSystem, Outputs:0, VendorId:0x1414
[2022.09.26-16.16.44:365][  0]LogD3D11RHI: Chosen D3D11 Adapter:
[2022.09.26-16.16.44:365][  0]LogD3D11RHI:     Description : NVIDIA GeForce GTX 1050 Ti
[2022.09.26-16.16.44:365][  0]LogD3D11RHI:     VendorId    : 10de
[2022.09.26-16.16.44:365][  0]LogD3D11RHI:     DeviceId    : 1c82
[2022.09.26-16.16.44:365][  0]LogD3D11RHI:     SubSysId    : 33511462
[2022.09.26-16.16.44:365][  0]LogD3D11RHI:     Revision    : 00a1
[2022.09.26-16.16.44:365][  0]LogD3D11RHI:     DedicatedVideoMemory : 4213178368 bytes
[2022.09.26-16.16.44:366][  0]LogD3D11RHI:     DedicatedSystemMemory : 0 bytes
[2022.09.26-16.16.44:366][  0]LogD3D11RHI:     SharedSystemMemory : 12850700288 bytes
[2022.09.26-16.16.44:366][  0]LogD3D11RHI:     AdapterLuid : 0 57993
[2022.09.26-16.16.44:374][  0]LogD3D11RHI: Creating new Direct3DDevice
[2022.09.26-16.16.44:374][  0]LogD3D11RHI:     GPU DeviceId: 0x1c82 (for the marketing name, search the web for "GPU Device Id")
[2022.09.26-16.16.44:374][  0]LogWindows: EnumDisplayDevices:
[2022.09.26-16.16.44:374][  0]LogWindows:    0. 'NVIDIA GeForce GTX 1050 Ti' (P:1 D:1)
[2022.09.26-16.16.44:374][  0]LogWindows:    1. 'NVIDIA GeForce GTX 1050 Ti' (P:0 D:1)
[2022.09.26-16.16.44:375][  0]LogWindows:    2. 'NVIDIA GeForce GTX 1050 Ti' (P:0 D:0)
[2022.09.26-16.16.44:375][  0]LogWindows:    3. 'NVIDIA GeForce GTX 1050 Ti' (P:0 D:0)
[2022.09.26-16.16.44:375][  0]LogWindows: DebugString: FoundDriverCount:4 
[2022.09.26-16.16.44:375][  0]LogD3D11RHI:     Adapter Name: NVIDIA GeForce GTX 1050 Ti
[2022.09.26-16.16.44:375][  0]LogD3D11RHI:   Driver Version: 516.94 (internal:31.0.15.1694, unified:516.94)
[2022.09.26-16.16.44:375][  0]LogD3D11RHI:      Driver Date: 7-21-2022
[2022.09.26-16.16.44:375][  0]LogRHI: Texture pool is 2812 MB (70% of 4018 MB)
[2022.09.26-16.16.44:375][  0]LogD3D11RHI: Creating D3DDevice using adapter:
[2022.09.26-16.16.44:375][  0]LogD3D11RHI:     Description : NVIDIA GeForce GTX 1050 Ti
[2022.09.26-16.16.44:375][  0]LogD3D11RHI:     VendorId    : 10de
[2022.09.26-16.16.44:375][  0]LogD3D11RHI:     DeviceId    : 1c82
[2022.09.26-16.16.44:375][  0]LogD3D11RHI:     SubSysId    : 33511462
[2022.09.26-16.16.44:375][  0]LogD3D11RHI:     Revision    : 00a1
[2022.09.26-16.16.44:375][  0]LogD3D11RHI:     DedicatedVideoMemory : 4213178368 bytes
[2022.09.26-16.16.44:375][  0]LogD3D11RHI:     DedicatedSystemMemory : 0 bytes
[2022.09.26-16.16.44:375][  0]LogD3D11RHI:     SharedSystemMemory : 12850700288 bytes
[2022.09.26-16.16.44:375][  0]LogD3D11RHI:     AdapterLuid : 0 57993
[2022.09.26-16.16.44:452][  0]LogD3D11RHI: RHI has support for 64 bit atomics
[2022.09.26-16.16.44:452][  0]LogD3D11RHI: Async texture creation enabled
[2022.09.26-16.16.44:452][  0]LogD3D11RHI: Array index from any shader is supported
[2022.09.26-16.16.44:485][  0]LogD3D11RHI: GPU Timing Frequency: 1000.000000 (Debug: 2 1)
[2022.09.26-16.16.44:587][  0]LogRHI: GeForceNow SDK initialized: 1
[2022.09.26-16.16.45:205][  0]LogTargetPlatformManager: Display: Loaded TargetPlatform 'AllDesktop'
[2022.09.26-16.16.45:271][  0]LogTargetPlatformManager: Display: Loaded TargetPlatform 'Android'
[2022.09.26-16.16.45:271][  0]LogTargetPlatformManager: Display: Loaded TargetPlatform 'Android_ASTC'
[2022.09.26-16.16.45:271][  0]LogTargetPlatformManager: Display: Loaded TargetPlatform 'Android_DXT'
[2022.09.26-16.16.45:271][  0]LogTargetPlatformManager: Display: Loaded TargetPlatform 'Android_ETC2'
[2022.09.26-16.16.45:271][  0]LogTargetPlatformManager: Display: Loaded TargetPlatform 'AndroidClient'
[2022.09.26-16.16.45:271][  0]LogTargetPlatformManager: Display: Loaded TargetPlatform 'Android_ASTCClient'
[2022.09.26-16.16.45:271][  0]LogTargetPlatformManager: Display: Loaded TargetPlatform 'Android_DXTClient'
[2022.09.26-16.16.45:271][  0]LogTargetPlatformManager: Display: Loaded TargetPlatform 'Android_ETC2Client'
[2022.09.26-16.16.45:271][  0]LogTargetPlatformManager: Display: Loaded TargetPlatform 'Android_Multi'
[2022.09.26-16.16.45:271][  0]LogTargetPlatformManager: Display: Loaded TargetPlatform 'Android_MultiClient'
[2022.09.26-16.16.45:346][  0]LogTargetPlatformManager: Display: Loaded TargetPlatform 'IOSClient'
[2022.09.26-16.16.45:346][  0]LogTargetPlatformManager: Display: Loaded TargetPlatform 'IOS'
[2022.09.26-16.16.45:377][  0]LogTargetPlatformManager: Display: Loaded TargetPlatform 'Linux'
[2022.09.26-16.16.45:400][  0]LogTargetPlatformManager: Display: Loaded TargetPlatform 'LinuxNoEditor'
[2022.09.26-16.16.45:422][  0]LogTargetPlatformManager: Display: Loaded TargetPlatform 'LinuxClient'
[2022.09.26-16.16.45:462][  0]LogTargetPlatformManager: Display: Loaded TargetPlatform 'LinuxServer'
[2022.09.26-16.16.45:529][  0]LogTargetPlatformManager: Display: Loaded TargetPlatform 'LinuxAArch64NoEditor'
[2022.09.26-16.16.45:550][  0]LogTargetPlatformManager: Display: Loaded TargetPlatform 'LinuxAArch64Client'
[2022.09.26-16.16.45:627][  0]LogTargetPlatformManager: Display: Loaded TargetPlatform 'LinuxAArch64Server'
[2022.09.26-16.16.45:687][  0]LogTargetPlatformManager: Display: Loaded TargetPlatform 'Lumin'
[2022.09.26-16.16.45:687][  0]LogTargetPlatformManager: Display: Loaded TargetPlatform 'LuminClient'
[2022.09.26-16.16.45:715][  0]LogTargetPlatformManager: Display: Loaded TargetPlatform 'MacNoEditor'
[2022.09.26-16.16.45:739][  0]LogTargetPlatformManager: Display: Loaded TargetPlatform 'Mac'
[2022.09.26-16.16.45:762][  0]LogTargetPlatformManager: Display: Loaded TargetPlatform 'MacClient'
[2022.09.26-16.16.45:784][  0]LogTargetPlatformManager: Display: Loaded TargetPlatform 'MacServer'
[2022.09.26-16.16.45:813][  0]LogTargetPlatformManager: Display: Loaded TargetPlatform 'TVOSClient'
[2022.09.26-16.16.45:813][  0]LogTargetPlatformManager: Display: Loaded TargetPlatform 'TVOS'
[2022.09.26-16.16.45:841][  0]LogTargetPlatformManager: Display: Loaded TargetPlatform 'WindowsNoEditor'
[2022.09.26-16.16.45:867][  0]LogTargetPlatformManager: Display: Loaded TargetPlatform 'Windows'
[2022.09.26-16.16.45:889][  0]LogTargetPlatformManager: Display: Loaded TargetPlatform 'WindowsClient'
[2022.09.26-16.16.45:911][  0]LogTargetPlatformManager: Display: Loaded TargetPlatform 'WindowsServer'
[2022.09.26-16.16.45:911][  0]LogTargetPlatformManager: Display: Building Assets For Windows
[2022.09.26-16.16.46:015][  0]LogAudioDebug: Display: Lib vorbis DLL was dynamically loaded.
[2022.09.26-16.16.46:258][  0]LogTextureFormatOodle: Display: Oodle Texture 2.9.0 init RDO Off
[2022.09.26-16.16.46:597][  0]LogRendererCore: Ray tracing is disabled. Reason: r.RayTracing=0.
[2022.09.26-16.16.46:598][  0]LogShaderCompilers: Guid format shader working directory is -7 characters bigger than the processId version (../../../../../../GameDev/Unreal/Boxman/BoxmanUnreal/Intermediate/Shaders/WorkingDirectory/12720/).
[2022.09.26-16.16.46:598][  0]LogShaderCompilers: Cleaned the shader compiler working directory 'C:/Users/natha/AppData/Local/Temp/UnrealShaderWorkingDir/D862E27D45D94623EF4623ACB88495AB/'.
[2022.09.26-16.16.46:598][  0]LogXGEController: Cannot use XGE Controller as Incredibuild is not installed on this machine.
[2022.09.26-16.16.46:598][  0]LogShaderCompilers: Cannot use XGE Shader Compiler as Incredibuild is not installed on this machine.
[2022.09.26-16.16.46:598][  0]LogShaderCompilers: Display: Using Local Shader Compiler.
[2022.09.26-16.16.50:054][  0]LogDerivedDataCache: Display: Max Cache Size: 512 MB
[2022.09.26-16.16.50:123][  0]LogDerivedDataCache: Loaded boot cache 0.07s 96MB C:/Users/natha/AppData/Local/UnrealEngine/4.27/DerivedDataCache/Boot.ddc.
[2022.09.26-16.16.50:123][  0]LogDerivedDataCache: Display: Loaded Boot cache: C:/Users/natha/AppData/Local/UnrealEngine/4.27/DerivedDataCache/Boot.ddc
[2022.09.26-16.16.50:123][  0]LogDerivedDataCache: FDerivedDataBackendGraph:  Pak pak cache file ../../../../../../GameDev/Unreal/Boxman/BoxmanUnreal/DerivedDataCache/DDC.ddp not found, will not use a pak cache.
[2022.09.26-16.16.50:123][  0]LogDerivedDataCache: Unable to find inner node Pak for hierarchical cache Hierarchy.
[2022.09.26-16.16.50:123][  0]LogDerivedDataCache: FDerivedDataBackendGraph:  CompressedPak pak cache file ../../../../../../GameDev/Unreal/Boxman/BoxmanUnreal/DerivedDataCache/Compressed.ddp not found, will not use a pak cache.
[2022.09.26-16.16.50:123][  0]LogDerivedDataCache: Unable to find inner node CompressedPak for hierarchical cache Hierarchy.
[2022.09.26-16.16.50:150][  0]LogDerivedDataCache: Display: Pak cache opened for reading ../../../Engine/DerivedDataCache/Compressed.ddp.
[2022.09.26-16.16.50:150][  0]LogDerivedDataCache: FDerivedDataBackendGraph:  EnterprisePak pak cache file ../../../Enterprise/DerivedDataCache/Compressed.ddp not found, will not use a pak cache.
[2022.09.26-16.16.50:150][  0]LogDerivedDataCache: Unable to find inner node EnterprisePak for hierarchical cache Hierarchy.
[2022.09.26-16.16.50:162][  0]LogDerivedDataCache: Speed tests for C:/Users/natha/AppData/Local/UnrealEngine/Common/DerivedDataCache took 0.01 seconds
[2022.09.26-16.16.50:162][  0]LogDerivedDataCache: Display: Performance to C:/Users/natha/AppData/Local/UnrealEngine/Common/DerivedDataCache: Latency=0.05ms. RandomReadSpeed=263.21MBs, RandomWriteSpeed=118.19MBs. Assigned SpeedClass 'Local'
[2022.09.26-16.16.50:163][  0]LogDerivedDataCache: Using Local data cache path C:/Users/natha/AppData/Local/UnrealEngine/Common/DerivedDataCache: Writable
[2022.09.26-16.16.50:163][  0]LogDerivedDataCache: Shared data cache path not found in *engine.ini, will not use an Shared cache.
[2022.09.26-16.16.50:163][  0]LogDerivedDataCache: Unable to find inner node Shared for hierarchical cache Hierarchy.
[2022.09.26-16.16.50:212][  0]LogSlate: Using FreeType 2.10.0
[2022.09.26-16.16.50:228][  0]LogSlate: SlateFontServices - WITH_FREETYPE: 1, WITH_HARFBUZZ: 1
[2022.09.26-16.16.50:271][  0]LogAssetRegistry: FAssetRegistry took 0.0037 seconds to start up
[2022.09.26-16.16.50:551][  0]LogInit: Selected Device Profile: [Windows]
[2022.09.26-16.16.50:551][  0]LogInit: Active device profile: [00000241AC018900][000002419FE97700 49] Windows
[2022.09.26-16.16.50:551][  0]LogInit: Profiles: [00000241AC018900][000002419FE97700 49] Windows, [00000241AD0DF800][000002419FE9F880 49] WindowsNoEditor, [00000241AC01B500][000002419FEA3A00 49] WindowsServer, [00000241AD0DCE00][000002419FEA7B80 49] WindowsClient, [00000241AC01B800][00000241A067A180 49] IOS, [00000241AD0DE800][00000241A067E300 49] iPadAir, [00000241AC01A000][00000241A0682480 49] iPadAir2, [00000241AD090A00][00000241A068A740 49] IPadPro, [00000241AD090B00][00000241A0686780 49] iPadAir3, [00000241AD0DD900][000002419FE9A8C0 49] iPadAir4, [00000241AD093400][00000241ABBCAA00 49] iPadMini2, [00000241AD0DEA00][00000241ABBCEB40 49] iPadMini3, [00000241AD091700][00000241ABBD6CC0 49] iPadMini4, [00000241AC019100][00000241ABBDAE40 49] iPadMini5, [00000241AD098300][00000241ABBE3100 49] iPhone6, [00000241AD098400][00000241ABBDF140 49] iPodTouch6, [00000241AD077F00][00000241ABBEB400 49] iPhone7, [00000241AD077E00][00000241ABBE7440 49] iPodTouch7, [00000241AD0DE000][00000241ABBEF5C0 49] iPhone5S, [00000241AD075A00][00000241ABBF3740 49] iPhone6Plus, [00000241AD098200][00000241ABBF78C0 49] iPhone6S, [00000241AD074600][00000241ABBFBA40 49] iPhone6SPlus, [00000241AD09A900][00000241AA5C3BC0 49] iPhone7Plus, [00000241AD077100][00000241AA5C61C0 49] iPhoneSE, [00000241AD09A200][00000241AA5CA340 49] iPhone8, [00000241AD077B00][00000241AA5CE4C0 49] iPhone8Plus, [00000241AD098A00][00000241AA5D2640 49] iPhoneX, [00000241AD075400][00000241AA5D67C0 49] iPhoneXS, [00000241AD09B900][00000241AA5DA940 49] iPhoneXSMax, [00000241AD074900][00000241ABBD2A80 49] iPhoneXR, [00000241AD09AF00][00000241AA5DEBC0 49] iPhone11, [00000241AD075300][00000241AA5E2D00 49] iPhone11Pro, [00000241AD099000][00000241AA5EAE80 49] iPhone11ProMax, [00000241AD076A00][00000241AA5EF000 49] iPhoneSE2, [00000241AD099400][00000241AA5F3180 49] iPhone12Mini, [00000241AD076400][00000241AA5F7300 49] iPhone12, [00000241AD098D00][00000241A95D3480 49] iPhone12Pro, [00000241AD076B00][00000241A95D7600 49] iPhone12ProMax, [00000241AD09B000][00000241A95DB780 49] iPadPro105, [00000241AD074700][00000241A95DF900 49] iPadPro129, [00000241AD09A800][00000241A95E3A80 49] iPadPro97, [00000241AD076600][00000241A95E7C00 49] iPadPro2_129, [00000241AD09BC00][00000241A95EA200 49] iPad5, [00000241AD076200][00000241A95EE380 49] iPad6, [00000241AD098F00][00000241A95F2500 49] iPad7, [00000241AD076D00][00000241A95F6680 49] iPad8, [00000241AD099100][00000241A95FA800 49] iPadPro11, [00000241AD075600][00000241A95FE980 49] iPadPro2_11, [00000241AD09B400][00000241A9602B00 49] iPadPro3_129, [00000241AD076800][00000241AA5E6C40 49] iPadPro4_129, [00000241AD09BA00][00000241A9606D80 49] AppleTV, [00000241AD076100][00000241A960AEC0 49] AppleTV4K, [00000241AD099F00][00000241A9613040 49] TVOS, [00000241AD077400][00000241A96171C0 49] Mac, [00000241AD09B800][00000241A961B340 49] MacClient, [00000241AD075E00][00000241A961F4C0 49] MacNoEditor, [00000241AD09BF00][00000241A9623640 49] MacServer, [00000241AD077500][00000241A962B7C0 49] Linux, [00000241AD098C00][00000241A962F940 49] LinuxAArch64, [00000241AD076F00][00000241A9633AC0 49] LinuxNoEditor, [00000241AD098B00][00000241A029A0C0 49] LinuxAArch64NoEditor, [00000241AD077700][00000241A029E240 49] LinuxClient, [00000241AD099A00][00000241A02A23C0 49] LinuxAArch64Client, [00000241AD075000][00000241A02A6540 49] LinuxServer, [00000241AD09A500][00000241A02AA6C0 49] LinuxAArch64Server, [00000241AD075900][00000241A02AE840 49] Android, [00000241AD099300][00000241A02E09C0 49] Android_Low, [00000241AD076700][00000241ADD5AB40 49] Android_Mid, [00000241AD09AB00][00000241ADD5ECC0 49] Android_High, [00000241AD077800][00000241A960EE00 49] Android_Default, [00000241AD099600][00000241ADD62F40 49] Android_Adreno4xx, [00000241AD075500][00000241ADD67080 49] Android_Adreno5xx_Low, [00000241AD093600][00000241ADD6B1C0 49] Android_Adreno5xx, [00000241AD0DD800][00000241ADD73340 49] Android_Adreno6xx, [00000241AD091200][00000241ADD774C0 49] Android_Adreno6xx_Vulkan, [00000241AD0DFC00][00000241ADD7B640 49] Android_Mali_T6xx, [00000241AD091100][00000241ADD7F7C0 49] Android_Mali_T7xx, [00000241AD0DD600][00000241ADD83940 49] Android_Mali_T8xx, [00000241AD091E00][00000241ADD87AC0 49] Android_Mali_G71, [00000241AD0DC500][00000241ADD8A0C0 49] Android_Mali_G72, [00000241AD090800][00000241ADD8E240 49] Android_Mali_G72_Vulkan, [00000241AD0DD300][00000241ADD923C0 49] Android_Mali_G76, [00000241AD090100][00000241ADD96540 49] Android_Mali_G76_Vulkan, [00000241AD0DDF00][00000241ADD9A6C0 49] Android_Mali_G77, [00000241AD091000][00000241ADD9E840 49] Android_Mali_G77_Vulkan, [00000241AD0DCA00][00000241ADDA29C0 49] Android_Mali_G78, [00000241AD092C00][00000241ADDA6B40 49] Android_Mali_G78_Vulkan, [00000241AD0DF600][00000241ADDAACC0 49] Android_Mali_G710, [00000241AD092A00][00000241ADDAEE40 49] Android_Mali_G710_Vulkan, [00000241AD0DFF00][00000241ADD6EF80 49] Android_Vulkan_SM5, [00000241AD093B00][00000241ADDB30C0 49] Android_PowerVR_G6xxx, [00000241AD0DFB00][00000241ADDB7200 49] Android_PowerVR_GT7xxx, [00000241AD093900][00000241ADDBB340 49] Android_PowerVR_GE8xxx, [00000241AD0DCC00][00000241ADDC34C0 49] Android_PowerVR_GM9xxx, [00000241AD092700][00000241ADDC7640 49] Android_PowerVR_GM9xxx_Vulkan, [00000241AD0DE700][00000241ADDCB7C0 49] Android_TegraK1, [00000241AD090900][00000241ADDCF940 49] Android_Unknown_Vulkan, [00000241AD0DDD00][00000241ADDD3AC0 49] Lumin, [00000241AD090500][00000241ADDD60C0 49] Lumin_Desktop, [00000241AD0DF300][00000241ADDDA240 49] HoloLens, 
[2022.09.26-16.16.51:074][  0]LogMeshReduction: Using QuadricMeshReduction for automatic static mesh reduction
[2022.09.26-16.16.51:075][  0]LogMeshReduction: Using SimplygonMeshReduction for automatic skeletal mesh reduction
[2022.09.26-16.16.51:075][  0]LogMeshReduction: Using ProxyLODMeshReduction for automatic mesh merging
[2022.09.26-16.16.51:075][  0]LogMeshReduction: No distributed automatic mesh merging module available
[2022.09.26-16.16.51:075][  0]LogMeshMerging: No distributed automatic mesh merging module available
[2022.09.26-16.16.51:392][  0]LogNetVersion: BoxmanUnreal 1.0.0, NetCL: 17155196, EngineNetVer: 17, GameNetVer: 0 (Checksum: 154839499)
[2022.09.26-16.16.52:527][  0]LogTexture: Default maximum texture size for cubemaps generated from long-lat sources has been changed from 512 to unlimited. In order to preserve old behaiour for '/Engine/MapTemplates/Sky/DaylightAmbientCubemap.DaylightAmbientCubemap', its maximum texture size has been explicitly set to 512.
[2022.09.26-16.16.52:668][  0]LogHMD: PokeAHoleMaterial loaded successfully
[2022.09.26-16.16.52:675][  0]LogUObjectArray: 17178 objects as part of root set at end of initial load.
[2022.09.26-16.16.52:675][  0]LogUObjectAllocator: 4302048 out of 0 bytes used by permanent object pool.
[2022.09.26-16.16.52:675][  0]LogUObjectArray: CloseDisregardForGC: 0/0 objects in disregard for GC pool
[2022.09.26-16.16.55:168][  0]LogNiagaraDebuggerClient: Niagara Debugger Client Initialized | Session: A937DDC248FA0938FFE3218A367BC4A8 | Instance: 5E7EE4E64E43240F475790B4903E8482 (DESKTOP-PA1D2JD-12720).
[2022.09.26-16.16.55:733][  0]LogUdpMessaging: Initializing bridge on interface 0.0.0.0:0 to multicast group 230.0.0.1:6666.
[2022.09.26-16.16.55:758][  0]LogTcpMessaging: Initializing TcpMessaging bridge
[2022.09.26-16.16.55:908][  0]LogPython: Using Python 3.7.7
[2022.09.26-16.16.57:196][  0]LogLinker: Warning: Failed to load '/Game/2DSideScrollerBP/Blueprints/2DSideScrollerOverview': Can't find file.
[2022.09.26-16.16.57:197][  0]LogLinker: Warning: Failed to load '/Game/2DSideScrollerBP/Blueprints/2DSideScrollerOverview': Can't find file.
[2022.09.26-16.16.57:197][  0]LogUObjectGlobals: Warning: Failed to find object 'Class /Game/2DSideScrollerBP/Blueprints/2DSideScrollerOverview.2DSideScrollerOverview_C'
[2022.09.26-16.16.59:130][  0]LogOpenImageDenoise: OIDN starting up
[2022.09.26-16.16.59:259][  0]LogAndroidPermission: UAndroidPermissionCallbackProxy::GetInstance
[2022.09.26-16.16.59:396][  0]LogAudioCaptureCore: Display: No Audio Capture implementations found. Audio input will be silent.
[2022.09.26-16.16.59:396][  0]LogAudioCaptureCore: Display: No Audio Capture implementations found. Audio input will be silent.
[2022.09.26-16.17.00:172][  0]SourceControl: Source control is disabled
[2022.09.26-16.17.00:173][  0]SourceControl: Source control is disabled
[2022.09.26-16.17.00:198][  0]SourceControl: Source control is disabled
[2022.09.26-16.17.00:224][  0]SourceControl: Source control is disabled
[2022.09.26-16.17.00:300][  0]SourceControl: Source control is disabled
[2022.09.26-16.17.00:323][  0]LogUProjectInfo: Found projects:
[2022.09.26-16.17.00:428][  0]LogCollectionManager: Loaded 0 collections in 0.002363 seconds
[2022.09.26-16.17.00:536][  0]LogFileCache: Scanning file cache for directory 'C:/GameDev/Unreal/Boxman/BoxmanUnreal/Saved/Collections/' took 0.00s
[2022.09.26-16.17.00:536][  0]LogFileCache: Scanning file cache for directory 'C:/GameDev/Unreal/Boxman/BoxmanUnreal/Content/Developers/natha/Collections/' took 0.00s
[2022.09.26-16.17.00:536][  0]LogFileCache: Scanning file cache for directory 'C:/GameDev/Unreal/Boxman/BoxmanUnreal/Content/Collections/' took 0.00s
[2022.09.26-16.17.00:536][  0]LogOcInput: OculusInput pre-init called
[2022.09.26-16.17.01:013][  0]LogEngine: Initializing Engine...
[2022.09.26-16.17.01:056][  0]LogHMD: Failed to enumerate extensions. Please check that you have a valid OpenXR runtime installed.
[2022.09.26-16.17.01:056][  0]LogHMD: Failed to initialize OpenVR with code 110
[2022.09.26-16.17.01:056][  0]LogMagicLeap: Warning: VR disabled because ZI is not enabled.  To enable, in the editor, Edit -> Project Settings -> Plugins -> Magic Leap Plugin -> Enable Zero Iteration
[2022.09.26-16.17.01:057][  0]LogStats: UGameplayTagsManager::InitializeManager -  0.000 s
[2022.09.26-16.17.01:388][  0]LogInit: Initializing FReadOnlyCVARCache
[2022.09.26-16.17.01:416][  0]LogAIModule: Creating AISystem for world Untitled
[2022.09.26-16.17.01:417][  0]LogAudio: Display: Initializing Audio Device Manager...
[2022.09.26-16.17.01:439][  0]LogAudio: Display: Loading Default Audio Settings Objects...
[2022.09.26-16.17.01:444][  0]LogAudio: Display: No default SoundConcurrencyObject specified (or failed to load).
[2022.09.26-16.17.01:445][  0]LogAudio: Display: Audio Device Manager Initialized
[2022.09.26-16.17.01:445][  0]LogAudio: Display: Creating Audio Device:                 Id: 1, Scope: Shared, Realtime: True
[2022.09.26-16.17.01:445][  0]LogAudioMixer: Display: Audio Mixer Platform Settings:
[2022.09.26-16.17.01:445][  0]LogAudioMixer: Display: 	Sample Rate:						  48000
[2022.09.26-16.17.01:445][  0]LogAudioMixer: Display: 	Callback Buffer Frame Size Requested: 1024
[2022.09.26-16.17.01:445][  0]LogAudioMixer: Display: 	Callback Buffer Frame Size To Use:	  1024
[2022.09.26-16.17.01:445][  0]LogAudioMixer: Display: 	Number of buffers to queue:			  2
[2022.09.26-16.17.01:445][  0]LogAudioMixer: Display: 	Max Channels (voices):				  32
[2022.09.26-16.17.01:445][  0]LogAudioMixer: Display: 	Number of Async Source Workers:		  0
[2022.09.26-16.17.01:445][  0]LogAudio: Display: AudioDevice MaxSources: 32
[2022.09.26-16.17.01:445][  0]LogAudio: Display: Audio Spatialization Plugin: None (built-in).
[2022.09.26-16.17.01:445][  0]LogAudio: Display: Audio Reverb Plugin: None (built-in).
[2022.09.26-16.17.01:445][  0]LogAudio: Display: Audio Occlusion Plugin: None (built-in).
[2022.09.26-16.17.01:445][  0]LogAudioMixer: Display: Initializing audio mixer.
[2022.09.26-16.17.01:524][  0]LogAudioMixer: Display: 0: FrontLeft
[2022.09.26-16.17.01:524][  0]LogAudioMixer: Display: 1: FrontRight
[2022.09.26-16.17.01:539][  0]LogAudioMixer: Display: Using Audio Device Headphones (Soundcore Liberty 2 Pro Stereo)
[2022.09.26-16.17.01:540][  0]LogAudioMixer: Display: Initializing Sound Submixes...
[2022.09.26-16.17.01:565][  0]LogAudioMixer: Display: Creating Master Submix 'MasterSubmixDefault'
[2022.09.26-16.17.01:565][  0]LogAudioMixer: Display: Creating Master Submix 'MasterReverbSubmixDefault'
[2022.09.26-16.17.01:566][  0]LogAudioMixer: Display: Creating Master Submix 'MasterEQSubmixDefault'
[2022.09.26-16.17.01:566][  0]LogAudioMixer: FMixerPlatformXAudio2::StartAudioStream() called
[2022.09.26-16.17.01:566][  0]LogAudioMixer: Display: Output buffers initialized: Frames=1024, Channels=2, Samples=2048
[2022.09.26-16.17.01:568][  0]LogAudioMixer: Display: Starting AudioMixerPlatformInterface::RunInternal()
[2022.09.26-16.17.01:568][  0]LogAudioMixer: Display: FMixerPlatformXAudio2::SubmitBuffer() called for the first time
[2022.09.26-16.17.01:568][  0]LogInit: FAudioDevice initialized.
[2022.09.26-16.17.01:568][  0]LogAudio: Display: Audio Device (ID: 1) registered with world 'Untitled'.
[2022.09.26-16.17.01:568][  0]LogNetVersion: Set ProjectVersion to 1.0.0.0. Version Checksum will be recalculated on next use.
[2022.09.26-16.17.01:785][  0]LogDerivedDataCache: Saved boot cache 0.22s 96MB C:/Users/natha/AppData/Local/UnrealEngine/4.27/DerivedDataCache/Boot.ddc.
[2022.09.26-16.17.01:786][  0]LogInit: Texture streaming: Enabled
[2022.09.26-16.17.01:864][  0]LogAnalytics: Display: [UEEditor.Rocket.Release] APIServer = https://datarouter.ol.epicgames.com/. AppVersion = 4.27.2-18319896+++UE4+Release-4.27
[2022.09.26-16.17.01:885][  0]LogEngineSessionManager: EngineSessionManager initialized
[2022.09.26-16.17.01:885][  0]LogEditorSessionSummary: Verbose: Initializing EditorSessionSummaryWriter for editor session tracking
[2022.09.26-16.17.01:887][  0]LogEditorSessionSummary: EditorSessionSummaryWriter initialized
[2022.09.26-16.17.01:965][  0]LogInit: Transaction tracking system initialized
[2022.09.26-16.17.02:115][  0]BlueprintLog: New page: Editor Load
[2022.09.26-16.17.02:644][  0]LocalizationService: Localization service is disabled
[2022.09.26-16.17.02:789][  0]TimingProfiler: Initialize
[2022.09.26-16.17.02:789][  0]TimingProfiler: OnSessionChanged
[2022.09.26-16.17.02:789][  0]LoadingProfiler: Initialize
[2022.09.26-16.17.02:790][  0]LoadingProfiler: OnSessionChanged
[2022.09.26-16.17.02:790][  0]NetworkingProfiler: Initialize
[2022.09.26-16.17.02:790][  0]NetworkingProfiler: OnSessionChanged
[2022.09.26-16.17.02:790][  0]MemoryProfiler: Initialize
[2022.09.26-16.17.02:790][  0]MemoryProfiler: OnSessionChanged
[2022.09.26-16.17.03:541][  0]LogCook: Display: CookSettings for Memory: MemoryMaxUsedVirtual 0MiB, MemoryMaxUsedPhysical 16384MiB, MemoryMinFreeVirtual 0MiB, MemoryMinFreePhysical 1024MiB
[2022.09.26-16.17.03:541][  0]LogCook: Display: Mobile HDR setting 1
[2022.09.26-16.17.04:415][  0]LogFileCache: Scanning file cache for directory 'C:/GameDev/Unreal/Boxman/BoxmanUnreal/Content/' took 0.01s
[2022.09.26-16.17.04:754][  0]LogInit: Display: Engine is initialized. Leaving FEngineLoop::Init()
[2022.09.26-16.17.04:759][  0]SourceControl: Source control is disabled
[2022.09.26-16.17.04:759][  0]LogUnrealEdMisc: Loading editor; pre map load, took 38.869
[2022.09.26-16.17.04:759][  0]Cmd: MAP LOAD FILE="../../../../../../GameDev/Unreal/Boxman/BoxmanUnreal/Content/Blueprints/ThirdPersonExampleMap.umap" TEMPLATE=0 SHOWPROGRESS=1 FEATURELEVEL=3
[2022.09.26-16.17.04:760][  0]LightingResults: New page: Lighting Build
[2022.09.26-16.17.04:761][  0]LogWorld: UWorld::CleanupWorld for Untitled, bSessionEnded=true, bCleanupResources=true
[2022.09.26-16.17.04:761][  0]LogSlate: InvalidateAllWidgets triggered.  All widgets were invalidated
[2022.09.26-16.17.04:762][  0]MapCheck: New page: Map Check
[2022.09.26-16.17.04:762][  0]LightingResults: New page: Lighting Build
[2022.09.26-16.17.04:768][  0]LogAudio: Display: Audio Device unregistered from world 'None'.
[2022.09.26-16.17.04:771][  0]LogUObjectHash: Compacting FUObjectHashTables data took   0.91ms
[2022.09.26-16.17.05:060][  0]LogBlueprint: Warning: [AssetLog] C:\GameDev\Unreal\Boxman\BoxmanUnreal\Content\Characters\Boxman\Boxman_Animation.uasset: [Compiler] Idle/Run to KillingPlayer  will never be taken, please connect something to  Can Enter Transition
[2022.09.26-16.17.06:469][  0]LogAudio: Display: Audio Device (ID: 1) registered with world 'ThirdPersonExampleMap'.
[2022.09.26-16.17.06:470][  0]LogAIModule: Creating AISystem for world ThirdPersonExampleMap
[2022.09.26-16.17.06:486][  0]LogEditorServer: Finished looking for orphan Actors (0.000 secs)
[2022.09.26-16.17.06:500][  0]LogUObjectHash: Compacting FUObjectHashTables data took   1.06ms
[2022.09.26-16.17.06:501][  0]Cmd: MAP CHECKDEP NOCLEARLOG
[2022.09.26-16.17.06:501][  0]MapCheck: Map check complete: 0 Error(s), 0 Warning(s), took 0.28ms to complete.
[2022.09.26-16.17.06:501][  0]LogFileHelpers: Loading map 'ThirdPersonExampleMap' took 1.742
[2022.09.26-16.17.06:503][  0]LogUnrealEdMisc: Total Editor Startup Time, took 40.613
[2022.09.26-16.17.06:624][  0]LogSlate: Updating window title bar state: overlay mode, drag disabled, window buttons hidden, title bar hidden
[2022.09.26-16.17.06:632][  0]LogSlate: Updating window title bar state: overlay mode, drag disabled, window buttons hidden, title bar hidden
[2022.09.26-16.17.06:640][  0]LogSlate: Updating window title bar state: overlay mode, drag disabled, window buttons hidden, title bar hidden
[2022.09.26-16.17.06:647][  0]LogSlate: Updating window title bar state: overlay mode, drag disabled, window buttons hidden, title bar hidden
[2022.09.26-16.17.06:669][  0]LogNativeClassHierarchy: Verbose: Native class hierarchy populated in 0.0119 seconds. Added 3822 classes and 928 folders.
[2022.09.26-16.17.06:672][  0]LogNativeClassHierarchy: Verbose: Native class hierarchy updated for 'WidgetCarousel' in 0.0003 seconds. Added 0 classes and 0 folders.
[2022.09.26-16.17.06:681][  0]LogPakFile: PakFile PrimaryIndexSize=187
[2022.09.26-16.17.06:681][  0]LogPakFile: PakFile PathHashIndexSize=101
[2022.09.26-16.17.06:681][  0]LogPakFile: PakFile FullDirectoryIndexSize=148
[2022.09.26-16.17.06:681][  0]LogShaderLibrary: Display: ShaderCodeLibraryPakFileMountedCallback: PakFile 'C:/Program Files/Epic Games/UE_4.27/FeaturePacks/FP_FirstPerson.upack' (chunk index -1, root 'root:/') mounted
[2022.09.26-16.17.06:682][  0]LogShaderLibrary: Display: ShaderCodeLibraryPakFileMountedCallback: pending pak file info (ChunkID:-1 Root:root:/ File:C:/Program Files/Epic Games/UE_4.27/FeaturePacks/FP_FirstPerson.upack)
[2022.09.26-16.17.06:682][  0]LogPakFile: OnPakFileMounted2Time == 0.000071
[2022.09.26-16.17.06:689][  0]LogPakFile: PakFile PrimaryIndexSize=189
[2022.09.26-16.17.06:689][  0]LogPakFile: PakFile PathHashIndexSize=101
[2022.09.26-16.17.06:689][  0]LogPakFile: PakFile FullDirectoryIndexSize=152
[2022.09.26-16.17.06:689][  0]LogShaderLibrary: Display: ShaderCodeLibraryPakFileMountedCallback: PakFile 'C:/Program Files/Epic Games/UE_4.27/FeaturePacks/FP_FirstPersonBP.upack' (chunk index -1, root 'root:/') mounted
[2022.09.26-16.17.06:689][  0]LogShaderLibrary: Display: ShaderCodeLibraryPakFileMountedCallback: pending pak file info (ChunkID:-1 Root:root:/ File:C:/Program Files/Epic Games/UE_4.27/FeaturePacks/FP_FirstPersonBP.upack)
[2022.09.26-16.17.06:689][  0]LogPakFile: OnPakFileMounted2Time == 0.000051
[2022.09.26-16.17.06:695][  0]LogPakFile: PakFile PrimaryIndexSize=191
[2022.09.26-16.17.06:695][  0]LogPakFile: PakFile PathHashIndexSize=101
[2022.09.26-16.17.06:695][  0]LogPakFile: PakFile FullDirectoryIndexSize=160
[2022.09.26-16.17.06:695][  0]LogShaderLibrary: Display: ShaderCodeLibraryPakFileMountedCallback: PakFile 'C:/Program Files/Epic Games/UE_4.27/FeaturePacks/MobileStarterContent.upack' (chunk index -1, root 'root:/') mounted
[2022.09.26-16.17.06:695][  0]LogShaderLibrary: Display: ShaderCodeLibraryPakFileMountedCallback: pending pak file info (ChunkID:-1 Root:root:/ File:C:/Program Files/Epic Games/UE_4.27/FeaturePacks/MobileStarterContent.upack)
[2022.09.26-16.17.06:695][  0]LogPakFile: OnPakFileMounted2Time == 0.000047
[2022.09.26-16.17.06:701][  0]LogPakFile: PakFile PrimaryIndexSize=185
[2022.09.26-16.17.06:701][  0]LogPakFile: PakFile PathHashIndexSize=101
[2022.09.26-16.17.06:701][  0]LogPakFile: PakFile FullDirectoryIndexSize=148
[2022.09.26-16.17.06:701][  0]LogShaderLibrary: Display: ShaderCodeLibraryPakFileMountedCallback: PakFile 'C:/Program Files/Epic Games/UE_4.27/FeaturePacks/StarterContent.upack' (chunk index -1, root 'root:/') mounted
[2022.09.26-16.17.06:701][  0]LogShaderLibrary: Display: ShaderCodeLibraryPakFileMountedCallback: pending pak file info (ChunkID:-1 Root:root:/ File:C:/Program Files/Epic Games/UE_4.27/FeaturePacks/StarterContent.upack)
[2022.09.26-16.17.06:701][  0]LogPakFile: OnPakFileMounted2Time == 0.000049
[2022.09.26-16.17.06:706][  0]LogPakFile: PakFile PrimaryIndexSize=190
[2022.09.26-16.17.06:706][  0]LogPakFile: PakFile PathHashIndexSize=101
[2022.09.26-16.17.06:706][  0]LogPakFile: PakFile FullDirectoryIndexSize=154
[2022.09.26-16.17.06:706][  0]LogShaderLibrary: Display: ShaderCodeLibraryPakFileMountedCallback: PakFile 'C:/Program Files/Epic Games/UE_4.27/FeaturePacks/TP_2DSideScroller.upack' (chunk index -1, root 'root:/') mounted
[2022.09.26-16.17.06:706][  0]LogShaderLibrary: Display: ShaderCodeLibraryPakFileMountedCallback: pending pak file info (ChunkID:-1 Root:root:/ File:C:/Program Files/Epic Games/UE_4.27/FeaturePacks/TP_2DSideScroller.upack)
[2022.09.26-16.17.06:706][  0]LogPakFile: OnPakFileMounted2Time == 0.000046
[2022.09.26-16.17.06:712][  0]LogPakFile: PakFile PrimaryIndexSize=192
[2022.09.26-16.17.06:712][  0]LogPakFile: PakFile PathHashIndexSize=101
[2022.09.26-16.17.06:712][  0]LogPakFile: PakFile FullDirectoryIndexSize=158
[2022.09.26-16.17.06:712][  0]LogShaderLibrary: Display: ShaderCodeLibraryPakFileMountedCallback: PakFile 'C:/Program Files/Epic Games/UE_4.27/FeaturePacks/TP_2DSideScrollerBP.upack' (chunk index -1, root 'root:/') mounted
[2022.09.26-16.17.06:712][  0]LogShaderLibrary: Display: ShaderCodeLibraryPakFileMountedCallback: pending pak file info (ChunkID:-1 Root:root:/ File:C:/Program Files/Epic Games/UE_4.27/FeaturePacks/TP_2DSideScrollerBP.upack)
[2022.09.26-16.17.06:712][  0]LogPakFile: OnPakFileMounted2Time == 0.000049
[2022.09.26-16.17.06:718][  0]LogPakFile: PakFile PrimaryIndexSize=182
[2022.09.26-16.17.06:718][  0]LogPakFile: PakFile PathHashIndexSize=101
[2022.09.26-16.17.06:718][  0]LogPakFile: PakFile FullDirectoryIndexSize=138
[2022.09.26-16.17.06:718][  0]LogShaderLibrary: Display: ShaderCodeLibraryPakFileMountedCallback: PakFile 'C:/Program Files/Epic Games/UE_4.27/FeaturePacks/TP_Flying.upack' (chunk index -1, root 'root:/') mounted
[2022.09.26-16.17.06:718][  0]LogShaderLibrary: Display: ShaderCodeLibraryPakFileMountedCallback: pending pak file info (ChunkID:-1 Root:root:/ File:C:/Program Files/Epic Games/UE_4.27/FeaturePacks/TP_Flying.upack)
[2022.09.26-16.17.06:718][  0]LogPakFile: OnPakFileMounted2Time == 0.000054
[2022.09.26-16.17.06:725][  0]LogPakFile: PakFile PrimaryIndexSize=184
[2022.09.26-16.17.06:725][  0]LogPakFile: PakFile PathHashIndexSize=101
[2022.09.26-16.17.06:725][  0]LogPakFile: PakFile FullDirectoryIndexSize=142
[2022.09.26-16.17.06:725][  0]LogShaderLibrary: Display: ShaderCodeLibraryPakFileMountedCallback: PakFile 'C:/Program Files/Epic Games/UE_4.27/FeaturePacks/TP_FlyingBP.upack' (chunk index -1, root 'root:/') mounted
[2022.09.26-16.17.06:725][  0]LogShaderLibrary: Display: ShaderCodeLibraryPakFileMountedCallback: pending pak file info (ChunkID:-1 Root:root:/ File:C:/Program Files/Epic Games/UE_4.27/FeaturePacks/TP_FlyingBP.upack)
[2022.09.26-16.17.06:725][  0]LogPakFile: OnPakFileMounted2Time == 0.000049
[2022.09.26-16.17.06:732][  0]LogPakFile: PakFile PrimaryIndexSize=188
[2022.09.26-16.17.06:732][  0]LogPakFile: PakFile PathHashIndexSize=101
[2022.09.26-16.17.06:732][  0]LogPakFile: PakFile FullDirectoryIndexSize=150
[2022.09.26-16.17.06:732][  0]LogShaderLibrary: Display: ShaderCodeLibraryPakFileMountedCallback: PakFile 'C:/Program Files/Epic Games/UE_4.27/FeaturePacks/TP_HandheldARBP.upack' (chunk index -1, root 'root:/') mounted
[2022.09.26-16.17.06:732][  0]LogShaderLibrary: Display: ShaderCodeLibraryPakFileMountedCallback: pending pak file info (ChunkID:-1 Root:root:/ File:C:/Program Files/Epic Games/UE_4.27/FeaturePacks/TP_HandheldARBP.upack)
[2022.09.26-16.17.06:732][  0]LogPakFile: OnPakFileMounted2Time == 0.000051
[2022.09.26-16.17.06:739][  0]LogPakFile: PakFile PrimaryIndexSize=182
[2022.09.26-16.17.06:739][  0]LogPakFile: PakFile PathHashIndexSize=101
[2022.09.26-16.17.06:739][  0]LogPakFile: PakFile FullDirectoryIndexSize=138
[2022.09.26-16.17.06:739][  0]LogShaderLibrary: Display: ShaderCodeLibraryPakFileMountedCallback: PakFile 'C:/Program Files/Epic Games/UE_4.27/FeaturePacks/TP_Puzzle.upack' (chunk index -1, root 'root:/') mounted
[2022.09.26-16.17.06:739][  0]LogShaderLibrary: Display: ShaderCodeLibraryPakFileMountedCallback: pending pak file info (ChunkID:-1 Root:root:/ File:C:/Program Files/Epic Games/UE_4.27/FeaturePacks/TP_Puzzle.upack)
[2022.09.26-16.17.06:739][  0]LogPakFile: OnPakFileMounted2Time == 0.000055
[2022.09.26-16.17.06:746][  0]LogPakFile: PakFile PrimaryIndexSize=184
[2022.09.26-16.17.06:746][  0]LogPakFile: PakFile PathHashIndexSize=101
[2022.09.26-16.17.06:746][  0]LogPakFile: PakFile FullDirectoryIndexSize=142
[2022.09.26-16.17.06:746][  0]LogShaderLibrary: Display: ShaderCodeLibraryPakFileMountedCallback: PakFile 'C:/Program Files/Epic Games/UE_4.27/FeaturePacks/TP_PuzzleBP.upack' (chunk index -1, root 'root:/') mounted
[2022.09.26-16.17.06:746][  0]LogShaderLibrary: Display: ShaderCodeLibraryPakFileMountedCallback: pending pak file info (ChunkID:-1 Root:root:/ File:C:/Program Files/Epic Games/UE_4.27/FeaturePacks/TP_PuzzleBP.upack)
[2022.09.26-16.17.06:746][  0]LogPakFile: OnPakFileMounted2Time == 0.000048
[2022.09.26-16.17.06:752][  0]LogPakFile: PakFile PrimaryIndexSize=183
[2022.09.26-16.17.06:752][  0]LogPakFile: PakFile PathHashIndexSize=101
[2022.09.26-16.17.06:752][  0]LogPakFile: PakFile FullDirectoryIndexSize=140
[2022.09.26-16.17.06:752][  0]LogShaderLibrary: Display: ShaderCodeLibraryPakFileMountedCallback: PakFile 'C:/Program Files/Epic Games/UE_4.27/FeaturePacks/TP_Rolling.upack' (chunk index -1, root 'root:/') mounted
[2022.09.26-16.17.06:752][  0]LogShaderLibrary: Display: ShaderCodeLibraryPakFileMountedCallback: pending pak file info (ChunkID:-1 Root:root:/ File:C:/Program Files/Epic Games/UE_4.27/FeaturePacks/TP_Rolling.upack)
[2022.09.26-16.17.06:752][  0]LogPakFile: OnPakFileMounted2Time == 0.000049
[2022.09.26-16.17.06:761][  0]LogPakFile: PakFile PrimaryIndexSize=185
[2022.09.26-16.17.06:761][  0]LogPakFile: PakFile PathHashIndexSize=101
[2022.09.26-16.17.06:761][  0]LogPakFile: PakFile FullDirectoryIndexSize=144
[2022.09.26-16.17.06:761][  0]LogShaderLibrary: Display: ShaderCodeLibraryPakFileMountedCallback: PakFile 'C:/Program Files/Epic Games/UE_4.27/FeaturePacks/TP_RollingBP.upack' (chunk index -1, root 'root:/') mounted
[2022.09.26-16.17.06:761][  0]LogShaderLibrary: Display: ShaderCodeLibraryPakFileMountedCallback: pending pak file info (ChunkID:-1 Root:root:/ File:C:/Program Files/Epic Games/UE_4.27/FeaturePacks/TP_RollingBP.upack)
[2022.09.26-16.17.06:761][  0]LogPakFile: OnPakFileMounted2Time == 0.000048
[2022.09.26-16.17.06:767][  0]LogPakFile: PakFile PrimaryIndexSize=188
[2022.09.26-16.17.06:767][  0]LogPakFile: PakFile PathHashIndexSize=101
[2022.09.26-16.17.06:767][  0]LogPakFile: PakFile FullDirectoryIndexSize=150
[2022.09.26-16.17.06:767][  0]LogShaderLibrary: Display: ShaderCodeLibraryPakFileMountedCallback: PakFile 'C:/Program Files/Epic Games/UE_4.27/FeaturePacks/TP_SideScroller.upack' (chunk index -1, root 'root:/') mounted
[2022.09.26-16.17.06:767][  0]LogShaderLibrary: Display: ShaderCodeLibraryPakFileMountedCallback: pending pak file info (ChunkID:-1 Root:root:/ File:C:/Program Files/Epic Games/UE_4.27/FeaturePacks/TP_SideScroller.upack)
[2022.09.26-16.17.06:767][  0]LogPakFile: OnPakFileMounted2Time == 0.000048
[2022.09.26-16.17.06:773][  0]LogPakFile: PakFile PrimaryIndexSize=190
[2022.09.26-16.17.06:773][  0]LogPakFile: PakFile PathHashIndexSize=101
[2022.09.26-16.17.06:773][  0]LogPakFile: PakFile FullDirectoryIndexSize=154
[2022.09.26-16.17.06:773][  0]LogShaderLibrary: Display: ShaderCodeLibraryPakFileMountedCallback: PakFile 'C:/Program Files/Epic Games/UE_4.27/FeaturePacks/TP_SideScrollerBP.upack' (chunk index -1, root 'root:/') mounted
[2022.09.26-16.17.06:773][  0]LogShaderLibrary: Display: ShaderCodeLibraryPakFileMountedCallback: pending pak file info (ChunkID:-1 Root:root:/ File:C:/Program Files/Epic Games/UE_4.27/FeaturePacks/TP_SideScrollerBP.upack)
[2022.09.26-16.17.06:773][  0]LogPakFile: OnPakFileMounted2Time == 0.000059
[2022.09.26-16.17.06:779][  0]LogPakFile: PakFile PrimaryIndexSize=187
[2022.09.26-16.17.06:779][  0]LogPakFile: PakFile PathHashIndexSize=101
[2022.09.26-16.17.06:779][  0]LogPakFile: PakFile FullDirectoryIndexSize=148
[2022.09.26-16.17.06:780][  0]LogShaderLibrary: Display: ShaderCodeLibraryPakFileMountedCallback: PakFile 'C:/Program Files/Epic Games/UE_4.27/FeaturePacks/TP_ThirdPerson.upack' (chunk index -1, root 'root:/') mounted
[2022.09.26-16.17.06:780][  0]LogShaderLibrary: Display: ShaderCodeLibraryPakFileMountedCallback: pending pak file info (ChunkID:-1 Root:root:/ File:C:/Program Files/Epic Games/UE_4.27/FeaturePacks/TP_ThirdPerson.upack)
[2022.09.26-16.17.06:780][  0]LogPakFile: OnPakFileMounted2Time == 0.000048
[2022.09.26-16.17.06:785][  0]LogPakFile: PakFile PrimaryIndexSize=189
[2022.09.26-16.17.06:785][  0]LogPakFile: PakFile PathHashIndexSize=101
[2022.09.26-16.17.06:785][  0]LogPakFile: PakFile FullDirectoryIndexSize=152
[2022.09.26-16.17.06:786][  0]LogShaderLibrary: Display: ShaderCodeLibraryPakFileMountedCallback: PakFile 'C:/Program Files/Epic Games/UE_4.27/FeaturePacks/TP_ThirdPersonBP.upack' (chunk index -1, root 'root:/') mounted
[2022.09.26-16.17.06:786][  0]LogShaderLibrary: Display: ShaderCodeLibraryPakFileMountedCallback: pending pak file info (ChunkID:-1 Root:root:/ File:C:/Program Files/Epic Games/UE_4.27/FeaturePacks/TP_ThirdPersonBP.upack)
[2022.09.26-16.17.06:786][  0]LogPakFile: OnPakFileMounted2Time == 0.000053
[2022.09.26-16.17.06:791][  0]LogPakFile: PakFile PrimaryIndexSize=183
[2022.09.26-16.17.06:792][  0]LogPakFile: PakFile PathHashIndexSize=101
[2022.09.26-16.17.06:792][  0]LogPakFile: PakFile FullDirectoryIndexSize=140
[2022.09.26-16.17.06:792][  0]LogShaderLibrary: Display: ShaderCodeLibraryPakFileMountedCallback: PakFile 'C:/Program Files/Epic Games/UE_4.27/FeaturePacks/TP_TopDown.upack' (chunk index -1, root 'root:/') mounted
[2022.09.26-16.17.06:792][  0]LogShaderLibrary: Display: ShaderCodeLibraryPakFileMountedCallback: pending pak file info (ChunkID:-1 Root:root:/ File:C:/Program Files/Epic Games/UE_4.27/FeaturePacks/TP_TopDown.upack)
[2022.09.26-16.17.06:792][  0]LogPakFile: OnPakFileMounted2Time == 0.000067
[2022.09.26-16.17.06:798][  0]LogPakFile: PakFile PrimaryIndexSize=185
[2022.09.26-16.17.06:798][  0]LogPakFile: PakFile PathHashIndexSize=101
[2022.09.26-16.17.06:798][  0]LogPakFile: PakFile FullDirectoryIndexSize=144
[2022.09.26-16.17.06:798][  0]LogShaderLibrary: Display: ShaderCodeLibraryPakFileMountedCallback: PakFile 'C:/Program Files/Epic Games/UE_4.27/FeaturePacks/TP_TopDownBP.upack' (chunk index -1, root 'root:/') mounted
[2022.09.26-16.17.06:798][  0]LogShaderLibrary: Display: ShaderCodeLibraryPakFileMountedCallback: pending pak file info (ChunkID:-1 Root:root:/ File:C:/Program Files/Epic Games/UE_4.27/FeaturePacks/TP_TopDownBP.upack)
[2022.09.26-16.17.06:798][  0]LogPakFile: OnPakFileMounted2Time == 0.000053
[2022.09.26-16.17.06:808][  0]LogPakFile: PakFile PrimaryIndexSize=185
[2022.09.26-16.17.06:808][  0]LogPakFile: PakFile PathHashIndexSize=101
[2022.09.26-16.17.06:808][  0]LogPakFile: PakFile FullDirectoryIndexSize=144
[2022.09.26-16.17.06:808][  0]LogShaderLibrary: Display: ShaderCodeLibraryPakFileMountedCallback: PakFile 'C:/Program Files/Epic Games/UE_4.27/FeaturePacks/TP_TwinStick.upack' (chunk index -1, root 'root:/') mounted
[2022.09.26-16.17.06:808][  0]LogShaderLibrary: Display: ShaderCodeLibraryPakFileMountedCallback: pending pak file info (ChunkID:-1 Root:root:/ File:C:/Program Files/Epic Games/UE_4.27/FeaturePacks/TP_TwinStick.upack)
[2022.09.26-16.17.06:808][  0]LogPakFile: OnPakFileMounted2Time == 0.000048
[2022.09.26-16.17.06:814][  0]LogPakFile: PakFile PrimaryIndexSize=187
[2022.09.26-16.17.06:814][  0]LogPakFile: PakFile PathHashIndexSize=101
[2022.09.26-16.17.06:814][  0]LogPakFile: PakFile FullDirectoryIndexSize=148
[2022.09.26-16.17.06:814][  0]LogShaderLibrary: Display: ShaderCodeLibraryPakFileMountedCallback: PakFile 'C:/Program Files/Epic Games/UE_4.27/FeaturePacks/TP_TwinStickBP.upack' (chunk index -1, root 'root:/') mounted
[2022.09.26-16.17.06:814][  0]LogShaderLibrary: Display: ShaderCodeLibraryPakFileMountedCallback: pending pak file info (ChunkID:-1 Root:root:/ File:C:/Program Files/Epic Games/UE_4.27/FeaturePacks/TP_TwinStickBP.upack)
[2022.09.26-16.17.06:814][  0]LogPakFile: OnPakFileMounted2Time == 0.000052
[2022.09.26-16.17.06:820][  0]LogPakFile: PakFile PrimaryIndexSize=183
[2022.09.26-16.17.06:820][  0]LogPakFile: PakFile PathHashIndexSize=101
[2022.09.26-16.17.06:820][  0]LogPakFile: PakFile FullDirectoryIndexSize=140
[2022.09.26-16.17.06:820][  0]LogShaderLibrary: Display: ShaderCodeLibraryPakFileMountedCallback: PakFile 'C:/Program Files/Epic Games/UE_4.27/FeaturePacks/TP_Vehicle.upack' (chunk index -1, root 'root:/') mounted
[2022.09.26-16.17.06:820][  0]LogShaderLibrary: Display: ShaderCodeLibraryPakFileMountedCallback: pending pak file info (ChunkID:-1 Root:root:/ File:C:/Program Files/Epic Games/UE_4.27/FeaturePacks/TP_Vehicle.upack)
[2022.09.26-16.17.06:820][  0]LogPakFile: OnPakFileMounted2Time == 0.000052
[2022.09.26-16.17.06:827][  0]LogPakFile: PakFile PrimaryIndexSize=186
[2022.09.26-16.17.06:827][  0]LogPakFile: PakFile PathHashIndexSize=101
[2022.09.26-16.17.06:827][  0]LogPakFile: PakFile FullDirectoryIndexSize=146
[2022.09.26-16.17.06:827][  0]LogShaderLibrary: Display: ShaderCodeLibraryPakFileMountedCallback: PakFile 'C:/Program Files/Epic Games/UE_4.27/FeaturePacks/TP_VehicleAdv.upack' (chunk index -1, root 'root:/') mounted
[2022.09.26-16.17.06:827][  0]LogShaderLibrary: Display: ShaderCodeLibraryPakFileMountedCallback: pending pak file info (ChunkID:-1 Root:root:/ File:C:/Program Files/Epic Games/UE_4.27/FeaturePacks/TP_VehicleAdv.upack)
[2022.09.26-16.17.06:827][  0]LogPakFile: OnPakFileMounted2Time == 0.000058
[2022.09.26-16.17.06:832][  0]LogPakFile: PakFile PrimaryIndexSize=188
[2022.09.26-16.17.06:832][  0]LogPakFile: PakFile PathHashIndexSize=101
[2022.09.26-16.17.06:832][  0]LogPakFile: PakFile FullDirectoryIndexSize=150
[2022.09.26-16.17.06:832][  0]LogShaderLibrary: Display: ShaderCodeLibraryPakFileMountedCallback: PakFile 'C:/Program Files/Epic Games/UE_4.27/FeaturePacks/TP_VehicleAdvBP.upack' (chunk index -1, root 'root:/') mounted
[2022.09.26-16.17.06:832][  0]LogShaderLibrary: Display: ShaderCodeLibraryPakFileMountedCallback: pending pak file info (ChunkID:-1 Root:root:/ File:C:/Program Files/Epic Games/UE_4.27/FeaturePacks/TP_VehicleAdvBP.upack)
[2022.09.26-16.17.06:832][  0]LogPakFile: OnPakFileMounted2Time == 0.000048
[2022.09.26-16.17.06:838][  0]LogPakFile: PakFile PrimaryIndexSize=185
[2022.09.26-16.17.06:838][  0]LogPakFile: PakFile PathHashIndexSize=101
[2022.09.26-16.17.06:838][  0]LogPakFile: PakFile FullDirectoryIndexSize=144
[2022.09.26-16.17.06:838][  0]LogShaderLibrary: Display: ShaderCodeLibraryPakFileMountedCallback: PakFile 'C:/Program Files/Epic Games/UE_4.27/FeaturePacks/TP_VehicleBP.upack' (chunk index -1, root 'root:/') mounted
[2022.09.26-16.17.06:838][  0]LogShaderLibrary: Display: ShaderCodeLibraryPakFileMountedCallback: pending pak file info (ChunkID:-1 Root:root:/ File:C:/Program Files/Epic Games/UE_4.27/FeaturePacks/TP_VehicleBP.upack)
[2022.09.26-16.17.06:838][  0]LogPakFile: OnPakFileMounted2Time == 0.000048
[2022.09.26-16.17.06:843][  0]LogPakFile: PakFile PrimaryIndexSize=192
[2022.09.26-16.17.06:844][  0]LogPakFile: PakFile PathHashIndexSize=101
[2022.09.26-16.17.06:844][  0]LogPakFile: PakFile FullDirectoryIndexSize=158
[2022.09.26-16.17.06:844][  0]LogShaderLibrary: Display: ShaderCodeLibraryPakFileMountedCallback: PakFile 'C:/Program Files/Epic Games/UE_4.27/FeaturePacks/TP_VirtualRealityBP.upack' (chunk index -1, root 'root:/') mounted
[2022.09.26-16.17.06:844][  0]LogShaderLibrary: Display: ShaderCodeLibraryPakFileMountedCallback: pending pak file info (ChunkID:-1 Root:root:/ File:C:/Program Files/Epic Games/UE_4.27/FeaturePacks/TP_VirtualRealityBP.upack)
[2022.09.26-16.17.06:844][  0]LogPakFile: OnPakFileMounted2Time == 0.000049
[2022.09.26-16.17.07:044][  0]LogNativeClassHierarchy: Verbose: Native class hierarchy updated for 'AddContentDialog' in 0.0003 seconds. Added 0 classes and 0 folders.
[2022.09.26-16.17.07:046][  0]LogNativeClassHierarchy: Verbose: Native class hierarchy updated for 'SceneOutliner' in 0.0002 seconds. Added 2 classes and 0 folders.
[2022.09.26-16.17.07:186][  0]LogSlate: Took 0.005420 seconds to synchronously load lazily loaded font '../../../Engine/Content/Slate/Fonts/Roboto-Regular.ttf' (155K)
[2022.09.26-16.17.07:192][  0]LogSlate: Took 0.005250 seconds to synchronously load lazily loaded font '../../../Engine/Content/Editor/Slate/Fonts/FontAwesome.ttf' (139K)
[2022.09.26-16.17.07:198][  0]LogSlate: Took 0.004860 seconds to synchronously load lazily loaded font '../../../Engine/Content/Slate/Fonts/Roboto-Bold.ttf' (160K)
[2022.09.26-16.17.07:399][  0]LogRenderer: Reallocating scene render targets to support 1208x560 Format 10 NumSamples 1 (Frame:1).
[2022.09.26-16.17.07:519][  0]LogNativeClassHierarchy: Verbose: Native class hierarchy updated for 'HierarchicalLODOutliner' in 0.0003 seconds. Added 0 classes and 0 folders.
[2022.09.26-16.17.07:519][  0]LogInput: Warning: Action Vault uses invalid key OculusGo_Left_Trigger_Click.
[2022.09.26-16.17.07:519][  0]LogInput: Warning: Action ResetVR uses invalid key OculusGo_Left_Trackpad_Click.
[2022.09.26-16.17.07:519][  0]LogInput: Warning: Use -RemoveInvalidKeys to remove instances of these keys from the action mapping.
[2022.09.26-16.17.07:519][  0]LogLoad: (Engine Initialization) Total time: 41.63 seconds
[2022.09.26-16.17.07:519][  0]LogLoad: (Engine Initialization) Total Blueprint compile time: 0.00 seconds
[2022.09.26-16.17.07:584][  0]LogAssetRegistry: Asset discovery search completed in 17.3145 seconds
[2022.09.26-16.17.07:615][  0]LogCollectionManager: Fixed up redirectors for 0 collections in 0.000005 seconds (updated 0 objects)
[2022.09.26-16.17.07:617][  0]LogContentStreaming: Texture pool size now 1000 MB
[2022.09.26-16.17.08:228][  2]LogSlate: Took 0.007136 seconds to synchronously load lazily loaded font '../../../Engine/Content/Slate/Fonts/Roboto-Light.ttf' (167K)
[2022.09.26-16.17.08:880][  4]LogSlate: Took 0.000251 seconds to synchronously load lazily loaded font '../../../Engine/Content/Slate/Fonts/Roboto-Light.ttf' (167K)
[2022.09.26-16.24.49:281][925]LogTemp: Repeating last play command: Selected Viewport
[2022.09.26-16.24.49:288][925]LogPlayLevel: PlayLevel: No blueprints needed recompiling
[2022.09.26-16.24.49:288][925]PIE: New page: PIE session: ThirdPersonExampleMap (Sep 26, 2022, 10:24:49 AM)
[2022.09.26-16.24.49:289][925]LogOnline: OSS: Creating online subsystem instance for: NULL
[2022.09.26-16.24.49:291][925]LogOnline: OSS: TryLoadSubsystemAndSetDefault: Loaded subsystem for module [NULL]
[2022.09.26-16.24.49:291][925]LogPlayLevel: Creating play world package: /Game/Blueprints/UEDPIE_0_ThirdPersonExampleMap
[2022.09.26-16.24.49:374][925]LogPlayLevel: PIE: StaticDuplicateObject took: (0.082414s)
[2022.09.26-16.24.49:375][925]LogAIModule: Creating AISystem for world ThirdPersonExampleMap
[2022.09.26-16.24.49:375][925]LogPlayLevel: PIE: World Init took: (0.001650s)
[2022.09.26-16.24.49:375][925]LogPlayLevel: PIE: Created PIE world by copying editor world from /Game/Blueprints/ThirdPersonExampleMap.ThirdPersonExampleMap to /Game/Blueprints/UEDPIE_0_ThirdPersonExampleMap.ThirdPersonExampleMap (0.084263s)
[2022.09.26-16.24.49:383][925]LogUObjectHash: Compacting FUObjectHashTables data took   1.03ms
[2022.09.26-16.24.49:386][925]LogAudio: Display: Creating Audio Device:                 Id: 2, Scope: Unique, Realtime: True
[2022.09.26-16.24.49:386][925]LogAudioMixer: Display: Audio Mixer Platform Settings:
[2022.09.26-16.24.49:386][925]LogAudioMixer: Display: 	Sample Rate:						  48000
[2022.09.26-16.24.49:386][925]LogAudioMixer: Display: 	Callback Buffer Frame Size Requested: 1024
[2022.09.26-16.24.49:386][925]LogAudioMixer: Display: 	Callback Buffer Frame Size To Use:	  1024
[2022.09.26-16.24.49:386][925]LogAudioMixer: Display: 	Number of buffers to queue:			  2
[2022.09.26-16.24.49:386][925]LogAudioMixer: Display: 	Max Channels (voices):				  32
[2022.09.26-16.24.49:386][925]LogAudioMixer: Display: 	Number of Async Source Workers:		  0
[2022.09.26-16.24.49:386][925]LogAudio: Display: AudioDevice MaxSources: 32
[2022.09.26-16.24.49:387][925]LogAudio: Display: Audio Spatialization Plugin: None (built-in).
[2022.09.26-16.24.49:387][925]LogAudio: Display: Audio Reverb Plugin: None (built-in).
[2022.09.26-16.24.49:387][925]LogAudio: Display: Audio Occlusion Plugin: None (built-in).
[2022.09.26-16.24.49:387][925]LogAudioMixer: Display: Initializing audio mixer.
[2022.09.26-16.24.49:391][925]LogAudioMixer: Display: 0: FrontLeft
[2022.09.26-16.24.49:391][925]LogAudioMixer: Display: 1: FrontRight
[2022.09.26-16.24.49:401][925]LogAudioMixer: Display: Using Audio Device Headphones (Soundcore Liberty 2 Pro Stereo)
[2022.09.26-16.24.49:402][925]LogAudioMixer: Display: Initializing Sound Submixes...
[2022.09.26-16.24.49:402][925]LogAudioMixer: Display: Creating Master Submix 'MasterSubmixDefault'
[2022.09.26-16.24.49:402][925]LogAudioMixer: Display: Creating Master Submix 'MasterReverbSubmixDefault'
[2022.09.26-16.24.49:402][925]LogAudioMixer: Display: Creating Master Submix 'MasterEQSubmixDefault'
[2022.09.26-16.24.49:402][925]LogAudioMixer: FMixerPlatformXAudio2::StartAudioStream() called
[2022.09.26-16.24.49:402][925]LogAudioMixer: Display: Output buffers initialized: Frames=1024, Channels=2, Samples=2048
[2022.09.26-16.24.49:404][925]LogAudioMixer: Display: Starting AudioMixerPlatformInterface::RunInternal()
[2022.09.26-16.24.49:404][925]LogAudioMixer: Display: FMixerPlatformXAudio2::SubmitBuffer() called for the first time
[2022.09.26-16.24.49:404][925]LogInit: FAudioDevice initialized.
[2022.09.26-16.24.49:404][925]LogAudio: Display: Audio Device (ID: 2) registered with world 'ThirdPersonExampleMap'.
[2022.09.26-16.24.49:425][925]LogLoad: Game class is 'ThirdPersonGameMode_C'
[2022.09.26-16.24.49:431][925]LogWorld: Bringing World /Game/Blueprints/UEDPIE_0_ThirdPersonExampleMap.ThirdPersonExampleMap up for play (max tick rate 0) at 2022.09.26-13.24.49
[2022.09.26-16.24.49:432][925]LogWorld: Bringing up level for play took: 0.005014
[2022.09.26-16.24.49:432][925]LogOnline: OSS: Creating online subsystem instance for: :Context_7
[2022.09.26-16.24.49:436][925]LogNativeClassHierarchy: Verbose: Native class hierarchy updated for 'MovieSceneCapture' in 0.0005 seconds. Added 20 classes and 0 folders.
[2022.09.26-16.24.49:438][925]PIE: Server logged in
[2022.09.26-16.24.49:440][925]PIE: Play in editor total start time 0.153 seconds.
