Log file open, 10/02/22 15:31:21
LogWindows: Failed to load 'aqProf.dll' (GetLastError=126)
LogWindows: File 'aqProf.dll' does not exist
LogWindows: Failed to load 'VtuneApi.dll' (GetLastError=126)
LogWindows: File 'VtuneApi.dll' does not exist
LogWindows: Failed to load 'VtuneApi32e.dll' (GetLastError=126)
LogWindows: File 'VtuneApi32e.dll' does not exist
LogConsoleResponse: Display: Failed to find resolution value strings in scalability ini. Falling back to default.
LogConsoleResponse: Display: Failed to find resolution value strings in scalability ini. Falling back to default.
LogInit: Display: Running engine for game: BoxmanUnreal
LogPlatformFile: Not using cached read wrapper
LogTaskGraph: Started task graph with 5 named threads and 83 total threads with 3 sets of task threads.
LogStats: Stats thread started at 0.192871
LogICUInternationalization: ICU TimeZone Detection - Raw Offset: -4:00, Platform Override: ''
LogInit: Display: Loading text-based GConfig....
LogPluginManager: Mounting plugin MeshPainting
LogPluginManager: Mounting plugin XGEController
LogPluginManager: Mounting plugin Paper2D
LogPluginManager: Mounting plugin LiveLink
LogPluginManager: Mounting plugin AISupport
LogPluginManager: Mounting plugin EnvironmentQueryEditor
LogPluginManager: Mounting plugin CameraShakePreviewer
LogPluginManager: Mounting plugin GameplayCameras
LogPluginManager: Mounting plugin LightPropagationVolume
LogPluginManager: Mounting plugin AnimationSharing
LogPluginManager: Mounting plugin CLionSourceCodeAccess
LogPluginManager: Mounting plugin GitSourceControl
LogPluginManager: Mounting plugin KDevelopSourceCodeAccess
LogPluginManager: Mounting plugin PerforceSourceControl
LogPluginManager: Mounting plugin CodeLiteSourceCodeAccess
LogPluginManager: Mounting plugin PlasticSourceControl
LogPluginManager: Mounting plugin PluginUtils
LogPluginManager: Mounting plugin PixWinPlugin
LogPluginManager: Mounting plugin SubversionSourceControl
LogPluginManager: Mounting plugin NullSourceCodeAccess
LogPluginManager: Mounting plugin RiderSourceCodeAccess
LogPluginManager: Mounting plugin PropertyAccessNode
LogPluginManager: Mounting plugin TextureFormatOodle
LogPluginManager: Mounting plugin UObjectPlugin
LogPluginManager: Mounting plugin VisualStudioCodeSourceCodeAccess
LogPluginManager: Mounting plugin OodleData
LogPluginManager: Mounting plugin VisualStudioSourceCodeAccess
LogPluginManager: Mounting plugin OodleNetwork
LogPluginManager: Mounting plugin AssetManagerEditor
LogPluginManager: Mounting plugin FacialAnimation
LogPluginManager: Mounting plugin DataValidation
LogPluginManager: Mounting plugin XCodeSourceCodeAccess
LogPluginManager: Mounting plugin CurveEditorTools
LogPluginManager: Mounting plugin GameplayTagsEditor
LogPluginManager: Mounting plugin CryptoKeys
LogPluginManager: Mounting plugin MaterialAnalyzer
LogPluginManager: Mounting plugin GeometryMode
LogPluginManager: Mounting plugin MacGraphicsSwitching
LogPluginManager: Mounting plugin PluginBrowser
LogPluginManager: Mounting plugin SpeedTreeImporter
LogPluginManager: Mounting plugin MobileLauncherProfileWizard
LogPluginManager: Mounting plugin Niagara
LogPluginManager: Mounting plugin AlembicImporter
LogPluginManager: Mounting plugin AutomationUtils
LogPluginManager: Mounting plugin BackChannel
LogPluginManager: Mounting plugin ChaosSolverPlugin
LogPluginManager: Mounting plugin ChaosClothEditor
LogPluginManager: Mounting plugin ChaosNiagara
LogPluginManager: Mounting plugin ChaosCloth
LogPluginManager: Mounting plugin ChaosEditor
LogPluginManager: Mounting plugin DatasmithContent
LogPluginManager: Mounting plugin MagicLeap
LogPluginManager: Mounting plugin CharacterAI
LogPluginManager: Mounting plugin MagicLeapMedia
LogPluginManager: Mounting plugin VariantManagerContent
LogPluginManager: Mounting plugin MagicLeapLightEstimation
LogPluginManager: Mounting plugin MLSDK
LogPluginManager: Mounting plugin LuminPlatformFeatures
LogPluginManager: Mounting plugin GeometryCache
LogPluginManager: Mounting plugin MagicLeapPassableWorld
LogPluginManager: Mounting plugin GeometryCollectionPlugin
LogPluginManager: Mounting plugin GeometryProcessing
LogPluginManager: Mounting plugin MotoSynth
LogPluginManager: Mounting plugin PlanarCut
LogPluginManager: Mounting plugin OpenImageDenoise
LogPluginManager: Mounting plugin PlatformCrypto
LogPluginManager: Mounting plugin ProxyLODPlugin
LogPluginManager: Mounting plugin AndroidMedia
LogPluginManager: Mounting plugin PythonScriptPlugin
LogPluginManager: Mounting plugin AvfMedia
LogPluginManager: Mounting plugin ImgMedia
LogPluginManager: Mounting plugin MediaCompositing
LogPluginManager: Mounting plugin SkeletalReduction
LogPluginManager: Mounting plugin WmfMedia
LogPluginManager: Mounting plugin WebMMedia
LogPluginManager: Mounting plugin MediaPlayerEditor
LogPluginManager: Mounting plugin UdpMessaging
LogPluginManager: Mounting plugin TcpMessaging
LogPluginManager: Mounting plugin LevelSequenceEditor
LogPluginManager: Mounting plugin ActorSequence
LogPluginManager: Mounting plugin MatineeToLevelSequence
LogPluginManager: Mounting plugin TemplateSequence
LogPluginManager: Mounting plugin OnlineSubsystemNull
LogPluginManager: Mounting plugin OnlineSubsystem
LogPluginManager: Mounting plugin OnlineSubsystemUtils
LogPluginManager: Mounting plugin AndroidDeviceProfileSelector
LogPluginManager: Mounting plugin ActorLayerUtilities
LogPluginManager: Mounting plugin AppleImageUtils
LogPluginManager: Mounting plugin AppleMoviePlayer
LogPluginManager: Mounting plugin AndroidPermission
LogPluginManager: Mounting plugin LauncherChunkInstaller
LogPluginManager: Mounting plugin ArchVisCharacter
LogPluginManager: Mounting plugin ChunkDownloader
LogPluginManager: Mounting plugin AudioSynesthesia
LogPluginManager: Mounting plugin AndroidMoviePlayer
LogPluginManager: Mounting plugin CustomMeshComponent
LogPluginManager: Mounting plugin AssetTags
LogPluginManager: Mounting plugin CableComponent
LogPluginManager: Mounting plugin AudioCapture
LogPluginManager: Mounting plugin ExampleDeviceProfileSelector
LogPluginManager: Mounting plugin GoogleCloudMessaging
LogPluginManager: Mounting plugin EditableMesh
LogPluginManager: Mounting plugin GooglePAD
LogPluginManager: Mounting plugin IOSDeviceProfileSelector
LogPluginManager: Mounting plugin LinuxDeviceProfileSelector
LogPluginManager: Mounting plugin LocationServicesBPLibrary
LogPluginManager: Mounting plugin MobilePatchingUtils
LogPluginManager: Mounting plugin OpenXREyeTracker
LogPluginManager: Mounting plugin OpenXR
LogPluginManager: Mounting plugin OpenXRHandTracking
LogPluginManager: Mounting plugin PhysXVehicles
LogPluginManager: Mounting plugin ProceduralMeshComponent
LogPluginManager: Mounting plugin PropertyAccessEditor
LogPluginManager: Mounting plugin SignificanceManager
LogPluginManager: Mounting plugin PostSplashScreen
LogPluginManager: Mounting plugin SoundFields
LogPluginManager: Mounting plugin RuntimePhysXCooking
LogPluginManager: Mounting plugin Synthesis
LogPluginManager: Mounting plugin WindowsMoviePlayer
LogPluginManager: Mounting plugin WebMMoviePlayer
LogPluginManager: Mounting plugin ScreenshotTools
LogPluginManager: Mounting plugin Takes
LogPluginManager: Mounting plugin ContentBrowserClassDataSource
LogPluginManager: Mounting plugin ContentBrowserAssetDataSource
LogPluginManager: Mounting plugin ContentBrowserFileDataSource
LogPluginManager: Mounting plugin OnlineSubsystemGooglePlay
LogPluginManager: Mounting plugin OnlineSubsystemIOS
LogPluginManager: Mounting plugin OculusVR
LogPluginManager: Mounting plugin SteamVR
PixWinPlugin: PIX capture plugin failed to initialize! Check that the process is launched from PIX.
LogInit: Using libcurl 7.55.1-DEV
LogInit:  - built for x86_64-pc-win32
LogInit:  - supports SSL with OpenSSL/1.1.1
LogInit:  - supports HTTP deflate (compression) using libz 1.2.8
LogInit:  - other features:
LogInit:      CURL_VERSION_SSL
LogInit:      CURL_VERSION_LIBZ
LogInit:      CURL_VERSION_IPV6
LogInit:      CURL_VERSION_ASYNCHDNS
LogInit:      CURL_VERSION_LARGEFILE
LogInit:      CURL_VERSION_IDN
LogInit:  CurlRequestOptions (configurable via config and command line):
LogInit:  - bVerifyPeer = true  - Libcurl will verify peer certificate
LogInit:  - bUseHttpProxy = false  - Libcurl will NOT use HTTP proxy
LogInit:  - bDontReuseConnections = false  - Libcurl will reuse connections
LogInit:  - MaxHostConnections = 16  - Libcurl will limit the number of connections to a host
LogInit:  - LocalHostAddr = Default
LogInit:  - BufferSize = 65536
LogOnline: OSS: Creating online subsystem instance for: NULL
LogInit: WinSock: version 1.1 (2.2), MaxSocks=32767, MaxUdp=65467
LogOnline: OSS: TryLoadSubsystemAndSetDefault: Loaded subsystem for module [NULL]
LogOculusPluginWrapper: OculusPlugin initialized successfully
LogHMD: Failed initializing OVRPlugin 1.59.0
LogInit: Build: ++UE4+Release-4.27-CL-18319896
LogInit: Engine Version: 4.27.2-18319896+++UE4+Release-4.27
LogInit: Compatible Engine Version: 4.27.0-17155196+++UE4+Release-4.27
LogInit: Net CL: 17155196
LogInit: OS: Windows 10 (Release 2009) (), CPU: AMD Ryzen 9 5950X 16-Core Processor            , GPU: NVIDIA GeForce RTX 3060
LogInit: Compiled (64-bit): Nov 30 2021 07:12:08
LogInit: Compiled with Visual C++: 19.24.28315.00
LogInit: Build Configuration: Development
LogInit: Branch Name: ++UE4+Release-4.27
LogInit: Command Line: 
LogInit: Base Directory: C:/Program Files/Epic Games/UE_4.27/Engine/Binaries/Win64/
LogInit: Allocator: TBB
LogInit: Installed Engine Build: 1
LogDevObjectVersion: Number of dev versions registered: 29
LogDevObjectVersion:   Dev-Blueprints (B0D832E4-1F89-4F0D-ACCF-7EB736FD4AA2): 10
LogDevObjectVersion:   Dev-Build (E1C64328-A22C-4D53-A36C-8E866417BD8C): 0
LogDevObjectVersion:   Dev-Core (375EC13C-06E4-48FB-B500-84F0262A717E): 4
LogDevObjectVersion:   Dev-Editor (E4B068ED-F494-42E9-A231-DA0B2E46BB41): 40
LogDevObjectVersion:   Dev-Framework (CFFC743F-43B0-4480-9391-14DF171D2073): 37
LogDevObjectVersion:   Dev-Mobile (B02B49B5-BB20-44E9-A304-32B752E40360): 3
LogDevObjectVersion:   Dev-Networking (A4E4105C-59A1-49B5-A7C5-40C4547EDFEE): 0
LogDevObjectVersion:   Dev-Online (39C831C9-5AE6-47DC-9A44-9C173E1C8E7C): 0
LogDevObjectVersion:   Dev-Physics (78F01B33-EBEA-4F98-B9B4-84EACCB95AA2): 14
LogDevObjectVersion:   Dev-Platform (6631380F-2D4D-43E0-8009-CF276956A95A): 0
LogDevObjectVersion:   Dev-Rendering (12F88B9F-8875-4AFC-A67C-D90C383ABD29): 45
LogDevObjectVersion:   Dev-Sequencer (7B5AE74C-D270-4C10-A958-57980B212A5A): 13
LogDevObjectVersion:   Dev-VR (D7296918-1DD6-4BDD-9DE2-64A83CC13884): 3
LogDevObjectVersion:   Dev-LoadTimes (C2A15278-BFE7-4AFE-6C17-90FF531DF755): 1
LogDevObjectVersion:   Private-Geometry (6EACA3D4-40EC-4CC1-B786-8BED09428FC5): 3
LogDevObjectVersion:   Dev-AnimPhys (29E575DD-E0A3-4627-9D10-D276232CDCEA): 17
LogDevObjectVersion:   Dev-Anim (AF43A65D-7FD3-4947-9873-3E8ED9C1BB05): 15
LogDevObjectVersion:   Dev-ReflectionCapture (6B266CEC-1EC7-4B8F-A30B-E4D90942FC07): 1
LogDevObjectVersion:   Dev-Automation (0DF73D61-A23F-47EA-B727-89E90C41499A): 1
LogDevObjectVersion:   FortniteMain (601D1886-AC64-4F84-AA16-D3DE0DEAC7D6): 47
LogDevObjectVersion:   FortniteRelease (E7086368-6B23-4C58-8439-1B7016265E91): 1
LogDevObjectVersion:   Dev-Enterprise (9DFFBCD6-494F-0158-E221-12823C92A888): 10
LogDevObjectVersion:   Dev-Niagara (F2AED0AC-9AFE-416F-8664-AA7FFA26D6FC): 1
LogDevObjectVersion:   Dev-Destruction (174F1F0B-B4C6-45A5-B13F-2EE8D0FB917D): 10
LogDevObjectVersion:   Dev-Physics-Ext (35F94A83-E258-406C-A318-09F59610247C): 41
LogDevObjectVersion:   Dev-PhysicsMaterial-Chaos (B68FC16E-8B1B-42E2-B453-215C058844FE): 1
LogDevObjectVersion:   Dev-CineCamera (B2E18506-4273-CFC2-A54E-F4BB758BBA07): 1
LogDevObjectVersion:   Dev-VirtualProduction (64F58936-FD1B-42BA-BA96-7289D5D0FA4E): 1
LogDevObjectVersion:   Dev-MediaFramework (6F0ED827-A609-4895-9C91-998D90180EA4): 2
LogInit: Presizing for max 25165824 objects, including 0 objects not considered by GC, pre-allocating 0 bytes for permanent pool.
LogConfig: Applying CVar settings from Section [/Script/Engine.StreamingSettings] File [C:/Users/Nathan M/Documents/Unreal Projects/Boxman/BoxmanUnreal/Saved/Config/Windows/Engine.ini]
LogConfig: Setting CVar [[s.MinBulkDataSizeForAsyncLoading:131072]]
LogConfig: Setting CVar [[s.AsyncLoadingThreadEnabled:0]]
LogConfig: Setting CVar [[s.EventDrivenLoaderEnabled:1]]
LogConfig: Setting CVar [[s.WarnIfTimeLimitExceeded:0]]
LogConfig: Setting CVar [[s.TimeLimitExceededMultiplier:1.5]]
LogConfig: Setting CVar [[s.TimeLimitExceededMinTime:0.005]]
LogConfig: Setting CVar [[s.UseBackgroundLevelStreaming:1]]
LogConfig: Setting CVar [[s.PriorityAsyncLoadingExtraTime:15.0]]
LogConfig: Setting CVar [[s.LevelStreamingActorsUpdateTimeLimit:5.0]]
LogConfig: Setting CVar [[s.PriorityLevelStreamingActorsUpdateExtraTime:5.0]]
LogConfig: Setting CVar [[s.LevelStreamingComponentsRegistrationGranularity:10]]
LogConfig: Setting CVar [[s.UnregisterComponentsTimeLimit:1.0]]
LogConfig: Setting CVar [[s.LevelStreamingComponentsUnregistrationGranularity:5]]
LogConfig: Setting CVar [[s.FlushStreamingOnExit:1]]
LogInit: Object subsystem initialized
LogConfig: Setting CVar [[con.DebugEarlyDefault:1]]
LogConfig: Setting CVar [[r.setres:1280x720]]
[2022.10.02-18.31.22:157][  0]LogConfig: Setting CVar [[r.VSync:0]]
[2022.10.02-18.31.22:157][  0]LogConfig: Setting CVar [[r.RHICmdBypass:0]]
[2022.10.02-18.31.22:157][  0]LogConfig: Applying CVar settings from Section [/Script/Engine.RendererSettings] File [C:/Users/Nathan M/Documents/Unreal Projects/Boxman/BoxmanUnreal/Saved/Config/Windows/Engine.ini]
[2022.10.02-18.31.22:157][  0]LogConfig: Setting CVar [[r.GPUCrashDebugging:0]]
[2022.10.02-18.31.22:157][  0]LogConfig: Applying CVar settings from Section [/Script/Engine.RendererOverrideSettings] File [C:/Users/Nathan M/Documents/Unreal Projects/Boxman/BoxmanUnreal/Saved/Config/Windows/Engine.ini]
[2022.10.02-18.31.22:157][  0]LogConfig: Applying CVar settings from Section [/Script/Engine.StreamingSettings] File [C:/Users/Nathan M/Documents/Unreal Projects/Boxman/BoxmanUnreal/Saved/Config/Windows/Engine.ini]
[2022.10.02-18.31.22:157][  0]LogConfig: Setting CVar [[s.MinBulkDataSizeForAsyncLoading:131072]]
[2022.10.02-18.31.22:157][  0]LogConfig: Setting CVar [[s.AsyncLoadingThreadEnabled:0]]
[2022.10.02-18.31.22:158][  0]LogConfig: Setting CVar [[s.EventDrivenLoaderEnabled:1]]
[2022.10.02-18.31.22:158][  0]LogConfig: Setting CVar [[s.WarnIfTimeLimitExceeded:0]]
[2022.10.02-18.31.22:158][  0]LogConfig: Setting CVar [[s.TimeLimitExceededMultiplier:1.5]]
[2022.10.02-18.31.22:158][  0]LogConfig: Setting CVar [[s.TimeLimitExceededMinTime:0.005]]
[2022.10.02-18.31.22:158][  0]LogConfig: Setting CVar [[s.UseBackgroundLevelStreaming:1]]
[2022.10.02-18.31.22:158][  0]LogConfig: Setting CVar [[s.PriorityAsyncLoadingExtraTime:15.0]]
[2022.10.02-18.31.22:158][  0]LogConfig: Setting CVar [[s.LevelStreamingActorsUpdateTimeLimit:5.0]]
[2022.10.02-18.31.22:158][  0]LogConfig: Setting CVar [[s.PriorityLevelStreamingActorsUpdateExtraTime:5.0]]
[2022.10.02-18.31.22:158][  0]LogConfig: Setting CVar [[s.LevelStreamingComponentsRegistrationGranularity:10]]
[2022.10.02-18.31.22:158][  0]LogConfig: Setting CVar [[s.UnregisterComponentsTimeLimit:1.0]]
[2022.10.02-18.31.22:158][  0]LogConfig: Setting CVar [[s.LevelStreamingComponentsUnregistrationGranularity:5]]
[2022.10.02-18.31.22:158][  0]LogConfig: Setting CVar [[s.FlushStreamingOnExit:1]]
[2022.10.02-18.31.22:158][  0]LogConfig: Applying CVar settings from Section [/Script/Engine.GarbageCollectionSettings] File [C:/Users/Nathan M/Documents/Unreal Projects/Boxman/BoxmanUnreal/Saved/Config/Windows/Engine.ini]
[2022.10.02-18.31.22:158][  0]LogConfig: Setting CVar [[gc.MaxObjectsNotConsideredByGC:1]]
[2022.10.02-18.31.22:158][  0]LogConfig: Setting CVar [[gc.SizeOfPermanentObjectPool:0]]
[2022.10.02-18.31.22:158][  0]LogConfig: Setting CVar [[gc.FlushStreamingOnGC:0]]
[2022.10.02-18.31.22:158][  0]LogConfig: Setting CVar [[gc.NumRetriesBeforeForcingGC:10]]
[2022.10.02-18.31.22:158][  0]LogConfig: Setting CVar [[gc.AllowParallelGC:1]]
[2022.10.02-18.31.22:158][  0]LogConfig: Setting CVar [[gc.TimeBetweenPurgingPendingKillObjects:61.1]]
[2022.10.02-18.31.22:158][  0]LogConfig: Setting CVar [[gc.MaxObjectsInEditor:25165824]]
[2022.10.02-18.31.22:158][  0]LogConfig: Setting CVar [[gc.IncrementalBeginDestroyEnabled:1]]
[2022.10.02-18.31.22:158][  0]LogConfig: Setting CVar [[gc.CreateGCClusters:1]]
[2022.10.02-18.31.22:158][  0]LogConfig: Setting CVar [[gc.MinGCClusterSize:5]]
[2022.10.02-18.31.22:158][  0]LogConfig: Setting CVar [[gc.ActorClusteringEnabled:0]]
[2022.10.02-18.31.22:158][  0]LogConfig: Setting CVar [[gc.BlueprintClusteringEnabled:0]]
[2022.10.02-18.31.22:158][  0]LogConfig: Setting CVar [[gc.UseDisregardForGCOnDedicatedServers:0]]
[2022.10.02-18.31.22:158][  0]LogConfig: Setting CVar [[gc.MultithreadedDestructionEnabled:1]]
[2022.10.02-18.31.22:158][  0]LogConfig: Applying CVar settings from Section [/Script/Engine.NetworkSettings] File [C:/Users/Nathan M/Documents/Unreal Projects/Boxman/BoxmanUnreal/Saved/Config/Windows/Engine.ini]
[2022.10.02-18.31.22:158][  0]LogConfig: Applying CVar settings from Section [/Script/UnrealEd.CookerSettings] File [C:/Users/Nathan M/Documents/Unreal Projects/Boxman/BoxmanUnreal/Saved/Config/Windows/Engine.ini]
[2022.10.02-18.31.24:211][  0]LogConfig: Applying CVar settings from Section [ViewDistanceQuality@3] File [C:/Users/Nathan M/Documents/Unreal Projects/Boxman/BoxmanUnreal/Saved/Config/Windows/Scalability.ini]
[2022.10.02-18.31.24:211][  0]LogConfig: Setting CVar [[r.SkeletalMeshLODBias:0]]
[2022.10.02-18.31.24:211][  0]LogConfig: Setting CVar [[r.ViewDistanceScale:1.0]]
[2022.10.02-18.31.24:211][  0]LogConfig: Applying CVar settings from Section [AntiAliasingQuality@3] File [C:/Users/Nathan M/Documents/Unreal Projects/Boxman/BoxmanUnreal/Saved/Config/Windows/Scalability.ini]
[2022.10.02-18.31.24:211][  0]LogConfig: Setting CVar [[r.PostProcessAAQuality:4]]
[2022.10.02-18.31.24:211][  0]LogConfig: Applying CVar settings from Section [ShadowQuality@3] File [C:/Users/Nathan M/Documents/Unreal Projects/Boxman/BoxmanUnreal/Saved/Config/Windows/Scalability.ini]
[2022.10.02-18.31.24:211][  0]LogConfig: Setting CVar [[r.LightFunctionQuality:1]]
[2022.10.02-18.31.24:211][  0]LogConfig: Setting CVar [[r.ShadowQuality:5]]
[2022.10.02-18.31.24:211][  0]LogConfig: Setting CVar [[r.Shadow.CSM.MaxCascades:10]]
[2022.10.02-18.31.24:211][  0]LogConfig: Setting CVar [[r.Shadow.MaxResolution:2048]]
[2022.10.02-18.31.24:211][  0]LogConfig: Setting CVar [[r.Shadow.MaxCSMResolution:2048]]
[2022.10.02-18.31.24:211][  0]LogConfig: Setting CVar [[r.Shadow.RadiusThreshold:0.01]]
[2022.10.02-18.31.24:211][  0]LogConfig: Setting CVar [[r.Shadow.DistanceScale:1.0]]
[2022.10.02-18.31.24:211][  0]LogConfig: Setting CVar [[r.Shadow.CSM.TransitionScale:1.0]]
[2022.10.02-18.31.24:211][  0]LogConfig: Setting CVar [[r.Shadow.PreShadowResolutionFactor:1.0]]
[2022.10.02-18.31.24:211][  0]LogConfig: Setting CVar [[r.DistanceFieldShadowing:1]]
[2022.10.02-18.31.24:211][  0]LogConfig: Setting CVar [[r.DistanceFieldAO:1]]
[2022.10.02-18.31.24:211][  0]LogConfig: Setting CVar [[r.AOQuality:2]]
[2022.10.02-18.31.24:211][  0]LogConfig: Setting CVar [[r.VolumetricFog:1]]
[2022.10.02-18.31.24:211][  0]LogConfig: Setting CVar [[r.VolumetricFog.GridPixelSize:8]]
[2022.10.02-18.31.24:211][  0]LogConfig: Setting CVar [[r.VolumetricFog.GridSizeZ:128]]
[2022.10.02-18.31.24:211][  0]LogConfig: Setting CVar [[r.VolumetricFog.HistoryMissSupersampleCount:4]]
[2022.10.02-18.31.24:211][  0]LogConfig: Setting CVar [[r.LightMaxDrawDistanceScale:1]]
[2022.10.02-18.31.24:211][  0]LogConfig: Setting CVar [[r.CapsuleShadows:1]]
[2022.10.02-18.31.24:211][  0]LogConfig: Applying CVar settings from Section [PostProcessQuality@3] File [C:/Users/Nathan M/Documents/Unreal Projects/Boxman/BoxmanUnreal/Saved/Config/Windows/Scalability.ini]
[2022.10.02-18.31.24:211][  0]LogConfig: Setting CVar [[r.MotionBlurQuality:4]]
[2022.10.02-18.31.24:211][  0]LogConfig: Setting CVar [[r.AmbientOcclusionMipLevelFactor:0.4]]
[2022.10.02-18.31.24:211][  0]LogConfig: Setting CVar [[r.AmbientOcclusionMaxQuality:100]]
[2022.10.02-18.31.24:211][  0]LogConfig: Setting CVar [[r.AmbientOcclusionLevels:-1]]
[2022.10.02-18.31.24:211][  0]LogConfig: Setting CVar [[r.AmbientOcclusionRadiusScale:1.0]]
[2022.10.02-18.31.24:211][  0]LogConfig: Setting CVar [[r.DepthOfFieldQuality:2]]
[2022.10.02-18.31.24:211][  0]LogConfig: Setting CVar [[r.RenderTargetPoolMin:400]]
[2022.10.02-18.31.24:211][  0]LogConfig: Setting CVar [[r.LensFlareQuality:2]]
[2022.10.02-18.31.24:211][  0]LogConfig: Setting CVar [[r.SceneColorFringeQuality:1]]
[2022.10.02-18.31.24:211][  0]LogConfig: Setting CVar [[r.EyeAdaptationQuality:2]]
[2022.10.02-18.31.24:211][  0]LogConfig: Setting CVar [[r.BloomQuality:5]]
[2022.10.02-18.31.24:211][  0]LogConfig: Setting CVar [[r.FastBlurThreshold:100]]
[2022.10.02-18.31.24:211][  0]LogConfig: Setting CVar [[r.Upscale.Quality:3]]
[2022.10.02-18.31.24:211][  0]LogConfig: Setting CVar [[r.Tonemapper.GrainQuantization:1]]
[2022.10.02-18.31.24:211][  0]LogConfig: Setting CVar [[r.LightShaftQuality:1]]
[2022.10.02-18.31.24:211][  0]LogConfig: Setting CVar [[r.Filter.SizeScale:1]]
[2022.10.02-18.31.24:211][  0]LogConfig: Setting CVar [[r.Tonemapper.Quality:5]]
[2022.10.02-18.31.24:211][  0]LogConfig: Setting CVar [[r.DOF.Gather.AccumulatorQuality:1        ; higher gathering accumulator quality]]
[2022.10.02-18.31.24:211][  0]LogConfig: Setting CVar [[r.DOF.Gather.PostfilterMethod:1          ; Median3x3 postfilering method]]
[2022.10.02-18.31.24:211][  0]LogConfig: Setting CVar [[r.DOF.Gather.EnableBokehSettings:0       ; no bokeh simulation when gathering]]
[2022.10.02-18.31.24:211][  0]LogConfig: Setting CVar [[r.DOF.Gather.RingCount:4                 ; medium number of samples when gathering]]
[2022.10.02-18.31.24:211][  0]LogConfig: Setting CVar [[r.DOF.Scatter.ForegroundCompositing:1    ; additive foreground scattering]]
[2022.10.02-18.31.24:211][  0]LogConfig: Setting CVar [[r.DOF.Scatter.BackgroundCompositing:2    ; additive background scattering]]
[2022.10.02-18.31.24:211][  0]LogConfig: Setting CVar [[r.DOF.Scatter.EnableBokehSettings:1      ; bokeh simulation when scattering]]
[2022.10.02-18.31.24:211][  0]LogConfig: Setting CVar [[r.DOF.Scatter.MaxSpriteRatio:0.1         ; only a maximum of 10% of scattered bokeh]]
[2022.10.02-18.31.24:211][  0]LogConfig: Setting CVar [[r.DOF.Recombine.Quality:1                ; cheap slight out of focus]]
[2022.10.02-18.31.24:211][  0]LogConfig: Setting CVar [[r.DOF.Recombine.EnableBokehSettings:0    ; no bokeh simulation on slight out of focus]]
[2022.10.02-18.31.24:211][  0]LogConfig: Setting CVar [[r.DOF.TemporalAAQuality:1                ; more stable temporal accumulation]]
[2022.10.02-18.31.24:211][  0]LogConfig: Setting CVar [[r.DOF.Kernel.MaxForegroundRadius:0.025]]
[2022.10.02-18.31.24:211][  0]LogConfig: Setting CVar [[r.DOF.Kernel.MaxBackgroundRadius:0.025]]
[2022.10.02-18.31.24:211][  0]LogConfig: Applying CVar settings from Section [TextureQuality@3] File [C:/Users/Nathan M/Documents/Unreal Projects/Boxman/BoxmanUnreal/Saved/Config/Windows/Scalability.ini]
[2022.10.02-18.31.24:211][  0]LogConfig: Setting CVar [[r.Streaming.MipBias:0]]
[2022.10.02-18.31.24:211][  0]LogConfig: Setting CVar [[r.Streaming.AmortizeCPUToGPUCopy:0]]
[2022.10.02-18.31.24:211][  0]LogConfig: Setting CVar [[r.Streaming.MaxNumTexturesToStreamPerFrame:0]]
[2022.10.02-18.31.24:211][  0]LogConfig: Setting CVar [[r.Streaming.Boost:1]]
[2022.10.02-18.31.24:211][  0]LogConfig: Setting CVar [[r.MaxAnisotropy:8]]
[2022.10.02-18.31.24:211][  0]LogConfig: Setting CVar [[r.VT.MaxAnisotropy:8]]
[2022.10.02-18.31.24:211][  0]LogConfig: Setting CVar [[r.Streaming.LimitPoolSizeToVRAM:0]]
[2022.10.02-18.31.24:211][  0]LogConfig: Setting CVar [[r.Streaming.PoolSize:1000]]
[2022.10.02-18.31.24:211][  0]LogConfig: Setting CVar [[r.Streaming.MaxEffectiveScreenSize:0]]
[2022.10.02-18.31.24:211][  0]LogConfig: Applying CVar settings from Section [EffectsQuality@3] File [C:/Users/Nathan M/Documents/Unreal Projects/Boxman/BoxmanUnreal/Saved/Config/Windows/Scalability.ini]
[2022.10.02-18.31.24:211][  0]LogConfig: Setting CVar [[r.TranslucencyLightingVolumeDim:64]]
[2022.10.02-18.31.24:211][  0]LogConfig: Setting CVar [[r.RefractionQuality:2]]
[2022.10.02-18.31.24:211][  0]LogConfig: Setting CVar [[r.SSR.Quality:3]]
[2022.10.02-18.31.24:211][  0]LogConfig: Setting CVar [[r.SSR.HalfResSceneColor:0]]
[2022.10.02-18.31.24:211][  0]LogConfig: Setting CVar [[r.SceneColorFormat:4]]
[2022.10.02-18.31.24:211][  0]LogConfig: Setting CVar [[r.DetailMode:2]]
[2022.10.02-18.31.24:211][  0]LogConfig: Setting CVar [[r.TranslucencyVolumeBlur:1]]
[2022.10.02-18.31.24:211][  0]LogConfig: Setting CVar [[r.MaterialQualityLevel:1 ; High quality]]
[2022.10.02-18.31.24:211][  0]LogConfig: Setting CVar [[r.AnisotropicMaterials:1]]
[2022.10.02-18.31.24:211][  0]LogConfig: Setting CVar [[r.SSS.Scale:1]]
[2022.10.02-18.31.24:211][  0]LogConfig: Setting CVar [[r.SSS.SampleSet:2]]
[2022.10.02-18.31.24:211][  0]LogConfig: Setting CVar [[r.SSS.Quality:1]]
[2022.10.02-18.31.24:211][  0]LogConfig: Setting CVar [[r.SSS.HalfRes:0]]
[2022.10.02-18.31.24:211][  0]LogConfig: Setting CVar [[r.SSGI.Quality:3]]
[2022.10.02-18.31.24:211][  0]LogConfig: Setting CVar [[r.EmitterSpawnRateScale:1.0]]
[2022.10.02-18.31.24:211][  0]LogConfig: Setting CVar [[r.ParticleLightQuality:2]]
[2022.10.02-18.31.24:211][  0]LogConfig: Setting CVar [[r.SkyAtmosphere.AerialPerspectiveLUT.FastApplyOnOpaque:1 ; Always have FastSkyLUT 1 in this case to avoid wrong sky]]
[2022.10.02-18.31.24:211][  0]LogConfig: Setting CVar [[r.SkyAtmosphere.AerialPerspectiveLUT.SampleCountMaxPerSlice:4]]
[2022.10.02-18.31.24:211][  0]LogConfig: Setting CVar [[r.SkyAtmosphere.AerialPerspectiveLUT.DepthResolution:16.0]]
[2022.10.02-18.31.24:211][  0]LogConfig: Setting CVar [[r.SkyAtmosphere.FastSkyLUT:1]]
[2022.10.02-18.31.24:211][  0]LogConfig: Setting CVar [[r.SkyAtmosphere.FastSkyLUT.SampleCountMin:4.0]]
[2022.10.02-18.31.24:211][  0]LogConfig: Setting CVar [[r.SkyAtmosphere.FastSkyLUT.SampleCountMax:128.0]]
[2022.10.02-18.31.24:211][  0]LogConfig: Setting CVar [[r.SkyAtmosphere.SampleCountMin:4.0]]
[2022.10.02-18.31.24:211][  0]LogConfig: Setting CVar [[r.SkyAtmosphere.SampleCountMax:128.0]]
[2022.10.02-18.31.24:211][  0]LogConfig: Setting CVar [[r.SkyAtmosphere.TransmittanceLUT.UseSmallFormat:0]]
[2022.10.02-18.31.24:211][  0]LogConfig: Setting CVar [[r.SkyAtmosphere.TransmittanceLUT.SampleCount:10.0]]
[2022.10.02-18.31.24:211][  0]LogConfig: Setting CVar [[r.SkyAtmosphere.MultiScatteringLUT.SampleCount:15.0]]
[2022.10.02-18.31.24:211][  0]LogConfig: Setting CVar [[r.SkyLight.RealTimeReflectionCapture:1]]
[2022.10.02-18.31.24:211][  0]LogConfig: Applying CVar settings from Section [FoliageQuality@3] File [C:/Users/Nathan M/Documents/Unreal Projects/Boxman/BoxmanUnreal/Saved/Config/Windows/Scalability.ini]
[2022.10.02-18.31.24:211][  0]LogConfig: Setting CVar [[foliage.DensityScale:1.0]]
[2022.10.02-18.31.24:211][  0]LogConfig: Setting CVar [[grass.DensityScale:1.0]]
[2022.10.02-18.31.24:211][  0]LogConfig: Applying CVar settings from Section [ShadingQuality@3] File [C:/Users/Nathan M/Documents/Unreal Projects/Boxman/BoxmanUnreal/Saved/Config/Windows/Scalability.ini]
[2022.10.02-18.31.24:211][  0]LogConfig: Setting CVar [[r.HairStrands.SkyLighting.IntegrationType:2]]
[2022.10.02-18.31.24:211][  0]LogConfig: Setting CVar [[r.HairStrands.SkyAO.SampleCount:4]]
[2022.10.02-18.31.24:211][  0]LogConfig: Setting CVar [[r.HairStrands.Visibility.MSAA.SamplePerPixel:4]]
[2022.10.02-18.31.24:211][  0]LogInit: Selected Device Profile: [Windows]
[2022.10.02-18.31.24:211][  0]LogInit: Applying CVar settings loaded from the selected device profile: [Windows]
[2022.10.02-18.31.24:211][  0]LogHAL: Display: Platform has ~ 24 GB [25650196480 / 34359738368 / 24], which maps to Larger [LargestMinGB=32, LargerMinGB=12, DefaultMinGB=8, SmallerMinGB=6, SmallestMinGB=0)
[2022.10.02-18.31.24:211][  0]LogInit: Going up to parent DeviceProfile []
[2022.10.02-18.31.24:211][  0]LogConfig: Applying CVar settings from Section [ViewDistanceQuality@3] File [C:/Users/Nathan M/Documents/Unreal Projects/Boxman/BoxmanUnreal/Saved/Config/Windows/Scalability.ini]
[2022.10.02-18.31.24:211][  0]LogConfig: Setting CVar [[r.SkeletalMeshLODBias:0]]
[2022.10.02-18.31.24:211][  0]LogConfig: Setting CVar [[r.ViewDistanceScale:1.0]]
[2022.10.02-18.31.24:211][  0]LogConfig: Applying CVar settings from Section [AntiAliasingQuality@3] File [C:/Users/Nathan M/Documents/Unreal Projects/Boxman/BoxmanUnreal/Saved/Config/Windows/Scalability.ini]
[2022.10.02-18.31.24:211][  0]LogConfig: Setting CVar [[r.PostProcessAAQuality:4]]
[2022.10.02-18.31.24:212][  0]LogConfig: Applying CVar settings from Section [ShadowQuality@3] File [C:/Users/Nathan M/Documents/Unreal Projects/Boxman/BoxmanUnreal/Saved/Config/Windows/Scalability.ini]
[2022.10.02-18.31.24:212][  0]LogConfig: Setting CVar [[r.LightFunctionQuality:1]]
[2022.10.02-18.31.24:212][  0]LogConfig: Setting CVar [[r.ShadowQuality:5]]
[2022.10.02-18.31.24:212][  0]LogConfig: Setting CVar [[r.Shadow.CSM.MaxCascades:10]]
[2022.10.02-18.31.24:212][  0]LogConfig: Setting CVar [[r.Shadow.MaxResolution:2048]]
[2022.10.02-18.31.24:212][  0]LogConfig: Setting CVar [[r.Shadow.MaxCSMResolution:2048]]
[2022.10.02-18.31.24:212][  0]LogConfig: Setting CVar [[r.Shadow.RadiusThreshold:0.01]]
[2022.10.02-18.31.24:212][  0]LogConfig: Setting CVar [[r.Shadow.DistanceScale:1.0]]
[2022.10.02-18.31.24:212][  0]LogConfig: Setting CVar [[r.Shadow.CSM.TransitionScale:1.0]]
[2022.10.02-18.31.24:212][  0]LogConfig: Setting CVar [[r.Shadow.PreShadowResolutionFactor:1.0]]
[2022.10.02-18.31.24:212][  0]LogConfig: Setting CVar [[r.DistanceFieldShadowing:1]]
[2022.10.02-18.31.24:212][  0]LogConfig: Setting CVar [[r.DistanceFieldAO:1]]
[2022.10.02-18.31.24:212][  0]LogConfig: Setting CVar [[r.AOQuality:2]]
[2022.10.02-18.31.24:212][  0]LogConfig: Setting CVar [[r.VolumetricFog:1]]
[2022.10.02-18.31.24:212][  0]LogConfig: Setting CVar [[r.VolumetricFog.GridPixelSize:8]]
[2022.10.02-18.31.24:212][  0]LogConfig: Setting CVar [[r.VolumetricFog.GridSizeZ:128]]
[2022.10.02-18.31.24:212][  0]LogConfig: Setting CVar [[r.VolumetricFog.HistoryMissSupersampleCount:4]]
[2022.10.02-18.31.24:212][  0]LogConfig: Setting CVar [[r.LightMaxDrawDistanceScale:1]]
[2022.10.02-18.31.24:212][  0]LogConfig: Setting CVar [[r.CapsuleShadows:1]]
[2022.10.02-18.31.24:212][  0]LogConfig: Applying CVar settings from Section [PostProcessQuality@3] File [C:/Users/Nathan M/Documents/Unreal Projects/Boxman/BoxmanUnreal/Saved/Config/Windows/Scalability.ini]
[2022.10.02-18.31.24:212][  0]LogConfig: Setting CVar [[r.MotionBlurQuality:4]]
[2022.10.02-18.31.24:212][  0]LogConfig: Setting CVar [[r.AmbientOcclusionMipLevelFactor:0.4]]
[2022.10.02-18.31.24:212][  0]LogConfig: Setting CVar [[r.AmbientOcclusionMaxQuality:100]]
[2022.10.02-18.31.24:212][  0]LogConfig: Setting CVar [[r.AmbientOcclusionLevels:-1]]
[2022.10.02-18.31.24:212][  0]LogConfig: Setting CVar [[r.AmbientOcclusionRadiusScale:1.0]]
[2022.10.02-18.31.24:212][  0]LogConfig: Setting CVar [[r.DepthOfFieldQuality:2]]
[2022.10.02-18.31.24:212][  0]LogConfig: Setting CVar [[r.RenderTargetPoolMin:400]]
[2022.10.02-18.31.24:212][  0]LogConfig: Setting CVar [[r.LensFlareQuality:2]]
[2022.10.02-18.31.24:212][  0]LogConfig: Setting CVar [[r.SceneColorFringeQuality:1]]
[2022.10.02-18.31.24:212][  0]LogConfig: Setting CVar [[r.EyeAdaptationQuality:2]]
[2022.10.02-18.31.24:212][  0]LogConfig: Setting CVar [[r.BloomQuality:5]]
[2022.10.02-18.31.24:212][  0]LogConfig: Setting CVar [[r.FastBlurThreshold:100]]
[2022.10.02-18.31.24:212][  0]LogConfig: Setting CVar [[r.Upscale.Quality:3]]
[2022.10.02-18.31.24:212][  0]LogConfig: Setting CVar [[r.Tonemapper.GrainQuantization:1]]
[2022.10.02-18.31.24:212][  0]LogConfig: Setting CVar [[r.LightShaftQuality:1]]
[2022.10.02-18.31.24:212][  0]LogConfig: Setting CVar [[r.Filter.SizeScale:1]]
[2022.10.02-18.31.24:212][  0]LogConfig: Setting CVar [[r.Tonemapper.Quality:5]]
[2022.10.02-18.31.24:212][  0]LogConfig: Setting CVar [[r.DOF.Gather.AccumulatorQuality:1        ; higher gathering accumulator quality]]
[2022.10.02-18.31.24:212][  0]LogConfig: Setting CVar [[r.DOF.Gather.PostfilterMethod:1          ; Median3x3 postfilering method]]
[2022.10.02-18.31.24:212][  0]LogConfig: Setting CVar [[r.DOF.Gather.EnableBokehSettings:0       ; no bokeh simulation when gathering]]
[2022.10.02-18.31.24:212][  0]LogConfig: Setting CVar [[r.DOF.Gather.RingCount:4                 ; medium number of samples when gathering]]
[2022.10.02-18.31.24:212][  0]LogConfig: Setting CVar [[r.DOF.Scatter.ForegroundCompositing:1    ; additive foreground scattering]]
[2022.10.02-18.31.24:212][  0]LogConfig: Setting CVar [[r.DOF.Scatter.BackgroundCompositing:2    ; additive background scattering]]
[2022.10.02-18.31.24:212][  0]LogConfig: Setting CVar [[r.DOF.Scatter.EnableBokehSettings:1      ; bokeh simulation when scattering]]
[2022.10.02-18.31.24:212][  0]LogConfig: Setting CVar [[r.DOF.Scatter.MaxSpriteRatio:0.1         ; only a maximum of 10% of scattered bokeh]]
[2022.10.02-18.31.24:212][  0]LogConfig: Setting CVar [[r.DOF.Recombine.Quality:1                ; cheap slight out of focus]]
[2022.10.02-18.31.24:212][  0]LogConfig: Setting CVar [[r.DOF.Recombine.EnableBokehSettings:0    ; no bokeh simulation on slight out of focus]]
[2022.10.02-18.31.24:212][  0]LogConfig: Setting CVar [[r.DOF.TemporalAAQuality:1                ; more stable temporal accumulation]]
[2022.10.02-18.31.24:212][  0]LogConfig: Setting CVar [[r.DOF.Kernel.MaxForegroundRadius:0.025]]
[2022.10.02-18.31.24:212][  0]LogConfig: Setting CVar [[r.DOF.Kernel.MaxBackgroundRadius:0.025]]
[2022.10.02-18.31.24:212][  0]LogConfig: Applying CVar settings from Section [TextureQuality@3] File [C:/Users/Nathan M/Documents/Unreal Projects/Boxman/BoxmanUnreal/Saved/Config/Windows/Scalability.ini]
[2022.10.02-18.31.24:212][  0]LogConfig: Setting CVar [[r.Streaming.MipBias:0]]
[2022.10.02-18.31.24:212][  0]LogConfig: Setting CVar [[r.Streaming.AmortizeCPUToGPUCopy:0]]
[2022.10.02-18.31.24:212][  0]LogConfig: Setting CVar [[r.Streaming.MaxNumTexturesToStreamPerFrame:0]]
[2022.10.02-18.31.24:212][  0]LogConfig: Setting CVar [[r.Streaming.Boost:1]]
[2022.10.02-18.31.24:212][  0]LogConfig: Setting CVar [[r.MaxAnisotropy:8]]
[2022.10.02-18.31.24:212][  0]LogConfig: Setting CVar [[r.VT.MaxAnisotropy:8]]
[2022.10.02-18.31.24:212][  0]LogConfig: Setting CVar [[r.Streaming.LimitPoolSizeToVRAM:0]]
[2022.10.02-18.31.24:212][  0]LogConfig: Setting CVar [[r.Streaming.PoolSize:1000]]
[2022.10.02-18.31.24:212][  0]LogConfig: Setting CVar [[r.Streaming.MaxEffectiveScreenSize:0]]
[2022.10.02-18.31.24:212][  0]LogConfig: Applying CVar settings from Section [EffectsQuality@3] File [C:/Users/Nathan M/Documents/Unreal Projects/Boxman/BoxmanUnreal/Saved/Config/Windows/Scalability.ini]
[2022.10.02-18.31.24:212][  0]LogConfig: Setting CVar [[r.TranslucencyLightingVolumeDim:64]]
[2022.10.02-18.31.24:212][  0]LogConfig: Setting CVar [[r.RefractionQuality:2]]
[2022.10.02-18.31.24:212][  0]LogConfig: Setting CVar [[r.SSR.Quality:3]]
[2022.10.02-18.31.24:212][  0]LogConfig: Setting CVar [[r.SSR.HalfResSceneColor:0]]
[2022.10.02-18.31.24:212][  0]LogConfig: Setting CVar [[r.SceneColorFormat:4]]
[2022.10.02-18.31.24:212][  0]LogConfig: Setting CVar [[r.DetailMode:2]]
[2022.10.02-18.31.24:212][  0]LogConfig: Setting CVar [[r.TranslucencyVolumeBlur:1]]
[2022.10.02-18.31.24:212][  0]LogConfig: Setting CVar [[r.MaterialQualityLevel:1 ; High quality]]
[2022.10.02-18.31.24:212][  0]LogConfig: Setting CVar [[r.AnisotropicMaterials:1]]
[2022.10.02-18.31.24:212][  0]LogConfig: Setting CVar [[r.SSS.Scale:1]]
[2022.10.02-18.31.24:212][  0]LogConfig: Setting CVar [[r.SSS.SampleSet:2]]
[2022.10.02-18.31.24:212][  0]LogConfig: Setting CVar [[r.SSS.Quality:1]]
[2022.10.02-18.31.24:212][  0]LogConfig: Setting CVar [[r.SSS.HalfRes:0]]
[2022.10.02-18.31.24:212][  0]LogConfig: Setting CVar [[r.SSGI.Quality:3]]
[2022.10.02-18.31.24:212][  0]LogConfig: Setting CVar [[r.EmitterSpawnRateScale:1.0]]
[2022.10.02-18.31.24:212][  0]LogConfig: Setting CVar [[r.ParticleLightQuality:2]]
[2022.10.02-18.31.24:212][  0]LogConfig: Setting CVar [[r.SkyAtmosphere.AerialPerspectiveLUT.FastApplyOnOpaque:1 ; Always have FastSkyLUT 1 in this case to avoid wrong sky]]
[2022.10.02-18.31.24:212][  0]LogConfig: Setting CVar [[r.SkyAtmosphere.AerialPerspectiveLUT.SampleCountMaxPerSlice:4]]
[2022.10.02-18.31.24:212][  0]LogConfig: Setting CVar [[r.SkyAtmosphere.AerialPerspectiveLUT.DepthResolution:16.0]]
[2022.10.02-18.31.24:212][  0]LogConfig: Setting CVar [[r.SkyAtmosphere.FastSkyLUT:1]]
[2022.10.02-18.31.24:212][  0]LogConfig: Setting CVar [[r.SkyAtmosphere.FastSkyLUT.SampleCountMin:4.0]]
[2022.10.02-18.31.24:212][  0]LogConfig: Setting CVar [[r.SkyAtmosphere.FastSkyLUT.SampleCountMax:128.0]]
[2022.10.02-18.31.24:212][  0]LogConfig: Setting CVar [[r.SkyAtmosphere.SampleCountMin:4.0]]
[2022.10.02-18.31.24:212][  0]LogConfig: Setting CVar [[r.SkyAtmosphere.SampleCountMax:128.0]]
[2022.10.02-18.31.24:212][  0]LogConfig: Setting CVar [[r.SkyAtmosphere.TransmittanceLUT.UseSmallFormat:0]]
[2022.10.02-18.31.24:212][  0]LogConfig: Setting CVar [[r.SkyAtmosphere.TransmittanceLUT.SampleCount:10.0]]
[2022.10.02-18.31.24:212][  0]LogConfig: Setting CVar [[r.SkyAtmosphere.MultiScatteringLUT.SampleCount:15.0]]
[2022.10.02-18.31.24:212][  0]LogConfig: Setting CVar [[r.SkyLight.RealTimeReflectionCapture:1]]
[2022.10.02-18.31.24:212][  0]LogConfig: Applying CVar settings from Section [FoliageQuality@3] File [C:/Users/Nathan M/Documents/Unreal Projects/Boxman/BoxmanUnreal/Saved/Config/Windows/Scalability.ini]
[2022.10.02-18.31.24:212][  0]LogConfig: Setting CVar [[foliage.DensityScale:1.0]]
[2022.10.02-18.31.24:212][  0]LogConfig: Setting CVar [[grass.DensityScale:1.0]]
[2022.10.02-18.31.24:212][  0]LogConfig: Applying CVar settings from Section [ShadingQuality@3] File [C:/Users/Nathan M/Documents/Unreal Projects/Boxman/BoxmanUnreal/Saved/Config/Windows/Scalability.ini]
[2022.10.02-18.31.24:212][  0]LogConfig: Setting CVar [[r.HairStrands.SkyLighting.IntegrationType:2]]
[2022.10.02-18.31.24:212][  0]LogConfig: Setting CVar [[r.HairStrands.SkyAO.SampleCount:4]]
[2022.10.02-18.31.24:212][  0]LogConfig: Setting CVar [[r.HairStrands.Visibility.MSAA.SamplePerPixel:4]]
[2022.10.02-18.31.24:212][  0]LogConfig: Applying CVar settings from Section [Startup] File [../../../Engine/Config/ConsoleVariables.ini]
[2022.10.02-18.31.24:213][  0]LogConfig: Setting CVar [[net.UseAdaptiveNetUpdateFrequency:0]]
[2022.10.02-18.31.24:213][  0]LogConfig: Setting CVar [[p.chaos.AllowCreatePhysxBodies:1]]
[2022.10.02-18.31.24:213][  0]LogConfig: Setting CVar [[fx.SkipVectorVMBackendOptimizations:1]]
[2022.10.02-18.31.24:213][  0]LogConfig: Applying CVar settings from Section [ConsoleVariables] File [C:/Users/Nathan M/Documents/Unreal Projects/Boxman/BoxmanUnreal/Saved/Config/Windows/Engine.ini]
[2022.10.02-18.31.24:213][  0]LogConfig: Applying CVar settings from Section [ConsoleVariables] File [C:/Users/Nathan M/Documents/Unreal Projects/Boxman/BoxmanUnreal/Saved/Config/Windows/Editor.ini]
[2022.10.02-18.31.24:213][  0]LogInit: Computer: DESKTOP-VGV4RVI
[2022.10.02-18.31.24:213][  0]LogInit: User: NathanM
[2022.10.02-18.31.24:213][  0]LogInit: CPU Page size=4096, Cores=16
[2022.10.02-18.31.24:213][  0]LogInit: High frequency timer resolution =10.000000 MHz
[2022.10.02-18.31.24:213][  0]LogMemory: Memory total: Physical=23.9GB (24GB approx)
[2022.10.02-18.31.24:213][  0]LogMemory: Platform Memory Stats for Windows
[2022.10.02-18.31.24:213][  0]LogMemory: Process Physical Memory: 153.62 MB used, 153.62 MB peak
[2022.10.02-18.31.24:213][  0]LogMemory: Process Virtual Memory: 157.79 MB used, 157.79 MB peak
[2022.10.02-18.31.24:213][  0]LogMemory: Physical Memory: 10019.23 MB used,  14442.71 MB free, 24461.93 MB total
[2022.10.02-18.31.24:213][  0]LogMemory: Virtual Memory: 134207760.00 MB used,  9968.05 MB free, 134217728.00 MB total
[2022.10.02-18.31.24:218][  0]LogWindows: WindowsPlatformFeatures enabled
[2022.10.02-18.31.24:250][  0]LogInit: Physics initialised using underlying interface: PhysX
[2022.10.02-18.31.24:250][  0]LogInit: Using OS detected language (en-US).
[2022.10.02-18.31.24:250][  0]LogInit: Using OS detected locale (en-US).
[2022.10.02-18.31.24:255][  0]LogTextLocalizationManager: No specific localization for 'en-US' exists, so the 'en' localization will be used.
[2022.10.02-18.31.24:399][  0]LogInit: Setting process to per monitor DPI aware
[2022.10.02-18.31.24:409][  0]LogWindowsTextInputMethodSystem: Display: IME system deactivated.
[2022.10.02-18.31.24:419][  0]LogSlate: New Slate User Created.  User Index 0, Is Virtual User: 0
[2022.10.02-18.31.24:419][  0]LogSlate: Slate User Registered.  User Index 0, Is Virtual User: 0
[2022.10.02-18.31.24:511][  0]LogD3D11RHI: Loaded GFSDK_Aftermath_Lib.x64.dll
[2022.10.02-18.31.24:514][  0]LogHMD: Failed to initialize OpenVR with code 110
[2022.10.02-18.31.24:514][  0]LogD3D11RHI: D3D11 min allowed feature level: 11_0
[2022.10.02-18.31.24:514][  0]LogD3D11RHI: D3D11 max allowed feature level: 11_0
[2022.10.02-18.31.24:514][  0]LogD3D11RHI: D3D11 adapters:
[2022.10.02-18.31.24:594][  0]LogD3D11RHI:    0. 'NVIDIA GeForce RTX 3060' (Feature Level 11_0)
[2022.10.02-18.31.24:594][  0]LogD3D11RHI:       12137/0/12230 MB DedicatedVideo/DedicatedSystem/SharedSystem, Outputs:3, VendorId:0x10de
[2022.10.02-18.31.24:596][  0]LogD3D11RHI:    1. 'Microsoft Basic Render Driver' (Feature Level 11_0)
[2022.10.02-18.31.24:596][  0]LogD3D11RHI:       0/0/12230 MB DedicatedVideo/DedicatedSystem/SharedSystem, Outputs:0, VendorId:0x1414
[2022.10.02-18.31.24:596][  0]LogD3D11RHI: Chosen D3D11 Adapter:
[2022.10.02-18.31.24:596][  0]LogD3D11RHI:     Description : NVIDIA GeForce RTX 3060
[2022.10.02-18.31.24:596][  0]LogD3D11RHI:     VendorId    : 10de
[2022.10.02-18.31.24:596][  0]LogD3D11RHI:     DeviceId    : 2487
[2022.10.02-18.31.24:596][  0]LogD3D11RHI:     SubSysId    : 40721458
[2022.10.02-18.31.24:596][  0]LogD3D11RHI:     Revision    : 00a1
[2022.10.02-18.31.24:596][  0]LogD3D11RHI:     DedicatedVideoMemory : 12726566912 bytes
[2022.10.02-18.31.24:596][  0]LogD3D11RHI:     DedicatedSystemMemory : 0 bytes
[2022.10.02-18.31.24:596][  0]LogD3D11RHI:     SharedSystemMemory : 12825098240 bytes
[2022.10.02-18.31.24:596][  0]LogD3D11RHI:     AdapterLuid : 0 45885
[2022.10.02-18.31.24:603][  0]LogD3D11RHI: Creating new Direct3DDevice
[2022.10.02-18.31.24:603][  0]LogD3D11RHI:     GPU DeviceId: 0x2487 (for the marketing name, search the web for "GPU Device Id")
[2022.10.02-18.31.24:603][  0]LogWindows: EnumDisplayDevices:
[2022.10.02-18.31.24:603][  0]LogWindows:    0. 'NVIDIA GeForce RTX 3060' (P:1 D:1)
[2022.10.02-18.31.24:603][  0]LogWindows:    1. 'NVIDIA GeForce RTX 3060' (P:0 D:1)
[2022.10.02-18.31.24:603][  0]LogWindows:    2. 'NVIDIA GeForce RTX 3060' (P:0 D:1)
[2022.10.02-18.31.24:604][  0]LogWindows:    3. 'NVIDIA GeForce RTX 3060' (P:0 D:0)
[2022.10.02-18.31.24:604][  0]LogWindows: DebugString: FoundDriverCount:4 
[2022.10.02-18.31.24:604][  0]LogD3D11RHI:     Adapter Name: NVIDIA GeForce RTX 3060
[2022.10.02-18.31.24:604][  0]LogD3D11RHI:   Driver Version: 517.48 (internal:31.0.15.1748, unified:517.48)
[2022.10.02-18.31.24:604][  0]LogD3D11RHI:      Driver Date: 9-21-2022
[2022.10.02-18.31.24:604][  0]LogRHI: Texture pool is 8495 MB (70% of 12137 MB)
[2022.10.02-18.31.24:604][  0]LogD3D11RHI: Creating D3DDevice using adapter:
[2022.10.02-18.31.24:604][  0]LogD3D11RHI:     Description : NVIDIA GeForce RTX 3060
[2022.10.02-18.31.24:604][  0]LogD3D11RHI:     VendorId    : 10de
[2022.10.02-18.31.24:604][  0]LogD3D11RHI:     DeviceId    : 2487
[2022.10.02-18.31.24:604][  0]LogD3D11RHI:     SubSysId    : 40721458
[2022.10.02-18.31.24:604][  0]LogD3D11RHI:     Revision    : 00a1
[2022.10.02-18.31.24:604][  0]LogD3D11RHI:     DedicatedVideoMemory : 12726566912 bytes
[2022.10.02-18.31.24:604][  0]LogD3D11RHI:     DedicatedSystemMemory : 0 bytes
[2022.10.02-18.31.24:604][  0]LogD3D11RHI:     SharedSystemMemory : 12825098240 bytes
[2022.10.02-18.31.24:604][  0]LogD3D11RHI:     AdapterLuid : 0 45885
[2022.10.02-18.31.24:652][  0]LogD3D11RHI: RHI has support for 64 bit atomics
[2022.10.02-18.31.24:652][  0]LogD3D11RHI: Async texture creation enabled
[2022.10.02-18.31.24:652][  0]LogD3D11RHI: Array index from any shader is supported
[2022.10.02-18.31.24:656][  0]LogD3D11RHI: HDR output is supported on display 2 (NvId: 0x80061083).
[2022.10.02-18.31.24:676][  0]LogD3D11RHI: GPU Timing Frequency: 1000.000000 (Debug: 2 1)
[2022.10.02-18.31.24:696][  0]LogRHI: GeForceNow SDK initialized: 1
[2022.10.02-18.31.24:905][  0]LogTargetPlatformManager: Display: Loaded TargetPlatform 'AllDesktop'
[2022.10.02-18.31.24:923][  0]LogTargetPlatformManager: Display: Loaded TargetPlatform 'Android'
[2022.10.02-18.31.24:923][  0]LogTargetPlatformManager: Display: Loaded TargetPlatform 'Android_ASTC'
[2022.10.02-18.31.24:923][  0]LogTargetPlatformManager: Display: Loaded TargetPlatform 'Android_DXT'
[2022.10.02-18.31.24:923][  0]LogTargetPlatformManager: Display: Loaded TargetPlatform 'Android_ETC2'
[2022.10.02-18.31.24:923][  0]LogTargetPlatformManager: Display: Loaded TargetPlatform 'AndroidClient'
[2022.10.02-18.31.24:924][  0]LogTargetPlatformManager: Display: Loaded TargetPlatform 'Android_ASTCClient'
[2022.10.02-18.31.24:924][  0]LogTargetPlatformManager: Display: Loaded TargetPlatform 'Android_DXTClient'
[2022.10.02-18.31.24:924][  0]LogTargetPlatformManager: Display: Loaded TargetPlatform 'Android_ETC2Client'
[2022.10.02-18.31.24:924][  0]LogTargetPlatformManager: Display: Loaded TargetPlatform 'Android_Multi'
[2022.10.02-18.31.24:924][  0]LogTargetPlatformManager: Display: Loaded TargetPlatform 'Android_MultiClient'
[2022.10.02-18.31.24:938][  0]LogTargetPlatformManager: Display: Loaded TargetPlatform 'IOSClient'
[2022.10.02-18.31.24:938][  0]LogTargetPlatformManager: Display: Loaded TargetPlatform 'IOS'
[2022.10.02-18.31.24:945][  0]LogTargetPlatformManager: Display: Loaded TargetPlatform 'Linux'
[2022.10.02-18.31.24:948][  0]LogTargetPlatformManager: Display: Loaded TargetPlatform 'LinuxNoEditor'
[2022.10.02-18.31.24:952][  0]LogTargetPlatformManager: Display: Loaded TargetPlatform 'LinuxClient'
[2022.10.02-18.31.24:956][  0]LogTargetPlatformManager: Display: Loaded TargetPlatform 'LinuxServer'
[2022.10.02-18.31.24:963][  0]LogTargetPlatformManager: Display: Loaded TargetPlatform 'LinuxAArch64NoEditor'
[2022.10.02-18.31.24:967][  0]LogTargetPlatformManager: Display: Loaded TargetPlatform 'LinuxAArch64Client'
[2022.10.02-18.31.24:970][  0]LogTargetPlatformManager: Display: Loaded TargetPlatform 'LinuxAArch64Server'
[2022.10.02-18.31.24:989][  0]LogTargetPlatformManager: Display: Loaded TargetPlatform 'Lumin'
[2022.10.02-18.31.24:989][  0]LogTargetPlatformManager: Display: Loaded TargetPlatform 'LuminClient'
[2022.10.02-18.31.24:996][  0]LogTargetPlatformManager: Display: Loaded TargetPlatform 'MacNoEditor'
[2022.10.02-18.31.24:999][  0]LogTargetPlatformManager: Display: Loaded TargetPlatform 'Mac'
[2022.10.02-18.31.25:002][  0]LogTargetPlatformManager: Display: Loaded TargetPlatform 'MacClient'
[2022.10.02-18.31.25:006][  0]LogTargetPlatformManager: Display: Loaded TargetPlatform 'MacServer'
[2022.10.02-18.31.25:014][  0]LogTargetPlatformManager: Display: Loaded TargetPlatform 'TVOSClient'
[2022.10.02-18.31.25:014][  0]LogTargetPlatformManager: Display: Loaded TargetPlatform 'TVOS'
[2022.10.02-18.31.25:021][  0]LogTargetPlatformManager: Display: Loaded TargetPlatform 'WindowsNoEditor'
[2022.10.02-18.31.25:026][  0]LogTargetPlatformManager: Display: Loaded TargetPlatform 'Windows'
[2022.10.02-18.31.25:029][  0]LogTargetPlatformManager: Display: Loaded TargetPlatform 'WindowsClient'
[2022.10.02-18.31.25:032][  0]LogTargetPlatformManager: Display: Loaded TargetPlatform 'WindowsServer'
[2022.10.02-18.31.25:032][  0]LogTargetPlatformManager: Display: Building Assets For Windows
[2022.10.02-18.31.25:039][  0]LogAudioDebug: Display: Lib vorbis DLL was dynamically loaded.
[2022.10.02-18.31.25:062][  0]LogTextureFormatOodle: Display: Oodle Texture 2.9.0 init RDO Off
[2022.10.02-18.31.25:087][  0]LogRendererCore: Ray tracing is disabled. Reason: r.RayTracing=0.
[2022.10.02-18.31.25:087][  0]LogShaderCompilers: Guid format shader working directory is -30 characters bigger than the processId version (../../../../../../Users/Nathan M/Documents/Unreal Projects/Boxman/BoxmanUnreal/Intermediate/Shaders/WorkingDirectory/11044/).
[2022.10.02-18.31.25:088][  0]LogShaderCompilers: Cleaned the shader compiler working directory 'C:/Users/Nathan M/AppData/Local/Temp/UnrealShaderWorkingDir/CA19356449C489AF342FB38C305891B4/'.
[2022.10.02-18.31.25:088][  0]LogXGEController: Cannot use XGE Controller as Incredibuild is not installed on this machine.
[2022.10.02-18.31.25:088][  0]LogShaderCompilers: Cannot use XGE Shader Compiler as Incredibuild is not installed on this machine.
[2022.10.02-18.31.25:088][  0]LogShaderCompilers: Display: Using Local Shader Compiler.
[2022.10.02-18.31.25:617][  0]LogDerivedDataCache: Display: Max Cache Size: 512 MB
[2022.10.02-18.31.25:659][  0]LogDerivedDataCache: Loaded boot cache 0.04s 94MB C:/Users/Nathan M/AppData/Local/UnrealEngine/4.27/DerivedDataCache/Boot.ddc.
[2022.10.02-18.31.25:659][  0]LogDerivedDataCache: Display: Loaded Boot cache: C:/Users/Nathan M/AppData/Local/UnrealEngine/4.27/DerivedDataCache/Boot.ddc
[2022.10.02-18.31.25:659][  0]LogDerivedDataCache: FDerivedDataBackendGraph:  Pak pak cache file ../../../../../../Users/Nathan M/Documents/Unreal Projects/Boxman/BoxmanUnreal/DerivedDataCache/DDC.ddp not found, will not use a pak cache.
[2022.10.02-18.31.25:659][  0]LogDerivedDataCache: Unable to find inner node Pak for hierarchical cache Hierarchy.
[2022.10.02-18.31.25:659][  0]LogDerivedDataCache: FDerivedDataBackendGraph:  CompressedPak pak cache file ../../../../../../Users/Nathan M/Documents/Unreal Projects/Boxman/BoxmanUnreal/DerivedDataCache/Compressed.ddp not found, will not use a pak cache.
[2022.10.02-18.31.25:659][  0]LogDerivedDataCache: Unable to find inner node CompressedPak for hierarchical cache Hierarchy.
[2022.10.02-18.31.25:673][  0]LogDerivedDataCache: Display: Pak cache opened for reading ../../../Engine/DerivedDataCache/Compressed.ddp.
[2022.10.02-18.31.25:673][  0]LogDerivedDataCache: FDerivedDataBackendGraph:  EnterprisePak pak cache file ../../../Enterprise/DerivedDataCache/Compressed.ddp not found, will not use a pak cache.
[2022.10.02-18.31.25:673][  0]LogDerivedDataCache: Unable to find inner node EnterprisePak for hierarchical cache Hierarchy.
[2022.10.02-18.31.25:679][  0]LogDerivedDataCache: Speed tests for C:/Users/Nathan M/AppData/Local/UnrealEngine/Common/DerivedDataCache took 0.01 seconds
[2022.10.02-18.31.25:679][  0]LogDerivedDataCache: Display: Performance to C:/Users/Nathan M/AppData/Local/UnrealEngine/Common/DerivedDataCache: Latency=0.02ms. RandomReadSpeed=435.10MBs, RandomWriteSpeed=248.29MBs. Assigned SpeedClass 'Local'
[2022.10.02-18.31.25:679][  0]LogDerivedDataCache: Using Local data cache path C:/Users/Nathan M/AppData/Local/UnrealEngine/Common/DerivedDataCache: Writable
[2022.10.02-18.31.25:679][  0]LogDerivedDataCache: Shared data cache path not found in *engine.ini, will not use an Shared cache.
[2022.10.02-18.31.25:679][  0]LogDerivedDataCache: Unable to find inner node Shared for hierarchical cache Hierarchy.
[2022.10.02-18.31.25:714][  0]LogSlate: Using FreeType 2.10.0
[2022.10.02-18.31.25:714][  0]LogSlate: SlateFontServices - WITH_FREETYPE: 1, WITH_HARFBUZZ: 1
[2022.10.02-18.31.25:732][  0]LogAssetRegistry: FAssetRegistry took 0.0025 seconds to start up
[2022.10.02-18.31.25:904][  0]LogInit: Selected Device Profile: [Windows]
[2022.10.02-18.31.25:904][  0]LogInit: Active device profile: [0000027A11ACEB00][0000027A0C059A80 49] Windows
[2022.10.02-18.31.25:904][  0]LogInit: Profiles: [0000027A11ACEB00][0000027A0C059A80 49] Windows, [0000027A11A7A300][0000027A0E2C7C00 49] WindowsNoEditor, [0000027A11ACDE00][0000027A0E2CA200 49] WindowsServer, [0000027A11A7AF00][0000027A0E2CE380 49] WindowsClient, [0000027A11ACE800][0000027A0E2D2500 49] IOS, [0000027A11A7A500][0000027A0E2D6680 49] iPadAir, [0000027A11ACC700][0000027A0E2DA800 49] iPadAir2, [0000027A11A1DA00][0000027A1034CA40 49] IPadPro, [0000027A11A1DB00][0000027A0E2C2A80 49] iPadAir3, [0000027A11A7B700][0000027A10350BC0 49] iPadAir4, [0000027A11A1EA00][0000027A10354D00 49] iPadMini2, [0000027A11A78C00][0000027A1035CE80 49] iPadMini3, [0000027A11A1CB00][0000027A10375000 49] iPadMini4, [0000027A11A7B800][0000027A10379180 49] iPadMini5, [0000027A11A61300][0000027A103F1440 49] iPhone6, [0000027A11A61400][0000027A103ED480 49] iPodTouch6, [0000027A11ACD700][0000027A13561740 49] iPhone7, [0000027A11ACD500][0000027A10433780 49] iPodTouch7, [0000027A11A1CE00][0000027A13565900 49] iPhone5S, [0000027A11ACFD00][0000027A1356DA80 49] iPhone6Plus, [0000027A11A1FD00][0000027A13583C00 49] iPhone6S, [0000027A11ACDA00][0000027A13604200 49] iPhone6SPlus, [0000027A11ACD400][0000027A13608380 49] iPhone7Plus, [0000027A11A60700][0000027A1369E500 49] iPhoneSE, [0000027A11ACCE00][0000027A136BA680 49] iPhone8, [0000027A11A60D00][0000027A1375C800 49] iPhone8Plus, [0000027A11A61A00][0000027A13760980 49] iPhoneX, [0000027A11A1F300][0000027A13814B00 49] iPhoneXS, [0000027A11A62300][0000027A10358C40 49] iPhoneXSMax, [0000027A11A1E800][0000027A10062D80 49] iPhoneXR, [0000027A11A61500][0000027A10066EC0 49] iPhone11, [0000027A11A1F700][0000027A1006F040 49] iPhone11Pro, [0000027A11A63100][0000027A100731C0 49] iPhone11ProMax, [0000027A11A1C500][0000027A10077340 49] iPhoneSE2, [0000027A11A62B00][0000027A08BD14C0 49] iPhone12Mini, [0000027A11A1EE00][0000027A08BD5640 49] iPhone12, [0000027A11A63400][0000027A08BD97C0 49] iPhone12Pro, [0000027A11ACFB00][0000027A08BDD940 49] iPhone12ProMax, [0000027A11A60500][0000027A08BE1AC0 49] iPadPro105, [0000027A11ACF300][0000027A08BE40C0 49] iPadPro129, [0000027A11A62A00][0000027A08BF2240 49] iPadPro97, [0000027A11ACD200][0000027A08C023C0 49] iPadPro2_129, [0000027A11A63200][0000027A08C06540 49] iPad5, [0000027A11ACC100][0000027A139406C0 49] iPad6, [0000027A11A61600][0000027A13944840 49] iPad7, [0000027A11ACDD00][0000027A139489C0 49] iPad8, [0000027A11A61900][0000027A14420B40 49] iPadPro11, [0000027A11ACF000][0000027A1442CCC0 49] iPadPro2_11, [0000027A11A60A00][0000027A1006AE00 49] iPadPro3_129, [0000027A11ACD100][0000027A14588F40 49] iPadPro4_129, [0000027A11A63000][0000027A1458D080 49] AppleTV, [0000027A11ACC200][0000027A103E51C0 49] AppleTV4K, [0000027A11A61C00][0000027A1415F340 49] TVOS, [0000027A11ACD800][0000027A141634C0 49] Mac, [0000027A11A60300][0000027A14167640 49] MacClient, [0000027A11ACD000][0000027A1416B7C0 49] MacNoEditor, [0000027A11A61F00][0000027A1416F940 49] MacServer, [0000027A11ACCB00][0000027A13755AC0 49] Linux, [0000027A11A61000][0000027A137580C0 49] LinuxAArch64, [0000027A11ACF400][0000027A14172240 49] LinuxNoEditor, [0000027A11A62700][0000027A141763C0 49] LinuxAArch64NoEditor, [0000027A11ACCD00][0000027A1417A540 49] LinuxClient, [0000027A11A63B00][0000027A136926C0 49] LinuxAArch64Client, [0000027A11ACDC00][0000027A135EE840 49] LinuxServer, [0000027A11A63800][0000027A135FE9C0 49] LinuxAArch64Server, [0000027A11ACCA00][0000027A1381CB40 49] Android, [0000027A11A60E00][0000027A13820CC0 49] Android_Low, [0000027A11ACC800][0000027A13824E40 49] Android_Mid, [0000027A11A62400][0000027A103E8F80 49] Android_High, [0000027A11ACF900][0000027A142AB0C0 49] Android_Default, [0000027A11A63900][0000027A142AF200 49] Android_Adreno4xx, [0000027A11ACEA00][0000027A142B3340 49] Android_Adreno5xx_Low, [0000027A11A62600][0000027A142BB4C0 49] Android_Adreno5xx, [0000027A11ACF600][0000027A142BF640 49] Android_Adreno6xx, [0000027A11A62000][0000027A138997C0 49] Android_Adreno6xx_Vulkan, [0000027A11ACED00][0000027A1389D940 49] Android_Mali_T6xx, [0000027A11A63300][0000027A138A1AC0 49] Android_Mali_T7xx, [0000027A11ACC500][0000027A138A40C0 49] Android_Mali_T8xx, [0000027A11A60600][0000027A103AA240 49] Android_Mali_G71, [0000027A11ACFC00][0000027A103AE3C0 49] Android_Mali_G72, [0000027A11A63C00][0000027A103E0540 49] Android_Mali_G72_Vulkan, [0000027A11A1E100][0000027A141186C0 49] Android_Mali_G76, [0000027A11A7A200][0000027A1411C840 49] Android_Mali_G76_Vulkan, [0000027A11A1E300][0000027A141209C0 49] Android_Mali_G77, [0000027A11A78200][0000027A14124B40 49] Android_Mali_G77_Vulkan, [0000027A11A1D500][0000027A14128CC0 49] Android_Mali_G78, [0000027A11A7A700][0000027A1412CE40 49] Android_Mali_G78_Vulkan, [0000027A11A1D400][0000027A14130FC0 49] Android_Mali_G710, [0000027A11A78F00][0000027A14135140 49] Android_Mali_G710_Vulkan, [0000027A11A1D300][0000027A142B7280 49] Android_Vulkan_SM5, [0000027A11A7A800][0000027A0BE4B3C0 49] Android_PowerVR_G6xxx, [0000027A11A1FC00][0000027A0BE4F500 49] Android_PowerVR_GT7xxx, [0000027A11A79D00][0000027A13591680 49] Android_PowerVR_GE8xxx, [0000027A11A1F800][0000027A135A1800 49] Android_PowerVR_GM9xxx, [0000027A11A78400][0000027A13625980 49] Android_PowerVR_GM9xxx_Vulkan, [0000027A11A1C600][0000027A13665B00 49] Android_TegraK1, [0000027A11A78B00][0000027A1366E100 49] Android_Unknown_Vulkan, [0000027A11A1C300][0000027A13672280 49] Lumin, [0000027A11A79700][0000027A13676400 49] Lumin_Desktop, [0000027A11A1DC00][0000027A1367A580 49] HoloLens, 
[2022.10.02-18.31.25:999][  0]LogMeshReduction: Using QuadricMeshReduction for automatic static mesh reduction
[2022.10.02-18.31.25:999][  0]LogMeshReduction: Using SimplygonMeshReduction for automatic skeletal mesh reduction
[2022.10.02-18.31.25:999][  0]LogMeshReduction: Using ProxyLODMeshReduction for automatic mesh merging
[2022.10.02-18.31.25:999][  0]LogMeshReduction: No distributed automatic mesh merging module available
[2022.10.02-18.31.25:999][  0]LogMeshMerging: No distributed automatic mesh merging module available
[2022.10.02-18.31.26:010][  0]LogNetVersion: BoxmanUnreal 1.0.0, NetCL: 17155196, EngineNetVer: 17, GameNetVer: 0 (Checksum: 154839499)
[2022.10.02-18.31.26:260][  0]LogTexture: Default maximum texture size for cubemaps generated from long-lat sources has been changed from 512 to unlimited. In order to preserve old behaiour for '/Engine/MapTemplates/Sky/DaylightAmbientCubemap.DaylightAmbientCubemap', its maximum texture size has been explicitly set to 512.
[2022.10.02-18.31.26:304][  0]LogHMD: PokeAHoleMaterial loaded successfully
[2022.10.02-18.31.26:309][  0]LogUObjectArray: 17178 objects as part of root set at end of initial load.
[2022.10.02-18.31.26:309][  0]LogUObjectAllocator: 4302048 out of 0 bytes used by permanent object pool.
[2022.10.02-18.31.26:309][  0]LogUObjectArray: CloseDisregardForGC: 0/0 objects in disregard for GC pool
[2022.10.02-18.31.26:513][  0]LogNiagaraDebuggerClient: Niagara Debugger Client Initialized | Session: 5CEC3E764CC359404BAD63A4A403445F | Instance: 658F66EB45BE0814D4366FA4C5333137 (DESKTOP-VGV4RVI-11044).
[2022.10.02-18.31.26:599][  0]LogPython: Using Python 3.7.7
[2022.10.02-18.31.26:970][  0]LogUdpMessaging: Initializing bridge on interface 0.0.0.0:0 to multicast group 230.0.0.1:6666.
[2022.10.02-18.31.26:976][  0]LogTcpMessaging: Initializing TcpMessaging bridge
[2022.10.02-18.31.27:079][  0]SourceControl: Source control is disabled
[2022.10.02-18.31.27:079][  0]SourceControl: Source control is disabled
[2022.10.02-18.31.27:081][  0]SourceControl: Source control is disabled
[2022.10.02-18.31.27:084][  0]SourceControl: Source control is disabled
[2022.10.02-18.31.27:089][  0]SourceControl: Source control is disabled
[2022.10.02-18.31.27:096][  0]LogUProjectInfo: Found projects:
[2022.10.02-18.31.27:260][  0]LogOpenImageDenoise: OIDN starting up
[2022.10.02-18.31.27:288][  0]LogAndroidPermission: UAndroidPermissionCallbackProxy::GetInstance
[2022.10.02-18.31.27:305][  0]LogAudioCaptureCore: Display: No Audio Capture implementations found. Audio input will be silent.
[2022.10.02-18.31.27:305][  0]LogAudioCaptureCore: Display: No Audio Capture implementations found. Audio input will be silent.
[2022.10.02-18.31.27:387][  0]LogCollectionManager: Loaded 0 collections in 0.001233 seconds
[2022.10.02-18.31.27:405][  0]LogFileCache: Scanning file cache for directory 'C:/Users/Nathan M/Documents/Unreal Projects/Boxman/BoxmanUnreal/Saved/Collections/' took 0.00s
[2022.10.02-18.31.27:405][  0]LogFileCache: Scanning file cache for directory 'C:/Users/Nathan M/Documents/Unreal Projects/Boxman/BoxmanUnreal/Content/Developers/NathanM/Collections/' took 0.00s
[2022.10.02-18.31.27:405][  0]LogFileCache: Scanning file cache for directory 'C:/Users/Nathan M/Documents/Unreal Projects/Boxman/BoxmanUnreal/Content/Collections/' took 0.00s
[2022.10.02-18.31.27:405][  0]LogOcInput: OculusInput pre-init called
[2022.10.02-18.31.27:564][  0]LogEngine: Initializing Engine...
[2022.10.02-18.31.27:565][  0]LogHMD: Failed to enumerate extensions. Please check that you have a valid OpenXR runtime installed.
[2022.10.02-18.31.27:565][  0]LogHMD: Failed to initialize OpenVR with code 110
[2022.10.02-18.31.27:565][  0]LogMagicLeap: Warning: VR disabled because ZI is not enabled.  To enable, in the editor, Edit -> Project Settings -> Plugins -> Magic Leap Plugin -> Enable Zero Iteration
[2022.10.02-18.31.27:566][  0]LogStats: UGameplayTagsManager::InitializeManager -  0.000 s
[2022.10.02-18.31.27:663][  0]LogInit: Initializing FReadOnlyCVARCache
[2022.10.02-18.31.27:669][  0]LogAIModule: Creating AISystem for world Untitled
[2022.10.02-18.31.27:670][  0]LogAudio: Display: Initializing Audio Device Manager...
[2022.10.02-18.31.27:673][  0]LogAudio: Display: Loading Default Audio Settings Objects...
[2022.10.02-18.31.27:674][  0]LogAudio: Display: No default SoundConcurrencyObject specified (or failed to load).
[2022.10.02-18.31.27:674][  0]LogAudio: Display: Audio Device Manager Initialized
[2022.10.02-18.31.27:674][  0]LogAudio: Display: Creating Audio Device:                 Id: 1, Scope: Shared, Realtime: True
[2022.10.02-18.31.27:674][  0]LogAudioMixer: Display: Audio Mixer Platform Settings:
[2022.10.02-18.31.27:674][  0]LogAudioMixer: Display: 	Sample Rate:						  48000
[2022.10.02-18.31.27:674][  0]LogAudioMixer: Display: 	Callback Buffer Frame Size Requested: 1024
[2022.10.02-18.31.27:674][  0]LogAudioMixer: Display: 	Callback Buffer Frame Size To Use:	  1024
[2022.10.02-18.31.27:674][  0]LogAudioMixer: Display: 	Number of buffers to queue:			  2
[2022.10.02-18.31.27:674][  0]LogAudioMixer: Display: 	Max Channels (voices):				  32
[2022.10.02-18.31.27:674][  0]LogAudioMixer: Display: 	Number of Async Source Workers:		  0
[2022.10.02-18.31.27:674][  0]LogAudio: Display: AudioDevice MaxSources: 32
[2022.10.02-18.31.27:674][  0]LogAudio: Display: Audio Spatialization Plugin: None (built-in).
[2022.10.02-18.31.27:674][  0]LogAudio: Display: Audio Reverb Plugin: None (built-in).
[2022.10.02-18.31.27:674][  0]LogAudio: Display: Audio Occlusion Plugin: None (built-in).
[2022.10.02-18.31.27:674][  0]LogAudioMixer: Display: Initializing audio mixer.
[2022.10.02-18.31.27:682][  0]LogAudioMixer: Display: 0: FrontLeft
[2022.10.02-18.31.27:682][  0]LogAudioMixer: Display: 1: FrontRight
[2022.10.02-18.31.27:693][  0]LogAudioMixer: Display: Using Audio Device Headphones (Soundcore Liberty 2 Pro)
[2022.10.02-18.31.27:696][  0]LogAudioMixer: Display: Initializing Sound Submixes...
[2022.10.02-18.31.27:698][  0]LogAudioMixer: Display: Creating Master Submix 'MasterSubmixDefault'
[2022.10.02-18.31.27:698][  0]LogAudioMixer: Display: Creating Master Submix 'MasterReverbSubmixDefault'
[2022.10.02-18.31.27:698][  0]LogAudioMixer: Display: Creating Master Submix 'MasterEQSubmixDefault'
[2022.10.02-18.31.27:698][  0]LogAudioMixer: FMixerPlatformXAudio2::StartAudioStream() called
[2022.10.02-18.31.27:698][  0]LogAudioMixer: Display: Output buffers initialized: Frames=1024, Channels=2, Samples=2048
[2022.10.02-18.31.27:699][  0]LogAudioMixer: Display: Starting AudioMixerPlatformInterface::RunInternal()
[2022.10.02-18.31.27:699][  0]LogAudioMixer: Display: FMixerPlatformXAudio2::SubmitBuffer() called for the first time
[2022.10.02-18.31.27:699][  0]LogInit: FAudioDevice initialized.
[2022.10.02-18.31.27:699][  0]LogAudio: Display: Audio Device (ID: 1) registered with world 'Untitled'.
[2022.10.02-18.31.27:699][  0]LogNetVersion: Set ProjectVersion to 1.0.0.0. Version Checksum will be recalculated on next use.
[2022.10.02-18.31.27:742][  0]LogDerivedDataCache: Saved boot cache 0.04s 94MB C:/Users/Nathan M/AppData/Local/UnrealEngine/4.27/DerivedDataCache/Boot.ddc.
[2022.10.02-18.31.27:742][  0]LogInit: Texture streaming: Enabled
[2022.10.02-18.31.27:752][  0]LogAnalytics: Display: [UEEditor.Rocket.Release] APIServer = https://datarouter.ol.epicgames.com/. AppVersion = 4.27.2-18319896+++UE4+Release-4.27
[2022.10.02-18.31.27:755][  0]LogEngineSessionManager: EngineSessionManager initialized
[2022.10.02-18.31.27:755][  0]LogEditorSessionSummary: Verbose: Initializing EditorSessionSummaryWriter for editor session tracking
[2022.10.02-18.31.27:756][  0]LogEditorSessionSummary: EditorSessionSummaryWriter initialized
[2022.10.02-18.31.27:783][  0]LogInit: Transaction tracking system initialized
[2022.10.02-18.31.27:799][  0]BlueprintLog: New page: Editor Load
[2022.10.02-18.31.27:846][  0]LocalizationService: Localization service is disabled
[2022.10.02-18.31.27:865][  0]TimingProfiler: Initialize
[2022.10.02-18.31.27:866][  0]TimingProfiler: OnSessionChanged
[2022.10.02-18.31.27:866][  0]LoadingProfiler: Initialize
[2022.10.02-18.31.27:866][  0]LoadingProfiler: OnSessionChanged
[2022.10.02-18.31.27:866][  0]NetworkingProfiler: Initialize
[2022.10.02-18.31.27:866][  0]NetworkingProfiler: OnSessionChanged
[2022.10.02-18.31.27:866][  0]MemoryProfiler: Initialize
[2022.10.02-18.31.27:866][  0]MemoryProfiler: OnSessionChanged
[2022.10.02-18.31.27:971][  0]LogCook: Display: CookSettings for Memory: MemoryMaxUsedVirtual 0MiB, MemoryMaxUsedPhysical 16384MiB, MemoryMinFreeVirtual 0MiB, MemoryMinFreePhysical 1024MiB
[2022.10.02-18.31.27:971][  0]LogCook: Display: Mobile HDR setting 1
[2022.10.02-18.31.28:049][  0]LogFileCache: Scanning file cache for directory 'C:/Users/Nathan M/Documents/Unreal Projects/Boxman/BoxmanUnreal/Content/' took 0.01s
[2022.10.02-18.31.28:227][  0]LogInit: Display: Engine is initialized. Leaving FEngineLoop::Init()
[2022.10.02-18.31.28:230][  0]SourceControl: Source control is disabled
[2022.10.02-18.31.28:230][  0]LogUnrealEdMisc: Loading editor; pre map load, took 7.005
[2022.10.02-18.31.28:230][  0]Cmd: MAP LOAD FILE="../../../../../../Users/Nathan M/Documents/Unreal Projects/Boxman/BoxmanUnreal/Content/1Game/Maps/ThirdPersonExampleMap.umap" TEMPLATE=0 SHOWPROGRESS=1 FEATURELEVEL=3
[2022.10.02-18.31.28:231][  0]LightingResults: New page: Lighting Build
[2022.10.02-18.31.28:231][  0]LogWorld: UWorld::CleanupWorld for Untitled, bSessionEnded=true, bCleanupResources=true
[2022.10.02-18.31.28:231][  0]LogSlate: InvalidateAllWidgets triggered.  All widgets were invalidated
[2022.10.02-18.31.28:231][  0]MapCheck: New page: Map Check
[2022.10.02-18.31.28:231][  0]LightingResults: New page: Lighting Build
[2022.10.02-18.31.28:254][  0]LogAudio: Display: Audio Device unregistered from world 'None'.
[2022.10.02-18.31.28:256][  0]LogUObjectHash: Compacting FUObjectHashTables data took   0.64ms
[2022.10.02-18.31.28:334][  0]LogBlueprint: Warning: [AssetLog] C:\Users\Nathan M\Documents\Unreal Projects\Boxman\BoxmanUnreal\Content\1Game\Characters\Boxman\Boxman_Animation.uasset: [Compiler] Idle/Run to KillingPlayer  will never be taken, please connect something to  Can Enter Transition
[2022.10.02-18.31.28:349][  0]LogBlueprint: Warning: [AssetLog] C:\Users\Nathan M\Documents\Unreal Projects\Boxman\BoxmanUnreal\Content\1Game\Blueprints\Samuel.uasset: [Compiler] Cast To SM_Newspaper01_Blueprint  was pruned because its Exec pin is not connected, the connected value is not available and will instead be read as default
[2022.10.02-18.31.28:352][  0]LogBlueprint: Error: [AssetLog] C:\Users\Nathan M\Documents\Unreal Projects\Boxman\BoxmanUnreal\Content\1Game\Blueprints\Samuel.uasset: [Compiler] This blueprint (self) is not a SM_Newspaper01_Blueprint_C, therefore ' Target ' must have a connection.
[2022.10.02-18.31.28:358][  0]LogBlueprint: Error: [AssetLog] C:\Users\Nathan M\Documents\Unreal Projects\Boxman\BoxmanUnreal\Content\1Game\Blueprints\Samuel.uasset: [Compiler] Variable node  Get Numbered_Newpaper  uses an invalid target.  It may depend on a node that is not connected to the execution chain, and got purged.
[2022.10.02-18.31.29:185][  0]LogAudio: Display: Audio Device (ID: 1) registered with world 'ThirdPersonExampleMap'.
[2022.10.02-18.31.29:185][  0]LogAIModule: Creating AISystem for world ThirdPersonExampleMap
[2022.10.02-18.31.29:215][  0]LogEditorServer: Finished looking for orphan Actors (0.000 secs)
[2022.10.02-18.31.29:248][  0]LogUObjectHash: Compacting FUObjectHashTables data took   0.85ms
[2022.10.02-18.31.29:251][  0]Cmd: MAP CHECKDEP NOCLEARLOG
[2022.10.02-18.31.29:251][  0]MapCheck: Map check complete: 0 Error(s), 0 Warning(s), took 0.176ms to complete.
[2022.10.02-18.31.29:251][  0]LogFileHelpers: Loading map 'ThirdPersonExampleMap' took 1.020
[2022.10.02-18.31.29:252][  0]LogUnrealEdMisc: Total Editor Startup Time, took 8.027
[2022.10.02-18.31.29:376][  0]LogSlate: Updating window title bar state: overlay mode, drag disabled, window buttons hidden, title bar hidden
[2022.10.02-18.31.29:379][  0]LogSlate: Updating window title bar state: overlay mode, drag disabled, window buttons hidden, title bar hidden
[2022.10.02-18.31.29:384][  0]LogSlate: Updating window title bar state: overlay mode, drag disabled, window buttons hidden, title bar hidden
[2022.10.02-18.31.29:388][  0]LogSlate: Updating window title bar state: overlay mode, drag disabled, window buttons hidden, title bar hidden
[2022.10.02-18.31.29:399][  0]LogNativeClassHierarchy: Verbose: Native class hierarchy populated in 0.0079 seconds. Added 3822 classes and 928 folders.
[2022.10.02-18.31.29:400][  0]LogNativeClassHierarchy: Verbose: Native class hierarchy updated for 'WidgetCarousel' in 0.0002 seconds. Added 0 classes and 0 folders.
[2022.10.02-18.31.29:401][  0]LogPakFile: PakFile PrimaryIndexSize=187
[2022.10.02-18.31.29:401][  0]LogPakFile: PakFile PathHashIndexSize=101
[2022.10.02-18.31.29:401][  0]LogPakFile: PakFile FullDirectoryIndexSize=148
[2022.10.02-18.31.29:401][  0]LogShaderLibrary: Display: ShaderCodeLibraryPakFileMountedCallback: PakFile 'C:/Program Files/Epic Games/UE_4.27/FeaturePacks/FP_FirstPerson.upack' (chunk index -1, root 'root:/') mounted
[2022.10.02-18.31.29:401][  0]LogShaderLibrary: Display: ShaderCodeLibraryPakFileMountedCallback: pending pak file info (ChunkID:-1 Root:root:/ File:C:/Program Files/Epic Games/UE_4.27/FeaturePacks/FP_FirstPerson.upack)
[2022.10.02-18.31.29:401][  0]LogPakFile: OnPakFileMounted2Time == 0.000043
[2022.10.02-18.31.29:402][  0]LogPakFile: PakFile PrimaryIndexSize=189
[2022.10.02-18.31.29:402][  0]LogPakFile: PakFile PathHashIndexSize=101
[2022.10.02-18.31.29:402][  0]LogPakFile: PakFile FullDirectoryIndexSize=152
[2022.10.02-18.31.29:402][  0]LogShaderLibrary: Display: ShaderCodeLibraryPakFileMountedCallback: PakFile 'C:/Program Files/Epic Games/UE_4.27/FeaturePacks/FP_FirstPersonBP.upack' (chunk index -1, root 'root:/') mounted
[2022.10.02-18.31.29:402][  0]LogShaderLibrary: Display: ShaderCodeLibraryPakFileMountedCallback: pending pak file info (ChunkID:-1 Root:root:/ File:C:/Program Files/Epic Games/UE_4.27/FeaturePacks/FP_FirstPersonBP.upack)
[2022.10.02-18.31.29:402][  0]LogPakFile: OnPakFileMounted2Time == 0.000023
[2022.10.02-18.31.29:402][  0]LogPakFile: PakFile PrimaryIndexSize=191
[2022.10.02-18.31.29:402][  0]LogPakFile: PakFile PathHashIndexSize=101
[2022.10.02-18.31.29:402][  0]LogPakFile: PakFile FullDirectoryIndexSize=160
[2022.10.02-18.31.29:402][  0]LogShaderLibrary: Display: ShaderCodeLibraryPakFileMountedCallback: PakFile 'C:/Program Files/Epic Games/UE_4.27/FeaturePacks/MobileStarterContent.upack' (chunk index -1, root 'root:/') mounted
[2022.10.02-18.31.29:402][  0]LogShaderLibrary: Display: ShaderCodeLibraryPakFileMountedCallback: pending pak file info (ChunkID:-1 Root:root:/ File:C:/Program Files/Epic Games/UE_4.27/FeaturePacks/MobileStarterContent.upack)
[2022.10.02-18.31.29:402][  0]LogPakFile: OnPakFileMounted2Time == 0.000021
[2022.10.02-18.31.29:402][  0]LogPakFile: PakFile PrimaryIndexSize=185
[2022.10.02-18.31.29:402][  0]LogPakFile: PakFile PathHashIndexSize=101
[2022.10.02-18.31.29:402][  0]LogPakFile: PakFile FullDirectoryIndexSize=148
[2022.10.02-18.31.29:402][  0]LogShaderLibrary: Display: ShaderCodeLibraryPakFileMountedCallback: PakFile 'C:/Program Files/Epic Games/UE_4.27/FeaturePacks/StarterContent.upack' (chunk index -1, root 'root:/') mounted
[2022.10.02-18.31.29:402][  0]LogShaderLibrary: Display: ShaderCodeLibraryPakFileMountedCallback: pending pak file info (ChunkID:-1 Root:root:/ File:C:/Program Files/Epic Games/UE_4.27/FeaturePacks/StarterContent.upack)
[2022.10.02-18.31.29:402][  0]LogPakFile: OnPakFileMounted2Time == 0.000022
[2022.10.02-18.31.29:403][  0]LogPakFile: PakFile PrimaryIndexSize=190
[2022.10.02-18.31.29:403][  0]LogPakFile: PakFile PathHashIndexSize=101
[2022.10.02-18.31.29:403][  0]LogPakFile: PakFile FullDirectoryIndexSize=154
[2022.10.02-18.31.29:403][  0]LogShaderLibrary: Display: ShaderCodeLibraryPakFileMountedCallback: PakFile 'C:/Program Files/Epic Games/UE_4.27/FeaturePacks/TP_2DSideScroller.upack' (chunk index -1, root 'root:/') mounted
[2022.10.02-18.31.29:403][  0]LogShaderLibrary: Display: ShaderCodeLibraryPakFileMountedCallback: pending pak file info (ChunkID:-1 Root:root:/ File:C:/Program Files/Epic Games/UE_4.27/FeaturePacks/TP_2DSideScroller.upack)
[2022.10.02-18.31.29:403][  0]LogPakFile: OnPakFileMounted2Time == 0.000020
[2022.10.02-18.31.29:403][  0]LogPakFile: PakFile PrimaryIndexSize=192
[2022.10.02-18.31.29:403][  0]LogPakFile: PakFile PathHashIndexSize=101
[2022.10.02-18.31.29:403][  0]LogPakFile: PakFile FullDirectoryIndexSize=158
[2022.10.02-18.31.29:403][  0]LogShaderLibrary: Display: ShaderCodeLibraryPakFileMountedCallback: PakFile 'C:/Program Files/Epic Games/UE_4.27/FeaturePacks/TP_2DSideScrollerBP.upack' (chunk index -1, root 'root:/') mounted
[2022.10.02-18.31.29:403][  0]LogShaderLibrary: Display: ShaderCodeLibraryPakFileMountedCallback: pending pak file info (ChunkID:-1 Root:root:/ File:C:/Program Files/Epic Games/UE_4.27/FeaturePacks/TP_2DSideScrollerBP.upack)
[2022.10.02-18.31.29:403][  0]LogPakFile: OnPakFileMounted2Time == 0.000020
[2022.10.02-18.31.29:403][  0]LogPakFile: PakFile PrimaryIndexSize=182
[2022.10.02-18.31.29:403][  0]LogPakFile: PakFile PathHashIndexSize=101
[2022.10.02-18.31.29:403][  0]LogPakFile: PakFile FullDirectoryIndexSize=138
[2022.10.02-18.31.29:403][  0]LogShaderLibrary: Display: ShaderCodeLibraryPakFileMountedCallback: PakFile 'C:/Program Files/Epic Games/UE_4.27/FeaturePacks/TP_Flying.upack' (chunk index -1, root 'root:/') mounted
[2022.10.02-18.31.29:403][  0]LogShaderLibrary: Display: ShaderCodeLibraryPakFileMountedCallback: pending pak file info (ChunkID:-1 Root:root:/ File:C:/Program Files/Epic Games/UE_4.27/FeaturePacks/TP_Flying.upack)
[2022.10.02-18.31.29:403][  0]LogPakFile: OnPakFileMounted2Time == 0.000020
[2022.10.02-18.31.29:404][  0]LogPakFile: PakFile PrimaryIndexSize=184
[2022.10.02-18.31.29:404][  0]LogPakFile: PakFile PathHashIndexSize=101
[2022.10.02-18.31.29:404][  0]LogPakFile: PakFile FullDirectoryIndexSize=142
[2022.10.02-18.31.29:404][  0]LogShaderLibrary: Display: ShaderCodeLibraryPakFileMountedCallback: PakFile 'C:/Program Files/Epic Games/UE_4.27/FeaturePacks/TP_FlyingBP.upack' (chunk index -1, root 'root:/') mounted
[2022.10.02-18.31.29:404][  0]LogShaderLibrary: Display: ShaderCodeLibraryPakFileMountedCallback: pending pak file info (ChunkID:-1 Root:root:/ File:C:/Program Files/Epic Games/UE_4.27/FeaturePacks/TP_FlyingBP.upack)
[2022.10.02-18.31.29:404][  0]LogPakFile: OnPakFileMounted2Time == 0.000020
[2022.10.02-18.31.29:404][  0]LogPakFile: PakFile PrimaryIndexSize=188
[2022.10.02-18.31.29:404][  0]LogPakFile: PakFile PathHashIndexSize=101
[2022.10.02-18.31.29:404][  0]LogPakFile: PakFile FullDirectoryIndexSize=150
[2022.10.02-18.31.29:404][  0]LogShaderLibrary: Display: ShaderCodeLibraryPakFileMountedCallback: PakFile 'C:/Program Files/Epic Games/UE_4.27/FeaturePacks/TP_HandheldARBP.upack' (chunk index -1, root 'root:/') mounted
[2022.10.02-18.31.29:404][  0]LogShaderLibrary: Display: ShaderCodeLibraryPakFileMountedCallback: pending pak file info (ChunkID:-1 Root:root:/ File:C:/Program Files/Epic Games/UE_4.27/FeaturePacks/TP_HandheldARBP.upack)
[2022.10.02-18.31.29:404][  0]LogPakFile: OnPakFileMounted2Time == 0.000020
[2022.10.02-18.31.29:405][  0]LogPakFile: PakFile PrimaryIndexSize=182
[2022.10.02-18.31.29:405][  0]LogPakFile: PakFile PathHashIndexSize=101
[2022.10.02-18.31.29:405][  0]LogPakFile: PakFile FullDirectoryIndexSize=138
[2022.10.02-18.31.29:405][  0]LogShaderLibrary: Display: ShaderCodeLibraryPakFileMountedCallback: PakFile 'C:/Program Files/Epic Games/UE_4.27/FeaturePacks/TP_Puzzle.upack' (chunk index -1, root 'root:/') mounted
[2022.10.02-18.31.29:405][  0]LogShaderLibrary: Display: ShaderCodeLibraryPakFileMountedCallback: pending pak file info (ChunkID:-1 Root:root:/ File:C:/Program Files/Epic Games/UE_4.27/FeaturePacks/TP_Puzzle.upack)
[2022.10.02-18.31.29:405][  0]LogPakFile: OnPakFileMounted2Time == 0.000021
[2022.10.02-18.31.29:405][  0]LogPakFile: PakFile PrimaryIndexSize=184
[2022.10.02-18.31.29:405][  0]LogPakFile: PakFile PathHashIndexSize=101
[2022.10.02-18.31.29:405][  0]LogPakFile: PakFile FullDirectoryIndexSize=142
[2022.10.02-18.31.29:405][  0]LogShaderLibrary: Display: ShaderCodeLibraryPakFileMountedCallback: PakFile 'C:/Program Files/Epic Games/UE_4.27/FeaturePacks/TP_PuzzleBP.upack' (chunk index -1, root 'root:/') mounted
[2022.10.02-18.31.29:405][  0]LogShaderLibrary: Display: ShaderCodeLibraryPakFileMountedCallback: pending pak file info (ChunkID:-1 Root:root:/ File:C:/Program Files/Epic Games/UE_4.27/FeaturePacks/TP_PuzzleBP.upack)
[2022.10.02-18.31.29:405][  0]LogPakFile: OnPakFileMounted2Time == 0.000021
[2022.10.02-18.31.29:405][  0]LogPakFile: PakFile PrimaryIndexSize=183
[2022.10.02-18.31.29:405][  0]LogPakFile: PakFile PathHashIndexSize=101
[2022.10.02-18.31.29:405][  0]LogPakFile: PakFile FullDirectoryIndexSize=140
[2022.10.02-18.31.29:405][  0]LogShaderLibrary: Display: ShaderCodeLibraryPakFileMountedCallback: PakFile 'C:/Program Files/Epic Games/UE_4.27/FeaturePacks/TP_Rolling.upack' (chunk index -1, root 'root:/') mounted
[2022.10.02-18.31.29:405][  0]LogShaderLibrary: Display: ShaderCodeLibraryPakFileMountedCallback: pending pak file info (ChunkID:-1 Root:root:/ File:C:/Program Files/Epic Games/UE_4.27/FeaturePacks/TP_Rolling.upack)
[2022.10.02-18.31.29:405][  0]LogPakFile: OnPakFileMounted2Time == 0.000020
[2022.10.02-18.31.29:406][  0]LogPakFile: PakFile PrimaryIndexSize=185
[2022.10.02-18.31.29:406][  0]LogPakFile: PakFile PathHashIndexSize=101
[2022.10.02-18.31.29:406][  0]LogPakFile: PakFile FullDirectoryIndexSize=144
[2022.10.02-18.31.29:406][  0]LogShaderLibrary: Display: ShaderCodeLibraryPakFileMountedCallback: PakFile 'C:/Program Files/Epic Games/UE_4.27/FeaturePacks/TP_RollingBP.upack' (chunk index -1, root 'root:/') mounted
[2022.10.02-18.31.29:406][  0]LogShaderLibrary: Display: ShaderCodeLibraryPakFileMountedCallback: pending pak file info (ChunkID:-1 Root:root:/ File:C:/Program Files/Epic Games/UE_4.27/FeaturePacks/TP_RollingBP.upack)
[2022.10.02-18.31.29:406][  0]LogPakFile: OnPakFileMounted2Time == 0.000021
[2022.10.02-18.31.29:406][  0]LogPakFile: PakFile PrimaryIndexSize=188
[2022.10.02-18.31.29:406][  0]LogPakFile: PakFile PathHashIndexSize=101
[2022.10.02-18.31.29:406][  0]LogPakFile: PakFile FullDirectoryIndexSize=150
[2022.10.02-18.31.29:406][  0]LogShaderLibrary: Display: ShaderCodeLibraryPakFileMountedCallback: PakFile 'C:/Program Files/Epic Games/UE_4.27/FeaturePacks/TP_SideScroller.upack' (chunk index -1, root 'root:/') mounted
[2022.10.02-18.31.29:406][  0]LogShaderLibrary: Display: ShaderCodeLibraryPakFileMountedCallback: pending pak file info (ChunkID:-1 Root:root:/ File:C:/Program Files/Epic Games/UE_4.27/FeaturePacks/TP_SideScroller.upack)
[2022.10.02-18.31.29:406][  0]LogPakFile: OnPakFileMounted2Time == 0.000021
[2022.10.02-18.31.29:407][  0]LogPakFile: PakFile PrimaryIndexSize=190
[2022.10.02-18.31.29:407][  0]LogPakFile: PakFile PathHashIndexSize=101
[2022.10.02-18.31.29:407][  0]LogPakFile: PakFile FullDirectoryIndexSize=154
[2022.10.02-18.31.29:407][  0]LogShaderLibrary: Display: ShaderCodeLibraryPakFileMountedCallback: PakFile 'C:/Program Files/Epic Games/UE_4.27/FeaturePacks/TP_SideScrollerBP.upack' (chunk index -1, root 'root:/') mounted
[2022.10.02-18.31.29:407][  0]LogShaderLibrary: Display: ShaderCodeLibraryPakFileMountedCallback: pending pak file info (ChunkID:-1 Root:root:/ File:C:/Program Files/Epic Games/UE_4.27/FeaturePacks/TP_SideScrollerBP.upack)
[2022.10.02-18.31.29:407][  0]LogPakFile: OnPakFileMounted2Time == 0.000023
[2022.10.02-18.31.29:407][  0]LogPakFile: PakFile PrimaryIndexSize=187
[2022.10.02-18.31.29:407][  0]LogPakFile: PakFile PathHashIndexSize=101
[2022.10.02-18.31.29:407][  0]LogPakFile: PakFile FullDirectoryIndexSize=148
[2022.10.02-18.31.29:407][  0]LogShaderLibrary: Display: ShaderCodeLibraryPakFileMountedCallback: PakFile 'C:/Program Files/Epic Games/UE_4.27/FeaturePacks/TP_ThirdPerson.upack' (chunk index -1, root 'root:/') mounted
[2022.10.02-18.31.29:407][  0]LogShaderLibrary: Display: ShaderCodeLibraryPakFileMountedCallback: pending pak file info (ChunkID:-1 Root:root:/ File:C:/Program Files/Epic Games/UE_4.27/FeaturePacks/TP_ThirdPerson.upack)
[2022.10.02-18.31.29:407][  0]LogPakFile: OnPakFileMounted2Time == 0.000020
[2022.10.02-18.31.29:407][  0]LogPakFile: PakFile PrimaryIndexSize=189
[2022.10.02-18.31.29:407][  0]LogPakFile: PakFile PathHashIndexSize=101
[2022.10.02-18.31.29:407][  0]LogPakFile: PakFile FullDirectoryIndexSize=152
[2022.10.02-18.31.29:407][  0]LogShaderLibrary: Display: ShaderCodeLibraryPakFileMountedCallback: PakFile 'C:/Program Files/Epic Games/UE_4.27/FeaturePacks/TP_ThirdPersonBP.upack' (chunk index -1, root 'root:/') mounted
[2022.10.02-18.31.29:407][  0]LogShaderLibrary: Display: ShaderCodeLibraryPakFileMountedCallback: pending pak file info (ChunkID:-1 Root:root:/ File:C:/Program Files/Epic Games/UE_4.27/FeaturePacks/TP_ThirdPersonBP.upack)
[2022.10.02-18.31.29:407][  0]LogPakFile: OnPakFileMounted2Time == 0.000020
[2022.10.02-18.31.29:408][  0]LogPakFile: PakFile PrimaryIndexSize=183
[2022.10.02-18.31.29:408][  0]LogPakFile: PakFile PathHashIndexSize=101
[2022.10.02-18.31.29:408][  0]LogPakFile: PakFile FullDirectoryIndexSize=140
[2022.10.02-18.31.29:408][  0]LogShaderLibrary: Display: ShaderCodeLibraryPakFileMountedCallback: PakFile 'C:/Program Files/Epic Games/UE_4.27/FeaturePacks/TP_TopDown.upack' (chunk index -1, root 'root:/') mounted
[2022.10.02-18.31.29:408][  0]LogShaderLibrary: Display: ShaderCodeLibraryPakFileMountedCallback: pending pak file info (ChunkID:-1 Root:root:/ File:C:/Program Files/Epic Games/UE_4.27/FeaturePacks/TP_TopDown.upack)
[2022.10.02-18.31.29:408][  0]LogPakFile: OnPakFileMounted2Time == 0.000025
[2022.10.02-18.31.29:408][  0]LogPakFile: PakFile PrimaryIndexSize=185
[2022.10.02-18.31.29:408][  0]LogPakFile: PakFile PathHashIndexSize=101
[2022.10.02-18.31.29:408][  0]LogPakFile: PakFile FullDirectoryIndexSize=144
[2022.10.02-18.31.29:408][  0]LogShaderLibrary: Display: ShaderCodeLibraryPakFileMountedCallback: PakFile 'C:/Program Files/Epic Games/UE_4.27/FeaturePacks/TP_TopDownBP.upack' (chunk index -1, root 'root:/') mounted
[2022.10.02-18.31.29:408][  0]LogShaderLibrary: Display: ShaderCodeLibraryPakFileMountedCallback: pending pak file info (ChunkID:-1 Root:root:/ File:C:/Program Files/Epic Games/UE_4.27/FeaturePacks/TP_TopDownBP.upack)
[2022.10.02-18.31.29:408][  0]LogPakFile: OnPakFileMounted2Time == 0.000020
[2022.10.02-18.31.29:408][  0]LogPakFile: PakFile PrimaryIndexSize=185
[2022.10.02-18.31.29:408][  0]LogPakFile: PakFile PathHashIndexSize=101
[2022.10.02-18.31.29:408][  0]LogPakFile: PakFile FullDirectoryIndexSize=144
[2022.10.02-18.31.29:408][  0]LogShaderLibrary: Display: ShaderCodeLibraryPakFileMountedCallback: PakFile 'C:/Program Files/Epic Games/UE_4.27/FeaturePacks/TP_TwinStick.upack' (chunk index -1, root 'root:/') mounted
[2022.10.02-18.31.29:408][  0]LogShaderLibrary: Display: ShaderCodeLibraryPakFileMountedCallback: pending pak file info (ChunkID:-1 Root:root:/ File:C:/Program Files/Epic Games/UE_4.27/FeaturePacks/TP_TwinStick.upack)
[2022.10.02-18.31.29:408][  0]LogPakFile: OnPakFileMounted2Time == 0.000022
[2022.10.02-18.31.29:409][  0]LogPakFile: PakFile PrimaryIndexSize=187
[2022.10.02-18.31.29:409][  0]LogPakFile: PakFile PathHashIndexSize=101
[2022.10.02-18.31.29:409][  0]LogPakFile: PakFile FullDirectoryIndexSize=148
[2022.10.02-18.31.29:409][  0]LogShaderLibrary: Display: ShaderCodeLibraryPakFileMountedCallback: PakFile 'C:/Program Files/Epic Games/UE_4.27/FeaturePacks/TP_TwinStickBP.upack' (chunk index -1, root 'root:/') mounted
[2022.10.02-18.31.29:409][  0]LogShaderLibrary: Display: ShaderCodeLibraryPakFileMountedCallback: pending pak file info (ChunkID:-1 Root:root:/ File:C:/Program Files/Epic Games/UE_4.27/FeaturePacks/TP_TwinStickBP.upack)
[2022.10.02-18.31.29:409][  0]LogPakFile: OnPakFileMounted2Time == 0.000020
[2022.10.02-18.31.29:409][  0]LogPakFile: PakFile PrimaryIndexSize=183
[2022.10.02-18.31.29:409][  0]LogPakFile: PakFile PathHashIndexSize=101
[2022.10.02-18.31.29:409][  0]LogPakFile: PakFile FullDirectoryIndexSize=140
[2022.10.02-18.31.29:409][  0]LogShaderLibrary: Display: ShaderCodeLibraryPakFileMountedCallback: PakFile 'C:/Program Files/Epic Games/UE_4.27/FeaturePacks/TP_Vehicle.upack' (chunk index -1, root 'root:/') mounted
[2022.10.02-18.31.29:409][  0]LogShaderLibrary: Display: ShaderCodeLibraryPakFileMountedCallback: pending pak file info (ChunkID:-1 Root:root:/ File:C:/Program Files/Epic Games/UE_4.27/FeaturePacks/TP_Vehicle.upack)
[2022.10.02-18.31.29:409][  0]LogPakFile: OnPakFileMounted2Time == 0.000020
[2022.10.02-18.31.29:409][  0]LogPakFile: PakFile PrimaryIndexSize=186
[2022.10.02-18.31.29:409][  0]LogPakFile: PakFile PathHashIndexSize=101
[2022.10.02-18.31.29:409][  0]LogPakFile: PakFile FullDirectoryIndexSize=146
[2022.10.02-18.31.29:409][  0]LogShaderLibrary: Display: ShaderCodeLibraryPakFileMountedCallback: PakFile 'C:/Program Files/Epic Games/UE_4.27/FeaturePacks/TP_VehicleAdv.upack' (chunk index -1, root 'root:/') mounted
[2022.10.02-18.31.29:409][  0]LogShaderLibrary: Display: ShaderCodeLibraryPakFileMountedCallback: pending pak file info (ChunkID:-1 Root:root:/ File:C:/Program Files/Epic Games/UE_4.27/FeaturePacks/TP_VehicleAdv.upack)
[2022.10.02-18.31.29:409][  0]LogPakFile: OnPakFileMounted2Time == 0.000020
[2022.10.02-18.31.29:409][  0]LogPakFile: PakFile PrimaryIndexSize=188
[2022.10.02-18.31.29:409][  0]LogPakFile: PakFile PathHashIndexSize=101
[2022.10.02-18.31.29:409][  0]LogPakFile: PakFile FullDirectoryIndexSize=150
[2022.10.02-18.31.29:409][  0]LogShaderLibrary: Display: ShaderCodeLibraryPakFileMountedCallback: PakFile 'C:/Program Files/Epic Games/UE_4.27/FeaturePacks/TP_VehicleAdvBP.upack' (chunk index -1, root 'root:/') mounted
[2022.10.02-18.31.29:409][  0]LogShaderLibrary: Display: ShaderCodeLibraryPakFileMountedCallback: pending pak file info (ChunkID:-1 Root:root:/ File:C:/Program Files/Epic Games/UE_4.27/FeaturePacks/TP_VehicleAdvBP.upack)
[2022.10.02-18.31.29:409][  0]LogPakFile: OnPakFileMounted2Time == 0.000022
[2022.10.02-18.31.29:410][  0]LogPakFile: PakFile PrimaryIndexSize=185
[2022.10.02-18.31.29:410][  0]LogPakFile: PakFile PathHashIndexSize=101
[2022.10.02-18.31.29:410][  0]LogPakFile: PakFile FullDirectoryIndexSize=144
[2022.10.02-18.31.29:410][  0]LogShaderLibrary: Display: ShaderCodeLibraryPakFileMountedCallback: PakFile 'C:/Program Files/Epic Games/UE_4.27/FeaturePacks/TP_VehicleBP.upack' (chunk index -1, root 'root:/') mounted
[2022.10.02-18.31.29:410][  0]LogShaderLibrary: Display: ShaderCodeLibraryPakFileMountedCallback: pending pak file info (ChunkID:-1 Root:root:/ File:C:/Program Files/Epic Games/UE_4.27/FeaturePacks/TP_VehicleBP.upack)
[2022.10.02-18.31.29:410][  0]LogPakFile: OnPakFileMounted2Time == 0.000027
[2022.10.02-18.31.29:410][  0]LogPakFile: PakFile PrimaryIndexSize=192
[2022.10.02-18.31.29:410][  0]LogPakFile: PakFile PathHashIndexSize=101
[2022.10.02-18.31.29:410][  0]LogPakFile: PakFile FullDirectoryIndexSize=158
[2022.10.02-18.31.29:410][  0]LogShaderLibrary: Display: ShaderCodeLibraryPakFileMountedCallback: PakFile 'C:/Program Files/Epic Games/UE_4.27/FeaturePacks/TP_VirtualRealityBP.upack' (chunk index -1, root 'root:/') mounted
[2022.10.02-18.31.29:410][  0]LogShaderLibrary: Display: ShaderCodeLibraryPakFileMountedCallback: pending pak file info (ChunkID:-1 Root:root:/ File:C:/Program Files/Epic Games/UE_4.27/FeaturePacks/TP_VirtualRealityBP.upack)
[2022.10.02-18.31.29:410][  0]LogPakFile: OnPakFileMounted2Time == 0.000020
[2022.10.02-18.31.29:451][  0]LogNativeClassHierarchy: Verbose: Native class hierarchy updated for 'AddContentDialog' in 0.0003 seconds. Added 0 classes and 0 folders.
[2022.10.02-18.31.29:452][  0]LogNativeClassHierarchy: Verbose: Native class hierarchy updated for 'SceneOutliner' in 0.0002 seconds. Added 2 classes and 0 folders.
[2022.10.02-18.31.29:488][  0]LogSlate: Took 0.000196 seconds to synchronously load lazily loaded font '../../../Engine/Content/Slate/Fonts/Roboto-Regular.ttf' (155K)
[2022.10.02-18.31.29:489][  0]LogSlate: Took 0.000086 seconds to synchronously load lazily loaded font '../../../Engine/Content/Editor/Slate/Fonts/FontAwesome.ttf' (139K)
[2022.10.02-18.31.29:490][  0]LogSlate: Took 0.000082 seconds to synchronously load lazily loaded font '../../../Engine/Content/Slate/Fonts/Roboto-Bold.ttf' (160K)
[2022.10.02-18.31.29:563][  0]LogRenderer: Reallocating scene render targets to support 1352x520 Format 10 NumSamples 1 (Frame:1).
[2022.10.02-18.31.29:625][  0]LogNativeClassHierarchy: Verbose: Native class hierarchy updated for 'HierarchicalLODOutliner' in 0.0003 seconds. Added 0 classes and 0 folders.
[2022.10.02-18.31.29:625][  0]LogInput: Warning: Action Vault uses invalid key OculusGo_Left_Trigger_Click.
[2022.10.02-18.31.29:625][  0]LogInput: Warning: Action ResetVR uses invalid key OculusGo_Left_Trackpad_Click.
[2022.10.02-18.31.29:625][  0]LogInput: Warning: Use -RemoveInvalidKeys to remove instances of these keys from the action mapping.
[2022.10.02-18.31.29:625][  0]LogLoad: (Engine Initialization) Total time: 8.40 seconds
[2022.10.02-18.31.29:625][  0]LogLoad: (Engine Initialization) Total Blueprint compile time: 0.00 seconds
[2022.10.02-18.31.29:678][  0]LogAssetRegistry: Asset discovery search completed in 3.9473 seconds
[2022.10.02-18.31.29:682][  0]LogCollectionManager: Fixed up redirectors for 0 collections in 0.000004 seconds (updated 0 objects)
[2022.10.02-18.31.29:683][  0]LogContentStreaming: Texture pool size now 1000 MB
[2022.10.02-18.31.29:978][  1]LogFileCache: Retrieving MD5 hashes for directory 'C:/Users/Nathan M/Documents/Unreal Projects/Boxman/BoxmanUnreal/Content/' took 0.33s
[2022.10.02-18.31.30:328][  2]LogSlate: Took 0.000118 seconds to synchronously load lazily loaded font '../../../Engine/Content/Slate/Fonts/Roboto-Light.ttf' (167K)
[2022.10.02-18.31.32:654][ 95]LogSlate: Took 0.000135 seconds to synchronously load lazily loaded font '../../../Engine/Content/Slate/Fonts/Roboto-Light.ttf' (167K)
[2022.10.02-18.31.35:825][373]LogAssetEditorSubsystem: Opening Asset editor for Blueprint /Game/1Game/Blueprints/Samuel.Samuel
[2022.10.02-18.31.36:009][373]LogNativeClassHierarchy: Verbose: Native class hierarchy updated for 'BlueprintGraph' in 0.0005 seconds. Added 126 classes and 0 folders.
[2022.10.02-18.31.36:638][373]LogSlate: Took 0.000127 seconds to synchronously load lazily loaded font '../../../Engine/Content/Slate/Fonts/Roboto-BoldCondensed.ttf' (158K)
[2022.10.02-18.31.36:764][373]LogSlate: Took 0.000150 seconds to synchronously load lazily loaded font '../../../Engine/Content/Slate/Fonts/DroidSansMono.ttf' (77K)
[2022.10.02-18.31.36:786][374]LogSlate: Took 0.000151 seconds to synchronously load lazily loaded font '../../../Engine/Content/Slate/Fonts/Roboto-Italic.ttf' (157K)
[2022.10.02-18.31.55:922][376]BlueprintLog: New page: Compile Samuel
[2022.10.02-18.31.55:972][376]LogUObjectHash: Compacting FUObjectHashTables data took   1.90ms
[2022.10.02-18.32.19:635][826]BlueprintLog: New page: Compile Samuel
[2022.10.02-18.32.19:683][826]LogUObjectHash: Compacting FUObjectHashTables data took   2.00ms
[2022.10.02-18.32.38:897][692]BlueprintLog: New page: Compile Samuel
[2022.10.02-18.32.38:944][692]LogUObjectHash: Compacting FUObjectHashTables data took   1.95ms
[2022.10.02-18.33.07:878][752]BlueprintLog: New page: Compile Samuel
[2022.10.02-18.33.07:924][752]LogUObjectHash: Compacting FUObjectHashTables data took   1.97ms
[2022.10.02-18.33.55:970][452]LogEditorViewport: Clicking on Actor (LMB): SM_DoorOffice_C (SM_DoorOffice3)
[2022.10.02-18.34.08:656][963]LogEditorViewport: Clicking on Actor (LMB): SM_DoorOffice_C (SM_DoorOffice3)
[2022.10.02-18.34.26:256][314]LogAssetEditorSubsystem: Opening Asset editor for LevelSequence /Game/Cinematics/Sequences/Office_Door_Left/Office_Door_LeftMaster.Office_Door_LeftMaster
[2022.10.02-18.34.26:684][314]LogSlate: Window 'Master Sequence Settings' being destroyed
[2022.10.02-18.34.34:689][124]LogEditorViewport: Clicking on Actor (LMB): SM_DoorOffice_C (SM_DoorOffice3)
[2022.10.02-18.34.35:562][223]LogEditorViewport: Clicking on Actor (LMB): SM_DoorOffice_C (SM_DoorOffice3)
[2022.10.02-18.34.36:933][384]LogEditorViewport: Clicking on Actor (context menu): SM_DoorOffice_C (SM_DoorOffice3)
[2022.10.02-18.34.38:917][423]LogEditorViewport: Clicking on Actor (context menu): SM_DoorOffice_C (SM_DoorOffice3)
[2022.10.02-18.34.41:714][589]LogEditorViewport: Clicking on Actor (LMB): SM_DoorOffice_C (SM_DoorOffice3)
[2022.10.02-18.35.17:581][941]LogSlate: Window 'Sequencer' being destroyed
[2022.10.02-18.35.17:582][941]LogSlate: Window 'Sequencer' being destroyed
[2022.10.02-18.35.18:435][ 26]LogEditorViewport: Clicking on Actor (LMB): SM_DoorOffice_C (SM_DoorOffice3)
[2022.10.02-18.35.21:039][336]LogEditorViewport: Clicking on Actor (LMB): StaticMeshActor (SM_WallA_InnerCorner7)
[2022.10.02-18.35.24:377][703]LogEditorViewport: Clicking on Actor (LMB): SM_DoorOffice_C (SM_DoorOffice3)
[2022.10.02-18.35.34:129][619]LogEditorViewport: Clicking on Actor (context menu): SM_DoorOffice_C (SM_DoorOffice3)
[2022.10.02-18.37.13:396][916]LogEditorViewport: Clicking on Actor (LMB): SM_DoorOffice_C (SM_DoorOffice3)
[2022.10.02-18.37.39:079][649]LogAssetEditorSubsystem: Opening Asset editor for LevelSequence /Game/Cinematics/Sequences/Office_Door_Left/Office_Door_LeftMaster.Office_Door_LeftMaster
[2022.10.02-18.37.49:868][484]Cmd: TRANSACTION UNDO
[2022.10.02-18.37.49:868][484]LogEditorTransaction: Undo Clicking on Actors
[2022.10.02-18.41.02:404][520]LogD3D11RHI: Timed out while waiting for GPU to catch up. (0.5 s) (ErrorCode 00000001) (00000000)
[2022.10.02-18.41.05:904][520]LogD3D11RHI: Timed out while waiting for GPU to catch up. (0.5 s) (ErrorCode 00000001) (00000000)
[2022.10.02-18.41.12:520][520]LogD3D11RHI: Error: Failed to create shader resource view for buffer: ByteWidth=4096 NumElements=1024 Format=R8G8B8A8_SNORM
[2022.10.02-18.41.12:520][520]LogD3D11RHI: Error: Direct3DDevice->CreateShaderResourceView failed 
 at D:/Build/++UE4/Sync/Engine/Source/Runtime/Windows/D3D11RHI/Private/D3D11UAV.cpp:236 
 with error DXGI_ERROR_DEVICE_REMOVED DXGI_ERROR_DEVICE_RESET
[2022.10.02-18.41.12:520][520]LogD3D11RHI: [Aftermath] GDynamicRHI=0000027A7284AB40, GDX11NVAfterMathEnabled=0, Result=0xFFFFFFFF, bDeviceActive=0
[2022.10.02-18.41.12:520][520]LogWindows: Windows GetLastError: The operation completed successfully. (0)
[2022.10.02-18.41.13:944][520]LogSlate: Window 'Sequencer' being destroyed
[2022.10.02-18.41.14:535][520]LogWindows: FPlatformMisc::RequestExit(0)
[2022.10.02-18.41.14:535][520]LogWindows: FPlatformMisc::RequestExitWithStatus(0, 0)
[2022.10.02-18.41.14:535][520]LogCore: Engine exit requested (reason: Win RequestExit)
[2022.10.02-18.41.14:535][520]LogWindows: FPlatformMisc::RequestExit(1)
[2022.10.02-18.41.14:535][520]LogWindows: FPlatformMisc::RequestExitWithStatus(1, 3)
[2022.10.02-18.41.14:535][520]LogCore: Engine exit requested (reason: Win RequestExit; note: exit was already requested)
[2022.10.02-18.41.14:541][520]Log file closed, 10/02/22 15:41:14
