Log file open, 09/29/22 21:27:08
LogWindows: Failed to load 'aqProf.dll' (GetLastError=126)
LogWindows: File 'aqProf.dll' does not exist
LogWindows: Failed to load 'VtuneApi.dll' (GetLastError=126)
LogWindows: File 'VtuneApi.dll' does not exist
LogWindows: Failed to load 'VtuneApi32e.dll' (GetLastError=126)
LogWindows: File 'VtuneApi32e.dll' does not exist
LogConsoleResponse: Display: Failed to find resolution value strings in scalability ini. Falling back to default.
LogConsoleResponse: Display: Failed to find resolution value strings in scalability ini. Falling back to default.
LogInit: Display: Running engine for game: BoxmanUnreal
LogPlatformFile: Not using cached read wrapper
LogTaskGraph: Started task graph with 5 named threads and 83 total threads with 3 sets of task threads.
LogStats: Stats thread started at 0.184464
LogICUInternationalization: ICU TimeZone Detection - Raw Offset: -4:00, Platform Override: ''
LogInit: Display: Loading text-based GConfig....
LogPluginManager: Mounting plugin MeshPainting
LogPluginManager: Mounting plugin XGEController
LogPluginManager: Mounting plugin Paper2D
LogPluginManager: Mounting plugin LiveLink
LogPluginManager: Mounting plugin AISupport
LogPluginManager: Mounting plugin LightPropagationVolume
LogPluginManager: Mounting plugin EnvironmentQueryEditor
LogPluginManager: Mounting plugin GameplayCameras
LogPluginManager: Mounting plugin OodleData
LogPluginManager: Mounting plugin OodleNetwork
LogPluginManager: Mounting plugin DatasmithContent
LogPluginManager: Mounting plugin AnimationSharing
LogPluginManager: Mounting plugin CameraShakePreviewer
LogPluginManager: Mounting plugin VariantManagerContent
LogPluginManager: Mounting plugin GitSourceControl
LogPluginManager: Mounting plugin CLionSourceCodeAccess
LogPluginManager: Mounting plugin KDevelopSourceCodeAccess
LogPluginManager: Mounting plugin NullSourceCodeAccess
LogPluginManager: Mounting plugin CodeLiteSourceCodeAccess
LogPluginManager: Mounting plugin PerforceSourceControl
LogPluginManager: Mounting plugin PlasticSourceControl
LogPluginManager: Mounting plugin PropertyAccessNode
LogPluginManager: Mounting plugin SubversionSourceControl
LogPluginManager: Mounting plugin PluginUtils
LogPluginManager: Mounting plugin PixWinPlugin
LogPluginManager: Mounting plugin XCodeSourceCodeAccess
LogPluginManager: Mounting plugin RiderSourceCodeAccess
LogPluginManager: Mounting plugin TextureFormatOodle
LogPluginManager: Mounting plugin AutomationUtils
LogPluginManager: Mounting plugin VisualStudioSourceCodeAccess
LogPluginManager: Mounting plugin BackChannel
LogPluginManager: Mounting plugin AlembicImporter
LogPluginManager: Mounting plugin UObjectPlugin
LogPluginManager: Mounting plugin ChaosCloth
LogPluginManager: Mounting plugin ChaosSolverPlugin
LogPluginManager: Mounting plugin CharacterAI
LogPluginManager: Mounting plugin ChaosNiagara
LogPluginManager: Mounting plugin ChaosEditor
LogPluginManager: Mounting plugin ChaosClothEditor
LogPluginManager: Mounting plugin VisualStudioCodeSourceCodeAccess
LogPluginManager: Mounting plugin GeometryCollectionPlugin
LogPluginManager: Mounting plugin GeometryCache
LogPluginManager: Mounting plugin MotoSynth
LogPluginManager: Mounting plugin GeometryProcessing
LogPluginManager: Mounting plugin OpenImageDenoise
LogPluginManager: Mounting plugin PlanarCut
LogPluginManager: Mounting plugin PlatformCrypto
LogPluginManager: Mounting plugin LuminPlatformFeatures
LogPluginManager: Mounting plugin MagicLeapLightEstimation
LogPluginManager: Mounting plugin MagicLeap
LogPluginManager: Mounting plugin MagicLeapMedia
LogPluginManager: Mounting plugin MagicLeapPassableWorld
LogPluginManager: Mounting plugin SkeletalReduction
LogPluginManager: Mounting plugin MLSDK
LogPluginManager: Mounting plugin AssetManagerEditor
LogPluginManager: Mounting plugin Niagara
LogPluginManager: Mounting plugin CryptoKeys
LogPluginManager: Mounting plugin PythonScriptPlugin
LogPluginManager: Mounting plugin CurveEditorTools
LogPluginManager: Mounting plugin GameplayTagsEditor
LogPluginManager: Mounting plugin MacGraphicsSwitching
LogPluginManager: Mounting plugin DataValidation
LogPluginManager: Mounting plugin FacialAnimation
LogPluginManager: Mounting plugin GeometryMode
LogPluginManager: Mounting plugin MaterialAnalyzer
LogPluginManager: Mounting plugin MobileLauncherProfileWizard
LogPluginManager: Mounting plugin AndroidMedia
LogPluginManager: Mounting plugin SpeedTreeImporter
LogPluginManager: Mounting plugin PluginBrowser
LogPluginManager: Mounting plugin ProxyLODPlugin
LogPluginManager: Mounting plugin MediaCompositing
LogPluginManager: Mounting plugin ImgMedia
LogPluginManager: Mounting plugin WebMMedia
LogPluginManager: Mounting plugin WmfMedia
LogPluginManager: Mounting plugin MediaPlayerEditor
LogPluginManager: Mounting plugin TcpMessaging
LogPluginManager: Mounting plugin ActorSequence
LogPluginManager: Mounting plugin LevelSequenceEditor
LogPluginManager: Mounting plugin AvfMedia
LogPluginManager: Mounting plugin MatineeToLevelSequence
LogPluginManager: Mounting plugin UdpMessaging
LogPluginManager: Mounting plugin OnlineSubsystem
LogPluginManager: Mounting plugin TemplateSequence
LogPluginManager: Mounting plugin OnlineSubsystemNull
LogPluginManager: Mounting plugin OnlineSubsystemUtils
LogPluginManager: Mounting plugin LauncherChunkInstaller
LogPluginManager: Mounting plugin ScreenshotTools
LogPluginManager: Mounting plugin AndroidPermission
LogPluginManager: Mounting plugin ActorLayerUtilities
LogPluginManager: Mounting plugin AppleImageUtils
LogPluginManager: Mounting plugin ArchVisCharacter
LogPluginManager: Mounting plugin AndroidMoviePlayer
LogPluginManager: Mounting plugin AudioSynesthesia
LogPluginManager: Mounting plugin AndroidDeviceProfileSelector
LogPluginManager: Mounting plugin AppleMoviePlayer
LogPluginManager: Mounting plugin CustomMeshComponent
LogPluginManager: Mounting plugin CableComponent
LogPluginManager: Mounting plugin ChunkDownloader
LogPluginManager: Mounting plugin AudioCapture
LogPluginManager: Mounting plugin EditableMesh
LogPluginManager: Mounting plugin AssetTags
LogPluginManager: Mounting plugin ExampleDeviceProfileSelector
LogPluginManager: Mounting plugin Takes
LogPluginManager: Mounting plugin GooglePAD
LogPluginManager: Mounting plugin GoogleCloudMessaging
LogPluginManager: Mounting plugin IOSDeviceProfileSelector
LogPluginManager: Mounting plugin LinuxDeviceProfileSelector
LogPluginManager: Mounting plugin LocationServicesBPLibrary
LogPluginManager: Mounting plugin OpenXREyeTracker
LogPluginManager: Mounting plugin MobilePatchingUtils
LogPluginManager: Mounting plugin OpenXR
LogPluginManager: Mounting plugin OpenXRHandTracking
LogPluginManager: Mounting plugin RuntimePhysXCooking
LogPluginManager: Mounting plugin PostSplashScreen
LogPluginManager: Mounting plugin ProceduralMeshComponent
LogPluginManager: Mounting plugin PhysXVehicles
LogPluginManager: Mounting plugin PropertyAccessEditor
LogPluginManager: Mounting plugin SignificanceManager
LogPluginManager: Mounting plugin SoundFields
LogPluginManager: Mounting plugin Synthesis
LogPluginManager: Mounting plugin WindowsMoviePlayer
LogPluginManager: Mounting plugin WebMMoviePlayer
LogPluginManager: Mounting plugin ContentBrowserFileDataSource
LogPluginManager: Mounting plugin ContentBrowserAssetDataSource
LogPluginManager: Mounting plugin ContentBrowserClassDataSource
LogPluginManager: Mounting plugin OnlineSubsystemGooglePlay
LogPluginManager: Mounting plugin OnlineSubsystemIOS
LogPluginManager: Mounting plugin OculusVR
LogPluginManager: Mounting plugin SteamVR
PixWinPlugin: PIX capture plugin failed to initialize! Check that the process is launched from PIX.
LogInit: Using libcurl 7.55.1-DEV
LogInit:  - built for x86_64-pc-win32
LogInit:  - supports SSL with OpenSSL/1.1.1
LogInit:  - supports HTTP deflate (compression) using libz 1.2.8
LogInit:  - other features:
LogInit:      CURL_VERSION_SSL
LogInit:      CURL_VERSION_LIBZ
LogInit:      CURL_VERSION_IPV6
LogInit:      CURL_VERSION_ASYNCHDNS
LogInit:      CURL_VERSION_LARGEFILE
LogInit:      CURL_VERSION_IDN
LogInit:  CurlRequestOptions (configurable via config and command line):
LogInit:  - bVerifyPeer = true  - Libcurl will verify peer certificate
LogInit:  - bUseHttpProxy = false  - Libcurl will NOT use HTTP proxy
LogInit:  - bDontReuseConnections = false  - Libcurl will reuse connections
LogInit:  - MaxHostConnections = 16  - Libcurl will limit the number of connections to a host
LogInit:  - LocalHostAddr = Default
LogInit:  - BufferSize = 65536
LogOnline: OSS: Creating online subsystem instance for: NULL
LogInit: WinSock: version 1.1 (2.2), MaxSocks=32767, MaxUdp=65467
LogOnline: OSS: TryLoadSubsystemAndSetDefault: Loaded subsystem for module [NULL]
LogOculusPluginWrapper: OculusPlugin initialized successfully
LogHMD: Failed initializing OVRPlugin 1.59.0
LogInit: Build: ++UE4+Release-4.27-CL-18319896
LogInit: Engine Version: 4.27.2-18319896+++UE4+Release-4.27
LogInit: Compatible Engine Version: 4.27.0-17155196+++UE4+Release-4.27
LogInit: Net CL: 17155196
LogInit: OS: Windows 10 (Release 2009) (), CPU: AMD Ryzen 9 5950X 16-Core Processor            , GPU: NVIDIA GeForce RTX 3060
LogInit: Compiled (64-bit): Nov 30 2021 07:12:08
LogInit: Compiled with Visual C++: 19.24.28315.00
LogInit: Build Configuration: Development
LogInit: Branch Name: ++UE4+Release-4.27
LogInit: Command Line: 
LogInit: Base Directory: C:/Program Files/Epic Games/UE_4.27/Engine/Binaries/Win64/
LogInit: Allocator: TBB
LogInit: Installed Engine Build: 1
LogDevObjectVersion: Number of dev versions registered: 29
LogDevObjectVersion:   Dev-Blueprints (B0D832E4-1F89-4F0D-ACCF-7EB736FD4AA2): 10
LogDevObjectVersion:   Dev-Build (E1C64328-A22C-4D53-A36C-8E866417BD8C): 0
LogDevObjectVersion:   Dev-Core (375EC13C-06E4-48FB-B500-84F0262A717E): 4
LogDevObjectVersion:   Dev-Editor (E4B068ED-F494-42E9-A231-DA0B2E46BB41): 40
LogDevObjectVersion:   Dev-Framework (CFFC743F-43B0-4480-9391-14DF171D2073): 37
LogDevObjectVersion:   Dev-Mobile (B02B49B5-BB20-44E9-A304-32B752E40360): 3
LogDevObjectVersion:   Dev-Networking (A4E4105C-59A1-49B5-A7C5-40C4547EDFEE): 0
LogDevObjectVersion:   Dev-Online (39C831C9-5AE6-47DC-9A44-9C173E1C8E7C): 0
LogDevObjectVersion:   Dev-Physics (78F01B33-EBEA-4F98-B9B4-84EACCB95AA2): 14
LogDevObjectVersion:   Dev-Platform (6631380F-2D4D-43E0-8009-CF276956A95A): 0
LogDevObjectVersion:   Dev-Rendering (12F88B9F-8875-4AFC-A67C-D90C383ABD29): 45
LogDevObjectVersion:   Dev-Sequencer (7B5AE74C-D270-4C10-A958-57980B212A5A): 13
LogDevObjectVersion:   Dev-VR (D7296918-1DD6-4BDD-9DE2-64A83CC13884): 3
LogDevObjectVersion:   Dev-LoadTimes (C2A15278-BFE7-4AFE-6C17-90FF531DF755): 1
LogDevObjectVersion:   Private-Geometry (6EACA3D4-40EC-4CC1-B786-8BED09428FC5): 3
LogDevObjectVersion:   Dev-AnimPhys (29E575DD-E0A3-4627-9D10-D276232CDCEA): 17
LogDevObjectVersion:   Dev-Anim (AF43A65D-7FD3-4947-9873-3E8ED9C1BB05): 15
LogDevObjectVersion:   Dev-ReflectionCapture (6B266CEC-1EC7-4B8F-A30B-E4D90942FC07): 1
LogDevObjectVersion:   Dev-Automation (0DF73D61-A23F-47EA-B727-89E90C41499A): 1
LogDevObjectVersion:   FortniteMain (601D1886-AC64-4F84-AA16-D3DE0DEAC7D6): 47
LogDevObjectVersion:   FortniteRelease (E7086368-6B23-4C58-8439-1B7016265E91): 1
LogDevObjectVersion:   Dev-Enterprise (9DFFBCD6-494F-0158-E221-12823C92A888): 10
LogDevObjectVersion:   Dev-Niagara (F2AED0AC-9AFE-416F-8664-AA7FFA26D6FC): 1
LogDevObjectVersion:   Dev-Destruction (174F1F0B-B4C6-45A5-B13F-2EE8D0FB917D): 10
LogDevObjectVersion:   Dev-Physics-Ext (35F94A83-E258-406C-A318-09F59610247C): 41
LogDevObjectVersion:   Dev-PhysicsMaterial-Chaos (B68FC16E-8B1B-42E2-B453-215C058844FE): 1
LogDevObjectVersion:   Dev-CineCamera (B2E18506-4273-CFC2-A54E-F4BB758BBA07): 1
LogDevObjectVersion:   Dev-VirtualProduction (64F58936-FD1B-42BA-BA96-7289D5D0FA4E): 1
LogDevObjectVersion:   Dev-MediaFramework (6F0ED827-A609-4895-9C91-998D90180EA4): 2
LogInit: Presizing for max 25165824 objects, including 0 objects not considered by GC, pre-allocating 0 bytes for permanent pool.
LogConfig: Applying CVar settings from Section [/Script/Engine.StreamingSettings] File [C:/Users/Nathan M/Documents/Unreal Projects/Boxman/BoxmanUnreal/Saved/Config/Windows/Engine.ini]
LogConfig: Setting CVar [[s.MinBulkDataSizeForAsyncLoading:131072]]
LogConfig: Setting CVar [[s.AsyncLoadingThreadEnabled:0]]
LogConfig: Setting CVar [[s.EventDrivenLoaderEnabled:1]]
LogConfig: Setting CVar [[s.WarnIfTimeLimitExceeded:0]]
LogConfig: Setting CVar [[s.TimeLimitExceededMultiplier:1.5]]
LogConfig: Setting CVar [[s.TimeLimitExceededMinTime:0.005]]
LogConfig: Setting CVar [[s.UseBackgroundLevelStreaming:1]]
LogConfig: Setting CVar [[s.PriorityAsyncLoadingExtraTime:15.0]]
LogConfig: Setting CVar [[s.LevelStreamingActorsUpdateTimeLimit:5.0]]
LogConfig: Setting CVar [[s.PriorityLevelStreamingActorsUpdateExtraTime:5.0]]
LogConfig: Setting CVar [[s.LevelStreamingComponentsRegistrationGranularity:10]]
LogConfig: Setting CVar [[s.UnregisterComponentsTimeLimit:1.0]]
LogConfig: Setting CVar [[s.LevelStreamingComponentsUnregistrationGranularity:5]]
LogConfig: Setting CVar [[s.FlushStreamingOnExit:1]]
LogInit: Object subsystem initialized
LogConfig: Setting CVar [[con.DebugEarlyDefault:1]]
LogConfig: Setting CVar [[r.setres:1280x720]]
[2022.09.30-00.27.08:593][  0]LogConfig: Setting CVar [[r.VSync:0]]
[2022.09.30-00.27.08:593][  0]LogConfig: Setting CVar [[r.RHICmdBypass:0]]
[2022.09.30-00.27.08:593][  0]LogConfig: Applying CVar settings from Section [/Script/Engine.RendererSettings] File [C:/Users/Nathan M/Documents/Unreal Projects/Boxman/BoxmanUnreal/Saved/Config/Windows/Engine.ini]
[2022.09.30-00.27.08:593][  0]LogConfig: Setting CVar [[r.GPUCrashDebugging:0]]
[2022.09.30-00.27.08:593][  0]LogConfig: Applying CVar settings from Section [/Script/Engine.RendererOverrideSettings] File [C:/Users/Nathan M/Documents/Unreal Projects/Boxman/BoxmanUnreal/Saved/Config/Windows/Engine.ini]
[2022.09.30-00.27.08:593][  0]LogConfig: Applying CVar settings from Section [/Script/Engine.StreamingSettings] File [C:/Users/Nathan M/Documents/Unreal Projects/Boxman/BoxmanUnreal/Saved/Config/Windows/Engine.ini]
[2022.09.30-00.27.08:593][  0]LogConfig: Setting CVar [[s.MinBulkDataSizeForAsyncLoading:131072]]
[2022.09.30-00.27.08:593][  0]LogConfig: Setting CVar [[s.AsyncLoadingThreadEnabled:0]]
[2022.09.30-00.27.08:593][  0]LogConfig: Setting CVar [[s.EventDrivenLoaderEnabled:1]]
[2022.09.30-00.27.08:593][  0]LogConfig: Setting CVar [[s.WarnIfTimeLimitExceeded:0]]
[2022.09.30-00.27.08:593][  0]LogConfig: Setting CVar [[s.TimeLimitExceededMultiplier:1.5]]
[2022.09.30-00.27.08:593][  0]LogConfig: Setting CVar [[s.TimeLimitExceededMinTime:0.005]]
[2022.09.30-00.27.08:593][  0]LogConfig: Setting CVar [[s.UseBackgroundLevelStreaming:1]]
[2022.09.30-00.27.08:593][  0]LogConfig: Setting CVar [[s.PriorityAsyncLoadingExtraTime:15.0]]
[2022.09.30-00.27.08:594][  0]LogConfig: Setting CVar [[s.LevelStreamingActorsUpdateTimeLimit:5.0]]
[2022.09.30-00.27.08:594][  0]LogConfig: Setting CVar [[s.PriorityLevelStreamingActorsUpdateExtraTime:5.0]]
[2022.09.30-00.27.08:594][  0]LogConfig: Setting CVar [[s.LevelStreamingComponentsRegistrationGranularity:10]]
[2022.09.30-00.27.08:594][  0]LogConfig: Setting CVar [[s.UnregisterComponentsTimeLimit:1.0]]
[2022.09.30-00.27.08:594][  0]LogConfig: Setting CVar [[s.LevelStreamingComponentsUnregistrationGranularity:5]]
[2022.09.30-00.27.08:594][  0]LogConfig: Setting CVar [[s.FlushStreamingOnExit:1]]
[2022.09.30-00.27.08:594][  0]LogConfig: Applying CVar settings from Section [/Script/Engine.GarbageCollectionSettings] File [C:/Users/Nathan M/Documents/Unreal Projects/Boxman/BoxmanUnreal/Saved/Config/Windows/Engine.ini]
[2022.09.30-00.27.08:594][  0]LogConfig: Setting CVar [[gc.MaxObjectsNotConsideredByGC:1]]
[2022.09.30-00.27.08:594][  0]LogConfig: Setting CVar [[gc.SizeOfPermanentObjectPool:0]]
[2022.09.30-00.27.08:594][  0]LogConfig: Setting CVar [[gc.FlushStreamingOnGC:0]]
[2022.09.30-00.27.08:594][  0]LogConfig: Setting CVar [[gc.NumRetriesBeforeForcingGC:10]]
[2022.09.30-00.27.08:594][  0]LogConfig: Setting CVar [[gc.AllowParallelGC:1]]
[2022.09.30-00.27.08:594][  0]LogConfig: Setting CVar [[gc.TimeBetweenPurgingPendingKillObjects:61.1]]
[2022.09.30-00.27.08:594][  0]LogConfig: Setting CVar [[gc.MaxObjectsInEditor:25165824]]
[2022.09.30-00.27.08:594][  0]LogConfig: Setting CVar [[gc.IncrementalBeginDestroyEnabled:1]]
[2022.09.30-00.27.08:594][  0]LogConfig: Setting CVar [[gc.CreateGCClusters:1]]
[2022.09.30-00.27.08:594][  0]LogConfig: Setting CVar [[gc.MinGCClusterSize:5]]
[2022.09.30-00.27.08:594][  0]LogConfig: Setting CVar [[gc.ActorClusteringEnabled:0]]
[2022.09.30-00.27.08:594][  0]LogConfig: Setting CVar [[gc.BlueprintClusteringEnabled:0]]
[2022.09.30-00.27.08:594][  0]LogConfig: Setting CVar [[gc.UseDisregardForGCOnDedicatedServers:0]]
[2022.09.30-00.27.08:594][  0]LogConfig: Setting CVar [[gc.MultithreadedDestructionEnabled:1]]
[2022.09.30-00.27.08:594][  0]LogConfig: Applying CVar settings from Section [/Script/Engine.NetworkSettings] File [C:/Users/Nathan M/Documents/Unreal Projects/Boxman/BoxmanUnreal/Saved/Config/Windows/Engine.ini]
[2022.09.30-00.27.08:594][  0]LogConfig: Applying CVar settings from Section [/Script/UnrealEd.CookerSettings] File [C:/Users/Nathan M/Documents/Unreal Projects/Boxman/BoxmanUnreal/Saved/Config/Windows/Engine.ini]
[2022.09.30-00.27.08:616][  0]LogConfig: Applying CVar settings from Section [ViewDistanceQuality@3] File [C:/Users/Nathan M/Documents/Unreal Projects/Boxman/BoxmanUnreal/Saved/Config/Windows/Scalability.ini]
[2022.09.30-00.27.08:616][  0]LogConfig: Setting CVar [[r.SkeletalMeshLODBias:0]]
[2022.09.30-00.27.08:616][  0]LogConfig: Setting CVar [[r.ViewDistanceScale:1.0]]
[2022.09.30-00.27.08:616][  0]LogConfig: Applying CVar settings from Section [AntiAliasingQuality@3] File [C:/Users/Nathan M/Documents/Unreal Projects/Boxman/BoxmanUnreal/Saved/Config/Windows/Scalability.ini]
[2022.09.30-00.27.08:616][  0]LogConfig: Setting CVar [[r.PostProcessAAQuality:4]]
[2022.09.30-00.27.08:616][  0]LogConfig: Applying CVar settings from Section [ShadowQuality@3] File [C:/Users/Nathan M/Documents/Unreal Projects/Boxman/BoxmanUnreal/Saved/Config/Windows/Scalability.ini]
[2022.09.30-00.27.08:616][  0]LogConfig: Setting CVar [[r.LightFunctionQuality:1]]
[2022.09.30-00.27.08:616][  0]LogConfig: Setting CVar [[r.ShadowQuality:5]]
[2022.09.30-00.27.08:616][  0]LogConfig: Setting CVar [[r.Shadow.CSM.MaxCascades:10]]
[2022.09.30-00.27.08:616][  0]LogConfig: Setting CVar [[r.Shadow.MaxResolution:2048]]
[2022.09.30-00.27.08:616][  0]LogConfig: Setting CVar [[r.Shadow.MaxCSMResolution:2048]]
[2022.09.30-00.27.08:616][  0]LogConfig: Setting CVar [[r.Shadow.RadiusThreshold:0.01]]
[2022.09.30-00.27.08:616][  0]LogConfig: Setting CVar [[r.Shadow.DistanceScale:1.0]]
[2022.09.30-00.27.08:616][  0]LogConfig: Setting CVar [[r.Shadow.CSM.TransitionScale:1.0]]
[2022.09.30-00.27.08:616][  0]LogConfig: Setting CVar [[r.Shadow.PreShadowResolutionFactor:1.0]]
[2022.09.30-00.27.08:616][  0]LogConfig: Setting CVar [[r.DistanceFieldShadowing:1]]
[2022.09.30-00.27.08:616][  0]LogConfig: Setting CVar [[r.DistanceFieldAO:1]]
[2022.09.30-00.27.08:616][  0]LogConfig: Setting CVar [[r.AOQuality:2]]
[2022.09.30-00.27.08:616][  0]LogConfig: Setting CVar [[r.VolumetricFog:1]]
[2022.09.30-00.27.08:616][  0]LogConfig: Setting CVar [[r.VolumetricFog.GridPixelSize:8]]
[2022.09.30-00.27.08:616][  0]LogConfig: Setting CVar [[r.VolumetricFog.GridSizeZ:128]]
[2022.09.30-00.27.08:616][  0]LogConfig: Setting CVar [[r.VolumetricFog.HistoryMissSupersampleCount:4]]
[2022.09.30-00.27.08:616][  0]LogConfig: Setting CVar [[r.LightMaxDrawDistanceScale:1]]
[2022.09.30-00.27.08:616][  0]LogConfig: Setting CVar [[r.CapsuleShadows:1]]
[2022.09.30-00.27.08:616][  0]LogConfig: Applying CVar settings from Section [PostProcessQuality@3] File [C:/Users/Nathan M/Documents/Unreal Projects/Boxman/BoxmanUnreal/Saved/Config/Windows/Scalability.ini]
[2022.09.30-00.27.08:616][  0]LogConfig: Setting CVar [[r.MotionBlurQuality:4]]
[2022.09.30-00.27.08:616][  0]LogConfig: Setting CVar [[r.AmbientOcclusionMipLevelFactor:0.4]]
[2022.09.30-00.27.08:616][  0]LogConfig: Setting CVar [[r.AmbientOcclusionMaxQuality:100]]
[2022.09.30-00.27.08:616][  0]LogConfig: Setting CVar [[r.AmbientOcclusionLevels:-1]]
[2022.09.30-00.27.08:616][  0]LogConfig: Setting CVar [[r.AmbientOcclusionRadiusScale:1.0]]
[2022.09.30-00.27.08:616][  0]LogConfig: Setting CVar [[r.DepthOfFieldQuality:2]]
[2022.09.30-00.27.08:616][  0]LogConfig: Setting CVar [[r.RenderTargetPoolMin:400]]
[2022.09.30-00.27.08:616][  0]LogConfig: Setting CVar [[r.LensFlareQuality:2]]
[2022.09.30-00.27.08:616][  0]LogConfig: Setting CVar [[r.SceneColorFringeQuality:1]]
[2022.09.30-00.27.08:616][  0]LogConfig: Setting CVar [[r.EyeAdaptationQuality:2]]
[2022.09.30-00.27.08:616][  0]LogConfig: Setting CVar [[r.BloomQuality:5]]
[2022.09.30-00.27.08:616][  0]LogConfig: Setting CVar [[r.FastBlurThreshold:100]]
[2022.09.30-00.27.08:616][  0]LogConfig: Setting CVar [[r.Upscale.Quality:3]]
[2022.09.30-00.27.08:616][  0]LogConfig: Setting CVar [[r.Tonemapper.GrainQuantization:1]]
[2022.09.30-00.27.08:616][  0]LogConfig: Setting CVar [[r.LightShaftQuality:1]]
[2022.09.30-00.27.08:617][  0]LogConfig: Setting CVar [[r.Filter.SizeScale:1]]
[2022.09.30-00.27.08:617][  0]LogConfig: Setting CVar [[r.Tonemapper.Quality:5]]
[2022.09.30-00.27.08:617][  0]LogConfig: Setting CVar [[r.DOF.Gather.AccumulatorQuality:1        ; higher gathering accumulator quality]]
[2022.09.30-00.27.08:617][  0]LogConfig: Setting CVar [[r.DOF.Gather.PostfilterMethod:1          ; Median3x3 postfilering method]]
[2022.09.30-00.27.08:617][  0]LogConfig: Setting CVar [[r.DOF.Gather.EnableBokehSettings:0       ; no bokeh simulation when gathering]]
[2022.09.30-00.27.08:617][  0]LogConfig: Setting CVar [[r.DOF.Gather.RingCount:4                 ; medium number of samples when gathering]]
[2022.09.30-00.27.08:617][  0]LogConfig: Setting CVar [[r.DOF.Scatter.ForegroundCompositing:1    ; additive foreground scattering]]
[2022.09.30-00.27.08:617][  0]LogConfig: Setting CVar [[r.DOF.Scatter.BackgroundCompositing:2    ; additive background scattering]]
[2022.09.30-00.27.08:617][  0]LogConfig: Setting CVar [[r.DOF.Scatter.EnableBokehSettings:1      ; bokeh simulation when scattering]]
[2022.09.30-00.27.08:617][  0]LogConfig: Setting CVar [[r.DOF.Scatter.MaxSpriteRatio:0.1         ; only a maximum of 10% of scattered bokeh]]
[2022.09.30-00.27.08:617][  0]LogConfig: Setting CVar [[r.DOF.Recombine.Quality:1                ; cheap slight out of focus]]
[2022.09.30-00.27.08:617][  0]LogConfig: Setting CVar [[r.DOF.Recombine.EnableBokehSettings:0    ; no bokeh simulation on slight out of focus]]
[2022.09.30-00.27.08:617][  0]LogConfig: Setting CVar [[r.DOF.TemporalAAQuality:1                ; more stable temporal accumulation]]
[2022.09.30-00.27.08:617][  0]LogConfig: Setting CVar [[r.DOF.Kernel.MaxForegroundRadius:0.025]]
[2022.09.30-00.27.08:617][  0]LogConfig: Setting CVar [[r.DOF.Kernel.MaxBackgroundRadius:0.025]]
[2022.09.30-00.27.08:617][  0]LogConfig: Applying CVar settings from Section [TextureQuality@3] File [C:/Users/Nathan M/Documents/Unreal Projects/Boxman/BoxmanUnreal/Saved/Config/Windows/Scalability.ini]
[2022.09.30-00.27.08:617][  0]LogConfig: Setting CVar [[r.Streaming.MipBias:0]]
[2022.09.30-00.27.08:617][  0]LogConfig: Setting CVar [[r.Streaming.AmortizeCPUToGPUCopy:0]]
[2022.09.30-00.27.08:617][  0]LogConfig: Setting CVar [[r.Streaming.MaxNumTexturesToStreamPerFrame:0]]
[2022.09.30-00.27.08:617][  0]LogConfig: Setting CVar [[r.Streaming.Boost:1]]
[2022.09.30-00.27.08:617][  0]LogConfig: Setting CVar [[r.MaxAnisotropy:8]]
[2022.09.30-00.27.08:617][  0]LogConfig: Setting CVar [[r.VT.MaxAnisotropy:8]]
[2022.09.30-00.27.08:617][  0]LogConfig: Setting CVar [[r.Streaming.LimitPoolSizeToVRAM:0]]
[2022.09.30-00.27.08:617][  0]LogConfig: Setting CVar [[r.Streaming.PoolSize:1000]]
[2022.09.30-00.27.08:617][  0]LogConfig: Setting CVar [[r.Streaming.MaxEffectiveScreenSize:0]]
[2022.09.30-00.27.08:617][  0]LogConfig: Applying CVar settings from Section [EffectsQuality@3] File [C:/Users/Nathan M/Documents/Unreal Projects/Boxman/BoxmanUnreal/Saved/Config/Windows/Scalability.ini]
[2022.09.30-00.27.08:617][  0]LogConfig: Setting CVar [[r.TranslucencyLightingVolumeDim:64]]
[2022.09.30-00.27.08:617][  0]LogConfig: Setting CVar [[r.RefractionQuality:2]]
[2022.09.30-00.27.08:617][  0]LogConfig: Setting CVar [[r.SSR.Quality:3]]
[2022.09.30-00.27.08:617][  0]LogConfig: Setting CVar [[r.SSR.HalfResSceneColor:0]]
[2022.09.30-00.27.08:617][  0]LogConfig: Setting CVar [[r.SceneColorFormat:4]]
[2022.09.30-00.27.08:617][  0]LogConfig: Setting CVar [[r.DetailMode:2]]
[2022.09.30-00.27.08:617][  0]LogConfig: Setting CVar [[r.TranslucencyVolumeBlur:1]]
[2022.09.30-00.27.08:617][  0]LogConfig: Setting CVar [[r.MaterialQualityLevel:1 ; High quality]]
[2022.09.30-00.27.08:617][  0]LogConfig: Setting CVar [[r.AnisotropicMaterials:1]]
[2022.09.30-00.27.08:617][  0]LogConfig: Setting CVar [[r.SSS.Scale:1]]
[2022.09.30-00.27.08:617][  0]LogConfig: Setting CVar [[r.SSS.SampleSet:2]]
[2022.09.30-00.27.08:617][  0]LogConfig: Setting CVar [[r.SSS.Quality:1]]
[2022.09.30-00.27.08:617][  0]LogConfig: Setting CVar [[r.SSS.HalfRes:0]]
[2022.09.30-00.27.08:617][  0]LogConfig: Setting CVar [[r.SSGI.Quality:3]]
[2022.09.30-00.27.08:617][  0]LogConfig: Setting CVar [[r.EmitterSpawnRateScale:1.0]]
[2022.09.30-00.27.08:617][  0]LogConfig: Setting CVar [[r.ParticleLightQuality:2]]
[2022.09.30-00.27.08:617][  0]LogConfig: Setting CVar [[r.SkyAtmosphere.AerialPerspectiveLUT.FastApplyOnOpaque:1 ; Always have FastSkyLUT 1 in this case to avoid wrong sky]]
[2022.09.30-00.27.08:617][  0]LogConfig: Setting CVar [[r.SkyAtmosphere.AerialPerspectiveLUT.SampleCountMaxPerSlice:4]]
[2022.09.30-00.27.08:617][  0]LogConfig: Setting CVar [[r.SkyAtmosphere.AerialPerspectiveLUT.DepthResolution:16.0]]
[2022.09.30-00.27.08:617][  0]LogConfig: Setting CVar [[r.SkyAtmosphere.FastSkyLUT:1]]
[2022.09.30-00.27.08:617][  0]LogConfig: Setting CVar [[r.SkyAtmosphere.FastSkyLUT.SampleCountMin:4.0]]
[2022.09.30-00.27.08:617][  0]LogConfig: Setting CVar [[r.SkyAtmosphere.FastSkyLUT.SampleCountMax:128.0]]
[2022.09.30-00.27.08:617][  0]LogConfig: Setting CVar [[r.SkyAtmosphere.SampleCountMin:4.0]]
[2022.09.30-00.27.08:617][  0]LogConfig: Setting CVar [[r.SkyAtmosphere.SampleCountMax:128.0]]
[2022.09.30-00.27.08:617][  0]LogConfig: Setting CVar [[r.SkyAtmosphere.TransmittanceLUT.UseSmallFormat:0]]
[2022.09.30-00.27.08:617][  0]LogConfig: Setting CVar [[r.SkyAtmosphere.TransmittanceLUT.SampleCount:10.0]]
[2022.09.30-00.27.08:617][  0]LogConfig: Setting CVar [[r.SkyAtmosphere.MultiScatteringLUT.SampleCount:15.0]]
[2022.09.30-00.27.08:617][  0]LogConfig: Setting CVar [[r.SkyLight.RealTimeReflectionCapture:1]]
[2022.09.30-00.27.08:617][  0]LogConfig: Applying CVar settings from Section [FoliageQuality@3] File [C:/Users/Nathan M/Documents/Unreal Projects/Boxman/BoxmanUnreal/Saved/Config/Windows/Scalability.ini]
[2022.09.30-00.27.08:617][  0]LogConfig: Setting CVar [[foliage.DensityScale:1.0]]
[2022.09.30-00.27.08:617][  0]LogConfig: Setting CVar [[grass.DensityScale:1.0]]
[2022.09.30-00.27.08:617][  0]LogConfig: Applying CVar settings from Section [ShadingQuality@3] File [C:/Users/Nathan M/Documents/Unreal Projects/Boxman/BoxmanUnreal/Saved/Config/Windows/Scalability.ini]
[2022.09.30-00.27.08:617][  0]LogConfig: Setting CVar [[r.HairStrands.SkyLighting.IntegrationType:2]]
[2022.09.30-00.27.08:617][  0]LogConfig: Setting CVar [[r.HairStrands.SkyAO.SampleCount:4]]
[2022.09.30-00.27.08:617][  0]LogConfig: Setting CVar [[r.HairStrands.Visibility.MSAA.SamplePerPixel:4]]
[2022.09.30-00.27.08:617][  0]LogInit: Selected Device Profile: [Windows]
[2022.09.30-00.27.08:617][  0]LogInit: Applying CVar settings loaded from the selected device profile: [Windows]
[2022.09.30-00.27.08:617][  0]LogHAL: Display: Platform has ~ 24 GB [25650196480 / 34359738368 / 24], which maps to Larger [LargestMinGB=32, LargerMinGB=12, DefaultMinGB=8, SmallerMinGB=6, SmallestMinGB=0)
[2022.09.30-00.27.08:617][  0]LogInit: Going up to parent DeviceProfile []
[2022.09.30-00.27.08:617][  0]LogConfig: Applying CVar settings from Section [ViewDistanceQuality@3] File [C:/Users/Nathan M/Documents/Unreal Projects/Boxman/BoxmanUnreal/Saved/Config/Windows/Scalability.ini]
[2022.09.30-00.27.08:617][  0]LogConfig: Setting CVar [[r.SkeletalMeshLODBias:0]]
[2022.09.30-00.27.08:617][  0]LogConfig: Setting CVar [[r.ViewDistanceScale:1.0]]
[2022.09.30-00.27.08:617][  0]LogConfig: Applying CVar settings from Section [AntiAliasingQuality@3] File [C:/Users/Nathan M/Documents/Unreal Projects/Boxman/BoxmanUnreal/Saved/Config/Windows/Scalability.ini]
[2022.09.30-00.27.08:617][  0]LogConfig: Setting CVar [[r.PostProcessAAQuality:4]]
[2022.09.30-00.27.08:617][  0]LogConfig: Applying CVar settings from Section [ShadowQuality@3] File [C:/Users/Nathan M/Documents/Unreal Projects/Boxman/BoxmanUnreal/Saved/Config/Windows/Scalability.ini]
[2022.09.30-00.27.08:617][  0]LogConfig: Setting CVar [[r.LightFunctionQuality:1]]
[2022.09.30-00.27.08:617][  0]LogConfig: Setting CVar [[r.ShadowQuality:5]]
[2022.09.30-00.27.08:617][  0]LogConfig: Setting CVar [[r.Shadow.CSM.MaxCascades:10]]
[2022.09.30-00.27.08:617][  0]LogConfig: Setting CVar [[r.Shadow.MaxResolution:2048]]
[2022.09.30-00.27.08:617][  0]LogConfig: Setting CVar [[r.Shadow.MaxCSMResolution:2048]]
[2022.09.30-00.27.08:617][  0]LogConfig: Setting CVar [[r.Shadow.RadiusThreshold:0.01]]
[2022.09.30-00.27.08:617][  0]LogConfig: Setting CVar [[r.Shadow.DistanceScale:1.0]]
[2022.09.30-00.27.08:617][  0]LogConfig: Setting CVar [[r.Shadow.CSM.TransitionScale:1.0]]
[2022.09.30-00.27.08:617][  0]LogConfig: Setting CVar [[r.Shadow.PreShadowResolutionFactor:1.0]]
[2022.09.30-00.27.08:617][  0]LogConfig: Setting CVar [[r.DistanceFieldShadowing:1]]
[2022.09.30-00.27.08:617][  0]LogConfig: Setting CVar [[r.DistanceFieldAO:1]]
[2022.09.30-00.27.08:617][  0]LogConfig: Setting CVar [[r.AOQuality:2]]
[2022.09.30-00.27.08:617][  0]LogConfig: Setting CVar [[r.VolumetricFog:1]]
[2022.09.30-00.27.08:617][  0]LogConfig: Setting CVar [[r.VolumetricFog.GridPixelSize:8]]
[2022.09.30-00.27.08:617][  0]LogConfig: Setting CVar [[r.VolumetricFog.GridSizeZ:128]]
[2022.09.30-00.27.08:617][  0]LogConfig: Setting CVar [[r.VolumetricFog.HistoryMissSupersampleCount:4]]
[2022.09.30-00.27.08:617][  0]LogConfig: Setting CVar [[r.LightMaxDrawDistanceScale:1]]
[2022.09.30-00.27.08:617][  0]LogConfig: Setting CVar [[r.CapsuleShadows:1]]
[2022.09.30-00.27.08:617][  0]LogConfig: Applying CVar settings from Section [PostProcessQuality@3] File [C:/Users/Nathan M/Documents/Unreal Projects/Boxman/BoxmanUnreal/Saved/Config/Windows/Scalability.ini]
[2022.09.30-00.27.08:617][  0]LogConfig: Setting CVar [[r.MotionBlurQuality:4]]
[2022.09.30-00.27.08:617][  0]LogConfig: Setting CVar [[r.AmbientOcclusionMipLevelFactor:0.4]]
[2022.09.30-00.27.08:617][  0]LogConfig: Setting CVar [[r.AmbientOcclusionMaxQuality:100]]
[2022.09.30-00.27.08:617][  0]LogConfig: Setting CVar [[r.AmbientOcclusionLevels:-1]]
[2022.09.30-00.27.08:617][  0]LogConfig: Setting CVar [[r.AmbientOcclusionRadiusScale:1.0]]
[2022.09.30-00.27.08:617][  0]LogConfig: Setting CVar [[r.DepthOfFieldQuality:2]]
[2022.09.30-00.27.08:617][  0]LogConfig: Setting CVar [[r.RenderTargetPoolMin:400]]
[2022.09.30-00.27.08:617][  0]LogConfig: Setting CVar [[r.LensFlareQuality:2]]
[2022.09.30-00.27.08:617][  0]LogConfig: Setting CVar [[r.SceneColorFringeQuality:1]]
[2022.09.30-00.27.08:617][  0]LogConfig: Setting CVar [[r.EyeAdaptationQuality:2]]
[2022.09.30-00.27.08:617][  0]LogConfig: Setting CVar [[r.BloomQuality:5]]
[2022.09.30-00.27.08:617][  0]LogConfig: Setting CVar [[r.FastBlurThreshold:100]]
[2022.09.30-00.27.08:617][  0]LogConfig: Setting CVar [[r.Upscale.Quality:3]]
[2022.09.30-00.27.08:617][  0]LogConfig: Setting CVar [[r.Tonemapper.GrainQuantization:1]]
[2022.09.30-00.27.08:617][  0]LogConfig: Setting CVar [[r.LightShaftQuality:1]]
[2022.09.30-00.27.08:617][  0]LogConfig: Setting CVar [[r.Filter.SizeScale:1]]
[2022.09.30-00.27.08:617][  0]LogConfig: Setting CVar [[r.Tonemapper.Quality:5]]
[2022.09.30-00.27.08:617][  0]LogConfig: Setting CVar [[r.DOF.Gather.AccumulatorQuality:1        ; higher gathering accumulator quality]]
[2022.09.30-00.27.08:617][  0]LogConfig: Setting CVar [[r.DOF.Gather.PostfilterMethod:1          ; Median3x3 postfilering method]]
[2022.09.30-00.27.08:617][  0]LogConfig: Setting CVar [[r.DOF.Gather.EnableBokehSettings:0       ; no bokeh simulation when gathering]]
[2022.09.30-00.27.08:617][  0]LogConfig: Setting CVar [[r.DOF.Gather.RingCount:4                 ; medium number of samples when gathering]]
[2022.09.30-00.27.08:617][  0]LogConfig: Setting CVar [[r.DOF.Scatter.ForegroundCompositing:1    ; additive foreground scattering]]
[2022.09.30-00.27.08:617][  0]LogConfig: Setting CVar [[r.DOF.Scatter.BackgroundCompositing:2    ; additive background scattering]]
[2022.09.30-00.27.08:617][  0]LogConfig: Setting CVar [[r.DOF.Scatter.EnableBokehSettings:1      ; bokeh simulation when scattering]]
[2022.09.30-00.27.08:617][  0]LogConfig: Setting CVar [[r.DOF.Scatter.MaxSpriteRatio:0.1         ; only a maximum of 10% of scattered bokeh]]
[2022.09.30-00.27.08:617][  0]LogConfig: Setting CVar [[r.DOF.Recombine.Quality:1                ; cheap slight out of focus]]
[2022.09.30-00.27.08:617][  0]LogConfig: Setting CVar [[r.DOF.Recombine.EnableBokehSettings:0    ; no bokeh simulation on slight out of focus]]
[2022.09.30-00.27.08:617][  0]LogConfig: Setting CVar [[r.DOF.TemporalAAQuality:1                ; more stable temporal accumulation]]
[2022.09.30-00.27.08:617][  0]LogConfig: Setting CVar [[r.DOF.Kernel.MaxForegroundRadius:0.025]]
[2022.09.30-00.27.08:617][  0]LogConfig: Setting CVar [[r.DOF.Kernel.MaxBackgroundRadius:0.025]]
[2022.09.30-00.27.08:617][  0]LogConfig: Applying CVar settings from Section [TextureQuality@3] File [C:/Users/Nathan M/Documents/Unreal Projects/Boxman/BoxmanUnreal/Saved/Config/Windows/Scalability.ini]
[2022.09.30-00.27.08:617][  0]LogConfig: Setting CVar [[r.Streaming.MipBias:0]]
[2022.09.30-00.27.08:617][  0]LogConfig: Setting CVar [[r.Streaming.AmortizeCPUToGPUCopy:0]]
[2022.09.30-00.27.08:617][  0]LogConfig: Setting CVar [[r.Streaming.MaxNumTexturesToStreamPerFrame:0]]
[2022.09.30-00.27.08:617][  0]LogConfig: Setting CVar [[r.Streaming.Boost:1]]
[2022.09.30-00.27.08:617][  0]LogConfig: Setting CVar [[r.MaxAnisotropy:8]]
[2022.09.30-00.27.08:617][  0]LogConfig: Setting CVar [[r.VT.MaxAnisotropy:8]]
[2022.09.30-00.27.08:617][  0]LogConfig: Setting CVar [[r.Streaming.LimitPoolSizeToVRAM:0]]
[2022.09.30-00.27.08:617][  0]LogConfig: Setting CVar [[r.Streaming.PoolSize:1000]]
[2022.09.30-00.27.08:618][  0]LogConfig: Setting CVar [[r.Streaming.MaxEffectiveScreenSize:0]]
[2022.09.30-00.27.08:618][  0]LogConfig: Applying CVar settings from Section [EffectsQuality@3] File [C:/Users/Nathan M/Documents/Unreal Projects/Boxman/BoxmanUnreal/Saved/Config/Windows/Scalability.ini]
[2022.09.30-00.27.08:618][  0]LogConfig: Setting CVar [[r.TranslucencyLightingVolumeDim:64]]
[2022.09.30-00.27.08:618][  0]LogConfig: Setting CVar [[r.RefractionQuality:2]]
[2022.09.30-00.27.08:618][  0]LogConfig: Setting CVar [[r.SSR.Quality:3]]
[2022.09.30-00.27.08:618][  0]LogConfig: Setting CVar [[r.SSR.HalfResSceneColor:0]]
[2022.09.30-00.27.08:618][  0]LogConfig: Setting CVar [[r.SceneColorFormat:4]]
[2022.09.30-00.27.08:618][  0]LogConfig: Setting CVar [[r.DetailMode:2]]
[2022.09.30-00.27.08:618][  0]LogConfig: Setting CVar [[r.TranslucencyVolumeBlur:1]]
[2022.09.30-00.27.08:618][  0]LogConfig: Setting CVar [[r.MaterialQualityLevel:1 ; High quality]]
[2022.09.30-00.27.08:618][  0]LogConfig: Setting CVar [[r.AnisotropicMaterials:1]]
[2022.09.30-00.27.08:618][  0]LogConfig: Setting CVar [[r.SSS.Scale:1]]
[2022.09.30-00.27.08:618][  0]LogConfig: Setting CVar [[r.SSS.SampleSet:2]]
[2022.09.30-00.27.08:618][  0]LogConfig: Setting CVar [[r.SSS.Quality:1]]
[2022.09.30-00.27.08:618][  0]LogConfig: Setting CVar [[r.SSS.HalfRes:0]]
[2022.09.30-00.27.08:618][  0]LogConfig: Setting CVar [[r.SSGI.Quality:3]]
[2022.09.30-00.27.08:618][  0]LogConfig: Setting CVar [[r.EmitterSpawnRateScale:1.0]]
[2022.09.30-00.27.08:618][  0]LogConfig: Setting CVar [[r.ParticleLightQuality:2]]
[2022.09.30-00.27.08:618][  0]LogConfig: Setting CVar [[r.SkyAtmosphere.AerialPerspectiveLUT.FastApplyOnOpaque:1 ; Always have FastSkyLUT 1 in this case to avoid wrong sky]]
[2022.09.30-00.27.08:618][  0]LogConfig: Setting CVar [[r.SkyAtmosphere.AerialPerspectiveLUT.SampleCountMaxPerSlice:4]]
[2022.09.30-00.27.08:618][  0]LogConfig: Setting CVar [[r.SkyAtmosphere.AerialPerspectiveLUT.DepthResolution:16.0]]
[2022.09.30-00.27.08:618][  0]LogConfig: Setting CVar [[r.SkyAtmosphere.FastSkyLUT:1]]
[2022.09.30-00.27.08:618][  0]LogConfig: Setting CVar [[r.SkyAtmosphere.FastSkyLUT.SampleCountMin:4.0]]
[2022.09.30-00.27.08:618][  0]LogConfig: Setting CVar [[r.SkyAtmosphere.FastSkyLUT.SampleCountMax:128.0]]
[2022.09.30-00.27.08:618][  0]LogConfig: Setting CVar [[r.SkyAtmosphere.SampleCountMin:4.0]]
[2022.09.30-00.27.08:618][  0]LogConfig: Setting CVar [[r.SkyAtmosphere.SampleCountMax:128.0]]
[2022.09.30-00.27.08:618][  0]LogConfig: Setting CVar [[r.SkyAtmosphere.TransmittanceLUT.UseSmallFormat:0]]
[2022.09.30-00.27.08:618][  0]LogConfig: Setting CVar [[r.SkyAtmosphere.TransmittanceLUT.SampleCount:10.0]]
[2022.09.30-00.27.08:618][  0]LogConfig: Setting CVar [[r.SkyAtmosphere.MultiScatteringLUT.SampleCount:15.0]]
[2022.09.30-00.27.08:618][  0]LogConfig: Setting CVar [[r.SkyLight.RealTimeReflectionCapture:1]]
[2022.09.30-00.27.08:618][  0]LogConfig: Applying CVar settings from Section [FoliageQuality@3] File [C:/Users/Nathan M/Documents/Unreal Projects/Boxman/BoxmanUnreal/Saved/Config/Windows/Scalability.ini]
[2022.09.30-00.27.08:618][  0]LogConfig: Setting CVar [[foliage.DensityScale:1.0]]
[2022.09.30-00.27.08:618][  0]LogConfig: Setting CVar [[grass.DensityScale:1.0]]
[2022.09.30-00.27.08:618][  0]LogConfig: Applying CVar settings from Section [ShadingQuality@3] File [C:/Users/Nathan M/Documents/Unreal Projects/Boxman/BoxmanUnreal/Saved/Config/Windows/Scalability.ini]
[2022.09.30-00.27.08:618][  0]LogConfig: Setting CVar [[r.HairStrands.SkyLighting.IntegrationType:2]]
[2022.09.30-00.27.08:618][  0]LogConfig: Setting CVar [[r.HairStrands.SkyAO.SampleCount:4]]
[2022.09.30-00.27.08:618][  0]LogConfig: Setting CVar [[r.HairStrands.Visibility.MSAA.SamplePerPixel:4]]
[2022.09.30-00.27.08:618][  0]LogConfig: Applying CVar settings from Section [Startup] File [../../../Engine/Config/ConsoleVariables.ini]
[2022.09.30-00.27.08:618][  0]LogConfig: Setting CVar [[net.UseAdaptiveNetUpdateFrequency:0]]
[2022.09.30-00.27.08:618][  0]LogConfig: Setting CVar [[p.chaos.AllowCreatePhysxBodies:1]]
[2022.09.30-00.27.08:618][  0]LogConfig: Setting CVar [[fx.SkipVectorVMBackendOptimizations:1]]
[2022.09.30-00.27.08:618][  0]LogConfig: Applying CVar settings from Section [ConsoleVariables] File [C:/Users/Nathan M/Documents/Unreal Projects/Boxman/BoxmanUnreal/Saved/Config/Windows/Engine.ini]
[2022.09.30-00.27.08:618][  0]LogConfig: Applying CVar settings from Section [ConsoleVariables] File [C:/Users/Nathan M/Documents/Unreal Projects/Boxman/BoxmanUnreal/Saved/Config/Windows/Editor.ini]
[2022.09.30-00.27.08:618][  0]LogInit: Computer: DESKTOP-VGV4RVI
[2022.09.30-00.27.08:618][  0]LogInit: User: NathanM
[2022.09.30-00.27.08:618][  0]LogInit: CPU Page size=4096, Cores=16
[2022.09.30-00.27.08:618][  0]LogInit: High frequency timer resolution =10.000000 MHz
[2022.09.30-00.27.08:618][  0]LogMemory: Memory total: Physical=23.9GB (24GB approx)
[2022.09.30-00.27.08:618][  0]LogMemory: Platform Memory Stats for Windows
[2022.09.30-00.27.08:618][  0]LogMemory: Process Physical Memory: 154.98 MB used, 154.98 MB peak
[2022.09.30-00.27.08:618][  0]LogMemory: Process Virtual Memory: 143.81 MB used, 143.81 MB peak
[2022.09.30-00.27.08:618][  0]LogMemory: Physical Memory: 7336.50 MB used,  17125.43 MB free, 24461.93 MB total
[2022.09.30-00.27.08:618][  0]LogMemory: Virtual Memory: 134201072.00 MB used,  16657.17 MB free, 134217728.00 MB total
[2022.09.30-00.27.08:622][  0]LogWindows: WindowsPlatformFeatures enabled
[2022.09.30-00.27.08:652][  0]LogInit: Physics initialised using underlying interface: PhysX
[2022.09.30-00.27.08:653][  0]LogInit: Using OS detected language (en-US).
[2022.09.30-00.27.08:653][  0]LogInit: Using OS detected locale (en-US).
[2022.09.30-00.27.08:655][  0]LogTextLocalizationManager: No specific localization for 'en-US' exists, so the 'en' localization will be used.
[2022.09.30-00.27.08:790][  0]LogInit: Setting process to per monitor DPI aware
[2022.09.30-00.27.08:798][  0]LogWindowsTextInputMethodSystem: Display: IME system deactivated.
[2022.09.30-00.27.08:808][  0]LogSlate: New Slate User Created.  User Index 0, Is Virtual User: 0
[2022.09.30-00.27.08:808][  0]LogSlate: Slate User Registered.  User Index 0, Is Virtual User: 0
[2022.09.30-00.27.08:894][  0]LogD3D11RHI: Loaded GFSDK_Aftermath_Lib.x64.dll
[2022.09.30-00.27.08:897][  0]LogHMD: Failed to initialize OpenVR with code 110
[2022.09.30-00.27.08:897][  0]LogD3D11RHI: D3D11 min allowed feature level: 11_0
[2022.09.30-00.27.08:897][  0]LogD3D11RHI: D3D11 max allowed feature level: 11_0
[2022.09.30-00.27.08:897][  0]LogD3D11RHI: D3D11 adapters:
[2022.09.30-00.27.08:967][  0]LogD3D11RHI:    0. 'NVIDIA GeForce RTX 3060' (Feature Level 11_0)
[2022.09.30-00.27.08:967][  0]LogD3D11RHI:       12137/0/12230 MB DedicatedVideo/DedicatedSystem/SharedSystem, Outputs:2, VendorId:0x10de
[2022.09.30-00.27.08:968][  0]LogD3D11RHI:    1. 'Microsoft Basic Render Driver' (Feature Level 11_0)
[2022.09.30-00.27.08:968][  0]LogD3D11RHI:       0/0/12230 MB DedicatedVideo/DedicatedSystem/SharedSystem, Outputs:0, VendorId:0x1414
[2022.09.30-00.27.08:968][  0]LogD3D11RHI: Chosen D3D11 Adapter:
[2022.09.30-00.27.08:968][  0]LogD3D11RHI:     Description : NVIDIA GeForce RTX 3060
[2022.09.30-00.27.08:968][  0]LogD3D11RHI:     VendorId    : 10de
[2022.09.30-00.27.08:968][  0]LogD3D11RHI:     DeviceId    : 2487
[2022.09.30-00.27.08:968][  0]LogD3D11RHI:     SubSysId    : 40721458
[2022.09.30-00.27.08:968][  0]LogD3D11RHI:     Revision    : 00a1
[2022.09.30-00.27.08:968][  0]LogD3D11RHI:     DedicatedVideoMemory : 12726566912 bytes
[2022.09.30-00.27.08:968][  0]LogD3D11RHI:     DedicatedSystemMemory : 0 bytes
[2022.09.30-00.27.08:968][  0]LogD3D11RHI:     SharedSystemMemory : 12825098240 bytes
[2022.09.30-00.27.08:968][  0]LogD3D11RHI:     AdapterLuid : 0 45669
[2022.09.30-00.27.08:976][  0]LogD3D11RHI: Creating new Direct3DDevice
[2022.09.30-00.27.08:976][  0]LogD3D11RHI:     GPU DeviceId: 0x2487 (for the marketing name, search the web for "GPU Device Id")
[2022.09.30-00.27.08:976][  0]LogWindows: EnumDisplayDevices:
[2022.09.30-00.27.08:976][  0]LogWindows:    0. 'NVIDIA GeForce RTX 3060' (P:1 D:1)
[2022.09.30-00.27.08:976][  0]LogWindows:    1. 'NVIDIA GeForce RTX 3060' (P:0 D:1)
[2022.09.30-00.27.08:976][  0]LogWindows:    2. 'NVIDIA GeForce RTX 3060' (P:0 D:0)
[2022.09.30-00.27.08:976][  0]LogWindows:    3. 'NVIDIA GeForce RTX 3060' (P:0 D:0)
[2022.09.30-00.27.08:976][  0]LogWindows: DebugString: FoundDriverCount:4 
[2022.09.30-00.27.08:976][  0]LogD3D11RHI:     Adapter Name: NVIDIA GeForce RTX 3060
[2022.09.30-00.27.08:976][  0]LogD3D11RHI:   Driver Version: 517.48 (internal:31.0.15.1748, unified:517.48)
[2022.09.30-00.27.08:976][  0]LogD3D11RHI:      Driver Date: 9-21-2022
[2022.09.30-00.27.08:976][  0]LogRHI: Texture pool is 8495 MB (70% of 12137 MB)
[2022.09.30-00.27.08:976][  0]LogD3D11RHI: Creating D3DDevice using adapter:
[2022.09.30-00.27.08:976][  0]LogD3D11RHI:     Description : NVIDIA GeForce RTX 3060
[2022.09.30-00.27.08:976][  0]LogD3D11RHI:     VendorId    : 10de
[2022.09.30-00.27.08:976][  0]LogD3D11RHI:     DeviceId    : 2487
[2022.09.30-00.27.08:976][  0]LogD3D11RHI:     SubSysId    : 40721458
[2022.09.30-00.27.08:976][  0]LogD3D11RHI:     Revision    : 00a1
[2022.09.30-00.27.08:976][  0]LogD3D11RHI:     DedicatedVideoMemory : 12726566912 bytes
[2022.09.30-00.27.08:976][  0]LogD3D11RHI:     DedicatedSystemMemory : 0 bytes
[2022.09.30-00.27.08:976][  0]LogD3D11RHI:     SharedSystemMemory : 12825098240 bytes
[2022.09.30-00.27.08:976][  0]LogD3D11RHI:     AdapterLuid : 0 45669
[2022.09.30-00.27.09:016][  0]LogD3D11RHI: RHI has support for 64 bit atomics
[2022.09.30-00.27.09:016][  0]LogD3D11RHI: Async texture creation enabled
[2022.09.30-00.27.09:016][  0]LogD3D11RHI: Array index from any shader is supported
[2022.09.30-00.27.09:033][  0]LogD3D11RHI: GPU Timing Frequency: 1000.000000 (Debug: 2 1)
[2022.09.30-00.27.09:052][  0]LogRHI: GeForceNow SDK initialized: 1
[2022.09.30-00.27.09:249][  0]LogTargetPlatformManager: Display: Loaded TargetPlatform 'AllDesktop'
[2022.09.30-00.27.09:267][  0]LogTargetPlatformManager: Display: Loaded TargetPlatform 'Android'
[2022.09.30-00.27.09:267][  0]LogTargetPlatformManager: Display: Loaded TargetPlatform 'Android_ASTC'
[2022.09.30-00.27.09:267][  0]LogTargetPlatformManager: Display: Loaded TargetPlatform 'Android_DXT'
[2022.09.30-00.27.09:267][  0]LogTargetPlatformManager: Display: Loaded TargetPlatform 'Android_ETC2'
[2022.09.30-00.27.09:267][  0]LogTargetPlatformManager: Display: Loaded TargetPlatform 'AndroidClient'
[2022.09.30-00.27.09:267][  0]LogTargetPlatformManager: Display: Loaded TargetPlatform 'Android_ASTCClient'
[2022.09.30-00.27.09:267][  0]LogTargetPlatformManager: Display: Loaded TargetPlatform 'Android_DXTClient'
[2022.09.30-00.27.09:267][  0]LogTargetPlatformManager: Display: Loaded TargetPlatform 'Android_ETC2Client'
[2022.09.30-00.27.09:267][  0]LogTargetPlatformManager: Display: Loaded TargetPlatform 'Android_Multi'
[2022.09.30-00.27.09:267][  0]LogTargetPlatformManager: Display: Loaded TargetPlatform 'Android_MultiClient'
[2022.09.30-00.27.09:282][  0]LogTargetPlatformManager: Display: Loaded TargetPlatform 'IOSClient'
[2022.09.30-00.27.09:282][  0]LogTargetPlatformManager: Display: Loaded TargetPlatform 'IOS'
[2022.09.30-00.27.09:289][  0]LogTargetPlatformManager: Display: Loaded TargetPlatform 'Linux'
[2022.09.30-00.27.09:293][  0]LogTargetPlatformManager: Display: Loaded TargetPlatform 'LinuxNoEditor'
[2022.09.30-00.27.09:296][  0]LogTargetPlatformManager: Display: Loaded TargetPlatform 'LinuxClient'
[2022.09.30-00.27.09:300][  0]LogTargetPlatformManager: Display: Loaded TargetPlatform 'LinuxServer'
[2022.09.30-00.27.09:307][  0]LogTargetPlatformManager: Display: Loaded TargetPlatform 'LinuxAArch64NoEditor'
[2022.09.30-00.27.09:310][  0]LogTargetPlatformManager: Display: Loaded TargetPlatform 'LinuxAArch64Client'
[2022.09.30-00.27.09:313][  0]LogTargetPlatformManager: Display: Loaded TargetPlatform 'LinuxAArch64Server'
[2022.09.30-00.27.09:332][  0]LogTargetPlatformManager: Display: Loaded TargetPlatform 'Lumin'
[2022.09.30-00.27.09:332][  0]LogTargetPlatformManager: Display: Loaded TargetPlatform 'LuminClient'
[2022.09.30-00.27.09:339][  0]LogTargetPlatformManager: Display: Loaded TargetPlatform 'MacNoEditor'
[2022.09.30-00.27.09:343][  0]LogTargetPlatformManager: Display: Loaded TargetPlatform 'Mac'
[2022.09.30-00.27.09:346][  0]LogTargetPlatformManager: Display: Loaded TargetPlatform 'MacClient'
[2022.09.30-00.27.09:350][  0]LogTargetPlatformManager: Display: Loaded TargetPlatform 'MacServer'
[2022.09.30-00.27.09:357][  0]LogTargetPlatformManager: Display: Loaded TargetPlatform 'TVOSClient'
[2022.09.30-00.27.09:357][  0]LogTargetPlatformManager: Display: Loaded TargetPlatform 'TVOS'
[2022.09.30-00.27.09:364][  0]LogTargetPlatformManager: Display: Loaded TargetPlatform 'WindowsNoEditor'
[2022.09.30-00.27.09:368][  0]LogTargetPlatformManager: Display: Loaded TargetPlatform 'Windows'
[2022.09.30-00.27.09:372][  0]LogTargetPlatformManager: Display: Loaded TargetPlatform 'WindowsClient'
[2022.09.30-00.27.09:375][  0]LogTargetPlatformManager: Display: Loaded TargetPlatform 'WindowsServer'
[2022.09.30-00.27.09:375][  0]LogTargetPlatformManager: Display: Building Assets For Windows
[2022.09.30-00.27.09:381][  0]LogAudioDebug: Display: Lib vorbis DLL was dynamically loaded.
[2022.09.30-00.27.09:404][  0]LogTextureFormatOodle: Display: Oodle Texture 2.9.0 init RDO Off
[2022.09.30-00.27.09:429][  0]LogRendererCore: Ray tracing is disabled. Reason: r.RayTracing=0.
[2022.09.30-00.27.09:429][  0]LogShaderCompilers: Guid format shader working directory is -30 characters bigger than the processId version (../../../../../../Users/Nathan M/Documents/Unreal Projects/Boxman/BoxmanUnreal/Intermediate/Shaders/WorkingDirectory/22520/).
[2022.09.30-00.27.09:429][  0]LogShaderCompilers: Cleaned the shader compiler working directory 'C:/Users/Nathan M/AppData/Local/Temp/UnrealShaderWorkingDir/0B93C528418AEE2A595790910D6DCDA6/'.
[2022.09.30-00.27.09:429][  0]LogXGEController: Cannot use XGE Controller as Incredibuild is not installed on this machine.
[2022.09.30-00.27.09:429][  0]LogShaderCompilers: Cannot use XGE Shader Compiler as Incredibuild is not installed on this machine.
[2022.09.30-00.27.09:429][  0]LogShaderCompilers: Display: Using Local Shader Compiler.
[2022.09.30-00.27.09:950][  0]LogDerivedDataCache: Display: Max Cache Size: 512 MB
[2022.09.30-00.27.09:991][  0]LogDerivedDataCache: Loaded boot cache 0.04s 94MB C:/Users/Nathan M/AppData/Local/UnrealEngine/4.27/DerivedDataCache/Boot.ddc.
[2022.09.30-00.27.09:991][  0]LogDerivedDataCache: Display: Loaded Boot cache: C:/Users/Nathan M/AppData/Local/UnrealEngine/4.27/DerivedDataCache/Boot.ddc
[2022.09.30-00.27.09:992][  0]LogDerivedDataCache: FDerivedDataBackendGraph:  Pak pak cache file ../../../../../../Users/Nathan M/Documents/Unreal Projects/Boxman/BoxmanUnreal/DerivedDataCache/DDC.ddp not found, will not use a pak cache.
[2022.09.30-00.27.09:992][  0]LogDerivedDataCache: Unable to find inner node Pak for hierarchical cache Hierarchy.
[2022.09.30-00.27.09:992][  0]LogDerivedDataCache: FDerivedDataBackendGraph:  CompressedPak pak cache file ../../../../../../Users/Nathan M/Documents/Unreal Projects/Boxman/BoxmanUnreal/DerivedDataCache/Compressed.ddp not found, will not use a pak cache.
[2022.09.30-00.27.09:992][  0]LogDerivedDataCache: Unable to find inner node CompressedPak for hierarchical cache Hierarchy.
[2022.09.30-00.27.10:005][  0]LogDerivedDataCache: Display: Pak cache opened for reading ../../../Engine/DerivedDataCache/Compressed.ddp.
[2022.09.30-00.27.10:005][  0]LogDerivedDataCache: FDerivedDataBackendGraph:  EnterprisePak pak cache file ../../../Enterprise/DerivedDataCache/Compressed.ddp not found, will not use a pak cache.
[2022.09.30-00.27.10:005][  0]LogDerivedDataCache: Unable to find inner node EnterprisePak for hierarchical cache Hierarchy.
[2022.09.30-00.27.10:012][  0]LogDerivedDataCache: Speed tests for C:/Users/Nathan M/AppData/Local/UnrealEngine/Common/DerivedDataCache took 0.01 seconds
[2022.09.30-00.27.10:012][  0]LogDerivedDataCache: Display: Performance to C:/Users/Nathan M/AppData/Local/UnrealEngine/Common/DerivedDataCache: Latency=0.02ms. RandomReadSpeed=389.46MBs, RandomWriteSpeed=244.74MBs. Assigned SpeedClass 'Local'
[2022.09.30-00.27.10:012][  0]LogDerivedDataCache: Using Local data cache path C:/Users/Nathan M/AppData/Local/UnrealEngine/Common/DerivedDataCache: Writable
[2022.09.30-00.27.10:012][  0]LogDerivedDataCache: Shared data cache path not found in *engine.ini, will not use an Shared cache.
[2022.09.30-00.27.10:012][  0]LogDerivedDataCache: Unable to find inner node Shared for hierarchical cache Hierarchy.
[2022.09.30-00.27.10:047][  0]LogSlate: Using FreeType 2.10.0
[2022.09.30-00.27.10:047][  0]LogSlate: SlateFontServices - WITH_FREETYPE: 1, WITH_HARFBUZZ: 1
[2022.09.30-00.27.10:064][  0]LogAssetRegistry: FAssetRegistry took 0.0025 seconds to start up
[2022.09.30-00.27.10:240][  0]LogInit: Selected Device Profile: [Windows]
[2022.09.30-00.27.10:240][  0]LogInit: Active device profile: [00000209F5D26B00][00000209F54B97C0 49] Windows
[2022.09.30-00.27.10:240][  0]LogInit: Profiles: [00000209F5D26B00][00000209F54B97C0 49] Windows, [00000209F5A46300][00000209F5529940 49] WindowsNoEditor, [00000209F5D25E00][00000209F552DAC0 49] WindowsServer, [00000209F5A46F00][00000209EB0100C0 49] WindowsClient, [00000209F5D26800][00000209EB014240 49] IOS, [00000209F5A46500][00000209EB0183C0 49] iPadAir, [00000209F5D24700][00000209EB01C540 49] iPadAir2, [00000209F5985A00][00000209EB024800 49] IPadPro, [00000209F5985B00][00000209EB020840 49] iPadAir3, [00000209F5A47700][00000209F54BC980 49] iPadAir4, [00000209F5986A00][00000209EBA48AC0 49] iPadMini2, [00000209F5A44C00][00000209EBA4CC00 49] iPadMini3, [00000209F5984B00][00000209EAC5CD40 49] iPadMini4, [00000209F5A47800][00000209EAC7CEC0 49] iPadMini5, [00000209F59CD300][00000209EAC85180 49] iPhone6, [00000209F59CD400][00000209EAC811C0 49] iPodTouch6, [00000209F5D25700][00000209EBBF1480 49] iPhone7, [00000209F5D25500][00000209EAC894C0 49] iPodTouch7, [00000209F5984E00][00000209EBBF9640 49] iPhone5S, [00000209F5D27D00][00000209EBA697C0 49] iPhone6Plus, [00000209F5987D00][00000209EB041940 49] iPhone6S, [00000209F5D25A00][00000209EB045AC0 49] iPhone6SPlus, [00000209F5D25400][00000209EB0480C0 49] iPhone7Plus, [00000209F59CC700][00000209EB04C240 49] iPhoneSE, [00000209F5D24E00][00000209EB0543C0 49] iPhone8, [00000209F59CCD00][00000209EB058540 49] iPhone8Plus, [00000209F59CDA00][00000209EB0646C0 49] iPhoneX, [00000209F5987300][00000209EB068840 49] iPhoneXS, [00000209F59CE300][00000209EB06C9C0 49] iPhoneXSMax, [00000209F5986800][00000209F7D4CB40 49] iPhoneXR, [00000209F59CD500][00000209EAC78C80 49] iPhone11, [00000209F5987700][00000209EB0A0DC0 49] iPhone11Pro, [00000209F59CF100][00000209F547AF00 49] iPhone11ProMax, [00000209F5984500][00000209F548D080 49] iPhoneSE2, [00000209F59CEB00][00000209F5491200 49] iPhone12Mini, [00000209F5986E00][00000209F5495380 49] iPhone12, [00000209F59CF400][00000209F5499500 49] iPhone12Pro, [00000209F5D27B00][00000209F549D680 49] iPhone12ProMax, [00000209F59CC500][00000209F54A1800 49] iPadPro105, [00000209F5D27300][00000209F54A5980 49] iPadPro129, [00000209F59CEA00][00000209F54A9B00 49] iPadPro97, [00000209F5D25200][00000209F54AC100 49] iPadPro2_129, [00000209F59CF200][00000209F54B0280 49] iPad5, [00000209F5D24100][00000209F3EAC400 49] iPad6, [00000209F59CD600][00000209F3EB0580 49] iPad7, [00000209F5D25D00][00000209EBA40700 49] iPad8, [00000209F59CD900][00000209EAC54880 49] iPadPro11, [00000209F5D27000][00000209EBBD4A00 49] iPadPro2_11, [00000209F59CCA00][00000209EBBD8B80 49] iPadPro3_129, [00000209F5D25100][00000209EBBDCD00 49] iPadPro4_129, [00000209F59CF000][00000209EB070E40 49] AppleTV, [00000209F5D24200][00000209EBBE0F80 49] AppleTV4K, [00000209F59CDC00][00000209EBBE50C0 49] TVOS, [00000209F5D25800][00000209EBBED240 49] Mac, [00000209F59CC300][00000209EA7B13C0 49] MacClient, [00000209F5D25000][00000209EA7B5540 49] MacNoEditor, [00000209F59CDF00][00000209EA7B96C0 49] MacServer, [00000209F5D24B00][00000209EA7C7840 49] Linux, [00000209F59CD000][00000209EA7CB9C0 49] LinuxAArch64, [00000209F5D27400][00000209F75EDB40 49] LinuxNoEditor, [00000209F59CE700][00000209F760E140 49] LinuxAArch64NoEditor, [00000209F5D24D00][00000209F77962C0 49] LinuxClient, [00000209F59CFB00][00000209EABCE440 49] LinuxAArch64Client, [00000209F5D25C00][00000209EABD25C0 49] LinuxServer, [00000209F59CF800][00000209EABD6740 49] LinuxAArch64Server, [00000209F5D24A00][00000209EABDA8C0 49] Android, [00000209F59CCE00][00000209EABDEA40 49] Android_Low, [00000209F5D24800][00000209EABE2BC0 49] Android_Mid, [00000209F59CE400][00000209EABE6D40 49] Android_High, [00000209F5D27900][00000209EABEAEC0 49] Android_Default, [00000209F59CF900][00000209EBBE9000 49] Android_Adreno4xx, [00000209F5D26A00][00000209EABEF140 49] Android_Adreno5xx_Low, [00000209F59CE600][00000209EABFB280 49] Android_Adreno5xx, [00000209F5D27600][00000209EB0753C0 49] Android_Adreno6xx, [00000209F59CE000][00000209EBBB7540 49] Android_Adreno6xx_Vulkan, [00000209F5D26D00][00000209EBBBB6C0 49] Android_Mali_T6xx, [00000209F59CF300][00000209F7951840 49] Android_Mali_T7xx, [00000209F5D24500][00000209F79559C0 49] Android_Mali_T8xx, [00000209F59CC600][00000209F79B9B40 49] Android_Mali_G71, [00000209F5D27C00][00000209F79BC140 49] Android_Mali_G72, [00000209F59CFC00][00000209F7A022C0 49] Android_Mali_G72_Vulkan, [00000209F5986100][00000209F7A06440 49] Android_Mali_G76, [00000209F5A46200][00000209F7A0A5C0 49] Android_Mali_G76_Vulkan, [00000209F5986300][00000209F7A0E740 49] Android_Mali_G77, [00000209F5A44200][00000209F7A128C0 49] Android_Mali_G77_Vulkan, [00000209F5985500][00000209F7A16A40 49] Android_Mali_G78, [00000209F5A46700][00000209F7A1ABC0 49] Android_Mali_G78_Vulkan, [00000209F5985400][00000209F7564D40 49] Android_Mali_G710, [00000209F5A44F00][00000209F7568EC0 49] Android_Mali_G710_Vulkan, [00000209F5985300][00000209F756D040 49] Android_Vulkan_SM5, [00000209F5A46800][00000209EBB53180 49] Android_PowerVR_G6xxx, [00000209F5987C00][00000209F79FF2C0 49] Android_PowerVR_GT7xxx, [00000209F5A45D00][00000209EBBD1400 49] Android_PowerVR_GE8xxx, [00000209F5987800][00000209F7571540 49] Android_PowerVR_GM9xxx, [00000209F5A44400][00000209F75796C0 49] Android_PowerVR_GM9xxx_Vulkan, [00000209F5984600][00000209EAC59840 49] Android_TegraK1, [00000209F5A44B00][00000209EBA459C0 49] Android_Unknown_Vulkan, [00000209F5984300][00000209F5489B40 49] Lumin, [00000209F5A45700][00000209F757C140 49] Lumin_Desktop, [00000209F5985C00][00000209F75802C0 49] HoloLens, 
[2022.09.30-00.27.10:330][  0]LogMeshReduction: Using QuadricMeshReduction for automatic static mesh reduction
[2022.09.30-00.27.10:330][  0]LogMeshReduction: Using SimplygonMeshReduction for automatic skeletal mesh reduction
[2022.09.30-00.27.10:330][  0]LogMeshReduction: Using ProxyLODMeshReduction for automatic mesh merging
[2022.09.30-00.27.10:330][  0]LogMeshReduction: No distributed automatic mesh merging module available
[2022.09.30-00.27.10:330][  0]LogMeshMerging: No distributed automatic mesh merging module available
[2022.09.30-00.27.10:341][  0]LogNetVersion: BoxmanUnreal 1.0.0, NetCL: 17155196, EngineNetVer: 17, GameNetVer: 0 (Checksum: 154839499)
[2022.09.30-00.27.10:590][  0]LogTexture: Default maximum texture size for cubemaps generated from long-lat sources has been changed from 512 to unlimited. In order to preserve old behaiour for '/Engine/MapTemplates/Sky/DaylightAmbientCubemap.DaylightAmbientCubemap', its maximum texture size has been explicitly set to 512.
[2022.09.30-00.27.10:632][  0]LogHMD: PokeAHoleMaterial loaded successfully
[2022.09.30-00.27.10:637][  0]LogUObjectArray: 17178 objects as part of root set at end of initial load.
[2022.09.30-00.27.10:637][  0]LogUObjectAllocator: 4302048 out of 0 bytes used by permanent object pool.
[2022.09.30-00.27.10:637][  0]LogUObjectArray: CloseDisregardForGC: 0/0 objects in disregard for GC pool
[2022.09.30-00.27.10:881][  0]LogNiagaraDebuggerClient: Niagara Debugger Client Initialized | Session: 6C0A8A194F7A2C0D1AE6168B6A11A617 | Instance: 244A0E8F4277CD5AF5D0B0B9009AEEC5 (DESKTOP-VGV4RVI-22520).
[2022.09.30-00.27.10:907][  0]LogPython: Using Python 3.7.7
[2022.09.30-00.27.11:291][  0]LogTcpMessaging: Initializing TcpMessaging bridge
[2022.09.30-00.27.11:298][  0]LogUdpMessaging: Initializing bridge on interface 0.0.0.0:0 to multicast group 230.0.0.1:6666.
[2022.09.30-00.27.11:412][  0]SourceControl: Source control is disabled
[2022.09.30-00.27.11:412][  0]SourceControl: Source control is disabled
[2022.09.30-00.27.11:417][  0]SourceControl: Source control is disabled
[2022.09.30-00.27.11:419][  0]SourceControl: Source control is disabled
[2022.09.30-00.27.11:422][  0]SourceControl: Source control is disabled
[2022.09.30-00.27.11:433][  0]LogUProjectInfo: Found projects:
[2022.09.30-00.27.11:526][  0]LogOpenImageDenoise: OIDN starting up
[2022.09.30-00.27.11:597][  0]LogAndroidPermission: UAndroidPermissionCallbackProxy::GetInstance
[2022.09.30-00.27.11:623][  0]LogAudioCaptureCore: Display: No Audio Capture implementations found. Audio input will be silent.
[2022.09.30-00.27.11:623][  0]LogAudioCaptureCore: Display: No Audio Capture implementations found. Audio input will be silent.
[2022.09.30-00.27.11:708][  0]LogCollectionManager: Loaded 0 collections in 0.001360 seconds
[2022.09.30-00.27.11:725][  0]LogFileCache: Scanning file cache for directory 'C:/Users/Nathan M/Documents/Unreal Projects/Boxman/BoxmanUnreal/Saved/Collections/' took 0.00s
[2022.09.30-00.27.11:725][  0]LogFileCache: Scanning file cache for directory 'C:/Users/Nathan M/Documents/Unreal Projects/Boxman/BoxmanUnreal/Content/Developers/NathanM/Collections/' took 0.00s
[2022.09.30-00.27.11:725][  0]LogFileCache: Scanning file cache for directory 'C:/Users/Nathan M/Documents/Unreal Projects/Boxman/BoxmanUnreal/Content/Collections/' took 0.00s
[2022.09.30-00.27.11:725][  0]LogOcInput: OculusInput pre-init called
[2022.09.30-00.27.11:879][  0]LogEngine: Initializing Engine...
[2022.09.30-00.27.11:882][  0]LogHMD: Failed to enumerate extensions. Please check that you have a valid OpenXR runtime installed.
[2022.09.30-00.27.11:882][  0]LogHMD: Failed to initialize OpenVR with code 110
[2022.09.30-00.27.11:882][  0]LogMagicLeap: Warning: VR disabled because ZI is not enabled.  To enable, in the editor, Edit -> Project Settings -> Plugins -> Magic Leap Plugin -> Enable Zero Iteration
[2022.09.30-00.27.11:882][  0]LogStats: UGameplayTagsManager::InitializeManager -  0.000 s
[2022.09.30-00.27.11:964][  0]LogInit: Initializing FReadOnlyCVARCache
[2022.09.30-00.27.11:971][  0]LogAIModule: Creating AISystem for world Untitled
[2022.09.30-00.27.11:979][  0]LogAudio: Display: Initializing Audio Device Manager...
[2022.09.30-00.27.11:981][  0]LogAudio: Display: Loading Default Audio Settings Objects...
[2022.09.30-00.27.11:982][  0]LogAudio: Display: No default SoundConcurrencyObject specified (or failed to load).
[2022.09.30-00.27.11:982][  0]LogAudio: Display: Audio Device Manager Initialized
[2022.09.30-00.27.11:982][  0]LogAudio: Display: Creating Audio Device:                 Id: 1, Scope: Shared, Realtime: True
[2022.09.30-00.27.11:982][  0]LogAudioMixer: Display: Audio Mixer Platform Settings:
[2022.09.30-00.27.11:982][  0]LogAudioMixer: Display: 	Sample Rate:						  48000
[2022.09.30-00.27.11:982][  0]LogAudioMixer: Display: 	Callback Buffer Frame Size Requested: 1024
[2022.09.30-00.27.11:982][  0]LogAudioMixer: Display: 	Callback Buffer Frame Size To Use:	  1024
[2022.09.30-00.27.11:982][  0]LogAudioMixer: Display: 	Number of buffers to queue:			  2
[2022.09.30-00.27.11:982][  0]LogAudioMixer: Display: 	Max Channels (voices):				  32
[2022.09.30-00.27.11:982][  0]LogAudioMixer: Display: 	Number of Async Source Workers:		  0
[2022.09.30-00.27.11:982][  0]LogAudio: Display: AudioDevice MaxSources: 32
[2022.09.30-00.27.11:982][  0]LogAudio: Display: Audio Spatialization Plugin: None (built-in).
[2022.09.30-00.27.11:982][  0]LogAudio: Display: Audio Reverb Plugin: None (built-in).
[2022.09.30-00.27.11:982][  0]LogAudio: Display: Audio Occlusion Plugin: None (built-in).
[2022.09.30-00.27.11:982][  0]LogAudioMixer: Display: Initializing audio mixer.
[2022.09.30-00.27.11:991][  0]LogAudioMixer: Display: 0: FrontLeft
[2022.09.30-00.27.11:991][  0]LogAudioMixer: Display: 1: FrontRight
[2022.09.30-00.27.12:001][  0]LogAudioMixer: Display: Using Audio Device Headphones (Soundcore Liberty 2 Pro)
[2022.09.30-00.27.12:003][  0]LogAudioMixer: Display: Initializing Sound Submixes...
[2022.09.30-00.27.12:005][  0]LogAudioMixer: Display: Creating Master Submix 'MasterSubmixDefault'
[2022.09.30-00.27.12:005][  0]LogAudioMixer: Display: Creating Master Submix 'MasterReverbSubmixDefault'
[2022.09.30-00.27.12:005][  0]LogAudioMixer: Display: Creating Master Submix 'MasterEQSubmixDefault'
[2022.09.30-00.27.12:005][  0]LogAudioMixer: FMixerPlatformXAudio2::StartAudioStream() called
[2022.09.30-00.27.12:005][  0]LogAudioMixer: Display: Output buffers initialized: Frames=1024, Channels=2, Samples=2048
[2022.09.30-00.27.12:006][  0]LogAudioMixer: Display: Starting AudioMixerPlatformInterface::RunInternal()
[2022.09.30-00.27.12:006][  0]LogAudioMixer: Display: FMixerPlatformXAudio2::SubmitBuffer() called for the first time
[2022.09.30-00.27.12:006][  0]LogInit: FAudioDevice initialized.
[2022.09.30-00.27.12:006][  0]LogAudio: Display: Audio Device (ID: 1) registered with world 'Untitled'.
[2022.09.30-00.27.12:006][  0]LogNetVersion: Set ProjectVersion to 1.0.0.0. Version Checksum will be recalculated on next use.
[2022.09.30-00.27.12:048][  0]LogDerivedDataCache: Saved boot cache 0.04s 94MB C:/Users/Nathan M/AppData/Local/UnrealEngine/4.27/DerivedDataCache/Boot.ddc.
[2022.09.30-00.27.12:049][  0]LogInit: Texture streaming: Enabled
[2022.09.30-00.27.12:060][  0]LogAnalytics: Display: [UEEditor.Rocket.Release] APIServer = https://datarouter.ol.epicgames.com/. AppVersion = 4.27.2-18319896+++UE4+Release-4.27
[2022.09.30-00.27.12:063][  0]LogEngineSessionManager: EngineSessionManager initialized
[2022.09.30-00.27.12:063][  0]LogEditorSessionSummary: Verbose: Initializing EditorSessionSummaryWriter for editor session tracking
[2022.09.30-00.27.12:064][  0]LogEditorSessionSummary: EditorSessionSummaryWriter initialized
[2022.09.30-00.27.12:087][  0]LogInit: Transaction tracking system initialized
[2022.09.30-00.27.12:103][  0]BlueprintLog: New page: Editor Load
[2022.09.30-00.27.12:149][  0]LocalizationService: Localization service is disabled
[2022.09.30-00.27.12:167][  0]TimingProfiler: Initialize
[2022.09.30-00.27.12:167][  0]TimingProfiler: OnSessionChanged
[2022.09.30-00.27.12:167][  0]LoadingProfiler: Initialize
[2022.09.30-00.27.12:167][  0]LoadingProfiler: OnSessionChanged
[2022.09.30-00.27.12:167][  0]NetworkingProfiler: Initialize
[2022.09.30-00.27.12:167][  0]NetworkingProfiler: OnSessionChanged
[2022.09.30-00.27.12:167][  0]MemoryProfiler: Initialize
[2022.09.30-00.27.12:167][  0]MemoryProfiler: OnSessionChanged
[2022.09.30-00.27.12:267][  0]LogCook: Display: CookSettings for Memory: MemoryMaxUsedVirtual 0MiB, MemoryMaxUsedPhysical 16384MiB, MemoryMinFreeVirtual 0MiB, MemoryMinFreePhysical 1024MiB
[2022.09.30-00.27.12:267][  0]LogCook: Display: Mobile HDR setting 1
[2022.09.30-00.27.12:302][  0]LogFileCache: Scanning file cache for directory 'C:/Users/Nathan M/Documents/Unreal Projects/Boxman/BoxmanUnreal/Content/' took 0.01s
[2022.09.30-00.27.12:513][  0]LogInit: Display: Engine is initialized. Leaving FEngineLoop::Init()
[2022.09.30-00.27.12:515][  0]SourceControl: Source control is disabled
[2022.09.30-00.27.12:515][  0]LogUnrealEdMisc: Loading editor; pre map load, took 4.717
[2022.09.30-00.27.12:515][  0]Cmd: MAP LOAD FILE="../../../../../../Users/Nathan M/Documents/Unreal Projects/Boxman/BoxmanUnreal/Content/Blueprints/ThirdPersonExampleMap.umap" TEMPLATE=0 SHOWPROGRESS=1 FEATURELEVEL=3
[2022.09.30-00.27.12:515][  0]LogEditorServer: Warning: Can't find file '../../../../../../Users/Nathan M/Documents/Unreal Projects/Boxman/BoxmanUnreal/Content/Blueprints/ThirdPersonExampleMap.umap'
[2022.09.30-00.27.12:515][  0]Cmd: MAP CHECKDEP NOCLEARLOG
[2022.09.30-00.27.12:515][  0]MapCheck: Map check complete: 0 Error(s), 0 Warning(s), took 0.092ms to complete.
[2022.09.30-00.27.12:515][  0]LogFileHelpers: Loading map 'ThirdPersonExampleMap' took 0.000
[2022.09.30-00.27.12:517][  0]LogUnrealEdMisc: Total Editor Startup Time, took 4.719
[2022.09.30-00.27.12:626][  0]LogSlate: Updating window title bar state: overlay mode, drag disabled, window buttons hidden, title bar hidden
[2022.09.30-00.27.12:630][  0]LogSlate: Updating window title bar state: overlay mode, drag disabled, window buttons hidden, title bar hidden
[2022.09.30-00.27.12:635][  0]LogSlate: Updating window title bar state: overlay mode, drag disabled, window buttons hidden, title bar hidden
[2022.09.30-00.27.12:639][  0]LogSlate: Updating window title bar state: overlay mode, drag disabled, window buttons hidden, title bar hidden
[2022.09.30-00.27.12:650][  0]LogNativeClassHierarchy: Verbose: Native class hierarchy populated in 0.0079 seconds. Added 3822 classes and 928 folders.
[2022.09.30-00.27.12:651][  0]LogNativeClassHierarchy: Verbose: Native class hierarchy updated for 'WidgetCarousel' in 0.0002 seconds. Added 0 classes and 0 folders.
[2022.09.30-00.27.12:652][  0]LogPakFile: PakFile PrimaryIndexSize=187
[2022.09.30-00.27.12:653][  0]LogPakFile: PakFile PathHashIndexSize=101
[2022.09.30-00.27.12:653][  0]LogPakFile: PakFile FullDirectoryIndexSize=148
[2022.09.30-00.27.12:653][  0]LogShaderLibrary: Display: ShaderCodeLibraryPakFileMountedCallback: PakFile 'C:/Program Files/Epic Games/UE_4.27/FeaturePacks/FP_FirstPerson.upack' (chunk index -1, root 'root:/') mounted
[2022.09.30-00.27.12:653][  0]LogShaderLibrary: Display: ShaderCodeLibraryPakFileMountedCallback: pending pak file info (ChunkID:-1 Root:root:/ File:C:/Program Files/Epic Games/UE_4.27/FeaturePacks/FP_FirstPerson.upack)
[2022.09.30-00.27.12:653][  0]LogPakFile: OnPakFileMounted2Time == 0.000042
[2022.09.30-00.27.12:653][  0]LogPakFile: PakFile PrimaryIndexSize=189
[2022.09.30-00.27.12:653][  0]LogPakFile: PakFile PathHashIndexSize=101
[2022.09.30-00.27.12:653][  0]LogPakFile: PakFile FullDirectoryIndexSize=152
[2022.09.30-00.27.12:653][  0]LogShaderLibrary: Display: ShaderCodeLibraryPakFileMountedCallback: PakFile 'C:/Program Files/Epic Games/UE_4.27/FeaturePacks/FP_FirstPersonBP.upack' (chunk index -1, root 'root:/') mounted
[2022.09.30-00.27.12:653][  0]LogShaderLibrary: Display: ShaderCodeLibraryPakFileMountedCallback: pending pak file info (ChunkID:-1 Root:root:/ File:C:/Program Files/Epic Games/UE_4.27/FeaturePacks/FP_FirstPersonBP.upack)
[2022.09.30-00.27.12:653][  0]LogPakFile: OnPakFileMounted2Time == 0.000027
[2022.09.30-00.27.12:653][  0]LogPakFile: PakFile PrimaryIndexSize=191
[2022.09.30-00.27.12:653][  0]LogPakFile: PakFile PathHashIndexSize=101
[2022.09.30-00.27.12:653][  0]LogPakFile: PakFile FullDirectoryIndexSize=160
[2022.09.30-00.27.12:653][  0]LogShaderLibrary: Display: ShaderCodeLibraryPakFileMountedCallback: PakFile 'C:/Program Files/Epic Games/UE_4.27/FeaturePacks/MobileStarterContent.upack' (chunk index -1, root 'root:/') mounted
[2022.09.30-00.27.12:653][  0]LogShaderLibrary: Display: ShaderCodeLibraryPakFileMountedCallback: pending pak file info (ChunkID:-1 Root:root:/ File:C:/Program Files/Epic Games/UE_4.27/FeaturePacks/MobileStarterContent.upack)
[2022.09.30-00.27.12:653][  0]LogPakFile: OnPakFileMounted2Time == 0.000022
[2022.09.30-00.27.12:654][  0]LogPakFile: PakFile PrimaryIndexSize=185
[2022.09.30-00.27.12:654][  0]LogPakFile: PakFile PathHashIndexSize=101
[2022.09.30-00.27.12:654][  0]LogPakFile: PakFile FullDirectoryIndexSize=148
[2022.09.30-00.27.12:654][  0]LogShaderLibrary: Display: ShaderCodeLibraryPakFileMountedCallback: PakFile 'C:/Program Files/Epic Games/UE_4.27/FeaturePacks/StarterContent.upack' (chunk index -1, root 'root:/') mounted
[2022.09.30-00.27.12:654][  0]LogShaderLibrary: Display: ShaderCodeLibraryPakFileMountedCallback: pending pak file info (ChunkID:-1 Root:root:/ File:C:/Program Files/Epic Games/UE_4.27/FeaturePacks/StarterContent.upack)
[2022.09.30-00.27.12:654][  0]LogPakFile: OnPakFileMounted2Time == 0.000025
[2022.09.30-00.27.12:654][  0]LogPakFile: PakFile PrimaryIndexSize=190
[2022.09.30-00.27.12:654][  0]LogPakFile: PakFile PathHashIndexSize=101
[2022.09.30-00.27.12:654][  0]LogPakFile: PakFile FullDirectoryIndexSize=154
[2022.09.30-00.27.12:654][  0]LogShaderLibrary: Display: ShaderCodeLibraryPakFileMountedCallback: PakFile 'C:/Program Files/Epic Games/UE_4.27/FeaturePacks/TP_2DSideScroller.upack' (chunk index -1, root 'root:/') mounted
[2022.09.30-00.27.12:654][  0]LogShaderLibrary: Display: ShaderCodeLibraryPakFileMountedCallback: pending pak file info (ChunkID:-1 Root:root:/ File:C:/Program Files/Epic Games/UE_4.27/FeaturePacks/TP_2DSideScroller.upack)
[2022.09.30-00.27.12:654][  0]LogPakFile: OnPakFileMounted2Time == 0.000021
[2022.09.30-00.27.12:654][  0]LogPakFile: PakFile PrimaryIndexSize=192
[2022.09.30-00.27.12:655][  0]LogPakFile: PakFile PathHashIndexSize=101
[2022.09.30-00.27.12:655][  0]LogPakFile: PakFile FullDirectoryIndexSize=158
[2022.09.30-00.27.12:655][  0]LogShaderLibrary: Display: ShaderCodeLibraryPakFileMountedCallback: PakFile 'C:/Program Files/Epic Games/UE_4.27/FeaturePacks/TP_2DSideScrollerBP.upack' (chunk index -1, root 'root:/') mounted
[2022.09.30-00.27.12:655][  0]LogShaderLibrary: Display: ShaderCodeLibraryPakFileMountedCallback: pending pak file info (ChunkID:-1 Root:root:/ File:C:/Program Files/Epic Games/UE_4.27/FeaturePacks/TP_2DSideScrollerBP.upack)
[2022.09.30-00.27.12:655][  0]LogPakFile: OnPakFileMounted2Time == 0.000021
[2022.09.30-00.27.12:655][  0]LogPakFile: PakFile PrimaryIndexSize=182
[2022.09.30-00.27.12:655][  0]LogPakFile: PakFile PathHashIndexSize=101
[2022.09.30-00.27.12:655][  0]LogPakFile: PakFile FullDirectoryIndexSize=138
[2022.09.30-00.27.12:655][  0]LogShaderLibrary: Display: ShaderCodeLibraryPakFileMountedCallback: PakFile 'C:/Program Files/Epic Games/UE_4.27/FeaturePacks/TP_Flying.upack' (chunk index -1, root 'root:/') mounted
[2022.09.30-00.27.12:655][  0]LogShaderLibrary: Display: ShaderCodeLibraryPakFileMountedCallback: pending pak file info (ChunkID:-1 Root:root:/ File:C:/Program Files/Epic Games/UE_4.27/FeaturePacks/TP_Flying.upack)
[2022.09.30-00.27.12:655][  0]LogPakFile: OnPakFileMounted2Time == 0.000022
[2022.09.30-00.27.12:655][  0]LogPakFile: PakFile PrimaryIndexSize=184
[2022.09.30-00.27.12:655][  0]LogPakFile: PakFile PathHashIndexSize=101
[2022.09.30-00.27.12:655][  0]LogPakFile: PakFile FullDirectoryIndexSize=142
[2022.09.30-00.27.12:655][  0]LogShaderLibrary: Display: ShaderCodeLibraryPakFileMountedCallback: PakFile 'C:/Program Files/Epic Games/UE_4.27/FeaturePacks/TP_FlyingBP.upack' (chunk index -1, root 'root:/') mounted
[2022.09.30-00.27.12:655][  0]LogShaderLibrary: Display: ShaderCodeLibraryPakFileMountedCallback: pending pak file info (ChunkID:-1 Root:root:/ File:C:/Program Files/Epic Games/UE_4.27/FeaturePacks/TP_FlyingBP.upack)
[2022.09.30-00.27.12:655][  0]LogPakFile: OnPakFileMounted2Time == 0.000021
[2022.09.30-00.27.12:655][  0]LogPakFile: PakFile PrimaryIndexSize=188
[2022.09.30-00.27.12:655][  0]LogPakFile: PakFile PathHashIndexSize=101
[2022.09.30-00.27.12:655][  0]LogPakFile: PakFile FullDirectoryIndexSize=150
[2022.09.30-00.27.12:655][  0]LogShaderLibrary: Display: ShaderCodeLibraryPakFileMountedCallback: PakFile 'C:/Program Files/Epic Games/UE_4.27/FeaturePacks/TP_HandheldARBP.upack' (chunk index -1, root 'root:/') mounted
[2022.09.30-00.27.12:655][  0]LogShaderLibrary: Display: ShaderCodeLibraryPakFileMountedCallback: pending pak file info (ChunkID:-1 Root:root:/ File:C:/Program Files/Epic Games/UE_4.27/FeaturePacks/TP_HandheldARBP.upack)
[2022.09.30-00.27.12:655][  0]LogPakFile: OnPakFileMounted2Time == 0.000021
[2022.09.30-00.27.12:656][  0]LogPakFile: PakFile PrimaryIndexSize=182
[2022.09.30-00.27.12:656][  0]LogPakFile: PakFile PathHashIndexSize=101
[2022.09.30-00.27.12:656][  0]LogPakFile: PakFile FullDirectoryIndexSize=138
[2022.09.30-00.27.12:656][  0]LogShaderLibrary: Display: ShaderCodeLibraryPakFileMountedCallback: PakFile 'C:/Program Files/Epic Games/UE_4.27/FeaturePacks/TP_Puzzle.upack' (chunk index -1, root 'root:/') mounted
[2022.09.30-00.27.12:656][  0]LogShaderLibrary: Display: ShaderCodeLibraryPakFileMountedCallback: pending pak file info (ChunkID:-1 Root:root:/ File:C:/Program Files/Epic Games/UE_4.27/FeaturePacks/TP_Puzzle.upack)
[2022.09.30-00.27.12:656][  0]LogPakFile: OnPakFileMounted2Time == 0.000021
[2022.09.30-00.27.12:656][  0]LogPakFile: PakFile PrimaryIndexSize=184
[2022.09.30-00.27.12:656][  0]LogPakFile: PakFile PathHashIndexSize=101
[2022.09.30-00.27.12:656][  0]LogPakFile: PakFile FullDirectoryIndexSize=142
[2022.09.30-00.27.12:656][  0]LogShaderLibrary: Display: ShaderCodeLibraryPakFileMountedCallback: PakFile 'C:/Program Files/Epic Games/UE_4.27/FeaturePacks/TP_PuzzleBP.upack' (chunk index -1, root 'root:/') mounted
[2022.09.30-00.27.12:656][  0]LogShaderLibrary: Display: ShaderCodeLibraryPakFileMountedCallback: pending pak file info (ChunkID:-1 Root:root:/ File:C:/Program Files/Epic Games/UE_4.27/FeaturePacks/TP_PuzzleBP.upack)
[2022.09.30-00.27.12:656][  0]LogPakFile: OnPakFileMounted2Time == 0.000020
[2022.09.30-00.27.12:656][  0]LogPakFile: PakFile PrimaryIndexSize=183
[2022.09.30-00.27.12:656][  0]LogPakFile: PakFile PathHashIndexSize=101
[2022.09.30-00.27.12:656][  0]LogPakFile: PakFile FullDirectoryIndexSize=140
[2022.09.30-00.27.12:656][  0]LogShaderLibrary: Display: ShaderCodeLibraryPakFileMountedCallback: PakFile 'C:/Program Files/Epic Games/UE_4.27/FeaturePacks/TP_Rolling.upack' (chunk index -1, root 'root:/') mounted
[2022.09.30-00.27.12:656][  0]LogShaderLibrary: Display: ShaderCodeLibraryPakFileMountedCallback: pending pak file info (ChunkID:-1 Root:root:/ File:C:/Program Files/Epic Games/UE_4.27/FeaturePacks/TP_Rolling.upack)
[2022.09.30-00.27.12:656][  0]LogPakFile: OnPakFileMounted2Time == 0.000020
[2022.09.30-00.27.12:657][  0]LogPakFile: PakFile PrimaryIndexSize=185
[2022.09.30-00.27.12:657][  0]LogPakFile: PakFile PathHashIndexSize=101
[2022.09.30-00.27.12:657][  0]LogPakFile: PakFile FullDirectoryIndexSize=144
[2022.09.30-00.27.12:657][  0]LogShaderLibrary: Display: ShaderCodeLibraryPakFileMountedCallback: PakFile 'C:/Program Files/Epic Games/UE_4.27/FeaturePacks/TP_RollingBP.upack' (chunk index -1, root 'root:/') mounted
[2022.09.30-00.27.12:657][  0]LogShaderLibrary: Display: ShaderCodeLibraryPakFileMountedCallback: pending pak file info (ChunkID:-1 Root:root:/ File:C:/Program Files/Epic Games/UE_4.27/FeaturePacks/TP_RollingBP.upack)
[2022.09.30-00.27.12:657][  0]LogPakFile: OnPakFileMounted2Time == 0.000020
[2022.09.30-00.27.12:657][  0]LogPakFile: PakFile PrimaryIndexSize=188
[2022.09.30-00.27.12:657][  0]LogPakFile: PakFile PathHashIndexSize=101
[2022.09.30-00.27.12:657][  0]LogPakFile: PakFile FullDirectoryIndexSize=150
[2022.09.30-00.27.12:657][  0]LogShaderLibrary: Display: ShaderCodeLibraryPakFileMountedCallback: PakFile 'C:/Program Files/Epic Games/UE_4.27/FeaturePacks/TP_SideScroller.upack' (chunk index -1, root 'root:/') mounted
[2022.09.30-00.27.12:657][  0]LogShaderLibrary: Display: ShaderCodeLibraryPakFileMountedCallback: pending pak file info (ChunkID:-1 Root:root:/ File:C:/Program Files/Epic Games/UE_4.27/FeaturePacks/TP_SideScroller.upack)
[2022.09.30-00.27.12:657][  0]LogPakFile: OnPakFileMounted2Time == 0.000021
[2022.09.30-00.27.12:657][  0]LogPakFile: PakFile PrimaryIndexSize=190
[2022.09.30-00.27.12:657][  0]LogPakFile: PakFile PathHashIndexSize=101
[2022.09.30-00.27.12:657][  0]LogPakFile: PakFile FullDirectoryIndexSize=154
[2022.09.30-00.27.12:657][  0]LogShaderLibrary: Display: ShaderCodeLibraryPakFileMountedCallback: PakFile 'C:/Program Files/Epic Games/UE_4.27/FeaturePacks/TP_SideScrollerBP.upack' (chunk index -1, root 'root:/') mounted
[2022.09.30-00.27.12:657][  0]LogShaderLibrary: Display: ShaderCodeLibraryPakFileMountedCallback: pending pak file info (ChunkID:-1 Root:root:/ File:C:/Program Files/Epic Games/UE_4.27/FeaturePacks/TP_SideScrollerBP.upack)
[2022.09.30-00.27.12:657][  0]LogPakFile: OnPakFileMounted2Time == 0.000020
[2022.09.30-00.27.12:658][  0]LogPakFile: PakFile PrimaryIndexSize=187
[2022.09.30-00.27.12:658][  0]LogPakFile: PakFile PathHashIndexSize=101
[2022.09.30-00.27.12:658][  0]LogPakFile: PakFile FullDirectoryIndexSize=148
[2022.09.30-00.27.12:658][  0]LogShaderLibrary: Display: ShaderCodeLibraryPakFileMountedCallback: PakFile 'C:/Program Files/Epic Games/UE_4.27/FeaturePacks/TP_ThirdPerson.upack' (chunk index -1, root 'root:/') mounted
[2022.09.30-00.27.12:658][  0]LogShaderLibrary: Display: ShaderCodeLibraryPakFileMountedCallback: pending pak file info (ChunkID:-1 Root:root:/ File:C:/Program Files/Epic Games/UE_4.27/FeaturePacks/TP_ThirdPerson.upack)
[2022.09.30-00.27.12:658][  0]LogPakFile: OnPakFileMounted2Time == 0.000020
[2022.09.30-00.27.12:658][  0]LogPakFile: PakFile PrimaryIndexSize=189
[2022.09.30-00.27.12:658][  0]LogPakFile: PakFile PathHashIndexSize=101
[2022.09.30-00.27.12:658][  0]LogPakFile: PakFile FullDirectoryIndexSize=152
[2022.09.30-00.27.12:658][  0]LogShaderLibrary: Display: ShaderCodeLibraryPakFileMountedCallback: PakFile 'C:/Program Files/Epic Games/UE_4.27/FeaturePacks/TP_ThirdPersonBP.upack' (chunk index -1, root 'root:/') mounted
[2022.09.30-00.27.12:658][  0]LogShaderLibrary: Display: ShaderCodeLibraryPakFileMountedCallback: pending pak file info (ChunkID:-1 Root:root:/ File:C:/Program Files/Epic Games/UE_4.27/FeaturePacks/TP_ThirdPersonBP.upack)
[2022.09.30-00.27.12:658][  0]LogPakFile: OnPakFileMounted2Time == 0.000020
[2022.09.30-00.27.12:658][  0]LogPakFile: PakFile PrimaryIndexSize=183
[2022.09.30-00.27.12:658][  0]LogPakFile: PakFile PathHashIndexSize=101
[2022.09.30-00.27.12:658][  0]LogPakFile: PakFile FullDirectoryIndexSize=140
[2022.09.30-00.27.12:658][  0]LogShaderLibrary: Display: ShaderCodeLibraryPakFileMountedCallback: PakFile 'C:/Program Files/Epic Games/UE_4.27/FeaturePacks/TP_TopDown.upack' (chunk index -1, root 'root:/') mounted
[2022.09.30-00.27.12:658][  0]LogShaderLibrary: Display: ShaderCodeLibraryPakFileMountedCallback: pending pak file info (ChunkID:-1 Root:root:/ File:C:/Program Files/Epic Games/UE_4.27/FeaturePacks/TP_TopDown.upack)
[2022.09.30-00.27.12:658][  0]LogPakFile: OnPakFileMounted2Time == 0.000025
[2022.09.30-00.27.12:659][  0]LogPakFile: PakFile PrimaryIndexSize=185
[2022.09.30-00.27.12:659][  0]LogPakFile: PakFile PathHashIndexSize=101
[2022.09.30-00.27.12:659][  0]LogPakFile: PakFile FullDirectoryIndexSize=144
[2022.09.30-00.27.12:659][  0]LogShaderLibrary: Display: ShaderCodeLibraryPakFileMountedCallback: PakFile 'C:/Program Files/Epic Games/UE_4.27/FeaturePacks/TP_TopDownBP.upack' (chunk index -1, root 'root:/') mounted
[2022.09.30-00.27.12:659][  0]LogShaderLibrary: Display: ShaderCodeLibraryPakFileMountedCallback: pending pak file info (ChunkID:-1 Root:root:/ File:C:/Program Files/Epic Games/UE_4.27/FeaturePacks/TP_TopDownBP.upack)
[2022.09.30-00.27.12:659][  0]LogPakFile: OnPakFileMounted2Time == 0.000021
[2022.09.30-00.27.12:659][  0]LogPakFile: PakFile PrimaryIndexSize=185
[2022.09.30-00.27.12:659][  0]LogPakFile: PakFile PathHashIndexSize=101
[2022.09.30-00.27.12:659][  0]LogPakFile: PakFile FullDirectoryIndexSize=144
[2022.09.30-00.27.12:659][  0]LogShaderLibrary: Display: ShaderCodeLibraryPakFileMountedCallback: PakFile 'C:/Program Files/Epic Games/UE_4.27/FeaturePacks/TP_TwinStick.upack' (chunk index -1, root 'root:/') mounted
[2022.09.30-00.27.12:659][  0]LogShaderLibrary: Display: ShaderCodeLibraryPakFileMountedCallback: pending pak file info (ChunkID:-1 Root:root:/ File:C:/Program Files/Epic Games/UE_4.27/FeaturePacks/TP_TwinStick.upack)
[2022.09.30-00.27.12:659][  0]LogPakFile: OnPakFileMounted2Time == 0.000027
[2022.09.30-00.27.12:659][  0]LogPakFile: PakFile PrimaryIndexSize=187
[2022.09.30-00.27.12:660][  0]LogPakFile: PakFile PathHashIndexSize=101
[2022.09.30-00.27.12:660][  0]LogPakFile: PakFile FullDirectoryIndexSize=148
[2022.09.30-00.27.12:660][  0]LogShaderLibrary: Display: ShaderCodeLibraryPakFileMountedCallback: PakFile 'C:/Program Files/Epic Games/UE_4.27/FeaturePacks/TP_TwinStickBP.upack' (chunk index -1, root 'root:/') mounted
[2022.09.30-00.27.12:660][  0]LogShaderLibrary: Display: ShaderCodeLibraryPakFileMountedCallback: pending pak file info (ChunkID:-1 Root:root:/ File:C:/Program Files/Epic Games/UE_4.27/FeaturePacks/TP_TwinStickBP.upack)
[2022.09.30-00.27.12:660][  0]LogPakFile: OnPakFileMounted2Time == 0.000032
[2022.09.30-00.27.12:660][  0]LogPakFile: PakFile PrimaryIndexSize=183
[2022.09.30-00.27.12:660][  0]LogPakFile: PakFile PathHashIndexSize=101
[2022.09.30-00.27.12:660][  0]LogPakFile: PakFile FullDirectoryIndexSize=140
[2022.09.30-00.27.12:660][  0]LogShaderLibrary: Display: ShaderCodeLibraryPakFileMountedCallback: PakFile 'C:/Program Files/Epic Games/UE_4.27/FeaturePacks/TP_Vehicle.upack' (chunk index -1, root 'root:/') mounted
[2022.09.30-00.27.12:660][  0]LogShaderLibrary: Display: ShaderCodeLibraryPakFileMountedCallback: pending pak file info (ChunkID:-1 Root:root:/ File:C:/Program Files/Epic Games/UE_4.27/FeaturePacks/TP_Vehicle.upack)
[2022.09.30-00.27.12:660][  0]LogPakFile: OnPakFileMounted2Time == 0.000021
[2022.09.30-00.27.12:660][  0]LogPakFile: PakFile PrimaryIndexSize=186
[2022.09.30-00.27.12:660][  0]LogPakFile: PakFile PathHashIndexSize=101
[2022.09.30-00.27.12:660][  0]LogPakFile: PakFile FullDirectoryIndexSize=146
[2022.09.30-00.27.12:660][  0]LogShaderLibrary: Display: ShaderCodeLibraryPakFileMountedCallback: PakFile 'C:/Program Files/Epic Games/UE_4.27/FeaturePacks/TP_VehicleAdv.upack' (chunk index -1, root 'root:/') mounted
[2022.09.30-00.27.12:660][  0]LogShaderLibrary: Display: ShaderCodeLibraryPakFileMountedCallback: pending pak file info (ChunkID:-1 Root:root:/ File:C:/Program Files/Epic Games/UE_4.27/FeaturePacks/TP_VehicleAdv.upack)
[2022.09.30-00.27.12:660][  0]LogPakFile: OnPakFileMounted2Time == 0.000021
[2022.09.30-00.27.12:661][  0]LogPakFile: PakFile PrimaryIndexSize=188
[2022.09.30-00.27.12:661][  0]LogPakFile: PakFile PathHashIndexSize=101
[2022.09.30-00.27.12:661][  0]LogPakFile: PakFile FullDirectoryIndexSize=150
[2022.09.30-00.27.12:661][  0]LogShaderLibrary: Display: ShaderCodeLibraryPakFileMountedCallback: PakFile 'C:/Program Files/Epic Games/UE_4.27/FeaturePacks/TP_VehicleAdvBP.upack' (chunk index -1, root 'root:/') mounted
[2022.09.30-00.27.12:661][  0]LogShaderLibrary: Display: ShaderCodeLibraryPakFileMountedCallback: pending pak file info (ChunkID:-1 Root:root:/ File:C:/Program Files/Epic Games/UE_4.27/FeaturePacks/TP_VehicleAdvBP.upack)
[2022.09.30-00.27.12:661][  0]LogPakFile: OnPakFileMounted2Time == 0.000024
[2022.09.30-00.27.12:661][  0]LogPakFile: PakFile PrimaryIndexSize=185
[2022.09.30-00.27.12:662][  0]LogPakFile: PakFile PathHashIndexSize=101
[2022.09.30-00.27.12:662][  0]LogPakFile: PakFile FullDirectoryIndexSize=144
[2022.09.30-00.27.12:662][  0]LogShaderLibrary: Display: ShaderCodeLibraryPakFileMountedCallback: PakFile 'C:/Program Files/Epic Games/UE_4.27/FeaturePacks/TP_VehicleBP.upack' (chunk index -1, root 'root:/') mounted
[2022.09.30-00.27.12:662][  0]LogShaderLibrary: Display: ShaderCodeLibraryPakFileMountedCallback: pending pak file info (ChunkID:-1 Root:root:/ File:C:/Program Files/Epic Games/UE_4.27/FeaturePacks/TP_VehicleBP.upack)
[2022.09.30-00.27.12:662][  0]LogPakFile: OnPakFileMounted2Time == 0.000021
[2022.09.30-00.27.12:662][  0]LogPakFile: PakFile PrimaryIndexSize=192
[2022.09.30-00.27.12:662][  0]LogPakFile: PakFile PathHashIndexSize=101
[2022.09.30-00.27.12:662][  0]LogPakFile: PakFile FullDirectoryIndexSize=158
[2022.09.30-00.27.12:662][  0]LogShaderLibrary: Display: ShaderCodeLibraryPakFileMountedCallback: PakFile 'C:/Program Files/Epic Games/UE_4.27/FeaturePacks/TP_VirtualRealityBP.upack' (chunk index -1, root 'root:/') mounted
[2022.09.30-00.27.12:662][  0]LogShaderLibrary: Display: ShaderCodeLibraryPakFileMountedCallback: pending pak file info (ChunkID:-1 Root:root:/ File:C:/Program Files/Epic Games/UE_4.27/FeaturePacks/TP_VirtualRealityBP.upack)
[2022.09.30-00.27.12:662][  0]LogPakFile: OnPakFileMounted2Time == 0.000021
[2022.09.30-00.27.12:697][  0]LogNativeClassHierarchy: Verbose: Native class hierarchy updated for 'AddContentDialog' in 0.0003 seconds. Added 0 classes and 0 folders.
[2022.09.30-00.27.12:698][  0]LogNativeClassHierarchy: Verbose: Native class hierarchy updated for 'SceneOutliner' in 0.0002 seconds. Added 2 classes and 0 folders.
[2022.09.30-00.27.12:739][  0]LogSlate: Took 0.000142 seconds to synchronously load lazily loaded font '../../../Engine/Content/Slate/Fonts/Roboto-Regular.ttf' (155K)
[2022.09.30-00.27.12:740][  0]LogSlate: Took 0.000104 seconds to synchronously load lazily loaded font '../../../Engine/Content/Editor/Slate/Fonts/FontAwesome.ttf' (139K)
[2022.09.30-00.27.12:740][  0]LogSlate: Took 0.000084 seconds to synchronously load lazily loaded font '../../../Engine/Content/Slate/Fonts/Roboto-Bold.ttf' (160K)
[2022.09.30-00.27.12:795][  0]LogRenderer: Reallocating scene render targets to support 1352x444 Format 10 NumSamples 1 (Frame:1).
[2022.09.30-00.27.12:862][  0]LogNativeClassHierarchy: Verbose: Native class hierarchy updated for 'HierarchicalLODOutliner' in 0.0003 seconds. Added 0 classes and 0 folders.
[2022.09.30-00.27.12:862][  0]LogInput: Warning: Action Vault uses invalid key OculusGo_Left_Trigger_Click.
[2022.09.30-00.27.12:862][  0]LogInput: Warning: Action ResetVR uses invalid key OculusGo_Left_Trackpad_Click.
[2022.09.30-00.27.12:862][  0]LogInput: Warning: Use -RemoveInvalidKeys to remove instances of these keys from the action mapping.
[2022.09.30-00.27.12:862][  0]LogLoad: (Engine Initialization) Total time: 5.06 seconds
[2022.09.30-00.27.12:862][  0]LogLoad: (Engine Initialization) Total Blueprint compile time: 0.00 seconds
[2022.09.30-00.27.12:904][  0]LogAssetRegistry: Asset discovery search completed in 2.8417 seconds
[2022.09.30-00.27.12:909][  0]LogCollectionManager: Fixed up redirectors for 0 collections in 0.000004 seconds (updated 0 objects)
[2022.09.30-00.27.12:911][  0]LogContentStreaming: Texture pool size now 1000 MB
[2022.09.30-00.27.12:982][  5]LogSlate: Took 0.000142 seconds to synchronously load lazily loaded font '../../../Engine/Content/Slate/Fonts/Roboto-Light.ttf' (167K)
[2022.09.30-00.27.23:688][123]LogUObjectHash: Compacting FUObjectHashTables data took   0.68ms
[2022.09.30-00.27.23:774][123]LogSlate: Took 0.000137 seconds to synchronously load lazily loaded font '../../../Engine/Content/Slate/Fonts/Roboto-Light.ttf' (167K)
[2022.09.30-00.27.23:849][123]LogBlueprint: Warning: [AssetLog] C:\Users\Nathan M\Documents\Unreal Projects\Boxman\BoxmanUnreal\Content\Characters\Boxman\Boxman_Animation.uasset: [Compiler] Idle/Run to KillingPlayer  will never be taken, please connect something to  Can Enter Transition
[2022.09.30-00.27.24:118][123]LogAssetEditorSubsystem: Opening Asset editor for World /Game/1Game/Maps/ThirdPersonExampleMap.ThirdPersonExampleMap
[2022.09.30-00.27.24:118][123]Cmd: MAP LOAD FILE="../../../../../../Users/Nathan M/Documents/Unreal Projects/Boxman/BoxmanUnreal/Content/1Game/Maps/ThirdPersonExampleMap.umap" TEMPLATE=0 SHOWPROGRESS=1 FEATURELEVEL=3
[2022.09.30-00.27.24:118][123]LightingResults: New page: Lighting Build
[2022.09.30-00.27.24:119][123]LogNativeClassHierarchy: Verbose: Native class hierarchy updated for 'StatsViewer' in 0.0003 seconds. Added 6 classes and 0 folders.
[2022.09.30-00.27.24:119][123]LoadErrors: New page: Loading map: ThirdPersonExampleMap.umap
[2022.09.30-00.27.24:120][123]LogWorld: UWorld::CleanupWorld for Untitled, bSessionEnded=true, bCleanupResources=true
[2022.09.30-00.27.24:120][123]LogSlate: InvalidateAllWidgets triggered.  All widgets were invalidated
[2022.09.30-00.27.24:120][123]MapCheck: New page: Map Check
[2022.09.30-00.27.24:120][123]LightingResults: New page: Lighting Build
[2022.09.30-00.27.24:151][123]LogAudio: Display: Audio Device unregistered from world 'None'.
[2022.09.30-00.27.24:153][123]LogUObjectHash: Compacting FUObjectHashTables data took   0.74ms
[2022.09.30-00.27.24:153][123]LogAudio: Display: Audio Device (ID: 1) registered with world 'ThirdPersonExampleMap'.
[2022.09.30-00.27.24:161][123]LogEditorServer: Finished looking for orphan Actors (0.000 secs)
[2022.09.30-00.27.24:161][123]LogAIModule: Creating AISystem for world ThirdPersonExampleMap
[2022.09.30-00.27.24:174][123]LogUObjectHash: Compacting FUObjectHashTables data took   0.57ms
[2022.09.30-00.27.24:178][123]Cmd: MAP CHECKDEP NOCLEARLOG
[2022.09.30-00.27.24:178][123]MapCheck: Map check complete: 0 Error(s), 0 Warning(s), took 0.087ms to complete.
[2022.09.30-00.27.24:178][123]LogFileHelpers: Loading map 'ThirdPersonExampleMap' took 0.061
[2022.09.30-00.27.33:957][109]LogUObjectHash: Compacting FUObjectHashTables data took   0.55ms
[2022.09.30-00.27.36:273][109]LogSlate: Window 'Delete Assets' being destroyed
[2022.09.30-00.27.36:323][109]LogUObjectHash: Compacting FUObjectHashTables data took   0.57ms
[2022.09.30-00.27.36:327][109]LogUObjectHash: Compacting FUObjectHashTables data took   0.24ms
[2022.09.30-00.27.36:330][109]LogUObjectHash: Compacting FUObjectHashTables data took   0.24ms
[2022.09.30-00.27.36:333][109]LogUObjectHash: Compacting FUObjectHashTables data took   0.22ms
[2022.09.30-00.27.36:336][109]LogUObjectHash: Compacting FUObjectHashTables data took   0.21ms
[2022.09.30-00.27.36:349][109]LogUObjectHash: Compacting FUObjectHashTables data took   0.27ms
[2022.09.30-00.27.36:352][109]LogUObjectHash: Compacting FUObjectHashTables data took   0.23ms
[2022.09.30-00.27.41:732][564]LogUObjectHash: Compacting FUObjectHashTables data took   0.66ms
[2022.09.30-00.27.43:276][564]LogSlate: Window 'Delete Assets' being destroyed
[2022.09.30-00.27.43:325][564]LogUObjectHash: Compacting FUObjectHashTables data took   0.42ms
[2022.09.30-00.27.43:329][564]LogUObjectHash: Compacting FUObjectHashTables data took   0.24ms
[2022.09.30-00.27.43:331][564]LogUObjectHash: Compacting FUObjectHashTables data took   0.23ms
[2022.09.30-00.27.43:335][564]LogUObjectHash: Compacting FUObjectHashTables data took   0.29ms
[2022.09.30-00.27.43:337][564]LogUObjectHash: Compacting FUObjectHashTables data took   0.23ms
[2022.09.30-00.27.43:340][564]LogUObjectHash: Compacting FUObjectHashTables data took   0.19ms
[2022.09.30-00.27.43:350][564]LogUObjectHash: Compacting FUObjectHashTables data took   0.24ms
[2022.09.30-00.27.43:353][564]LogUObjectHash: Compacting FUObjectHashTables data took   0.22ms
[2022.09.30-00.27.46:225][826]LogUObjectHash: Compacting FUObjectHashTables data took   0.27ms
